cvewX/1LYK8U1DpDScEXNTOQLlIxbXIBtzoDMwdZ2rr8JWlnMTqKk00+0kOfs0rtg8+zf1C6bY+f7YRsUwR0Z2MbU4CFUkkO90qcHDcTUYHhjkOB0aWtwHwHV1lnUpnUo8hKKvqzFCiZPvEOLCRF7fLQ1C42aHgBL8e31itO+Y195ml69bHS0mdpU00FUintYEC6ieCn9w==
wqJ58Nk+HZrZL+2jzyq+LTFPz3B6mIMu2dT1ucz2tEJFccOxTcc2NfFmbduSZM4evt/j3Y+1QTdXZX4BpayjMm8iAZLaUGGjh21HFjUNVyUrTAqf8bWx4s+Y5RC8BtzTMgRvJvcCOhRTAdSIomLwqL5NWZ8ROr3+bwH7fp/WU9F0fpGxFQFTYv8BRljMhean8Q==
nY2snzgYmTlA3/8lrK0zyz1/ZGKCRr6AaaDrPYv/VTGy/kU5BTYcN8WUWbqP7DMtsQUPZVBCKKY31MFdwmwDErL7VHSI3XrBcT9yVXW+Mct7qaieWpePzVPtxdeTHULxCSQH8gsq7SKm6KWDg7WbhpnFcyUPhKYPLW21wgsgmaBQDrgTlozD1st6/vTXWQiYzioUKNqFtY9N4jmeK/nHDjNe95GQdv0B6bkXQvtZGshgzcKn1Q==
m3Hg5iV+wwrHbRZr+W1MO2zPkqGtQAtdUB16vK167dfdIlgon9Qydv5FSW5RCM/Qj/SLi9Ua7upiRAQcbs1aYKv0c2Iy2v+OZXA6ZzNWL0B6TBZwZCOkdSP5wlJ6gGgbPED/0YytcImIhZuUU9aA7IYMr07qYFTaQR8YzA3Cy5KqzF8jPOO3/6fq
FHL0ckkUuzV5yfmY6g8D/0z4//a0/9AqtIK7vcJdICO0mbONkNxOgd1m1cs9/mB074GL6n7Z8TIhVPcMb+izl6UG1jaimLyAHlHi/Esoyz5ChseSZWwCO0MKl5ya0K7sFL8cqeMl+k4KnFAH3JzHjfzxyBUIGSPII4q4MGYQl1KafGwGgcOgUH1ecw5KEOd/TL+P46f2
ItA9Nw9Cq57W8xFzvrEPh0z4//a0/9AqtIK7vcJdICO0iLuDltNP091m1cs9/mB074CL6n7Z8TIhVPcMb+izl6UG1jaimLyAHlHi/Esoyz5ChseSZWwCO0MKl5ya0K7sFL8cqeMl+k4KnFAH3JzHjfzxyBUIGSPII4q4MGYQl1KafGwGgcOgUH1ecw5KEOd/TL+P46f2
Yhkmr9h/VKKUkSkgI+qbS85/VdH6vwWnRcskKzf0hVzzcJkTvMSHyrTDqBZALs1HIuVTHQW0hvgELmNvLdqt993CGEgfP/NW/mWJjtFojzCP1MsrVbquimKkxLzubZpAq5SzgrK6v65lUHoHs7bvIHps1tDkg2SVI5mC8vogKDs8oL+xDE2wqYilW3TTtsAMhizv7mrAFLpB/9hsjWILsqqsn8O8g/ffp8o=
szrm7Xt901FH/0eHBHay+0VML2VzVtcwB9cmDqunqJIWJzV0AW1+QZF/UlVV/pFLHelLnjpXb03zLeXXs90icelkZ/Irak2iBqhFg+N1ewY5BVMlL0QGj82t1cLrYDkg8E6YE/bMI1arut7095moGC7qdCg6xdUP7aIZngu5J45TnheRsLZdgUl5d0IbGXpIwI3ip/U=
hZd6OpKTzpJFJ6kUkYrlzza6o1x67IjivLrIJodzpYSkdeKfyNXoWkEVQ59tig1nXVL4mF8JE2b+VWm+kbhvoA9Ea3sVSo76YlTkzC69OtArBNPScorfnmVgGjdz5o+w+vx2ACTzRGUj6aICunCIq7wwX2FMfVCZiJW7RJNmIJwGvE++KjA0ykEP+BxNsqsiKjz/k3yzl++n+g==
g94SC/PWu1HzXlic3Mu1eW6DJEItZXFSrTgdIxQexpn8KGkIV1TjiUQpy0ughWeKy4PhLQneeJOVhalZVwdBaXgZU4CFUkkO90qcHDcTUYHhjkOB0aWtwHwHV1lnUpnUo8hKKvqzFCiZPvEOLCRF7fLQ1C42aHgBL8e31itO+Y195ml69bHS0mdpU00FUintYEC6ieCn9w==
3B+3IEQcMbV/QwbSz7Xz372y2F6nq1VM5D1SRzdnNoCE1tMnDdK9r50aiMB/8wNu/l15RrHgH+jPjNsjdfIecuLcdHTOZYqYa8wjClLyz5ZlaApPUz5/eLq0xtjES9Tto2EyutooOGN8eC85bIVAkYidq7yzPlDUxnT/5kqIpELBh2ikrWobamr0D0tcy4fnp/I=
niUPUO0VJBmziOufffMt3WXx/IBGst30pbmAof6vZ+E5r5qVHY75awQYU54iJ3dtG90tl/uNitER9N9yU/r1Qu54DcOrRVPmITVLJTd0Hm/lnZ2Co7DRwEje4JNOXNv2A+qWtD9pQDg2mmwoIjXNL4XSUV7DaY8uKw6vEUgm5eEhKb+C0ylSKNi9+qft
tkOXpEDXu3M4RGfEdakGoiGvXvdWePCYnMfUlyA93vgwFC40amJDtn2CpAZxCJXPEr6sDtgUN86Zvtdwc5yAUpVgunuXgPJ9aZ1slX/3WN0ddF8T3Vi/y/5QLgo6j+NVU6ZQUAfkmOay0jjt19hHgCSepHTRDY4BYR+i1YWeAQsKSPueivd/jWPNtVfDPVKxmYQ38nvKfWK2iHUDM1XrRilloyXfJBbPXY0FQttAieDA7sgTpixTlttarnSneTjYPkrEKIplxU99wske+9nXzqP+x5FgFm3B+VlHwks56ojQbZKnhQ==
erzgQ88nRT0WlHiD4ZChvklNI2hqF554GMB/A+f49MAUPnR0AW1+QZF/UlVV/pFLGuhLnjpXb03zLeXXs90icelkZ/Irak2iBqhFg+N1ewY5BVMlL0QGj82t1cLrYDkg8E6YE/bMI1arut7095moGC7qdCg6xdUP7aIZngu5J45TnheRsLZdgUl5d0IbGXpIwI3ip/U=
JPyY0ftEcGUKZZUigQZ+xuh7FFRgCp5osOnFGvd0nrXXuFNp6Wx4h8OhrhQUMC3Xermf+z2vISI19qPrzIVnkhB3TIZ8aqIc9/thCiFzDgTDpaXDwKI/22x+P4WwCKvSxSwo8KE63fQe0C4+XPlfY5wlu+I/8zY0xF40i8F13bELp31B7Emn+AkSRbZDmoj0S/MNKVW+lxkdpWFYqDfj8Tuy5Ty3GP6S9vOYUG1uZSYQhBkFhiCANnrotBn7t0O+9+7Fpek2HYJ5cd5q0zlHJfky9UXUcO4RrKe7
nrRlRb7nBpK4MQcKCYILNMBGuLlkbmoOpoKqJduDi9v/x/Zbbxumjyy8qrhieFI1wOe8m81i3T8diiiwPy3iX/5tmZbxkL94Txy7k7UiPgLiLFQkjtVqCOtcg/qSoq+mZVhqH5PO3+g6JCZohBv0HaMREmoamFjz/OiPSSxVoKGIrUts807wREbkn1aKWIQywXdI9O3a+/rqZK+7nJvn16fC
QU1UeYaWYC26MUW7O8aHk0IyXMiAgnDtNLpCaoZmgjHLl4Pf/8P+T38PjmsM2IJsMiya8YAjdM+dtnVbvW6AJK+5att+6RECYQQXnO94E0fldvbGouiccN4BQmzLuKvugranomVcYguD2vcMGkAOvNRPPNnj1do+Skzwl1wMJ928wSglCCnD+GPaWKDmgDeC2gxM9oGzgKC9DtOeyoCHr4yP79Onxg==
50HaRHpMFc0fKntK2YQo2QoyjMxVMHPCeqA3POEe/wjORxIFXH9CfMj78gDwhFH44665LAIQsuZ46RvrMAWXKrtDHAx43oiz5cVZ+SeH0ckoWYOglVJZ7qcKTPynk+FhUc5zYeGlnSBMR+e519IJNHOIGsrqswQISX6hrrykNU0CkKQOxmgIId8Hx3bbzmktrSY5WuWxwrK3qQMtldKZjdCAiunQp8c=
0aVzDZicqzZ/wa6ynU6Vqbz+pxwy5aDsTAcsrLZYlniOS8ORh93/zeJFR3maeXzmbnYayr6TYA0I5UXgQantMEwe53+umb4nTUiZskNOXwa/nY3QEmQCBiAaRpc23lsmJxQKMCMg5dL+gTssY57q/mImfCmYO4N7JpQSmkTljNJrZ3SHbOdIZx8yG+yM8tZ+G9gyKijUod28SqUYJ6zanovVhInr0afI
Q7KX6kYWK+U1LpTo8/Y2syYtYLsqXiNlf06jCBEpCDr6hkIQQlkw4IOAWBEll471KVYFu6Nzxh62z9s9Z4UZd++1lqE93Cuy55KZ8nKAmWPfHW82zR1fJSNc8r/ZxekiN0hNcCS2VFO6dPeGH9KCVAsxPGiacviotl1h/3kKZT7XUZPeBybbUfzOCVG9USsiJ/FueLSV7qf5
WqB5zwMt72ZTwVtMaxzS6Za/9OqGPvGXTbnVNwtdCIOG4aHkumn1DIn9zSxUOre6QSI+m7WM6Z5LWj9aZ3kdXLqQQnoYHnb7fgr7ur+w2nxLFOXuhsXLgOsKCiI6QmwlsE9Dh54QonaMsazOc0MkS4RTyNvn9mvAhOa2IsM8oqaAIOGhhE6VdG94egITcVTFg+Wn9A==
aDXiR8D5xrENx+sY0iict/LZxu/qr1BsB+nFAIGJ7RCM/mcV6ba+Bw0oGVKDbl8mf30NsFJEAiZgesZ39v5bBuf0ilBjAOXyvuG7zKO+6t6ixvxJ2BuDW2b0knqExYzyq4f05yzHSEdfUpsMTNLWXts4skpo9KH9/Col+OeM2r5LNQTpq/Gn6A==
uWQJxE94u6aRom5z8JDglkxyTXsoPBNpdGm7KxAF92obw7dLF95oc0VF+TnHh/GJiNlj4PVSeS4Hiiy8R5PBITFOk6HBpb3grMeH+ffS6XQTCLoKyrNkSKn+Ae6cpNWNohAEziZoaGF/h2c2u85J7Q2mWZoFseLyFynj7fXSuU0wAOqp8Kfn
qnWmCthRrB8mIVNNGY683vDZxv7ouVRsB+nFAIGJ7RCM/mcT6ba+Bw0oGVKDbl8mf30NsFJEAiZgesZ39v5bBuf0ilBjAOXyvuG7zKO+6t6ixvxJ2BuDW2b0knqExYzyq4f05yzHSEdfUpsMTNLWXts4skpo9KH9/Col+OeM2r5LNQTpq/Gn6A==
q7gXZf4pVmX1m3kZoeGR+ExyS200IRNpdGm7KxAF92obw7FLF95oc0VF+TnHh/GJiNlj4PVSeS4Hiiy8R5PBITFOk6HBpb3grMeH+ffS6XQTCLoKyrNkSKn+Ae6cpNWNohAEziZoaGF/h2c2u85J7Q2mWZoFseLyFynj7fXSuU0wAOqp8Kfn
DvXZ5esh65U/LXWpNDOpQExySnsmJBNpdGm7KxAF92obw7JLF95oc0VF+TnHh/GJiNlj4PVSeS4Hiiy8R5PBITFOk6HBpb3grMeH+ffS6XQTCLoKyrNkSKn+Ae6cpNWNohAEziZoaGF/h2c2u85J7Q2mWZoFseLyFynj7fXSuU0wAOqp8Kfn
AGj3ePbXrtm7UL9d0Mkghnl0M6ggQCRgaQftDA0vTjz6iBJDVFEr84KHehEll471KVYFu6JyyB62z9s9Z4UZd++1lqE93Cuy55KZ8nKAmWPfHW82zR1fJSNc8r/ZxekiN0hNcCS2VFO6dPeGH9KCVAsxPGiacviotl1h/3kKZT7XUZPeByXbUfzOCVG9USsiJ/FueLSV7qf5
4nNkupWzQsDN/FvnKmBslomwykxetSGWZIO9Hdswtk41YgVpX3XcxYdhod1eIZbH7QVxJlDZPQEhn+LVxR5BC0rLtJ5Kd7+No011VwO9krHZBHfyO0o9YvYINQNz1StG6eVjJR+k1s+dDUVCm8DJ4IBuiBPmrBOWG9pudGf5+Nj+ygQoyuWFTz1CiR67WZfOY30HkaCWrcE52YfCi7mqiJDt0qfF
Gw14QHnuvoV7AqvFIzSxPgj5EC3iVCd3GCs8440wnXPQbdcah25JqoiL9Bi9GhVtWFthq4rW8mugiFUWP+nRWlcEJSspnq1A9x/HEexkfHXtMyMjyEClNAKrhYPFbEMyT+KhEnqQQaOnreeWlc13JQuMqh9RdZHi71hFkBzG/NPSxA+mF8JaFLPBtAhCopCoXg05H/F63f6PQZv+f5Uz0VQ+MTG1QXNi30Hm2GzFxqfR
Gw14QHnuvoV7AqvFIzSxPgj5EC3iVCd3GCs8440wnXPQbdcah25JqoiL9Bi9GhVtWFthq4rW8mugiFUWP+nRWlcEJSspnq1A9x/HEexkfHXtMyMjyEClNAKrhYPFbEMyT+KhEnqQQaOnreeWlc13JQuMqh9RdZHi71hFkBzG/NPSxA+mF8JaFLPBtAhCopCoXg05H/F63f6PQZv+f5Uz0VQ+MTG1QXNi30Hm2GzFxqfR
jl62BOrkLTD5Eioh/jBR18VaqJQOOJqrCVAKrlWYKoiru56OjSYQ/NsbE3r/SicVyjIl46GDezzQBeeZq5QqpPemBEHUJpzJnfdqLHHmenPRV+DH/CRfqPsszvorOA2iNX1BoPAu9zuazcv3Trs9N8BoaZSOA1HT0XSfcpN6NUKu+E3Da8UT5mG1iyX39F5vpR1dguMwkcCIXiCTDtwb9sNq1rR/6YA4dhosKOK1DS/FUpFeA+nPLmuLbxEIpqXh4al/gpOpkigYPbqnrQ==
V8GpY9up0kKZnhXkQqIc+yTmxeJ1ECiq6hkGtFic/OFppypZ94hSwgJVLAL1XbbQxAfw2g0omoqA6GETjLZrLBGcYGHDrKmO7jWg/kgnGSlkKyX8QfGs5EwVp2gJE+/V1liU6krlKm7issbc88JYbYwgd1sbsNd7sTID2ZY63ENR9k+g8hQCdsBqhufWrttWx2TKQMNQ5aIe8ftcg+5qjoJWvFl4S4MLxuTS6qSVDKKLF7T3jJdIF/9C25xsglYO+6jyWs2koa1cOmVox9xa7mulRPkLoae4
0ePwQ7eeH6HbPFsrtiJJjQOxLgHJoTFXKGJvSuYF7VIbMOBkYTRcec/d4Zjw9BKM1S38EWzpcrGCXvQLAXUdMcunvcEsSed4SRIFNgOayHQL802plb5Xmd2lodhoNyNxe7KlvPcYvhK289jQLW6lptCE2YVGIEC2uuj0mbu3Az637oUlqTbdB7lxHuoTOYelOTI1xZRwrpHsp/s=
i4nXjsxQEaegVd6aud31jaG2XuaEq/nuzH+JkuCOqEsawNC707JtMk65iF1OEGWHX702RcuvvhcteFkCI/7ftt8tTeByVAI2QCqGJ1Zu25ZHpMoAQxDl4p6x+5wDLmpOApa8GfgLg0tGpNIqJFUMYgvXtLcM10hXfwLbXOxCVs57aPIaTeSh7dx6ZahHHFou62VEuYvhp/g=
LZplM4Ep+r4F+487QDI525kV9ADVUfEypus+c5GcX/Xcuj1qnzkSXh8ubbVhFqVXgfHmOqtZzzUR8t313BC2ITSnIw==
fOpvKQlQqXE5w3xd8h7E8MhCtLFhWjkUqL/lNcHK6Nms/cp1Xg61nS/57Kd0Oxg1yPO3uKA7jRkppzLJSnK4AaJtgIe8jYp8TCm1iLciPgLiLFQkjtVqCOtcg/qSoq+mZVhqH5PO3+g6JCZohBv0HaMREmoamFjz/OiPSSxVoKGIrUts807wREbkn1aKWIEywXdI9O3a+/rqZK+7nJvn16fC
wZ20QwqSrHAOh8zHeJSquamjla2fmYCS0ug6FqKY2bZz38xiFHyt7LOLfS6/4KxP8W/AdTYn/Dsbblnv7ac1QxaQWD9yZTWmQ+qJPlaWjmB2xES0PGVAgDxqJFFTaExa/CZDwJSfM5uHBU7BNQxTMl/CkdIqcDEjNw1X1kWthyX77Hpf4dUBYp+4FVAs5uzTwqT/5sdi6pQjIcTIEoKgqG4t6V8BGk1+P+HLPg9yI9FEHgFxZSGD4k/hVhg8JbanoQ==
kV1FQ78KZctZGgZ8veVPu3xxwDbP/nh9lIKDNMJQSnekZUKBupoEgh5oLnFLuCptpP5NJtSKyabowixsjVpPKAIf6xeWS3AudFjYfLo5d8DgNVCywS5CkrFAqUnUKwv/JFgMWFXrfPHPd+IBvTN3SLX8Qzl2kBY2eOWO3MJvuWX2ZGty9LIo56Rq2lGsRIw0mmMMmKquWMG2vS9CotdHQTGrHtpmDGCbR4UOwfWMEzKfQtHS6vBxI/eNF9aFLcclu2y6X6FVwWLfONVQbGYs04IkP+aH4iqUY6EEyFICYKgurSlfQZqNfn9hCz5P8uPRBJ7BcSWhQ+IPYZYYfKV2p2E=
P3zbM9219SleBna7u+UAHkVJMSJ3E586E8ckXKKRqYkQJXYmRCc7Pc46fnJpw4sWS7ce1zp7YwD0MOXXndsxeNwPMPEnSWH6R8wgpN1UaysUJGQWcypOtOmaw8TOTD4i8EWOE/bQL06Qg47ruMC+HSTQJz0x3+42p64Zngu5J45TmheRsLZdgUl5d0IbGXpIwI3ip/U=
36AOFlG7BjFKKXc3PKgapiJgaxzLKi/LKnuh4dDVtUAeFEgn9vCwGnwV+0i1ShjzlQHjDyRSfPgiS+WxlKkPyMGSjcarOrDE0zN1+c2ev4nVpanIgBd7IUNyfQyPuBbiPnNQYMWOHdaIRCFVHkBoprLo/ImTV9tuz65d1RFWtbYx8Zaau5l/FWFyDRVMUMaB5Kfz
pgfZSewMcvP+R2z5B9wNbTOfOUk0eGM8tzoDMwRf2rr8JWkIWlSM7ypA3ELY9R/w2dqkexGBZ4eYwpBARitBaXgZU4CFUkkO90qcHDcTUYHhjkOB0aWtwHwHV1lnUpnUo8hKKvqzFCiZPvEOLCRF7fLQ1C42aHgBL8e31itO+Y195ml+9bHS0mdpU00FUintYEC6ieCn9w==
wZ20QwqSrHAOh8zHeJSquamjla2fmYCS0ug6FqKY2bZz38xiFHyt7LOLfS6/4KxP8W/AdTYn/Dsbblnv7ac1QxaQWD9yZTWmQ+qJPlaWjmB2xES0PGVAgDxqJFFTaExa/CZDwJSfM5uHBU7BNQxTMl/CkdIqcDEjNw1X1kWthyX77Hpf4dUBYp+4FVAs5uzTwqT/5sdi6pQjIcTIEoKgqG4t6V8BGk1+P+HLPg9yI9FEHgFxZSGD4k/hVhg8JbanoQ==
uzZkS6aeqBkoU8h9uvvAbVa9xaft6pkwvp69v9dTAHO53P7JxP19vbRx3LNNhhpmtsHd8iHG5T9mbe4dQ+izl6UG1jaimLyAHlHi/Esoyz5ChseSZWwCO0MKl5ya0K7sFL8cqeMl+k4KnFAH3JzHjfzxyBUIGSPII4q4MGYQl1KafGgGgcOgUH1ecw5KEOd/TL+P46f2
mANYSrM5p89IOQQQAZqqTwj5HiXmCiJwBXxo7MJJvFvqReQ1tEdJq4TKux/4CQx6RVphooWf8m+sthp9P+TcNEoDPFg6jq5F6VyfArJ3N0HBCw4a1mywGzelnoHFbEMyT+KhEnqQQaOnreeWlc13JQuMqh9RdZHi71hFkBzG/NPSxA+mF8JaFLPBtAhCopCoXg05H/F63f6PQZv+f5Iz0VQ+MTG1QXNi30Hm2GzFxqfR
5q7iHJrptCpTDporxBiKDNEvIuTF6IsgLWunTQ4jBnVYbpHi1X9C7zwWar3vhOw0OiPsGIpuPsUZ/M/CghcnQdHrPloGzMCbp8UuQZVMszJ/AvFSijDRIxfNN1bl7WclG6za34EVIWJ/+LXQTCbM0yLkX2anosqUw2FkSHJCgKhObQnfodotfh+hK76vskPRZF7h8cXh4+JvobaYnOXWp8E=
SGVdKGAt1Vp2LS5HMy8Y1FMf7ZyuyQFT1b8hWTx4awyvGusDfB8CalRF0fjS1ARf0uC0EgA1J4DxOrxrGYFvl4CiuLB+axm5kLkrMA3SwX5PqjRMb9OpsYmuW5HZpaXQZCc/aZ+SwYQLKPJacjOcmOGeGd50ZH0d2rDMPj5ocBE3J5+mE44h3RVGkc59MVoi3wn7nd0SUd2IYKKZ6Kf/
aI1sFX+vX8Tbcwjde/BZMR4599h9RI+9Xts7Pm4gNoIEeCOl7H827rn+JG1wSuEex27VBTn2zaYJcW6KA/kXRemyBaXkMJ4xPKcr
WU+vLIZVbXhPq0yYqTkmK39+ycktmnpqTnBqfUz3yalDERI1mcvLkHDFQ/lLvqTF5GekC2Aed6/Dr2AOHlGnqz7gCLimGGeqeqR4zgGLsAgdJgMGCphXR2xnHyunPg==
+6hahvPHKS66i5neRotp/hAgWMWSm/eGOvBCaljYnw14D8J2NX6o9QS6dbZ7zgltzaYZHkWxInJXKSNtNdL5zfAAqikwpyc=
pS/PZg0IPRKHNwb+1e/HyxEgWMWSm/eGOvBCaljYnw14D8J2NX6o9QS6dbZ7zgltzaYZHkWxInJXKSNtNdL5zfAAqikwpyc=
b+DwamQJ0eGegBZOsnzqbT/9u6dlFRmiumbDdRobf3aiUOo6oJhHPVDvumY9fqDl/NpdhiMOcb1lBoFuzTGqws/JS72NkiG9GCCSOTinLw==
/gN5vvQyJ+MTaR1UOKwaAWzyx+BdPC3O1G9SkIdLK1AYT3zB0MmwYFu1y5mEXF6f+wHGZpxaFkarkBKyfLwhpczCxUC3hJomux0kkTs5pzA=
dmowUF4odIOLO51NIss8A2zl2+xdPC3O1G9SkIdLK1AYT3zB0MmwYFu1y5mEXF6f+wHGZpxaFkarkBKyfLwhpczCxUC3hJomux0kkTs5pzA=
Lrt5XD184B4Jj2Knah2s+Ra3s4YkG/vlhx4kHl3JhPshynwoNIb+aBmBjpdk2mO+/tkiooO6ff4vgbt+X1KT0bT+0bFVgZNiP4EGWIwFJqcx
0Zp6FPKg05MFcF+q41kTmDxofKU3WyNpax25Ag0vCi/0phIdBxR0tKKzRHgynvaFUSwX4uon30Gp29Z6XpwIW++1lqE93Cuy55KZ8nKAmWPfHW82zR1fJSNc8r/ZxekiN0hNcCS2VFO6dPeGH9KCVAsxPGiacviotl1h/3kKZT7XUZPeByLbUfzOCVG9USsiJ/FueLSV7qf5
/2xmstSPtmAWKwVuL/FCbg3xb0adtDZMLH9vDqMK9xsYP+ZSKHUdMJaUwJeekAjqpFWDGG2qMOOdAesfDDIkKNqLvcEsSed4SRIFNgOayHQL802plb5Xmd2lodhoNyNxe7KlvPcYvhK289jQLW6lptCE2YVGIEC2uuj0mbu3Az637oUlqTbdBrlxHuoTOYelOTI1xZRwrpHsp/s=
J2ZKl07skduvc8xuAzY+yNZmBDBSidI3eKLAof7ssyieZo33l5vwy9lEbkFEde0lVMms+41OKh6W2c36Ic71J0YV3tWDoMMvRZ5GviIQLBh+6RI0C2D7xmKe15plZBIjY/Kn1NoYXlR0J4whY61q1uokIE8cVPf13OnYHQgRM9AD8oj4pljn6nrk+I4BSzDIHeaDxgpY14dsp5/rp/4=
mvIc2vC6NFSMsgpaXxNJbXPNeZbdFyWInKvo4qcmlnyR4YdpxLXhrkInZFcJCzzzUM39HP7AzpMBPGGMsemOT4IDUxK3kb00KhjC8oh21hOuQrvyb1j6FFsc5eaWretoO0JKauqqzE0gx8MPDngCnlz57IajqwQjlFvI0/eeSyhUrvZqE9QCzhSoYSkUJjWcvzA6SsOZdK2T7af8
d5cv/nmXS0G0w8Kukbu6eEUPYaPd1bDIaeVfZEKL2gt9DMN9WDq54gOpfqZ7zgltzaYZHkWxInJXKSNtNdL5zfAAqikwpyc=
qvxiy+mOqfxf6HjeyTumMUUPYaPd1bDIaeFdakKL2gt9DMN9WDq54gOpfqZ7zgltzaYZHkWxInJXKSNtNdL5zfAAqikwpyc=
zfZEr9sSMB45sb/Y8rOvHchCtLFhWjkUqL/lNcHK6Nms/cp1Xg61nS/57Kd0Oxg1yPO3uKA7jRkppzLJSnK4AaJtgIe8jYp8TCm1iLciPgLiLFQkjtVqCOtcg/qSoq+mZVhqH5PO3+g6JCZohBv0HaMREmoamFjz/OiPSSxVoKGIrUts807wREbkn1aKWIAywXdI9O3a+/rqZK+7nJvn16fC
OU0BDzRmY+GMtoIUea5egVERc8gl73rb7OgTBIOgaT0WlcoBFLYbI2E2NnKjjGJWJHDh8SS+VcQPKPrS88EUtSM1pyQ=
GbLxQ4A23FVWP8rL7IA5a3Z+e78sVCRqKAD8FSxmCyLyrBIdBxR0tKKzRHgynvaFUSwX4uon30Gp29Z6XpwIW++1lqE93Cuy55KZ8nKAmWPfHW82zR1fJSNc8r/ZxekiN0hNcCS2VFO6dPeGH9KCVAsxPGiacviotl1h/3kKZT7XUZPeByLbUfzOCVG9USsiJ/FueLSV7qf5
O77Fp5mriCGvSLpYHlzeqqJhi8Z8dje0YUtkJ7+jWhuH5sXFKF4Szvm18eA8OsEBDHQ/1RTwGaXQvqZuM/uXupBNQYZvYfBDYaZV2ozf1DiU8+Avvmu4va/5eTnybyGqM3o3bikwLpl8LFeq3OtHGxb3gAyLMH3ACJot1Ev6o9E3kAYioeM8QW03aLcb75bknyT4L0eLl5gZElWWM1p4VDtznYkF/kf5LaVRuHh3s1GrMpWcR9iOsubziDBdrtVGoASJZdbgUBYK6EQ5q/eTXmdudUVZdi1maXHOSiN5N4UJsmXlBLC+cZyniw==
eTILx6nyr+z6jxE8CtnmJ08QLkdnGIK/qEh85YiP0L6m0abvkneIr7wzJoNizKWYupeYWVCHf37n59eZey7WirnuFcsGquWCRvS4E3sxpj+beYVJ9xXLPEmIq30btCTI4r4UrrzTH/+s1igjb8JlnX95hhxM8Fb7Crym5G5Wf6zor7hGT6EnzpeJFUSLMzp0jKFF8Fd6Lkpi5ET87i0agKtUM0Ky+j/uZRD6R7N2b+B6rFaQ5MPk1SNZAjL64Kh7POA/8QyNMGmIZdu00/ZATIZsby5qAJB6Qb9YLI0ii3KqbB8DvMN3n6eK
aMkvEekKbmfy6dZ6bQvZJjdHmeJJCRN9gJC/WKEBzWWtMVHN04hfFR6K3zVUliMyNP52uvMkwv60+GF5tBb1bF/guhqj6TSdMz2nLA==
8j7bsxQzm/fygH6dFU4QR/CPIV6ptDoKvAqOEe3OGgGBGRxSSsSz3bMrSEgNBJChyxi9zoUBWv5VkHRJc4OhgqCGm1taeECETcPIYOZAt0LazMg2gfMA4L1OU97KwAdvjE9vE6cG
P4OXbrb6ybvMm24XXCjdEWlQ+nOiUBFXUVbMIWexH8Gx71zakYqF8Rp3FgYTxc2q7pfNS/3VUIgJYf0qYou6y92MY704Olmioyne5pvOKa1tJvneJbECMvepQ63V0tkNkIBKaRCnBw==
Hgnz5bfIvrT6wQ71PpyrWvPGpB74sXgirYq5CT4HUs6/pWEiagdpkyGVDFDtcfkijqvWAxk8BwXEuiUaR5marnfuRaVpNp2G+XFealM5xyV5MnVFVHBuESynOw==
2K6YbEv2XZp7UtNSWhS29TXpJ4MP5dkn5rx0KqmKvQEyF07W24WFGhY3pdtlVcgYoYFFWipLcpuFrIuNQDqhkssJBjbTjuFd1UZRTr0xmqIfCTsdHRKRXUhgYhkopz8=
lfwutJHK1fjJIdt9GT/IphzaCKY+1/g90bx0KqmKvQEyF07W24WFGhY3pdtlVcgYoYFFWipLcpuFrIuNQDqhkssJBjbTjuFd1UZRTr0xmqIfCTsdHRKRXUhgYhkopz8=
3H/zr3vmrl5D39ZvtXucZckDm2ZLk2oW/q4rCj+FuJ/EQkkVF478n89/h/WqvEspL474GyBPT+TBSYJ6Y1aBQczigd4zib9uu2nfEXiGdSHRCQ8Cg0lCaGgdKqc9
i9NCO8tITo0zeLy+xS/Y6wj5EC3iVCd3GCs8440wnXPQbdcah25JqoiL9Bi9GhVtWFthq4rW8mugiFUWP+nRWlcEJSspnq1A9x/HEexkfHXtMyMjyEClNAKrhYPFbEMyT+KhEnqQQaOnreeWlc13JQuMqh9RdZHi71hFkBzG/NPSxA+mF8JaFLPBtAhCopCoXg05H/F63f6PQZv+f5Ez0VQ+MTG1QXNi30Hm2GzFxqfR
y5h7cYVNLp6ltLSzOBfbkzdHmeNJCRN9gJC/WKEBzWWtMVHN04hfFR6K3zVUliMyNP52uvMkwv63+GF5tBb1bF/guhqj6TSdMz2nLA==
1ECyXBimbtVkBtj/sBwdbTg3l4u0I/2spe6JeJZw+XfoTTtu76Rfg1z+uI3nXz1zutTULgXmpWcH+VX7QO6wVBB2xDZ15YHfXCx36nxrJ1v29+vJLLDdACiazRQrekORF5AmYgFjXAGNNwh3+282JL8k2O8nC3fYeRJ11pPa2BTbc/1J5X7nOQ2lcXjY91ORyzJ13OdYLvLG8+hwvS61hoAEqaV2YLDWauikect3Mx5HblUFufZNpYlx7oqD+ZdFabKFpWQwHjG8p6s=
ZzxaT8ubJE6Ud6s6wqwGauf9eiUV+BpZJkQTQrFZRWksvp1WN3ZS59ZVDYZfbibgh3qMc7anrxIdxiecVhqWQdqXcHCkgUyBeL0QnmxC1uqe94idMJ0A3EaCGqdnWikyf7PT9lie0lTwkKShE/mszBxME++na686w0L0IrpdqsYyaubUwzqYBRy4lxNriNdT4WqjUSZCnKtB7i9oAqyC3hCypu/mVhs+V/wqCLNo5YpOqVvUM5YqZpJO3JGI8wOjFjzy4pRtzMobj1S//K9IP68aexTc+hbm67CSkj8cIQWM4kVg9ySahvs9pLF7maeQ
siChL2ouuCZ7bvNzzIMFmuf9eiUV+BpZJkQTQrFZRWksvp1WN3ZS59ZVDYZfbibgh3qMc7anrxIaxCecVhqWQdqXcXCkgUyBeL0QnmxC1uqe94idMJ0A3EaCGqdnWikyf7PT9lie0lTwkKShE/mszBxME++na686w0L0IrpdqsYyaubUwzqYBRy4lxNriNdT4WqjUSZCnKtB7i9oAqyC3hCypu/mVhs+V/wqCLNo5YpOqVvUM5YqZpJO3JGI8wOjFjzy4pRtzMobj1S//K9IP68aexTc+hbm67CSkj8cIQWM4kVg9ySahvs9pLF7maeQ
Ti+up5oQJVOnIjRmgACAT+f9eiUV+BpZJkQTQrFZRWksvp1WN3ZS59ZVDYZfbibgh3qMc7anrxIdxiecVhqWQdqXfnCkgUyBeL0QnmxC1uqe94idMJ0A3EaCGqdnWikyf7PT9lie0lTwkKShE/mszBxME++na686w0L0IrpdqsYyaubUwzqYBRy4lxNriNdT4WqjUSZCnKtB7i9oAqyC3hCypu/mVhs+V/wqCLNo5YpOqVvUM5YqZpJO3JGI8wOjFjzy4pRtzMobj1S//K9IP68aexTc+hbm67CSkj8cIQWM4kVg9ySahvs9pLF7maeQ
R2yaQNsMjQFzaqPD815Dgef9eiUV+BpZJkQTQrFZRWksvp1WN3ZS59ZVDYZfbibgh3qMc7anrxIaxCecVhqWQdqXf3CkgUyBeL0QnmxC1uqe94idMJ0A3EaCGqdnWikyf7PT9lie0lTwkKShE/mszBxME++na686w0L0IrpdqsYyaubUwzqYBRy4lxNriNdT4WqjUSZCnKtB7i9oAqyC3hCypu/mVhs+V/wqCLNo5YpOqVvUM5YqZpJO3JGI8wOjFjzy4pRtzMobj1S//K9IP68aexTc+hbm67CSkj8cIQWM4kVg9ySahvs9pLF7maeQ
eAAY6K4JTHpwJmVlOngWjuf9eiUV+BpZJkQTQrFZRWksvp1WN3ZS59ZVDYZfbibgh3qMc7anrxIdxiecVhqWQdqXfHCkgUyBeL0QnmxC1uqe94idMJ0A3EaCGqdnWikyf7PT9lie0lTwkKShE/mszBxME++na686w0L0IrpdqsYyaubUwzqYBRy4lxNriNdT4WqjUSZCnKtB7i9oAqyC3hCypu/mVhs+V/wqCLNo5YpOqVvUM5YqZpJO3JGI8wOjFjzy4pRtzMobj1S//K9IP68aexTc+hbm67CSkj8cIQWM4kVg9ySahvs9pLF7maeQ
scIJfBJSL6xpTdkn+Y4Qzuf9eiUV+BpZJkQTQrFZRWksvp1WN3ZS59ZVDYZfbibgh3qMc7anrxIaxCecVhqWQdqXfXCkgUyBeL0QnmxC1uqe94idMJ0A3EaCGqdnWikyf7PT9lie0lTwkKShE/mszBxME++na686w0L0IrpdqsYyaubUwzqYBRy4lxNriNdT4WqjUSZCnKtB7i9oAqyC3hCypu/mVhs+V/wqCLNo5YpOqVvUM5YqZpJO3JGI8wOjFjzy4pRtzMobj1S//K9IP68aexTc+hbm67CSkj8cIQWM4kVg9ySahvs9pLF7maeQ
ehaZeyvHUBNvol+emL1ZUuf9eiUV+BpZJkQTQrFZRWksvp1WN3ZS59ZVDYZfbibgh3qMc7anrxIdxiecVhqWQdqXenCkgUyBeL0QnmxC1uqe94idMJ0A3EaCGqdnWikyf7PT9lie0lTwkKShE/mszBxME++na686w0L0IrpdqsYyaubUwzqYBRy4lxNriNdT4WqjUSZCnKtB7i9oAqyC3hCypu/mVhs+V/wqCLNo5YpOqVvUM5YqZpJO3JGI8wOjFjzy4pRtzMobj1S//K9IP68aexTc+hbm67CSkj8cIQWM4kVg9ySahvs9pLF7maeQ
Lg2oEo/hm1I8ixMTCMuknOf9eiUV+BpZJkQTQrFZRWksvp1WN3ZS59ZVDYZfbibgh3qMc7anrxIaxCecVhqWQdqXe3CkgUyBeL0QnmxC1uqe94idMJ0A3EaCGqdnWikyf7PT9lie0lTwkKShE/mszBxME++na686w0L0IrpdqsYyaubUwzqYBRy4lxNriNdT4WqjUSZCnKtB7i9oAqyC3hCypu/mVhs+V/wqCLNo5YpOqVvUM5YqZpJO3JGI8wOjFjzy4pRtzMobj1S//K9IP68aexTc+hbm67CSkj8cIQWM4kVg9ySahvs9pLF7maeQ
F8FPTioDz9SsQpnM40+xh+f9eiUV+BpZJkQTQrFZRWksvp1WN3ZS59ZVDYZfbibgh3qMc7anrxIdxiecVhqWQdqXeHCkgUyBeL0QnmxC1uqe94idMJ0A3EaCGqdnWikyf7PT9lie0lTwkKShE/mszBxME++na686w0L0IrpdqsYyaubUwzqYBRy4lxNriNdT4WqjUSZCnKtB7i9oAqyC3hCypu/mVhs+V/wqCLNo5YpOqVvUM5YqZpJO3JGI8wOjFjzy4pRtzMobj1S//K9IP68aexTc+hbm67CSkj8cIQWM4kVg9ySahvs9pLF7maeQ
hXAFJ7cyZL0afDPQO3DGXOf9eiUV+BpZJkQTQrFZRWksvp1WN3ZS59ZVDYZfbibgh3qMc7anrxIaxCecVhqWQdqXeXCkgUyBeL0QnmxC1uqe94idMJ0A3EaCGqdnWikyf7PT9lie0lTwkKShE/mszBxME++na686w0L0IrpdqsYyaubUwzqYBRy4lxNriNdT4WqjUSZCnKtB7i9oAqyC3hCypu/mVhs+V/wqCLNo5YpOqVvUM5YqZpJO3JGI8wOjFjzy4pRtzMobj1S//K9IP68aexTc+hbm67CSkj8cIQWM4kVg9ySahvs9pLF7maeQ
qQej76+LYt0cO54UdNE2Uuf9eiUV+BpZJkQTQrFZRWksvp1WN3ZS59ZVDYZfbibgh3qMc7anrxIdxiecVhqWQdqXcHGkgUyBeL0QnmxC1uqe94idMJ0A3EaCGqdnWikyf7PT9lie0lTwkKShE/mszBxME++na686w0L0IrpdqsYyaubUwzqYBRy4lxNriNdT4WqjUSZCnKtB7i9oAqyC3hCypu/mVhs+V/wqCLNo5YpOqVvUM5YqZpJO3JGI8wOjFjzy4pRtzMobj1S//K9IP68aexTc+hbm67CSkj8cIQWM4kVg9ySahvs9pLF7maeQ
ocInMEAQcPt5kbsQc8NZLef9eiUV+BpZJkQTQrFZRWksvp1WN3ZS59ZVDYZfbibgh3qMc7anrxIaxCecVhqWQdqXcXGkgUyBeL0QnmxC1uqe94idMJ0A3EaCGqdnWikyf7PT9lie0lTwkKShE/mszBxME++na686w0L0IrpdqsYyaubUwzqYBRy4lxNriNdT4WqjUSZCnKtB7i9oAqyC3hCypu/mVhs+V/wqCLNo5YpOqVvUM5YqZpJO3JGI8wOjFjzy4pRtzMobj1S//K9IP68aexTc+hbm67CSkj8cIQWM4kVg9ySahvs9pLF7maeQ
UO7i1OAhC/lJ8g1brAMMo+f9eiUV+BpZJkQTQrFZRWksvp1WN3ZS59ZVDYZfbibgh3qMc7anrxIdxiecVhqWQdqXfnGkgUyBeL0QnmxC1uqe94idMJ0A3EaCGqdnWikyf7PT9lie0lTwkKShE/mszBxME++na686w0L0IrpdqsYyaubUwzqYBRy4lxNriNdT4WqjUSZCnKtB7i9oAqyC3hCypu/mVhs+V/wqCLNo5YpOqVvUM5YqZpJO3JGI8wOjFjzy4pRtzMobj1S//K9IP68aexTc+hbm67CSkj8cIQWM4kVg9ySahvs9pLF7maeQ
eYHIiRMBokcFrVWk+/Xf9ef9eiUV+BpZJkQTQrFZRWksvp1WN3ZS59ZVDYZfbibgh3qMc7anrxIaxCecVhqWQdqXf3GkgUyBeL0QnmxC1uqe94idMJ0A3EaCGqdnWikyf7PT9lie0lTwkKShE/mszBxME++na686w0L0IrpdqsYyaubUwzqYBRy4lxNriNdT4WqjUSZCnKtB7i9oAqyC3hCypu/mVhs+V/wqCLNo5YpOqVvUM5YqZpJO3JGI8wOjFjzy4pRtzMobj1S//K9IP68aexTc+hbm67CSkj8cIQWM4kVg9ySahvs9pLF7maeQ
zuoTEFFgC5Uc1dwv46ltZ+f9eiUV+BpZJkQTQrFZRWksvp1WN3ZS59ZVDYZfbibgh3qMc7anrxIdxiecVhqWQdqXfHGkgUyBeL0QnmxC1uqe94idMJ0A3EaCGqdnWikyf7PT9lie0lTwkKShE/mszBxME++na686w0L0IrpdqsYyaubUwzqYBRy4lxNriNdT4WqjUSZCnKtB7i9oAqyC3hCypu/mVhs+V/wqCLNo5YpOqVvUM5YqZpJO3JGI8wOjFjzy4pRtzMobj1S//K9IP68aexTc+hbm67CSkj8cIQWM4kVg9ySahvs9pLF7maeQ
H6J/4FInA9r07PhoXCkQhef9eiUV+BpZJkQTQrFZRWksvp1WN3ZS59ZVDYZfbibgh3qMc7anrxIaxCecVhqWQdqXfXGkgUyBeL0QnmxC1uqe94idMJ0A3EaCGqdnWikyf7PT9lie0lTwkKShE/mszBxME++na686w0L0IrpdqsYyaubUwzqYBRy4lxNriNdT4WqjUSZCnKtB7i9oAqyC3hCypu/mVhs+V/wqCLNo5YpOqVvUM5YqZpJO3JGI8wOjFjzy4pRtzMobj1S//K9IP68aexTc+hbm67CSkj8cIQWM4kVg9ySahvs9pLF7maeQ
nEYqJbYu3H/kF6yU+qolPOf9eiUV+BpZJkQTQrFZRWksvp1WN3ZS59ZVDYZfbibgh3qMc7anrxIdxiecVhqWQdqXenGkgUyBeL0QnmxC1uqe94idMJ0A3EaCGqdnWikyf7PT9lie0lTwkKShE/mszBxME++na686w0L0IrpdqsYyaubUwzqYBRy4lxNriNdT4WqjUSZCnKtB7i9oAqyC3hCypu/mVhs+V/wqCLNo5YpOqVvUM5YqZpJO3JGI8wOjFjzy4pRtzMobj1S//K9IP68aexTc+hbm67CSkj8cIQWM4kVg9ySahvs9pLF7maeQ
I6pN8DaRxYl+YSQ5rQQBDuf9eiUV+BpZJkQTQrFZRWksvp1WN3ZS59ZVDYZfbibgh3qMc7anrxIaxCecVhqWQdqXe3GkgUyBeL0QnmxC1uqe94idMJ0A3EaCGqdnWikyf7PT9lie0lTwkKShE/mszBxME++na686w0L0IrpdqsYyaubUwzqYBRy4lxNriNdT4WqjUSZCnKtB7i9oAqyC3hCypu/mVhs+V/wqCLNo5YpOqVvUM5YqZpJO3JGI8wOjFjzy4pRtzMobj1S//K9IP68aexTc+hbm67CSkj8cIQWM4kVg9ySahvs9pLF7maeQ
FNoh1HP+eSArcXtcy/R/w+f9eiUV+BpZJkQTQrFZRWksvp1WN3ZS59ZVDYZfbibgh3qMc7anrxIdxiecVhqWQdqXeHGkgUyBeL0QnmxC1uqe94idMJ0A3EaCGqdnWikyf7PT9lie0lTwkKShE/mszBxME++na686w0L0IrpdqsYyaubUwzqYBRy4lxNriNdT4WqjUSZCnKtB7i9oAqyC3hCypu/mVhs+V/wqCLNo5YpOqVvUM5YqZpJO3JGI8wOjFjzy4pRtzMobj1S//K9IP68aexTc+hbm67CSkj8cIQWM4kVg9ySahvs9pLF7maeQ
Y4rjLGSbt54FHPkzsGIKI+f9eiUV+BpZJkQTQrFZRWksvp1WN3ZS59ZVDYZfbibgh3qMc7anrxIaxCecVhqWQdqXeXGkgUyBeL0QnmxC1uqe94idMJ0A3EaCGqdnWikyf7PT9lie0lTwkKShE/mszBxME++na686w0L0IrpdqsYyaubUwzqYBRy4lxNriNdT4WqjUSZCnKtB7i9oAqyC3hCypu/mVhs+V/wqCLNo5YpOqVvUM5YqZpJO3JGI8wOjFjzy4pRtzMobj1S//K9IP68aexTc+hbm67CSkj8cIQWM4kVg9ySahvs9pLF7maeQ
eAya0JoShVZ01YV2lZqqHXeER1H5HvqjOTDN2cxigS4MLas/HMy6iwn9Ti2T0LNSzdoRROucLm4CYTMYoucc3YPm0PA4y0CaouaioW2QR8C6PRrQp0MmBlrp3iDEKp96cZU0DEgrTOBr++AYkx7QDQd5kck6TxmaazpP/rGQ5kmULL96FEvfi2632DyzELUw4BqFZAOa26Fv0L6yOQP0kUU3QOdTjw50J+Qg379rXyixkj3me3pAZOOzZRmdXg+pRaU56DDXK8FT8k2sf/jGwo5zIICVTi22eMQx9U6AGEYi6GzpYxcLzt8uLTUhFmXVwfEmuutZD7VR8h11nBB2oXSnYw==
aE8eK9GwLSRNgbHlrHUHluf9eiUV+BpZJkQTQrFZRWksvp1WN3ZS59ZVDYZfbibgh3qMc7anrxIaxCecVhqWQdqXcH6kgUyBeL0QnmxC1uqe94idMJ0A3EaCGqdnWikyf7PT9lie0lTwkKShE/mszBxME++na686w0L0IrpdqsYyaubUwzqYBRy4lxNriNdT4WqjUSZCnKtB7i9oAqyC3hCypu/mVhs+V/wqCLNo5YpOqVvUM5YqZpJO3JGI8wOjFjzy4pRtzMobj1S//K9IP68aexTc+hbm67CSkj8cIQWM4kVg9ySahvs9pLF7maeQ
+48SQYnXhPVjtNCTO1lnlFKE/PEQihHP8vp62At5LUlul/CuYgr9mBI9QhFBZiFrxj4vM3Bb9gaIsZfd9vIMlw+VjAI5GmmdgB5V894wtgiiur1zwuDes8pMzUumVLUGxgFxGeeFbBe/Fu2K6VJ3SDClYixJlsKTGSfIB16wFUjjfJZ682gVgv3tKWAYHr+bYn2z97YLRZcIWAHUZpMZ88mkx/JLqi0iZmjlg0M1W4bZRbMlzwTmD+3tdcJLoFmgkI74E1YMA9aL+j70F9lImA6q1CiaBfWPjWJ5nmt5Bw5z2beRUPa9Aak510K72VrIoE2Cp5U=
eAya0JoShVZ01YV2lZqqHXeER1H5HvqjOTDN2cxigS4MLas/HMy6iwn9Ti2T0LNSzdoRROucLm4CYTMYoucc3YPm0PA4y0CaouaioW2QR8C6PRrQp0MmBlrp3iDEKp96cZU0DEgrTOBr++AYkx7QDQd5kck6TxmaazpP/rGQ5kmULL96FEvfi2632DyzELUw4BqFZAOa26Fv0L6yOQP0kUU3QOdTjw50J+Qg379rXyixkj3me3pAZOOzZRmdXg+pRaU56DDXK8FT8k2sf/jGwo5zIICVTi22eMQx9U6AGEYi6GzpYxcLzt8uLTUhFmXVwfEmuutZD7VR8h11nBB2oXSnYw==
+48SQYnXhPVjtNCTO1lnlFKE/PEQihHP8vp62At5LUlul/CuYgr9mBI9QhFBZiFrxj4vM3Bb9gaIsZfd9vIMlw+VjAI5GmmdgB5V894wtgiiur1zwuDes8pMzUumVLUGxgFxGeeFbBe/Fu2K6VJ3SDClYixJlsKTGSfIB16wFUjjfJZ682gVgv3tKWAYHr+bYn2z97YLRZcIWAHUZpMZ88mkx/JLqi0iZmjlg0M1W4bZRbMlzwTmD+3tdcJLoFmgkI74E1YMA9aL+j70F9lImA6q1CiaBfWPjWJ5nmt5Bw5z2beRUPa9Aak510K72VrIoE2Cp5U=
eAya0JoShVZ01YV2lZqqHXeER1H5HvqjOTDN2cxigS4MLas/HMy6iwn9Ti2T0LNSzdoRROucLm4CYTMYoucc3YPm0PA4y0CaouaioW2QR8C6PRrQp0MmBlrp3iDEKp96cZU0DEgrTOBr++AYkx7QDQd5kck6TxmaazpP/rGQ5kmULL96FEvfi2632DyzELUw4BqFZAOa26Fv0L6yOQP0kUU3QOdTjw50J+Qg379rXyixkj3me3pAZOOzZRmdXg+pRaU56DDXK8FT8k2sf/jGwo5zIICVTi22eMQx9U6AGEYi6GzpYxcLzt8uLTUhFmXVwfEmuutZD7VR8h11nBB2oXSnYw==
+48SQYnXhPVjtNCTO1lnlFKE/PEQihHP8vp62At5LUlul/CuYgr9mBI9QhFBZiFrxj4vM3Bb9gaIsZfd9vIMlw+VjAI5GmmdgB5V894wtgiiur1zwuDes8pMzUumVLUGxgFxGeeFbBe/Fu2K6VJ3SDClYixJlsKTGSfIB16wFUjjfJZ682gVgv3tKWAYHr+bYn2z97YLRZcIWAHUZpMZ88mkx/JLqi0iZmjlg0M1W4bZRbMlzwTmD+3tdcJLoFmgkI74E1YMA9aL+j70F9lImA6q1CiaBfWPjWJ5nmt5Bw5z2beRUPa9Aak510K72VrIoE2Cp5U=
eAya0JoShVZ01YV2lZqqHXeER1H5HvqjOTDN2cxigS4MLas/HMy6iwn9Ti2T0LNSzdoRROucLm4CYTMYoucc3YPm0PA4y0CaouaioW2QR8C6PRrQp0MmBlrp3iDEKp96cZU0DEgrTOBr++AYkx7QDQd5kck6TxmaazpP/rGQ5kmULL96FEvfi2632DyzELUw4BqFZAOa26Fv0L6yOQP0kUU3QOdTjw50J+Qg379rXyixkj3me3pAZOOzZRmdXg+pRaU56DDXK8FT8k2sf/jGwo5zIICVTi22eMQx9U6AGEYi6GzpYxcLzt8uLTUhFmXVwfEmuutZD7VR8h11nBB2oXSnYw==
+48SQYnXhPVjtNCTO1lnlFKE/PEQihHP8vp62At5LUlul/CuYgr9mBI9QhFBZiFrxj4vM3Bb9gaIsZfd9vIMlw+VjAI5GmmdgB5V894wtgiiur1zwuDes8pMzUumVLUGxgFxGeeFbBe/Fu2K6VJ3SDClYixJlsKTGSfIB16wFUjjfJZ682gVgv3tKWAYHr+bYn2z97YLRZcIWAHUZpMZ88mkx/JLqi0iZmjlg0M1W4bZRbMlzwTmD+3tdcJLoFmgkI74E1YMA9aL+j70F9lImA6q1CiaBfWPjWJ5nmt5Bw5z2beRUPa9Aak510K72VrIoE2Cp5U=
eAya0JoShVZ01YV2lZqqHXeER1H5HvqjOTDN2cxigS4MLas/HMy6iwn9Ti2T0LNSzdoRROucLm4CYTMYoucc3YPm0PA4y0CaouaioW2QR8C6PRrQp0MmBlrp3iDEKp96cZU0DEgrTOBr++AYkx7QDQd5kck6TxmaazpP/rGQ5kmULL96FEvfi2632DyzELUw4BqFZAOa26Fv0L6yOQP0kUU3QOdTjw50J+Qg379rXyixkj3me3pAZOOzZRmdXg+pRaU56DDXK8FT8k2sf/jGwo5zIICVTi22eMQx9U6AGEYi6GzpYxcLzt8uLTUhFmXVwfEmuutZD7VR8h11nBB2oXSnYw==
+48SQYnXhPVjtNCTO1lnlFKE/PEQihHP8vp62At5LUlul/CuYgr9mBI9QhFBZiFrxj4vM3Bb9gaIsZfd9vIMlw+VjAI5GmmdgB5V894wtgiiur1zwuDes8pMzUumVLUGxgFxGeeFbBe/Fu2K6VJ3SDClYixJlsKTGSfIB16wFUjjfJZ682gVgv3tKWAYHr+bYn2z97YLRZcIWAHUZpMZ88mkx/JLqi0iZmjlg0M1W4bZRbMlzwTmD+3tdcJLoFmgkI74E1YMA9aL+j70F9lImA6q1CiaBfWPjWJ5nmt5Bw5z2beRUPa9Aak510K72VrIoE2Cp5U=
eAya0JoShVZ01YV2lZqqHXeER1H5HvqjOTDN2cxigS4MLas/HMy6iwn9Ti2T0LNSzdoRROucLm4CYTMYoucc3YPm0PA4y0CaouaioW2QR8C6PRrQp0MmBlrp3iDEKp96cZU0DEgrTOBr++AYkx7QDQd5kck6TxmaazpP/rGQ5kmULL96FEvfi2632DyzELUw4BqFZAOa26Fv0L6yOQP0kUU3QOdTjw50J+Qg379rXyixkj3me3pAZOOzZRmdXg+pRaU56DDXK8FT8k2sf/jGwo5zIICVTi22eMQx9U6AGEYi6GzpYxcLzt8uLTUhFmXVwfEmuutZD7VR8h11nBB2oXSnYw==
+48SQYnXhPVjtNCTO1lnlFKE/PEQihHP8vp62At5LUlul/CuYgr9mBI9QhFBZiFrxj4vM3Bb9gaIsZfd9vIMlw+VjAI5GmmdgB5V894wtgiiur1zwuDes8pMzUumVLUGxgFxGeeFbBe/Fu2K6VJ3SDClYixJlsKTGSfIB16wFUjjfJZ682gVgv3tKWAYHr+bYn2z97YLRZcIWAHUZpMZ88mkx/JLqi0iZmjlg0M1W4bZRbMlzwTmD+3tdcJLoFmgkI74E1YMA9aL+j70F9lImA6q1CiaBfWPjWJ5nmt5Bw5z2beRUPa9Aak510K72VrIoE2Cp5U=
eAya0JoShVZ01YV2lZqqHXeER1H5HvqjOTDN2cxigS4MLas/HMy6iwn9Ti2T0LNSzdoRROucLm4CYTMYoucc3YPm0PA4y0CaouaioW2QR8C6PRrQp0MmBlrp3iDEKp96cZU0DEgrTOBr++AYkx7QDQd5kck6TxmaazpP/rGQ5kmULL96FEvfi2632DyzELUw4BqFZAOa26Fv0L6yOQP0kUU3QOdTjw50J+Qg379rXyixkj3me3pAZOOzZRmdXg+pRaU56DDXK8FT8k2sf/jGwo5zIICVTi22eMQx9U6AGEYi6GzpYxcLzt8uLTUhFmXVwfEmuutZD7VR8h11nBB2oXSnYw==
+48SQYnXhPVjtNCTO1lnlFKE/PEQihHP8vp62At5LUlul/CuYgr9mBI9QhFBZiFrxj4vM3Bb9gaIsZfd9vIMlw+VjAI5GmmdgB5V894wtgiiur1zwuDes8pMzUumVLUGxgFxGeeFbBe/Fu2K6VJ3SDClYixJlsKTGSfIB16wFUjjfJZ682gVgv3tKWAYHr+bYn2z97YLRZcIWAHUZpMZ88mkx/JLqi0iZmjlg0M1W4bZRbMlzwTmD+3tdcJLoFmgkI74E1YMA9aL+j70F9lImA6q1CiaBfWPjWJ5nmt5Bw5z2beRUPa9Aak510K72VrIoE2Cp5U=
eAya0JoShVZ01YV2lZqqHXeER1H5HvqjOTDN2cxigS4MLas/HMy6iwn9Ti2T0LNSzdoRROucLm4CYTMYoucc3YPm0PA4y0CaouaioW2QR8C6PRrQp0MmBlrp3iDEKp96cZU0DEgrTOBr++AYkx7QDQd5kck6TxmaazpP/rGQ5kmULL96FEvfi2632DyzELUw4BqFZAOa26Fv0L6yOQP0kUU3QOdTjw50J+Qg379rXyixkj3me3pAZOOzZRmdXg+pRaU56DDXK8FT8k2sf/jGwo5zIICVTi22eMQx9U6AGEYi6GzpYxcLzt8uLTUhFmXVwfEmuutZD7VR8h11nBB2oXSnYw==
+48SQYnXhPVjtNCTO1lnlFKE/PEQihHP8vp62At5LUlul/CuYgr9mBI9QhFBZiFrxj4vM3Bb9gaIsZfd9vIMlw+VjAI5GmmdgB5V894wtgiiur1zwuDes8pMzUumVLUGxgFxGeeFbBe/Fu2K6VJ3SDClYixJlsKTGSfIB16wFUjjfJZ682gVgv3tKWAYHr+bYn2z97YLRZcIWAHUZpMZ88mkx/JLqi0iZmjlg0M1W4bZRbMlzwTmD+3tdcJLoFmgkI74E1YMA9aL+j70F9lImA6q1CiaBfWPjWJ5nmt5Bw5z2beRUPa9Aak510K72VrIoE2Cp5U=
eAya0JoShVZ01YV2lZqqHXeER1H5HvqjOTDN2cxigS4MLas/HMy6iwn9Ti2T0LNSzdoRROucLm4CYTMYoucc3YPm0PA4y0CaouaioW2QR8C6PRrQp0MmBlrp3iDEKp96cZU0DEgrTOBr++AYkx7QDQd5kck6TxmaazpP/rGQ5kmULL96FEvfi2632DyzELUw4BqFZAOa26Fv0L6yOQP0kUU3QOdTjw50J+Qg379rXyixkj3me3pAZOOzZRmdXg+pRaU56DDXK8FT8k2sf/jGwo5zIICVTi22eMQx9U6AGEYi6GzpYxcLzt8uLTUhFmXVwfEmuutZD7VR8h11nBB2oXSnYw==
+48SQYnXhPVjtNCTO1lnlFKE/PEQihHP8vp62At5LUlul/CuYgr9mBI9QhFBZiFrxj4vM3Bb9gaIsZfd9vIMlw+VjAI5GmmdgB5V894wtgiiur1zwuDes8pMzUumVLUGxgFxGeeFbBe/Fu2K6VJ3SDClYixJlsKTGSfIB16wFUjjfJZ682gVgv3tKWAYHr+bYn2z97YLRZcIWAHUZpMZ88mkx/JLqi0iZmjlg0M1W4bZRbMlzwTmD+3tdcJLoFmgkI74E1YMA9aL+j70F9lImA6q1CiaBfWPjWJ5nmt5Bw5z2beRUPa9Aak510K72VrIoE2Cp5U=
mVshSmZylGeU0Yhw0uEe5QlfU3p/bRBn5GXAwp7uuS64iUkexkRgZ/VRJIpAdQxdGip0MtI2FVn3OV+cJ+zW3c0RqWyqZyHYwoPPPmv79mCsuvRv7l1/tcpvBaEFPuTTPY04vl34ll9myoNDefHtMBRBXXw1v+VElmqlS4rZJuOqkFmxsTQ7zptScTgs9Kpv+ku3jRDT4bkLPsPY37lzDaG45Jtj0imCV119nUF5aqac46QumJwFUpw3a8pWSLK5tK24LQ77Skw1V3WOn3zvMfIkC+GsAFn4X6cflXc9S2jJ4wno8S97XJGj4I5UOvxErc1SL7Hs9rDAo/1tjbMAWEthCQETLDXHN/mlm9AuoLRA9nRWhaUxfwwsJ0rNP9glRne5Jj9wTWDYmv20u7pTsccQ1kIxoyzh3TfYFwsvBgTPpIjPN0vneEkSBTYDmsh0C/NNqZW+V5ndpaHYaDcjcXuypbz3GL4StvPY0C1upabQhNmFRiBAtrro9Jm7twM+t+6FJak23QW5cR7qEzmHpTkyNcWUcK6R7Kf7
iXZK/IXG5mFbArMECnoWYLJjNC3i6qXt4IO5N+QSTEB9KOMfJGimIKBsa27Xj6j9q8EEQ/CmAaUI/3KPGwlsGbO9Z8UDv3Spa1jmNbPaJHAf1waTQtk9vYG2+42vwGtOajUFkuWFXP6UD8HxWvb5gnVstovZ0A6GQ0wqMYpA4eFt11Xl2IRz8ngCMKwiJOL30MtJBXPanwPP6LcMPsbS1K1iG86QGbkA/vBcAA1IZ3o9K2BDu+mcayBs/HuXzqD9vAPPOyUlr413s/JC5+AUBBhO101cpjN/XBA2mOda37zpGj7mCzSK0sNiQoazFbQvPv1CstVf3YKQ317nw5hHZodxboSpVEPQ4Iy5gAlwwYuKQRI/TpnEFjm48YusosBGq0mzqd/EhNzcFD4PSkjOAH6S95jIG3BCn8XPuhf9/SBbN/LArJXNNEeeRr4iECwYfukSNAtg+8ZinteaZWQSI2Pyp9TaGF5UdCeMIWOtatbqJCBPHFT39dzp2B0IETPQA/KI+KZY5+p65PuOAUswyB3mg8YKWNeHbKef66f+
aMmuXvJZmLGaZQSpznreOqWNAjnSB4wbU1tftW3YPyceZBMJtWdOD+D9WoTKe8Zh6MZGFZ36B4sK5KYGRZentvgbuf0qZ0ZsWiB44NOSGCslwlHEJJm9jSgTPukLzMijherJc0SE5uoea5x1veFg76/1xxaW19fdclrvcDSLLOqJV1s5X1Se0Tc4x5fnULwqD98IcdSnwIBT1YP8mVoR8jvsDvyYi7AbXQlieyPtIT7pjB0RAYlL6K5/UdoLVh399wnjsVjClvPOamo0h8Y2d0HeVGBA/d49Mkm8M2hYP3c/Wj30XdW4dOHl3iibrPUntcG1FTlsI7NDDEOn2Yjbg+qadvJOICddOGtDxPSk6uNX+Q8b8hwhcQNlIeSXU71Z70/yJpJQCqae0vcN8ysmLA0eD5eqoawn88INeG+0kjp3IBlyYdXNALwGwwuudXd38gMJB/RApTQCq4WDxWxDMk/ioRJ6kEGjp63nlpXNdyULjKofUXWR4u9YRZAcxvzT0sQPphfCWhSzwbQIQqKQqF4NOR/xet3+j0Gb/n+RM9FUPjExtUFzYt9B5thsxcan0Q==
sMMhyBBB3rwaGptqiKYdZTadfrKQeWFs98+mklOvqa2wqapy3Auv4cskIoVVVO1M5GlY358Xco0Q8n8CjUd1BkZqZi4B/ZzX0/RIn1p0cHnLhmS0qIsz1HVzreOd3H6Zc/Y8fC+73l8iVaXRMXqjoa/sM4LaWZ0ehUmEkqQD2d2aWmEOxQBuR7ncFupzgHKdCuy5LV27Tem4SKueyI6oAOII+vvgp5HJE1YHb38k7yA+6ooYHQ6DQvDVYWzO/EQszeT/9o1HuI/b5YQHEKCk1xdi+DGMb9c3Rel34cc/au4nzAwIKCIPgTwqqxPs3G6053aHcFl2pmpr+FK+825aqnO5LKOOkZp+tVPF7qATBktDNB+qtx12iMmYm7xQACEsyVzZh7otyvMuFVx6iXSpp6yOmIobJSslvwhcsOwYJiOK5FaMzv4vVKgXaC6vCZcWl1Gl7Gtb6szMWRVY9xLeEuI8NBROhcr4a+xjqtJSj7ZlSErv054/WLrUhjhEK5QNowHyWlpI+IN8WO+Z7CWAsYi9axwznpD0xpQ/hspoYyLBZyjELYpbCmrUT+vca8fHp9I=
sMMhyBBB3rwaGptqiKYdZTadfrKQeWFs98+mklOvqa2wqapy3Auv4cskIoVVVO1M5GlY358Xco0Q8n8CjUd1BkZqZi4B/ZzX0/RIn1p0cHnLhmS0qIsz1HVzreOd3H6Zc/Y8fC+73l8iVaXRMXqjoa/sM4LaWZ0ehUmEkqQD2d2aWmEOxQBuR7ncFupzgHKdCuy5LV27Tem4SKueyI6oAOII+vvgp5HJE1YHb38k7yA+6ooYHQ6DQvDVYWzO/EQszeT/9o1HuI/b5YQHEKCk1xdi+DGMb9c3Rel34cc/au4nzAwIKCIPgTwqqxPs3G6053aHcFl2pmpr+FK+825aqnO5LKOOkZp+tVPF7qATBktDNB+qtx12iMmYm7xQACEsyVzZh7otyvMuFVx6iXSpp6yOmIobJSslvwhcsOwYJiOK5FaMzv4vVKgXaC6vCZcWl1Gl7Gtb6szMWRVY9xLeEuI8NBROhcr4a+xjqtJSj7ZlSErv054/WLrUhjhEK5QNowHyWlpI+IN8WO+Z7CWAsYi9axwznpD0xpQ/hspoYyLBZyjELYpbCmrUT+vca8fHp9I=
UelCRw+BIChXUVTkGevk7I3I6O7gGZkXNucFmdNEN26wuwC2nA3kJ2xi83aq1clZGoYosfuns8dtPtLl/R3it1nvYAIXtIPUkC4KCb8Z9BcLfvFdsOKXzhNyJ6kieRKf4W/pGA83L3aH7DLrwdjVY2CMnAHV67ogtcCN0tIhSVaSFOsinsvKNs0DdclR76iij8AwzOT2grJudWg17W+jHMNRJ8bDNj7wvvZ1PF8EIH8F8nZ+yJptHqu4RRWEaavvgHkIgsgBVzgMnySdS7HVg9M/v/2mmMf2GAYgMPOnDODvrTS+wiJn7DMescT6rDvStqDLbFacU8P4bcZDJhhF2UEQOLHqHYPua4Sfb2qO2XK/4qhCbdqp5k0JMr+2VZ5fmETRloWxrJSsZHMX92NvojguVJqqlSoeAsIGrBOy2B1sULcr+8DXC1FCw6l2SlwzsYaP0BJkAgYgGkaXNt5bJicUCjAjIOXS/oE7LGOe6v5iJnwpmDuDeyaUEppE5YzSa2d0h2znSGcfMhvsjPLWfhvYMiov1KHdvEqlGCes2p6L1YSJ69GnyA==
aLDBr9bn5MIy3DqNti+BvmmfOwgwaXQd8zQbKAVt2p+/YSpaEh6mhhZshQqdtwm3lMG3eU/ZZ4Cf36ZdRAV7bmQhbtnWSFMw21SfUwInIavBuWa679bsnTA4dGBGHozNosdZav6dAjWleqUoZkJP4ujflx0xOnocE+3sxitO+Y195ml/87HW0mdpU00FUintYEC6ieCn9w==
Pl3rWnA5s3asiov1kgnHHii6jb4X67LEDTPrfxbYpvm+PItoV1LCUne2vp/2Cv4YBl8CFD+kgJWEe8KPdRSlgP4UaOdWcBDaXBXbiNXK+DP1AQNPRNKcuAJLxfE0Ka+I4ZLthku60AQzMxU5bR4fSfWliQggl9vhI3KdzO849qJec3AgZQ69lqhEARX+wAjmUuicSXPXu67vrn0VsdYVdxfxclrbGZ9VAXLtVezQZsHEp9M=
P+f/Wg8LLyVUtOqZtep3gk1uwV6nxzrjxk0HdqZzbDi+Lo598JLeFTFn/mmim9+BkrYoDwcx4zkR1LDCalOku5GPzE8YGd0QxiSez+mI4SBprb6zihez3s81LaiC7IKekHKmL2YWG37XPCrIMyjlys5pWxSz1iomEo7cUQizA+OW/PIiFC3MiptPVH9870h/L9p71Fy6FqZrcJJSvVohQQwiRaB3ZJrGe/2kcfvZp9A=
Jf5I6d0WbJ9tXKnm8QEBMrKCInrOHJPBDkP0tMITeKsWNefeFuvssC6WLhUAyh7dYZ+eQZKD34mCjgjnd+mjccGsUGrayyQzATdsJ+hBHdiW3P7n2ZDhKHmVnlv6z/OWH03NADJ0AhYAygZHlk7btofESuADMOXC3lF7/MMOam7C9jz5uCuDawZEUkrkdQxCy7c0V0z3SHc/4ls8LGJW7rsIcvoNwqHJnJrlyIc8Wg4rBcRZy8Gn2A==
RrQ8IFX6hJFy+kmXNWhprntdZ/DfKwBoFiMDgYUBhsAOmSJjP7TqhQySCrAGD2w0bs91qaZLjo3fi4aIAN1797ODtbpIQOblBFHlUYR9xH8tCsIqhi2FXqFqvdNWITaRIySrm5XqTppitKRsrt16MCskE3Lyap++ZUBa1/NGT5D6HDZgpFMEhSOJYqI6kEjLvBAfwcwdkLmItXskE8ZgvAbcj16qkPGsQeu4vM3S68IqHD8z/FPXz6fa
0dsw1loaprPY4q0tk8MEOhg2FbGaGH2F6dGSu19Meg2MGprI5lfc/C4HBXGGc56F34OWsCAFCz/zSwXiqDh2bYTZdankpXQ37UIycqYVlVahYq3rdnnG2eNsG0P1Et4S4jw0FE6Fyvhr7GOq0lKPtmVISu/Tnj9YutSGOEQrlA2jAfJaWkj4g3xY75nsJYCxiL1rHDOekPTGlD+GymhhJMFjKMQtilsKatRP69xrx8en0g==
gajyFDWKKGWfJBL4v4Mz5mOzh7lH/7ffFCW4OAzDsey+PItoV1LCUne2vp/2Cv4YBl8CFD+kgJWEe8KPdRSlgP4UaOdWcBDaXBXbiNXK+DP1AQNPRNKcuAJLxfE0Ka+I4ZLthku60AQzMxU5bR4fSfWliQggl9vhI3KdzO849qJec3AgZQ69lqhEARX+wAjmUuicSXPXu67vrn0VsdYVdxfxclrbGZ9VAXLtVezQZsHEp9M=
PJBPgNKMZiEFb7fzMvGA/hg2CL2cCmaM2dGSu19Meg2MGprI5lfc/C4HBXGGc56F34OWsCAFCz/zSwXiqDh2bYTZdankpXQ37UIycqYVlVahYq3rdnnG2eNsG0P1Et4S4jw0FE6Fyvhr7GOq0lKPtmVISu/Tnj9YutSGOEQrlA2jAfJaWkj4g3xY75nsJYCxiL1rHDOekPTGlD+GymhhJMFjKMQtilsKatRP69xrx8en0g==
+x601SLyij0RnDlrSgE7tCLkZqEZJovzTpNWZ8fZeRxusvrP/kkXis6nLHRmSn7heCZ++UmjrlWKj9+NipIY00/Fg5WpUCC+ggdkd8lrvFMQLf18PmBOc0EcYazxCQ7vQmNT8vcxPVTqOMLSSBZWs+6iu5Kv+Hr0GzzlxtZNa8j7IkqKqgpMLeDnwy/OGII+HBns5mMLhMPUe8jzt37LiJTO9opTdIKu1Y5hDdRGtTz/0DoqAzn0TdPNp9w=
O0/TQKa6wdqKjnLG99roYH2/iM7ZrNIYCOQJJ2l1es+P+DLJzN7S/DYjNNgOI22FlkeWgd+HnoQw8WMb02/tlngMPqnEHT0dNNGck03mWoY2oR3SIeYlX+aNrn1DyPM3JaaW1qL4fCCe8SLcS8gLXsJmh7JlTELbw2pXfJrwbkyUH9zJ48W67oo8ECfc/IdtfJEINQg546ijavhQZjDX8hrcKeCBp2Dw/f6zLkrwJx/MX8/Dp9Y=
aTLfQUhJdndZQfwG+FXjNXy2ldnfr5sKWOoVLWw0ToGD4jrczN7S/DYjNNgOI22FlkeWgd+HnoQw8WMb02/tlngMPqnEHT0dNNGck03mWoY2oR3SIeYlX+aNrn1DyPM3JaaW1qL4fCCe8SLcS8gLXsJmh7JlTELbw2pXfJrwbkyUH9zJ48W67oo8ECfc/IdtfJEINQg546ijavhQZjDX8hrcKeCBp2Dw/f6zLkrwJx/MX8/Dp9Y=
5QRn/J4m03/A4EFmZa41ZVfdnnpul4RU+OeacarC4VOETvYKU/SCLtUOYY3UxrW8/1A6qgO59M3TTadc
gXxoOldkOr41SF9jV0aCe6r2Cve4nUup3QF9VxNGBT53kbNeZ+M9UViOKdFdkUsihzGO+NTVTqdZ
ma8KG60J5L88uDPeVuXif5dW/wLJQ/Agt/t9Y47JX//n+zo6kycYSx8ubbVhFqVXh/HiOqtZzzUR8t313BC2ITSnIw==
GiEn8miWTcP8MY90w13Ea2mfOwgwaXQd8zQbKAVt2p+/YSpaEh6mhhZshQqdtwm3lMG3eU/ZZ4Cf36ZdRAV7bmQhbtnWSFMw21SfUwInIavBuWa679bsnTA4dGBGHozNosdZav6dAjWleqUoZkJP4ujflx0xOnocE+3sxitO+Y195ml/9bHV0mdpU00FUintYEC6ieCn9w==
Im2+OurPmaJ+3SqR8CaZzCi6jb4X67LEDTPrfxbYpvm+PItoV1LCUne2vp/2Cv4YBl8CFD+kgJWEe8KPdRSlgP4UaOdWcBDaXBXbiNXK+DP1AQNPRNKcuAJLxfE0Ka+I4ZLthku60AQzMxU5bR4fSfWliQggl9vhI3KdzO849qJec3AgZQ69lqhEARX+wAjmUuicSXPXu67vrn0VsdYVdxHxcVrbGZ9VAXLtVezQZsHEp9M=
S8OyTpYcYIzGhmiXnG2Zvk1uwV6nxzrjxk0HdqZzbDi+Lo598JLeFTFn/mmim9+BkrYoDwcx4zkR1LDCalOku5GPzE8YGd0QxiSez+mI4SBprb6zihez3s81LaiC7IKekHKmL2YWG37XPCrIMyjlys5pWxSz1iomEo7cUQizA+OW/PIiFC3MiptPVH9870h/L9p71Fy6FqZrcJJSvVwhQgwiRaB3ZJrGe/2kcfvZp9A=
BVBzbvfkAS9JOBHmHC2ZRbKCInrOHJPBDkP0tMITeKsWNefeFuvssC6WLhUAyh7dYZ+eQZKD34mCjgjnd+mjccGsUGrayyQzATdsJ+hBHdiW3P7n2ZDhKHmVnlv6z/OWH03NADJ0AhYAygZHlk7btofESuADMOXC3lF7/MMOam7C9jz5uCuDawZEUkrkdQxCy7c0V0z3SHc/4ls8LGJW7rsIcvoNxKHKnJrlyIc8Wg4rBcRZy8Gn2A==
PFsuMYXs8EPICJDou4AK+XtdZ/DfKwBoFiMDgYUBhsAOmSJjP7TqhQySCrAGD2w0bs91qaZLjo3fi4aIAN1797ODtbpIQOblBFHlUYR9xH8tCsIqhi2FXqFqvdNWITaRIySrm5XqTppitKRsrt16MCskE3Lyap++ZUBa1/NGT5D6HDZgpFMEhSOJYqI6kEjLvBAfwcwdkLmItXskE8ZgvAbcj16qkPGqQei4vM3S68IqHD8z/FPXz6fa
gQ4J8tFUQETLHXWyNDwt0hg2FbGaGH2F6dGSu19Meg2MGprI5lfc/C4HBXGGc56F34OWsCAFCz/zSwXiqDh2bYTZdankpXQ37UIycqYVlVahYq3rdnnG2eNsG0P1Et4S4jw0FE6Fyvhr7GOq0lKPtmVISu/Tnj9YutSGOEQrlA2jAfJaWkj4g3xY75nsJYCxiL1rHDOekPTGlD+GymhhIsFgKMQtilsKatRP69xrx8en0g==
64Wq9jqGU5KwnoSmpK7hk2Ozh7lH/7ffFCW4OAzDsey+PItoV1LCUne2vp/2Cv4YBl8CFD+kgJWEe8KPdRSlgP4UaOdWcBDaXBXbiNXK+DP1AQNPRNKcuAJLxfE0Ka+I4ZLthku60AQzMxU5bR4fSfWliQggl9vhI3KdzO849qJec3AgZQ69lqhEARX+wAjmUuicSXPXu67vrn0VsdYVdxHxcVrbGZ9VAXLtVezQZsHEp9M=
7ZUy3UjjnPP4FW6KA2+1Zhg2CL2cCmaM2dGSu19Meg2MGprI5lfc/C4HBXGGc56F34OWsCAFCz/zSwXiqDh2bYTZdankpXQ37UIycqYVlVahYq3rdnnG2eNsG0P1Et4S4jw0FE6Fyvhr7GOq0lKPtmVISu/Tnj9YutSGOEQrlA2jAfJaWkj4g3xY75nsJYCxiL1rHDOekPTGlD+GymhhIsFgKMQtilsKatRP69xrx8en0g==
t7LRGj6Zdy/D6a73Fj93AyLkZqEZJovzTpNWZ8fZeRxusvrP/kkXis6nLHRmSn7heCZ++UmjrlWKj9+NipIY00/Fg5WpUCC+ggdkd8lrvFMQLf18PmBOc0EcYazxCQ7vQmNT8vcxPVTqOMLSSBZWs+6iu5Kv+Hr0GzzlxtZNa8j7IkqKqgpMLeDnwy/OGII+HBns5mMLhMPUe8jzt37LiJTO9opTdIKu1YhhDtRGtTz/0DoqAzn0TdPNp9w=
bZNA/BnyUey8TO4b/400G32/iM7ZrNIYCOQJJ2l1es+P+DLJzN7S/DYjNNgOI22FlkeWgd+HnoQw8WMb02/tlngMPqnEHT0dNNGck03mWoY2oR3SIeYlX+aNrn1DyPM3JaaW1qL4fCCe8SLcS8gLXsJmh7JlTELbw2pXfJrwbkyUH9zJ48W67oo8ECfc/IdtfJEINQg546ijavhQZjDX8hrcKeaBpGDw/f6zLkrwJx/MX8/Dp9Y=
KVTn9B+R0cUsKVKp9M4OdHy2ldnfr5sKWOoVLWw0ToGD4jrczN7S/DYjNNgOI22FlkeWgd+HnoQw8WMb02/tlngMPqnEHT0dNNGck03mWoY2oR3SIeYlX+aNrn1DyPM3JaaW1qL4fCCe8SLcS8gLXsJmh7JlTELbw2pXfJrwbkyUH9zJ48W67oo8ECfc/IdtfJEINQg546ijavhQZjDX8hrcKeaBpGDw/f6zLkrwJx/MX8/Dp9Y=
RNgvjpq5EK2egm+Qf+Ted1fdnnpul4RU+OeacarC4VOETvYKU/SCLtUIYY7UxrW8/1A6qgO59M3TTadc
5ch56pcQ7ICWiU5AvEJuWar2Cve4nUup3QF9VxNGBT53kbNeZ+M7UVuOKdFdkUsihzGO+NTVTqdZ
fe++Q/C7MRihM3+3L2ZBnJdW/wLJQ/Agt/t9Y47JX//n+zo6kycYSx8ubbVhFqVXgfHhOqtZzzUR8t313BC2ITSnIw==
nJwwMj84Rp9jZYev/mH14DbLddHaATKz2Kf6/4FVnnub7IV07f+poRBvJ3k9MVW9HJGoS73H0YALZneOp+iBdpsscyO7kKkBbQGd7L5NyE76Y4/CRzvIOnskyrLgustRFUNIJOmrwkwan6U/QCsMnFD1kIa0+AouoV7bxaSkY2dWrvZqE9QCzhSoYS4UJjWcvzA6SsOZdK2T7af8
ALq+tMniXfGS1pFxvJR0+5o1L/jD5Yo8PyioWR5qEWlGf8Kl3npP6HM1PuWOhOw0OiPsGIpuPcYf98/CghcnQdHrPloGzMCbp8UuQZVMszJ/AvFSijDRIxfNN1bl7WclG6za34EVIWJ/+LXQTCbM0yLkX2anosqUw2FkSHJCgKhObQnfodotfh+hK76vskPRY17h8cXh4+JvobaYnOXWp8E=
jIi43EFxO2e1gMdzNPz4VrxvcTwbbTMJJZBETd672F4JI7Z6aLjZ5UaSKR5bmbdOQzpnkQdWTUHZGSfC6/nKCLAtMqcl
+6rk9BOLX/DC8KDtlK1K8dGm2ZWQpV2KzkhFrrV5nNeMyQt2W+Ey5EaE33YKuECSwdAIlG36OxrqxO/bHLsnN6ci
