y2DvDddtZ8/1GLL8g+kriTOQLlIxbXIBtzoDMwdZ2rr8JWlnMTqKk00+0kOfs0rtg8+zf1C6bY+f7YRsUwR0Z2MbU4CFUkkO90qcHDcTUYHhjkOB0aWtwHwHV1lnUpnUo8hKKvqzFCiZPvEOLCRF7fLQ1C42aHgBL8e31itO+Y195mly8bHS12diUE0GUintYEC6ieCz9g==
OBYOPwd9mMZOvpIgZf5lwDFPz3B6mIMu2dT1ucz2tEJFccOxTcc2NfFmbduSZM4evt/j3Y+1QTdXZX4BpayjMm8iAZLaUGGjh21HFjUNVyUrTAqf8bWx4s+Y5RC8BtzTMgRvJvcCOhRTAdSIomLwqL5NWZ8ROr3+bwH7fp/eV9F0e5G6FgFQYv8BRljMheaz8A==
vkPzzRMMvzLElw8yM5Y38j1/ZGKCRr6AaaDrPYv/VTGy/kU5BTYcN8WUWbqP7DMtsQUPZVBCKKY31MFdwmwDErL7VHSI3XrBcT9yVXW+Mct7qaieWpePzVPtxdeTHULxCSQH8gsq7SKm6KWDg7WbhpnFcyUPhKYPLW21wgsgmaBQDrgTlozD1st6/vTXWQiYzioUKNqFtY9N4jmeK/nHDjNW85GQc/0K6rkUQvtZGshgzcKz1A==
6WNp6sMHkPQx45BHx7P+dmzPkqGtQAtdUB16vK167dfdIlgon9Qydv5FSW5RCM/Qj/SLi9Ua7upiRAQcbs1aYKv0c2Iy2v+OZXA6ZzNWL0B6TBZwZCOkdSP5wlJ6gGgbPED/0YytcImIhZuUU9aA7IYMr07qYFzeQR8dzAbBy5GqzF8jPOO3/7Pr
whAlpbk0IrHoceSNl19qOkz4//a0/9AqtIK7vcJdICO0mbONkNxOgd1m1cs9/mB074GL6n7Z8TIhVPcMb+izl6UG1jaimLyAHlHi/Esoyz5ChseSZWwCO0MKl5ya0K7sFL8cqeMl+k4KnFAH3JzHjfzxyBUIGSPII4q4MGYQl1KafGQCgcOlUHZdcw1KEOd/TL+P47P3
oFvXWlq5SKGSKJDWHPyB6Ez4//a0/9AqtIK7vcJdICO0iLuDltNP091m1cs9/mB074CL6n7Z8TIhVPcMb+izl6UG1jaimLyAHlHi/Esoyz5ChseSZWwCO0MKl5ya0K7sFL8cqeMl+k4KnFAH3JzHjfzxyBUIGSPII4q4MGYQl1KafGQCgcOlUHZdcw1KEOd/TL+P47P3
+lQbwHVJrRbAs3GfJmMqqc5/VdH6vwWnRcskKzf0hVzzcJkTvMSHyrTDqBZALs1HIuVTHQW0hvgELmNvLdqt993CGEgfP/NW/mWJjtFojzCP1MsrVbquimKkxLzubZpAq5SzgrK6v65lUHoHs7bvIHps1tDkg2SVI5mC8vogKDs8oL+xDE2wqYilW3TTtsAMhizv7mrAHL5B/91shmELsaqsn8O8g/ffs8s=
P2EK8fRyDLXrk3i2scOj4kVML2VzVtcwB9cmDqunqJIWJzV0AW1+QZF/UlVV/pFLHelLnjpXb03zLeXXs90icelkZ/Irak2iBqhFg+N1ewY5BVMlL0QGj82t1cLrYDkg8E6YE/bMI1arut7095moGC7qdCg6xdUP7aIZngu5J45TlhORsLNdikp5dEIbGXpIwI3is/Q=
Piqz0yW+7fagSL1iLYNt1Ta6o1x67IjivLrIJodzpYSkdeKfyNXoWkEVQ59tig1nXVL4mF8JE2b+VWm+kbhvoA9Ea3sVSo76YlTkzC69OtArBNPScorfnmVgGjdz5o+w+vx2ACTzRGUj6aICunCIq7wwX2FMfVCZiJW7RJNmIJwGvE++KjA8zkEP/RxGsashKjz/k3yzl++z+w==
wvOrav+eyzC14SCvU7bj+m6DJEItZXFSrTgdIxQexpn8KGkIV1TjiUQpy0ughWeKy4PhLQneeJOVhalZVwdBaXgZU4CFUkkO90qcHDcTUYHhjkOB0aWtwHwHV1lnUpnUo8hKKvqzFCiZPvEOLCRF7fLQ1C42aHgBL8e31itO+Y195mly8bHS12diUE0GUintYEC6ieCz9g==
9ieDNYdKg7S9vk3JhPmsab2y2F6nq1VM5D1SRzdnNoCE1tMnDdK9r50aiMB/8wNu/l15RrHgH+jPjNsjdfIecuLcdHTOZYqYa8wjClLyz5ZlaApPUz5/eLq0xtjES9Tto2EyutooOGN8eC85bIVAkYidq7yzPlDUxnT/5kqIrEbBh22kpmkbaWr0D0tcy4fns/M=
2voaUkrm2sId4fqib5mxXWXx/IBGst30pbmAof6vZ+E5r5qVHY75awQYU54iJ3dtG90tl/uNitER9N9yU/r1Qu54DcOrRVPmITVLJTd0Hm/lnZ2Co7DRwEje4JNOXNv2A+qWtD9pQDg2mmwoIjXNL4XSUV7DaY8uKwarEUgj5eoiKbyC0ylSKNi9+rPs
nV+suSbzdd/JYXsDPeN8popwFy5CnpAIObSdu//qkm+WepS+29SG2tQDPA1EGotLPd6lg/02UAzPnZriftHhKgEsx8SvoMMvRZ5GviIQLBh+6RI0C2D7xmKe15plZBIjY/Kn1NoYXlR0J4whY61q1uokIE8cVPf13OnYHQgRM9AD8oj4pljn6nrk9IoBSzXIFuWDxQpY14dsp5/rs/8=
soFaqDxt5kZtW/rv83KrEElNI2hqF554GMB/A+f49MAUPnR0AW1+QZF/UlVV/pFLGuhLnjpXb03zLeXXs90icelkZ/Irak2iBqhFg+N1ewY5BVMlL0QGj82t1cLrYDkg8E6YE/bMI1arut7095moGC7qdCg6xdUP7aIZngu5J45TlhORsLNdikp5dEIbGXpIwI3is/Q=
DxWOqQoVdx2XR1seaLviZ+h7FFRgCp5osOnFGvd0nrXXuFNp6Wx4h8OhrhQUMC3Xermf+z2vISI19qPrzIVnkhB3TIZ8aqIc9/thCiFzDgTDpaXDwKI/22x+P4WwCKvSxSwo8KE63fQe0C4+XPlfY5wlu+I/8zY0xF40i8F13bELp31B7Emn+AkSRbZDmoj0S/MNKVW+lxkdpWFYqDfj8Tuy5Ty3GP6S9vOYUG1uZSYQhBkFhiCANnrotBn7t0O+9+7Fpek2HYp9cd5v0zJEJfoy9UXUcO4RrLO6
c2QzCXBaYyehrA8ll0YHpsBGuLlkbmoOpoKqJduDi9v/x/Zbbxumjyy8qrhieFI1wOe8m81i3T8diiiwPy3iX/5tmZbxkL94Txy7k7UiPgLiLFQkjtVqCOtcg/qSoq+mZVhqH5PO3+g6JCZohBv0HaMREmoamFjz/OiPSSxVoKGIrUts807wREbkn1aKWIw2wXdN9ObZ+/nqZK+7nJvn17PD
tYcUDK/mzFrmGzU7tk9CTyYtYLsqXiNlf06jCBEpCDr6hkIQQlkw4IOAWBEll471KVYFu6Nzxh62z9s9Z4UZd++1lqE93Cuy55KZ8nKAmWPfHW82zR1fJSNc8r/ZxekiN0hNcCS2VFO6dPeGH9KCVAsxPGiacviotl1h/3kKZT7XUZPeBy7fUfzLCVq+USgiJ/FueLSV7rP4
Mz3A+gJjz5Jn1a5nWaGuAZa/9OqGPvGXTbnVNwtdCIOG4aHkumn1DIn9zSxUOre6QSI+m7WM6Z5LWj9aZ3kdXLqQQnoYHnb7fgr7ur+w2nxLFOXuhsXLgOsKCiI6QmwlsE9Dh54QonaMsazOc0MkS4RTyNvn9mvAhOa2IsM8oqaIJOGhgU6ed297egITcVTFg+Wz9Q==
FAlliOlbtIMj4yBtr5iA4fLZxu/qr1BsB+nFAIGJ7RCM/mcV6ba+Bw0oGVKDbl8mf30NsFJEAiZgesZ39v5bBuf0ilBjAOXyvuG7zKO+6t6ixvxJ2BuDW2b0knqExYzyq4f05yzHSEdfUpsMTNLWXts4skpg8KH9+Sou++eP2r5LNQTpq/Gz6Q==
nrKtcL21mYywKsTBJjyRGExyTXsoPBNpdGm7KxAF92obw7dLF95oc0VF+TnHh/GJiNlj4PVSeS4Hiiy8R5PBITFOk6HBpb3grMeH+ffS6XQTCLoKyrNkSKn+Ae6cpNWNohAEziZoaGF/h2c2u85J7Q2mWZIBseL3FyLg7fbSuU0wAOqp8LPm
5F5KX0YZC9qAA6f0+HF2NfDZxv7ouVRsB+nFAIGJ7RCM/mcT6ba+Bw0oGVKDbl8mf30NsFJEAiZgesZ39v5bBuf0ilBjAOXyvuG7zKO+6t6ixvxJ2BuDW2b0knqExYzyq4f05yzHSEdfUpsMTNLWXts4skpg8KH9+Sou++eP2r5LNQTpq/Gz6Q==
MexO6jGq9HrL0VAkYV7L+0xyS200IRNpdGm7KxAF92obw7FLF95oc0VF+TnHh/GJiNlj4PVSeS4Hiiy8R5PBITFOk6HBpb3grMeH+ffS6XQTCLoKyrNkSKn+Ae6cpNWNohAEziZoaGF/h2c2u85J7Q2mWZIBseL3FyLg7fbSuU0wAOqp8LPm
fuYdve62PER9OrpYVeyzR0xySnsmJBNpdGm7KxAF92obw7JLF95oc0VF+TnHh/GJiNlj4PVSeS4Hiiy8R5PBITFOk6HBpb3grMeH+ffS6XQTCLoKyrNkSKn+Ae6cpNWNohAEziZoaGF/h2c2u85J7Q2mWZIBseL3FyLg7fbSuU0wAOqp8LPm
evPrH8f67BRdFcMBSBUzb9WfwGcQNF6P0BkkudqjrMP5RHNb44F0u7LhbzFPPOOLhUHlCPHRLfgcRgdc3q++L11Qudpzth9Ob0XteOLcgo6wguZ/hqab7ndM6hhTGOXa7pkbRFNmqray/hyBaIMD87YMsnL0nUwaOz+UrxzfSG8PKjuEvAqWNssAUoLQaCFVKdIO85fXGlbbjWShm+mzwQ==
wcISh4s250jgb9Mo1ARdG5aFsMYaQN+rPFxpaGkC4RSvUyohOXxXejLFqOyBTYbiSp0EEbAU9nBhowfmAWtK7Mh5szlLbXoRQZTvcqPapQJe2P1DOyUDJtEVWyUnVO6vtf0NAlMQYYAY/hCTfjyLNvMKJjSvyZD4Bvp8KDLV/W/VcsHecwn/bvvvmhE4AzUqkonMAkPJgmioneqz/A==
OATGVDmhNaEzXvkZk2RhW5aFsMYaQN+rPFxpaGkC4RSvUyohOXxXejLFqOyBTYbiSp0EEbAU9nBhowfmAWtK7Mh5szlLbXoRQZTvcqPapQJe2P1DOyUDJtEVWyUnVO6vtf0NAlMQYYAY/hCTfjyLNvMKJjSvyZD4Bvp8KDLV/W/VcsHecwn/bvvonhE6BzUrkonMAkPJgmioneqz/A==
3182qJQ5+OM9rlzGoHjVPpaFsMYaQN+rPFxpaGkC4RSvUyohOXxXejLFqOyBTYbiSp0EEbAU9nBhowfmAWtK7Mh5szlLbXoRQZTvcqPapQJe2P1DOyUDJtEVWyUnVO6vtf0NAlMQYYAY/hCTfjyLNvMKJjSvyZD4Bvp8KDLV/W/VcsHecwn/bvvrmxE9BzUrkonMAkPJgmioneqz/A==
2dgB5Olo6IU/9qz1Z/fuHK/8FaDXq+LgijqGiKmOoU0siZH69YBKFT2wkUgpJlutS+ZrEJ3x2gIxcjEvFvrcg9E2T+ByVAI2QCqGJ1Zu25ZHpMoAQxDl4p6x+5wDLmpOApa8GfgLg0tGpNIqJFUMYgvXtLcM10hXfwLbXOxCVs57aPIaTeCh6N16b6tHH1ou62VEuYvhs/k=
