Yht7GTRB7ALrmNoRvvVLUzOQLlIxbXIBtzoDMwdZ2rr8JWlnMTqKk00+0kOfs0rtg8+zf1C6bY+f7YRsUwR0Z2MbU4CFUkkO90qcHDcTUYHhjkOB0aWtwHwHV1lnUpnUo8hKKvqzFCiZPvEOLCRF7fLQ1C42aHgBL8e31itO+Y195ml+8bHX0WdpU00FUintYEC6ieCn9w==
5/VYgb2ANzOKM2BTGVsN8TFPz3B6mIMu2dT1ucz2tEJFccOxTcc2NfFmbduSZM4evt/j3Y+1QTdXZX4BpayjMm8iAZLaUGGjh21HFjUNVyUrTAqf8bWx4s+Y5RC8BtzTMgRvJvcCOhRTAdSIomLwqL5NWZ8ROr3+bwH7fp/SV9FxfZGxFQFTYv8BRljMhean8Q==
gNICb8QnidoAKrxr3iUGXz1/ZGKCRr6AaaDrPYv/VTGy/kU5BTYcN8WUWbqP7DMtsQUPZVBCKKY31MFdwmwDErL7VHSI3XrBcT9yVXW+Mct7qaieWpePzVPtxdeTHULxCSQH8gsq7SKm6KWDg7WbhpnFcyUPhKYPLW21wgsgmaBQDrgTlozD1st6/vTXWQiYzioUKNqFtY9N4jmeK/nHDjNa85GVdf0B6bkXQvtZGshgzcKn1Q==
gVem0Mgg8HMdERbqOXnwhmzPkqGtQAtdUB16vK167dfdIlgon9Qydv5FSW5RCM/Qj/SLi9Ua7upiRAQcbs1aYKv0c2Iy2v+OZXA6ZzNWL0B6TBZwZCOkdSP5wlJ6gGgbPED/0YytcImIhZuUU9aA7IYMr07qYFDeQRobzA3Cy5KqzF8jPOO3/6fq
Jw0CK4mEv9QoVWGBt4NHZ0z4//a0/9AqtIK7vcJdICO0mbONkNxOgd1m1cs9/mB074GL6n7Z8TIhVPcMb+izl6UG1jaimLyAHlHi/Esoyz5ChseSZWwCO0MKl5ya0K7sFL8cqeMl+k4KnFAH3JzHjfzxyBUIGSPII4q4MGYQl1KafGgCgcajUH1ecw5KEOd/TL+P46f2
cRIBQVUG3aeH5H2litiWTkz4//a0/9AqtIK7vcJdICO0iLuDltNP091m1cs9/mB074CL6n7Z8TIhVPcMb+izl6UG1jaimLyAHlHi/Esoyz5ChseSZWwCO0MKl5ya0K7sFL8cqeMl+k4KnFAH3JzHjfzxyBUIGSPII4q4MGYQl1KafGgCgcajUH1ecw5KEOd/TL+P46f2
UXqVeBVpfi/Me4VwrZX5fc5/VdH6vwWnRcskKzf0hVzzcJkTvMSHyrTDqBZALs1HIuVTHQW0hvgELmNvLdqt993CGEgfP/NW/mWJjtFojzCP1MsrVbquimKkxLzubZpAq5SzgrK6v65lUHoHs7bvIHps1tDkg2SVI5mC8vogKDs8oL+xDE2wqYilW3TTtsAMhizv7mrAEL5B+ttsjWILsqqsn8O8g/ffp8o=
qi5wIMxb2UZb5O1ibCTkqEVML2VzVtcwB9cmDqunqJIWJzV0AW1+QZF/UlVV/pFLHelLnjpXb03zLeXXs90icelkZ/Irak2iBqhFg+N1ewY5BVMlL0QGj82t1cLrYDkg8E6YE/bMI1arut7095moGC7qdCg6xdUP7aIZngu5J45TmhORtbVdgUl5d0IbGXpIwI3ip/U=
wFPVRmXCrMOq0t3/Op6t5Da6o1x67IjivLrIJodzpYSkdeKfyNXoWkEVQ59tig1nXVL4mF8JE2b+VWm+kbhvoA9Ea3sVSo76YlTkzC69OtArBNPScorfnmVgGjdz5o+w+vx2ACTzRGUj6aICunCIq7wwX2FMfVCZiJW7RJNmIJwGvE++KjAwzkEK+xxNsqsiKjz/k3yzl++n+g==
mLpIuJi37mPcda7A0evDL26DJEItZXFSrTgdIxQexpn8KGkIV1TjiUQpy0ughWeKy4PhLQneeJOVhalZVwdBaXgZU4CFUkkO90qcHDcTUYHhjkOB0aWtwHwHV1lnUpnUo8hKKvqzFCiZPvEOLCRF7fLQ1C42aHgBL8e31itO+Y195ml+8bHX0WdpU00FUintYEC6ieCn9w==
ZtqABaldxw7ism8mpH6Edb2y2F6nq1VM5D1SRzdnNoCE1tMnDdK9r50aiMB/8wNu/l15RrHgH+jPjNsjdfIecuLcdHTOZYqYa8wjClLyz5ZlaApPUz5/eLq0xtjES9Tto2EyutooOGN8eC85bIVAkYidq7yzPlDUxnT/5kqIoEbBgmukrWobamr0D0tcy4fnp/I=
a2+n0G5UYwpK2rnhdYV8QmXx/IBGst30pbmAof6vZ+E5r5qVHY75awQYU54iJ3dtG90tl/uNitER9N9yU/r1Qu54DcOrRVPmITVLJTd0Hm/lnZ2Co7DRwEje4JNOXNv2A+qWtD9pQDg2mmwoIjXNL4XSUV7DaY8uKwqrEU0l5eEhKb+C0ylSKNi9+qft
5bazOxkGbqYPHmAFkJqpW4pwFy5CnpAIObSdu//qkm+WepS+29SG2tQDPA1EGotLPd6lg/02UAzPnZriftHhKgEsx8SvoMMvRZ5GviIQLBh+6RI0C2D7xmKe15plZBIjY/Kn1NoYXlR0J4whY61q1uokIE8cVPf13OnYHQgRM9AD8oj4pljn6nrk+IoBTjPIHeaDxgpY14dsp5/rp/4=
DfUdYvP0iIxSQSxAM5bUkElNI2hqF554GMB/A+f49MAUPnR0AW1+QZF/UlVV/pFLGuhLnjpXb03zLeXXs90icelkZ/Irak2iBqhFg+N1ewY5BVMlL0QGj82t1cLrYDkg8E6YE/bMI1arut7095moGC7qdCg6xdUP7aIZngu5J45TmhORtbVdgUl5d0IbGXpIwI3ip/U=
XmN9ILb+gIwnnDWFy1y2Juh7FFRgCp5osOnFGvd0nrXXuFNp6Wx4h8OhrhQUMC3Xermf+z2vISI19qPrzIVnkhB3TIZ8aqIc9/thCiFzDgTDpaXDwKI/22x+P4WwCKvSxSwo8KE63fQe0C4+XPlfY5wlu+I/8zY0xF40i8F13bELp31B7Emn+AkSRbZDmoj0S/MNKVW+lxkdpWFYqDfj8Tuy5Ty3GP6S9vOYUG1uZSYQhBkFhiCANnrotBn7t0O+9+7Fpek2HYZ9cdtp0zlHJfky9UXUcO4RrKe7
RnowCIQIKf/Z4wK3BA0t9sBGuLlkbmoOpoKqJduDi9v/x/Zbbxumjyy8qrhieFI1wOe8m81i3T8diiiwPy3iX/5tmZbxkL94Txy7k7UiPgLiLFQkjtVqCOtcg/qSoq+mZVhqH5PO3+g6JCZohBv0HaMREmoamFjz/OiPSSxVoKGIrUts807wREbkn1aKWIA2wXJL9O3a+/rqZK+7nJvn16fC
lJQ6Pl5WcIEvcWM9rdFpsiYtYLsqXiNlf06jCBEpCDr6hkIQQlkw4IOAWBEll471KVYFu6Nzxh62z9s9Z4UZd++1lqE93Cuy55KZ8nKAmWPfHW82zR1fJSNc8r/ZxekiN0hNcCS2VFO6dPeGH9KCVAsxPGiacviotl1h/3kKZT7XUZPeByLfUfnNCVG9USsiJ/FueLSV7qf5
Pbmnr1ObrTB1/yY2YG/scpa/9OqGPvGXTbnVNwtdCIOG4aHkumn1DIn9zSxUOre6QSI+m7WM6Z5LWj9aZ3kdXLqQQnoYHnb7fgr7ur+w2nxLFOXuhsXLgOsKCiI6QmwlsE9Dh54QonaMsazOc0MkS4RTyNvn9mvAhOa2IsM8oqaEJOGkh06VdG94egITcVTFg+Wn9A==
ThzxvG70H1wuJOmgxoBQ2/LZxu/qr1BsB+nFAIGJ7RCM/mcV6ba+Bw0oGVKDbl8mf30NsFJEAiZgesZ39v5bBuf0ilBjAOXyvuG7zKO+6t6ixvxJ2BuDW2b0knqExYzyq4f05yzHSEdfUpsMTNLWXts4skps8KH4/yol+OeM2r5LNQTpq/Gn6A==
YcZVQSavNmKpZ0d2rJ+1T0xyTXsoPBNpdGm7KxAF92obw7dLF95oc0VF+TnHh/GJiNlj4PVSeS4Hiiy8R5PBITFOk6HBpb3grMeH+ffS6XQTCLoKyrNkSKn+Ae6cpNWNohAEziZoaGF/h2c2u85J7Q2mWZ4BsefxFynj7fXSuU0wAOqp8Kfn
+BW4ldKti+Ls0on64h9/nfDZxv7ouVRsB+nFAIGJ7RCM/mcT6ba+Bw0oGVKDbl8mf30NsFJEAiZgesZ39v5bBuf0ilBjAOXyvuG7zKO+6t6ixvxJ2BuDW2b0knqExYzyq4f05yzHSEdfUpsMTNLWXts4skps8KH4/yol+OeM2r5LNQTpq/Gn6A==
Os5a6BEY0sH6xw6nXoi8o0xyS200IRNpdGm7KxAF92obw7FLF95oc0VF+TnHh/GJiNlj4PVSeS4Hiiy8R5PBITFOk6HBpb3grMeH+ffS6XQTCLoKyrNkSKn+Ae6cpNWNohAEziZoaGF/h2c2u85J7Q2mWZ4BsefxFynj7fXSuU0wAOqp8Kfn
vDUIS1GQwMj1PkLMOayPfUxySnsmJBNpdGm7KxAF92obw7JLF95oc0VF+TnHh/GJiNlj4PVSeS4Hiiy8R5PBITFOk6HBpb3grMeH+ffS6XQTCLoKyrNkSKn+Ae6cpNWNohAEziZoaGF/h2c2u85J7Q2mWZ4BsefxFynj7fXSuU0wAOqp8Kfn
c7BzeZYDOUTLPJwcHRpW09WfwGcQNF6P0BkkudqjrMP5RHNb44F0u7LhbzFPPOOLhUHlCPHRLfgcRgdc3q++L11Qudpzth9Ob0XteOLcgo6wguZ/hqab7ndM6hhTGOXa7pkbRFNmqray/hyBaIMD87YMsnL0nUwaOz+UrxzfSG8PKjuEvAqWNssAUoLcaCFQL9IF8JfUGlbbjWShm+mnwA==
iB+z1MiAbZs5magPYpNRepaFsMYaQN+rPFxpaGkC4RSvUyohOXxXejLFqOyBTYbiSp0EEbAU9nBhowfmAWtK7Mh5szlLbXoRQZTvcqPapQJe2P1DOyUDJtEVWyUnVO6vtf0NAlMQYYAY/hCTfjyLNvMKJjSvyZD4Bvp8KDLV/W/VcsHecwn/bvvqmxE9BTUhkYnPAkPJgmioneqn/Q==
CZX3FIKILB8Z6H8BlduN1paFsMYaQN+rPFxpaGkC4RSvUyohOXxXejLFqOyBTYbiSp0EEbAU9nBhowfmAWtK7Mh5szlLbXoRQZTvcqPapQJe2P1DOyUDJtEVWyUnVO6vtf0NAlMQYYAY/hCTfjyLNvMKJjSvyZD4Bvp8KDLV/W/VcsHecwn/bvvsmRE9BTUhkYnPAkPJgmioneqn/Q==
YGK4iISfqxjhh3lKGspVSK/8FaDXq+LgijqGiKmOoU0siZH69YBKFT2wkUgpJlutS+ZrEJ3x2gIxcjEvFvrcg9E2T+ByVAI2QCqGJ1Zu25ZHpMoAQxDl4p6x+5wDLmpOApa8GfgLg0tGpNIqJFUMYgvXtLcM10hXfwLbXOxCVs57aPIaTuOh6N96ZahHHFou62VEuYvhp/g=
