wsyXIrtVZG4LWhKlcXlAgTOQLlIxbXIBtzoDMwdZ2rr8JWlnMTqKk00+0kOfs0rtg8+zf1C6bY+f7YRsUwR0Z2MbU4CFUkkO90qcHDcTUYHhjkOB0aWtwHwHV1lnUpnUo8hKKvqzFCiZPvEOLCRF7fLQ1C42aHgBL8e31itO+Y195ml/8bHX02djUE0GUintYEC6ieCz9g==
SXZ+tJWagrayZJnDvbm5vjFPz3B6mIMu2dT1ucz2tEJFccOxTcc2NfFmbduSZM4evt/j3Y+1QTdXZX4BpayjMm8iAZLaUGGjh21HFjUNVyUrTAqf8bWx4s+Y5RC8BtzTMgRvJvcCOhRTAdSIomLwqL5NWZ8ROr3+bwH7fp/TV9Fxf5G7FgFQYv8BRljMheaz8A==
dGoMU7lnuczxkH1mUGwJBj1/ZGKCRr6AaaDrPYv/VTGy/kU5BTYcN8WUWbqP7DMtsQUPZVBCKKY31MFdwmwDErL7VHSI3XrBcT9yVXW+Mct7qaieWpePzVPtxdeTHULxCSQH8gsq7SKm6KWDg7WbhpnFcyUPhKYPLW21wgsgmaBQDrgTlozD1st6/vTXWQiYzioUKNqFtY9N4jmeK/nHDjNb85GVd/0L6rkUQvtZGshgzcKz1A==
z1qdtrjqBpSvkwIzwkiN0WzPkqGtQAtdUB16vK167dfdIlgon9Qydv5FSW5RCM/Qj/SLi9Ua7upiRAQcbs1aYKv0c2Iy2v+OZXA6ZzNWL0B6TBZwZCOkdSP5wlJ6gGgbPED/0YytcImIhZuUU9aA7IYMr07qYFHeQRoZzAfBy5GqzF8jPOO3/7Pr
WMiUjtCa5LL1CH0i8yg4zEz4//a0/9AqtIK7vcJdICO0mbONkNxOgd1m1cs9/mB074GL6n7Z8TIhVPcMb+izl6UG1jaimLyAHlHi/Esoyz5ChseSZWwCO0MKl5ya0K7sFL8cqeMl+k4KnFAH3JzHjfzxyBUIGSPII4q4MGYQl1KafGkCgcahUHddcw1KEOd/TL+P47P3
T9eO1QOft+AS4MAHKq8TXUz4//a0/9AqtIK7vcJdICO0iLuDltNP091m1cs9/mB074CL6n7Z8TIhVPcMb+izl6UG1jaimLyAHlHi/Esoyz5ChseSZWwCO0MKl5ya0K7sFL8cqeMl+k4KnFAH3JzHjfzxyBUIGSPII4q4MGYQl1KafGkCgcahUHddcw1KEOd/TL+P47P3
ZzsgMdcFLX2e8nL9e9TMv85/VdH6vwWnRcskKzf0hVzzcJkTvMSHyrTDqBZALs1HIuVTHQW0hvgELmNvLdqt993CGEgfP/NW/mWJjtFojzCP1MsrVbquimKkxLzubZpAq5SzgrK6v65lUHoHs7bvIHps1tDkg2SVI5mC8vogKDs8oL+xDE2wqYilW3TTtsAMhizv7mrAEb5B+tlsh2ELsaqsn8O8g/ffs8s=
8N9ZEmwI2I8M+PEgRMB+M0VML2VzVtcwB9cmDqunqJIWJzV0AW1+QZF/UlVV/pFLHelLnjpXb03zLeXXs90icelkZ/Irak2iBqhFg+N1ewY5BVMlL0QGj82t1cLrYDkg8E6YE/bMI1arut7095moGC7qdCg6xdUP7aIZngu5J45TmxORtbddi0p5dEIbGXpIwI3is/Q=
qrvKAJoi2ecYVGXrVu0jFDa6o1x67IjivLrIJodzpYSkdeKfyNXoWkEVQ59tig1nXVL4mF8JE2b+VWm+kbhvoA9Ea3sVSo76YlTkzC69OtArBNPScorfnmVgGjdz5o+w+vx2ACTzRGUj6aICunCIq7wwX2FMfVCZiJW7RJNmIJwGvE++KjAxzkEK+RxHsashKjz/k3yzl++z+w==
SCl0bnP+S6lS0BU/5Ee3Zm6DJEItZXFSrTgdIxQexpn8KGkIV1TjiUQpy0ughWeKy4PhLQneeJOVhalZVwdBaXgZU4CFUkkO90qcHDcTUYHhjkOB0aWtwHwHV1lnUpnUo8hKKvqzFCiZPvEOLCRF7fLQ1C42aHgBL8e31itO+Y195ml/8bHX02djUE0GUintYEC6ieCz9g==
gSekVv19TvuvqpCSV6Zs1r2y2F6nq1VM5D1SRzdnNoCE1tMnDdK9r50aiMB/8wNu/l15RrHgH+jPjNsjdfIecuLcdHTOZYqYa8wjClLyz5ZlaApPUz5/eLq0xtjES9Tto2EyutooOGN8eC85bIVAkYidq7yzPlDUxnT/5kqIoUbBgmmkp2kbaWr0D0tcy4fns/M=
g/G14rMwNdYrfHXhN3WH52Xx/IBGst30pbmAof6vZ+E5r5qVHY75awQYU54iJ3dtG90tl/uNitER9N9yU/r1Qu54DcOrRVPmITVLJTd0Hm/lnZ2Co7DRwEje4JNOXNv2A+qWtD9pQDg2mmwoIjXNL4XSUV7DaY8uKwurEU0n5esiKbyC0ylSKNi9+rPs
3qtvFlM75YasfHeE4xXQO4pwFy5CnpAIObSdu//qkm+WepS+29SG2tQDPA1EGotLPd6lg/02UAzPnZriftHhKgEsx8SvoMMvRZ5GviIQLBh+6RI0C2D7xmKe15plZBIjY/Kn1NoYXlR0J4whY61q1uokIE8cVPf13OnYHQgRM9AD8oj4pljn6nrk+YoBTjHIF+WDxQpY14dsp5/rs/8=
iyP6599Z8DZ5xI5pfKd/qklNI2hqF554GMB/A+f49MAUPnR0AW1+QZF/UlVV/pFLGuhLnjpXb03zLeXXs90icelkZ/Irak2iBqhFg+N1ewY5BVMlL0QGj82t1cLrYDkg8E6YE/bMI1arut7095moGC7qdCg6xdUP7aIZngu5J45TmxORtbddi0p5dEIbGXpIwI3is/Q=
RIUYYHQuPgykHUatMR+Ru+h7FFRgCp5osOnFGvd0nrXXuFNp6Wx4h8OhrhQUMC3Xermf+z2vISI19qPrzIVnkhB3TIZ8aqIc9/thCiFzDgTDpaXDwKI/22x+P4WwCKvSxSwo8KE63fQe0C4+XPlfY5wlu+I/8zY0xF40i8F13bELp31B7Emn+AkSRbZDmoj0S/MNKVW+lxkdpWFYqDfj8Tuy5Ty3GP6S9vOYUG1uZSYQhBkFhiCANnrotBn7t0O+9+7Fpek2HYd9cdtr0zNEJfoy9UXUcO4RrLO6
wV0l96wuwis3ddjyaPaHAMBGuLlkbmoOpoKqJduDi9v/x/Zbbxumjyy8qrhieFI1wOe8m81i3T8diiiwPy3iX/5tmZbxkL94Txy7k7UiPgLiLFQkjtVqCOtcg/qSoq+mZVhqH5PO3+g6JCZohBv0HaMREmoamFjz/OiPSSxVoKGIrUts807wREbkn1aKWIE2wXJJ9OfZ+/nqZK+7nJvn17PD
PwYEMdJN3GAE/iVD2Q2l5CYtYLsqXiNlf06jCBEpCDr6hkIQQlkw4IOAWBEll471KVYFu6Nzxh62z9s9Z4UZd++1lqE93Cuy55KZ8nKAmWPfHW82zR1fJSNc8r/ZxekiN0hNcCS2VFO6dPeGH9KCVAsxPGiacviotl1h/3kKZT7XUZPeByPfUfnPCVu+USgiJ/FueLSV7rP4
ocYuoylh6HXa7bhOvsSRBpa/9OqGPvGXTbnVNwtdCIOG4aHkumn1DIn9zSxUOre6QSI+m7WM6Z5LWj9aZ3kdXLqQQnoYHnb7fgr7ur+w2nxLFOXuhsXLgOsKCiI6QmwlsE9Dh54QonaMsazOc0MkS4RTyNvn9mvAhOa2IsM8oqaFJOGkhU6fd297egITcVTFg+Wz9Q==
Ho8NQ1Rc7756Q/jcHrmCVfLZxu/qr1BsB+nFAIGJ7RCM/mcV6ba+Bw0oGVKDbl8mf30NsFJEAiZgesZ39v5bBuf0ilBjAOXyvuG7zKO+6t6ixvxJ2BuDW2b0knqExYzyq4f05yzHSEdfUpsMTNLWXts4skpt8KH4/Sov++eP2r5LNQTpq/Gz6Q==
aRoPDHVqICR0t3CihE068UxyTXsoPBNpdGm7KxAF92obw7dLF95oc0VF+TnHh/GJiNlj4PVSeS4Hiiy8R5PBITFOk6HBpb3grMeH+ffS6XQTCLoKyrNkSKn+Ae6cpNWNohAEziZoaGF/h2c2u85J7Q2mWZ8BsefzFyPg7fbSuU0wAOqp8LPm
EI9ojT6wB15DRDKagmu3F/DZxv7ouVRsB+nFAIGJ7RCM/mcT6ba+Bw0oGVKDbl8mf30NsFJEAiZgesZ39v5bBuf0ilBjAOXyvuG7zKO+6t6ixvxJ2BuDW2b0knqExYzyq4f05yzHSEdfUpsMTNLWXts4skpt8KH4/Sov++eP2r5LNQTpq/Gz6Q==
nYPQXwLod47M4PCnPPenmkxyS200IRNpdGm7KxAF92obw7FLF95oc0VF+TnHh/GJiNlj4PVSeS4Hiiy8R5PBITFOk6HBpb3grMeH+ffS6XQTCLoKyrNkSKn+Ae6cpNWNohAEziZoaGF/h2c2u85J7Q2mWZ8BsefzFyPg7fbSuU0wAOqp8LPm
r662ppj4QccNST5sODiaukxySnsmJBNpdGm7KxAF92obw7JLF95oc0VF+TnHh/GJiNlj4PVSeS4Hiiy8R5PBITFOk6HBpb3grMeH+ffS6XQTCLoKyrNkSKn+Ae6cpNWNohAEziZoaGF/h2c2u85J7Q2mWZ8BsefzFyPg7fbSuU0wAOqp8LPm
mNB/e9m4D3zcc2L9qD5WedWfwGcQNF6P0BkkudqjrMP5RHNb44F0u7LhbzFPPOOLhUHlCPHRLfgcRgdc3q++L11Qudpzth9Ob0XteOLcgo6wguZ/hqab7ndM6hhTGOXa7pkbRFNmqray/hyBaIMD87YMsnL0nUwaOz+UrxzfSG8PKjuEvAqWNssAUoLdaCFQLdIP85fXGlbbjWShm+mzwQ==
pRwRujbz0OLYTcw4sYWvZ5aFsMYaQN+rPFxpaGkC4RSvUyohOXxXejLFqOyBTYbiSp0EEbAU9nBhowfmAWtK7Mh5szlLbXoRQZTvcqPapQJe2P1DOyUDJtEVWyUnVO6vtf0NAlMQYYAY/hCTfjyLNvMKJjSvyZD4Bvp8KDLV/W/VcsHecwn/bvvpmxE9BzUrkonMAkPJgmioneqz/A==
LTkokL360E51zXY2dvNG75aFsMYaQN+rPFxpaGkC4RSvUyohOXxXejLFqOyBTYbiSp0EEbAU9nBhowfmAWtK7Mh5szlLbXoRQZTvcqPapQJe2P1DOyUDJtEVWyUnVO6vtf0NAlMQYYAY/hCTfjyLNvMKJjSvyZD4Bvp8KDLV/W/VcsHecwn/bvvqmBE7BjUrkonMAkPJgmioneqz/A==
OvkHILDBwRgZHJXq+IA9rK/8FaDXq+LgijqGiKmOoU0siZH69YBKFT2wkUgpJlutS+ZrEJ3x2gIxcjEvFvrcg9E2T+ByVAI2QCqGJ1Zu25ZHpMoAQxDl4p6x+5wDLmpOApa8GfgLg0tGpNIqJFUMYgvXtLcM10hXfwLbXOxCVs57aPIaQOSh7tx6b6tHH1ou62VEuYvhs/k=
