xrtzUKm8QGAwtHO4wzRS5laqxbT+5oRj+Ze6stFbIx+00f6rovxyydR8wawLwEpgtNTZuznl5D1mfN0xZ9qzhaw/vjT6n4KIcFLokE8n0TdMhdKVagEBMS8Om6Wc0r/vDKYBscgK50kImVsI6q/Lneb79zoJDjXuKuzBU3wekVCYbn0Kj8igWX5fYRhCEOd/TL+P46f2
PxA0pPApt/iwtAV11HOpYc1T7/sBH7NKCn8zW3ks4YK3FVT1XC6kQPvlVDb6tqFHPRM0atQuk8+6ib8zqs7aue7aSIwsWh9RjZWka2YP6oeNw7ew/88sBEMtROhViyjsy1twh18C+pnX/87VA+BJSHlc8hJl+QyILdIQ4OlwL25Mi8YBJVKS5jtdJNG7+afw
yRyR7LT/EWP1+BtVsIsvPgDMGXeWwH8TBFOMeIzDnxdsI8KUk56zNBLNAwJ4s7RFzIHizMC6NOlIF9Vd/fOJNFPVpZBW3RHhRPLExBMpJAIHDyPj9T8kvgyyMwuShY/HErIaXea2mBi0Bv9V5dlU3x4z6qPFbyfkp9MMQOuh9Jxtd2iIQ7cgk0femh0/M77h+1zJ7LFw4sa9ZaxMBd4gFFEM74pE5xaVvQ5y4lMR1GXDxafU
rho0AGrg5LM92DRvDnCzdBElJB5eNMTxqeYDIph6EXyxMSboY53VAP6vmLD3YoH7ruA6c/ZUGeqQjKFcgSpF50CntvgeKEgqXn8oEw1pQKSF+b6oDYs8eKWJAESquf3iqN38ssAtx6mxq5e2TxOWpCm3IZxlV+dfB+4wEszjjaq3UT445LX+p+k=
6E/pXMZOg9uKQhtKeu3pBgUUHjo8Ds1vGtw9SLOjqpBTKXg9VSMrE5xyPVxd+eJYB+xIgGJXfACzKu3bgug+Y9IMZaosVEXMBaIph+xvcgg6EFQqQkcM48mh7MTpcTo46VOAONnRJFSusdHCxJW4AiTVWykt0/MGi9t6hAW/JYxBjxufu7ZUgkhrYUobGXpIwI3ip/U=
p2pwONuYh11XxgrZ6ydBSQUUHjo8Ds1vGtw9SLOjqpBTOHAzUywqQZxyPVxd+eJYB+1IgGJXfACzKu3bgug+Y9IMZaosVEXMBaIph+xvcgg6EFQqQkcM48mh7MTpcTo46VOAONnRJFSusdHCxJW4AiTVWykt0/MGi9t6hAW/JYxBjxufu7ZUgkhrYUobGXpIwI3ip/U=
36qMHdgqZxHbRmMhaBxaQpaNYA5p1FndVdiVkUE2zXvWEs8hQWwiOgB2iZ+6RL/uf++FghYgabTd9frReDpxfFHxhmjDVjQAnu84MFci4ftOIFrzVpQ56vBMQdwhamXnYOfWeP7oaCp+v8iTbSlgpKW5HijtS1x4hUmgxMp5HeLInVwyYG2nqVFrNzbv03akSffBHMUXx1/nrlCSbCOtqpeR3riE9d6nyQ==
0DJGejg/rJY8tfpaP0H2Otio4uyDTuufWLTSbjQYApSX6eSw/w31AYSSxCRTSaSiQS8gw7WfpN5MUjNrUmUPZ9KSGn0mFhj4dGb/taW51H9eE+qDhc+nhOczDCArQXQ8rVdoqIMXoHOHvpr9f1M+Qbt8yczx0GKm/YWsLMU+oLSRLO+qhEeWdX1ucgITcVTFg+Wn9A==
Wi11Mb4KOtFSNyv1LbdjpSMoJf53FH0iOF+5Xw0pBz3pj0QQS1E35oieKhEomuH8IVF2qLNwxADuz8hwJ4IRe96AirMGtCnq4KyRnHGK9WfQB2Y4zghYKk5f+NPdydAkNVlOaD2rTHiVafCEGtmNYjg9LHKQTdepoUtH9h9zBiTZV5HcFTfXX/fOAFK8Qz0qJ/FueLSV7qf5
YESZJ7ZUUlDcFNEUA60b2Qu5z6Ti7ocw45WkosIcPzy03P7ExJIb091r2KQ09mcH/JiL6WCB8SFsFPAEY9mGi7c9vjT6n4KIcFLokE8n0TdMhdKVagEBMS8Om6Wc0r/vDKYBscgK50kImVsI6q/Lneb79zoJDjXuKuzBU3wekVCYbn0Kj8igWX5fYRhCEOd/TL+P46f2
s+vCVCFbhwJZrYE3rT9JCDFPwX8l2d99kd/s8Mzr8TRFJbKxQMpZPPlhHsiLYswA5t/wkM+ySTtmUGITnsShamgcCfzZWg2niHdOGDYYUCpGTwDz9bmI5M2J5gilG8T4HRloJPIJNSJgDcSSqF3fqalbf5Z3Q97kYQf5fI3HX99/fpiyFBNFav8BRljMhean8Q==
rL9jM7z697URkpOksbpCoyJ6APihBX8KLH8pfQjH9Fk0SgT8YxHEunA2INuFh8SGfIrzs+I9b/9iCprllo54oMS+P22V4bRnbgvqm7XXx9zX68z4mxkUpB3P6DAzj8ArN2ZaJU8LXlmLZMnUwcgC/s1dbPR1ZsAsIbRvMjTf9i3NtrLaIyk03bP9p+w=
q9gY77d55bwjvu7BIE1KzdSp7uGaD6LXR6OLY3hHXcaV8KWw/w31AYSSxCRTSaSiRi4gw7WfpN5MUjNrUmUPZ9KSGn0mFhj4dGb/taW51H9eE+qDhc+nhOczDCArQXQ8rVdoqIMXoHOHvpr9f1M+Qbt8yczx0GKm/YWsLMU+oLSRLO+qhEeWdX1ucgITcVTFg+Wn9A==
1WPhCIHr3ViOgUx8h+bloDlchw5KU7TZxV9CqbkSyhxxSyQVnStODO0J/ulz/nsSJwL1i02URqdmjUUjOyhg5wn8acSQAqaXXviFjPiu8zsnc3BCIeQY6e+5HTOaOT4Xr6J1Ec0SJoxBWoKQAceASFQafytM1JCk4c3pbdw46OgDNd4nBzFmuDqTWgRAfrB8L8tJm3zJStlqTZl9H6IDSfw+58M8Ktm9CIY/Rbg1A+SKQ9OxVrfvdolCLaKawNm/HPLJ/ChipYZPxHjVTnM59CL8f9N88xevp7o=
qlNmXWSjSGDKNjsSfV/T69gtIfvaxIohOxikTx4jNiNDat/q3TkcrmkuJP+phKVxEQTNHZBqKbxpga6I20w9AZb/IFB/0tm7lvAyU64ksWp4PPk8iTq9JxjXPljm+GAqdq/Qs4UZGGR96bbIVTvU+A35WGSiqcWi8G10Unh9r6lZey/Wx6NOZBGnKby9p0/fb17o8sTz9epvobaYnOXWp8E=
NiYqMmxHg5wFXdrxRHbcitXtlD4c5W3LJvzuAd8AuF8SKzIjR2LT+sEh+I4NFtjP5UxhMVXMAW0sko3czRkyGFfEuYESd6zA40p9WzKIjqPibHWqPHQ1DPUCWQd8zyJI6vBkKnKn3KOZAXxEmdHK+JlzkDjJsRSUHtFhQlT16ML09Ssp3fOjRls76gS1X5XMcW8Ln6uWpMI4y5HKi7mqiJDt0qfF
1EyASDm3T2qntZ4/2L6yFVI2VOOgj3PgN5F2d4lUvj3bjamzo8TkTnZGm3EWlphtO2re8IEmeuzxu3g0tGaHV7yoZthhsRERLEQQlONJJlv3TZ7E+u+ieLACSADPt7HnjLWypWoxYQHv3vs1HEIfv8xWIcHI+sc5SEn7mGo/K82myxcKCT7V3mq8IcP8jjGA2B5d+o+4gKm+D8GIwoCHr4yP79Onxg==
QmJ9D6Le/SFWVCyY84ImnRMvgsF8EX7Bd6McCPwRzTTCVwgvMCNFZsnyuxXqnh/i4qf/aAMRt+hbhRbmXwyfLchQDQB7wdCz9ogZ/i+L4Pw0S7jIlwpe0K9kT/bLl+57WMBwdOaq8CNGK+O17tQLJXCQA9fymCsVTnykpbOSBkESiq4x6WkfN/kOoQ+41GcrryQrS+m/ybK+qgI/g9qZjdCAiunQp8c=
M83Ozg6NJI/7A99ENRA3VrWuA7/LpuLgmzrbi7KGoFYBxcz636ttKGns910sdmSIK900XsOpoU8taxRCJPbTh+oxX9saVloxfiLoJFwC35ldrcQDVhfqj527l5gPF2xME5WkAOUTqGRbo9AvL1o6UQfHrr0z+ElAaSTSOpUhTMB9avAIWeiv5txzZqlVClIu62VEuYvhp/g=
wMQd6WUjbbIwM/fHEoUBmX11ehWZHWHPIWqi16PY8QVHV2IV3f2qHmtsizXUAEGhiE6kGzpYBeY7a9SEiLs0oMPKivijVLPOvzd648SQvJzSqsTLint/LXp0fx2MoA//Jlh/fcKMGN2HchJZDlpimZ3p65+1Xr0XrLRT0xNUp6M9/52aspp+B3d6DRVMUMaB5Kfz
40PLdpBNqZ/NV6Fq2jNvXl5oA203DWdpdGm2Jn8M/21o0K1KHM4wc1YIuT7Pi8C8lMtYiPcKfhAP5C+2K5fOOzhAkLTGqtDjpquD9c7U62UQEKMX0phLVa78BOWTkuaBsgoO8Qlpf3dZjgFP2NRH6w+kS4sJv+nyHiri/+PauU0wAOqp8Kfn
XWXlkUILd163+qy9FS7iV/SWyoeL6vsDHdu41LRGx/c8SK3/bpHR8azkULTjqeY7d+1eJPqP4tgw4ghgz5dxRwzV8oVqESFhb347FRwiX19M9mGhyBoHmcgpO3hqH2ttJivXKgkeFT7qHGHj/G7x4Fi+nRqP2MAJPu+B6MKgRw8M76/zp+Y=
27MEp5gym8/5xwqoSan0w1xoA3w1G2NpdGm2Jn8M/21o0K1MHM4wc1YIuT7Pi8C8lMtYiPcKfhAP5C+2K5fOOzhAkLTGqtDjpquD9c7U62UQEKMX0phLVa78BOWTkuaBsgoO8Qlpf3dZjgFP2NRH6w+kS4sJv+nyHiri/+PauU0wAOqp8Kfn
VyzUm/PohXRXnfMYwmyKlfSWzJGX9/sDHdu41LRGx/c8SKv/bpHR8azkULTjqeY7d+1eJPqP4tgw4ghgz5dxRwzV8oVqESFhb347FRwiX19M9mGhyBoHmcgpO3hqH2ttJivXKgkeFT7qHGHj/G7x4Fi+nRqP2MAJPu+B6MKgRw8M76/zp+Y=
BaaNSgftc7lc3LG9FUPZDvSWzYeF8vsDHdu41LRGx/c8SKj/bpHR8azkULTjqeY7d+1eJPqP4tgw4ghgz5dxRwzV8oVqESFhb347FRwiX19M9mGhyBoHmcgpO3hqH2ttJivXKgkeFT7qHGHj/G7x4Fi+nRqP2MAJPu+B6MKgRw8M76/zp+Y=
zbzb/UjoaS7Sz+JDMGG/g+r3UKzBuOXljXOVj66A5lABy5ypyaN2O2jr1V0sdmSIK900XsKor08taxRCJPbTh+oxX9saVloxfiLoJFwC35ldrcQDVhfqj527l5gPF2xME5WkAOUTqGRbo9AvL1o6UQfHrr0z+ElAaSTSOpUhTMB9avAIWeCu5txzZqlVClIu62VEuYvhp/g=
DL6t77WYKxNCM/I3VEZqJiddvfHYjR7lAyr3tbw/wZaY1vjQ/11weqjSRc2RbgxRfNuw0l6JxlEkYkRU85lk8iYdL/PVz2QO7CKzm/I1T7cyohpNxsZYqNSWf8UFaRQvPiPqs+WfZ1RHQ4zQixE07E1naJhjx+AjJ04ajd+D/hHbTMn8kYCidl31LNxlbuBkcRTummSX1iXdnvJys6GUlePVp8Q=
oC+74lxSpFz2fZGqf3kY+hB7zVqrgwS20wMaYed5HlrKQeQd1LOXFnMg/3T0ivzAxKdhABEx4i8Tw7PUalOkuoWA0k8YF98V3Xye3KTW8wxOn5S0szuX7M8nJJHq7tqZrnrILGx6H3HNNSTLJi/qp81jNxC/7ywkA43ESBWrKMyL+/AnHyL6uZdfTnVDwEloOfxysiXZDKhtcpBAqVguTgwrRqFlcpLGe/2kcfvZp9A=
oC+74lxSpFz2fZGqf3kY+hB7zVqrgwS20wMaYed5HlrKQeQd1LOXFnMg/3T0ivzAxKdhABEx4i8Tw7PUalOkuoWA0k8YF98V3Xye3KTW8wxOn5S0szuX7M8nJJHq7tqZrnrILGx6H3HNNSTLJi/qp81jNxC/7ywkA43ESBWrKMyL+/AnHyL6uZdfTnVDwEloOfxysiXZDKhtcpBAqVguTgwrRqFlcpLGe/2kcfvZp9A=
srnH0ixG2gMEL1isTC7MFyenu0Bop9al6+WNPIx0uNexfv3FzdznQVAXDfZtig1nXVL4mF8OFGHnDWmt3PhoqAN1XmcHceb4OlPaxEC+MLwvC8nbfInKmWoNGT0f4oOJ/P5nAzzqWX0Ixr8FuHWDpIoDU3FWd2+2iYKtYpoAWf8cskm8KCIlz04E+BVOs7k0Ijz/k3yzl++n+g==
87NYKidIZZMLy82OJ97XrD3aZQhjZXMVtzgFLkBZ25+mYSVJHgCqxy0py0ughWeKy4PsKg7HIJOGyOleXwtwXGQLaOiHCk4w/ySfFlsXXpvogECU1qrAw3ZrU1VeVJvFoNBTN+KYOzWePPQFIxJ24eLK3hEZaW8XCc7Rr0hU94t/5Htr8L7Z0m5qUl8TWintYEC6ieCn9w==
ttWYlM2nAk9dd1b/hVTpPt/4242Yog+Y1FQMv6lj2N23iAxpRuYQl1yK2XQIqlWUztwInW77KQzixO/bHLsnN6ci
riqlgKJj2jNosWGdqOpKddApLfPf8Nk7NSXrXwRqVSEQUOPE7CwPvGprYuC/x+9xGRDGPv0zeZpdrLTxrhNnX8r/OUEyz+y/lcU8SKwksWp4PPk8iTq9JxjXPljm+GAqdq/Qs4UZGGR96bbIVTvU+A35WGSiqcWi8G10Unh9r6lZey/Wx6NOZBGnKby9p0Xeb17o8sTz9epvobaYnOXWp8E=
lPkPogxNMjowDoQ6kinxiPdE6EnXTtczpoJQN9sPkNe7LQHlDVueXajTS1yFWT8WGzMDghUKUvcQtaJz1MesnhrcyOT5sjWSYBH/jBMc6/BU8AOg/dwCpea5zezr6vNTj/pkJz+UETOa+X+jyv7a6U4qCJzM6p+BreVk+wY/6tctM/egH3+s1GNdhHg1uyi8a6swl7+yekn3jw5FY9BJGNmssgKFSYxYDaLQcIlLLj7se4YRxeISNhst5EHbyaeg
22LV/B7YJZVGdRREHkwS2B5hpJUnE6jvXt87ajVlP4YeKiey9ikh7+/oJFluRv0NpHTbAzv037MOfmWKCvoWV/+6BaXkMJ4xPKcr
Pfm6VY8Riz+g0mKuWzvNyjfV4vL36NM2V8nVOpp5U2epHx8aHX/Ntemwg0BOVRSlRuRRb28l1JRBTSVcOzqu3ahyWBdPYmB6teI6BHXfVcwx70Ce6xbkwnhL0crLOWqIUG0SpwU=
lIkeNIqNZIOiFBBBPeHyj/aEJ1eNrSoBhh6IHc/VDwesVF1eWt65kPkuSkoYFZvhkQm2gJ9cU/lIlmdcdNDki7mXkHk3LESdVtL4E/xOsUDY3t0xjvgA6b5PQcjCwAdvjE9vE6cG
B+JduWCKe4Jbglz5bWlrLBd+YCxRRiViWuLBrAkSMvb4qeNdYbXOPF9gK8W4qh9glOycN0kr6MW3kDwhpm6ALxxyyXwo4qUNTkR4VU7zOXQifH9TfHMXL6c6
WYBxFQZYNwWA8DtwYAQiXyppy9cvmVEZQ08tZlrmybgZBhoS2M3LiTHhBvgfpOOR6H63BDQINKPZv2BBNxS0tTb6KMu8FmGoeLZtyQ6AsAEeJxEQAphXR2xnHyunPg==
0oJc1f57XEeysCQ9Tn9eTANa5PIeq3ADdE8tZlrmybgZBhoS2M3LiTHhBvgfpOOR6H63BDQINKPZv2BBNxS0tTb6KMu8FmGoeLZtyQ6AsAEeJxEQAphXR2xnHyunPg==
lsuDhlAlo3jBWW3eHnqar3M1mRjFp93noeDaZE02kZyGhEg/f/eJC6qevwaHPwDEy7LEWmB9AfUsh/dWcHt+oPQd7CSVlgCcge9uYpRvNt0tZjKKQ1l0bRMtpzw=
npGhO2PMbJjHAvrasZAjMhB7zVqrgwS20wMaYed5HlrKQeQd1LOXFnMg/3T0ivzAxKdhABEx4i8Tw7PUalOkuoWA0k8YF98V3Xye3KTW8wxOn5S0szuX7M8nJJHq7tqZrnrILGx6H3HNNSTLJi/qp81jNxC/7ywkA43ESBWrKMyL+/AnHyL6uZdfTnVDwEloOfxysiXZDKhtcpBAqVsuTgwrRqFlcpLGe/2kcfvZp9A=
lGcYAPqGQEHm6z+3hhOHfx5hpJQnE6jvXt87ajVlP4YeKiey9ikh7+/oJFluRv0NpHTbAzv037MOfmWKCvoWV/+6BaXkMJ4xPKcr
DiorUEJVHVHmpgT3gLhYFUEfgI8ITGsqew2UaNfq0E2iN8i0/9a7XZZKqIXQeDNRSJaT+oE0KSDxef/802Z7MABKmB+jG6Rl40l2lamoo8cdCK0L5txNw9uxe8J+TW7P7zKDpBFEBJIGUJkoz5cl97XOofcSYDBD6j7p5iuBrxdAongup0vIDEyr0NjPigbAh8T3xsPXZitAoJgEHqoIU65L++VmlAMVyDArx6oYcwUmnNxVu1KOkQqqBoHRaSeHUS65XzCUb1tXRMNbPjgRoZYKug+LGhFdyGDiGainvw==
GHqdejHkyaSCNrnhjQXScoP9WFGDUuD6DaUSEB9jQwDvcNUjnUBu8a7gVhcjhL5e3wkqHn7XWUKmcHjMVZQ9P9iX9kG78XM5aPv//WmW/qTWHFx/W9M9FrKqJ+adkN7a+Ngfic5xiiquI3jyKVvOnOf/93BX83S94sqaJRbOeGBEfj8tFaG0p+5L6ts1F8ecV6vMOBvZFOSdD+jws8/A67emWmXPS16ZCyTJlEEIAr5NHWw09abAbKF7aPK3n/btTXaymqNpNB0zvaes
msL0MOJxESEc5/R+jOWfT6MBoUHR6JM01HodidRHMl8I3nCmCYv3i/I/3101HXCzqXr2tJ12LHVF8vE9nJKdAE79FWw9KCczpSFAyrKesvW4h17SZn9m3/cS65TpBFxBqjkh2EcXrVvBYkWKXZcaINje7fQemIk/WsJzxaoPM+kqECpoRwqOsD8kX5YbFx4bqICAFBaqAEO2axPVHlTbRWDQk7cimPu13jy0hWMStmEiyh6R2Wkvl0nOkS8IVDcLv+S767a4mVEuahLf01rpbaBA+gmgp7c=
GHqdejHkyaSCNrnhjQXScoP9WFGDUuD6DaUSEB9jQwDvcNUjnUBu8a7gVhcjhL5e3wkqHn7XWUKmcHjMVZQ9P9iX9kG78XM5aPv//WmW/qTWHFx/W9M9FrKqJ+adkN7a+Ngfic5xiiquI3jyKVvOnOf/93BX83S94sqaJRbOeGBEfj8tFaG0p+5L6ts1F8ecV6vMOBvZFOSdD+jws8/A67emWmXPS16ZCyTJlEEIAr5NHWw09abAbKF7aPK3n/btTXaymqNpNB0zvaes
msL0MOJxESEc5/R+jOWfT6MBoUHR6JM01HodidRHMl8I3nCmCYv3i/I/3101HXCzqXr2tJ12LHVF8vE9nJKdAE79FWw9KCczpSFAyrKesvW4h17SZn9m3/cS65TpBFxBqjkh2EcXrVvBYkWKXZcaINje7fQemIk/WsJzxaoPM+kqECpoRwqOsD8kX5YbFx4bqICAFBaqAEO2axPVHlTbRWDQk7cimPu13jy0hWMStmEiyh6R2Wkvl0nOkS8IVDcLv+S767a4mVEuahLf01rpbaBA+gmgp7c=
UFHWQaO9w64LUwvVZyJKcDT2+FW7pmre2fVRTaACL1wk9Ctjy7Qv0xp4dak6uqb3TzqVBbTwztFMp1s=
hYCJtTDBYfVHNTR5rDfeZ4YgOMJxdxrhIlhu8h+NTGC9inBoGUeoRp8T5kmVqlKOK4XE2ctBp1g=
gwoZvKo8GUsyg0TpriqXz08QLkdnGIK/qEh85YiP0L6m0abvkneIr7wzJoNizKWYupeYWVCHf37u5saDJCXRj/3mW8YPqqfWQu2jAmti4z2daNVdojOsJhaKrW8bogylp7wSn9iGOfvP2yVMZspi7mxpjR1XqFboR+Cx6mZUbIrPv7JbQrQqwbiUJUGWMhNNh6ZL+VxDRkg643r0gC4Q7K9bKUu8+Srpan35Td9yY9l8rkeT/Nr5zQh2HzX45aN0CtMz4RaHD0aJcs2S2pA5L5xiaSxoEoV2SLRbJY4jmWSibB8DvMN3n6eK
HU/6b59ZcewcFqAs/9d/vD0yKF+CEo71CFcZQd+q8mwyNevWMBJuaTljQq4Pp/u9WneTHuyeowNcgN3dngck1PGzcqgGwnfiDgVnB90JpCUDS/BWpD5Xhhlb2octtiwvB5wCXAG7ek9Yo8nqVehX9OIzkMMfpHn3kyd/mvv242ckXOYm04ggWDdD5DrNuRT/DZUU6BQU+eowzIHc4eol5yBnlng+aKgqvj8Iky2pIKTlOd4oLcuceEXJ4MSK+V3iCB2cMqDtZ6kR63c2r1M2pIl3ARwFl4dYpy0QkiyjbapXER64xHWep4k=
Lw+swrpuJJTV7RYZJZ+35O70EOfQdPtXu1bJdeGOn6KlhkEOr48o9h+VbnXggupWk2+BvHmekdxe6mHNiQP9u+RQwedkM3bdz/tlrOaqog5sSUa40AiWiEcA8Urm9Cyqz9/yu8LU6uG4tOUhFtJTLYeGC1nc4waoOoO6VACO0Myvu+krPBlqyWpdua1fEqM5fI6HM3x6Oa0Ill+VeEXjVAqzcwGW589miVIN8lpweU+cQimM6LLFlkjUm4UOg1lEoozfYzwjN7+nqg==
gonlhiSuc0AFpd8V23DtZoZkHMNMgG59Ilp4dreVI2DrjMT9v8KghVlKQZ2zrqWmISGvVmJESXSUh1X7wCEr8DLFm1d8+eIaHfg+iPQkmA1DFSCrOIGe6DGbR7Lx5r/3LF9r+nof0XAkRHe3fE9er7/zZwufxLR21xvpCN+XNYuJAn16ddeysEB+pcTmmPEPkmLrVQLPG5kS8OI434oW4HcEp6ZzV/aLMOBI5C6qOLN+C4tF9hSzdZjw2+e6GGPlFtyM9UvSHvG6atahoWnXpwFuCb+gFB/7h4TzOyE4AYHmSmrvO5qB/TigsnmYp48=
EWa05MoE1dz6xYXVDB8YO4ZkHMNMgG59Ilp4dreVI2DrjMT9v8KghVlKQZ2zrqWmISGvVmJESXSThVX7wCEr8DLFmld8+eIaHfg+iPQkmA1DFSCrOIGe6DGbR7Lx5r/3LF9r+nof0XAkRHe3fE9er7/zZwufxLR21xvpCN+XNYuJAn16ddeysEB+pcTmmPEPkmLrVQLPG5kS8OI434oW4HcEp6ZzV/aLMOBI5C6qOLN+C4tF9hSzdZjw2+e6GGPlFtyM9UvSHvG6atahoWnXpwFuCb+gFB/7h4TzOyE4AYHmSmrvO5qB/TigsnmYp48=
ULOUY3Ftc9P90eme982Km4ZkHMNMgG59Ilp4dreVI2DrjMT9v8KghVlKQZ2zrqWmISGvVmJESXSUh1X7wCEr8DLFlVd8+eIaHfg+iPQkmA1DFSCrOIGe6DGbR7Lx5r/3LF9r+nof0XAkRHe3fE9er7/zZwufxLR21xvpCN+XNYuJAn16ddeysEB+pcTmmPEPkmLrVQLPG5kS8OI434oW4HcEp6ZzV/aLMOBI5C6qOLN+C4tF9hSzdZjw2+e6GGPlFtyM9UvSHvG6atahoWnXpwFuCb+gFB/7h4TzOyE4AYHmSmrvO5qB/TigsnmYp48=
ScZh8BeDcGOObrQMt9GYaIZkHMNMgG59Ilp4dreVI2DrjMT9v8KghVlKQZ2zrqWmISGvVmJESXSThVX7wCEr8DLFlFd8+eIaHfg+iPQkmA1DFSCrOIGe6DGbR7Lx5r/3LF9r+nof0XAkRHe3fE9er7/zZwufxLR21xvpCN+XNYuJAn16ddeysEB+pcTmmPEPkmLrVQLPG5kS8OI434oW4HcEp6ZzV/aLMOBI5C6qOLN+C4tF9hSzdZjw2+e6GGPlFtyM9UvSHvG6atahoWnXpwFuCb+gFB/7h4TzOyE4AYHmSmrvO5qB/TigsnmYp48=
7yNOYHH/Pq4Rb+ngvEilC4ZkHMNMgG59Ilp4dreVI2DrjMT9v8KghVlKQZ2zrqWmISGvVmJESXSUh1X7wCEr8DLFl1d8+eIaHfg+iPQkmA1DFSCrOIGe6DGbR7Lx5r/3LF9r+nof0XAkRHe3fE9er7/zZwufxLR21xvpCN+XNYuJAn16ddeysEB+pcTmmPEPkmLrVQLPG5kS8OI434oW4HcEp6ZzV/aLMOBI5C6qOLN+C4tF9hSzdZjw2+e6GGPlFtyM9UvSHvG6atahoWnXpwFuCb+gFB/7h4TzOyE4AYHmSmrvO5qB/TigsnmYp48=
do8m120s8m99rwkUfwX8nYZkHMNMgG59Ilp4dreVI2DrjMT9v8KghVlKQZ2zrqWmISGvVmJESXSThVX7wCEr8DLFlld8+eIaHfg+iPQkmA1DFSCrOIGe6DGbR7Lx5r/3LF9r+nof0XAkRHe3fE9er7/zZwufxLR21xvpCN+XNYuJAn16ddeysEB+pcTmmPEPkmLrVQLPG5kS8OI434oW4HcEp6ZzV/aLMOBI5C6qOLN+C4tF9hSzdZjw2+e6GGPlFtyM9UvSHvG6atahoWnXpwFuCb+gFB/7h4TzOyE4AYHmSmrvO5qB/TigsnmYp48=
NV30igz4M+tk8tEjYuplcoZkHMNMgG59Ilp4dreVI2DrjMT9v8KghVlKQZ2zrqWmISGvVmJESXSUh1X7wCEr8DLFkVd8+eIaHfg+iPQkmA1DFSCrOIGe6DGbR7Lx5r/3LF9r+nof0XAkRHe3fE9er7/zZwufxLR21xvpCN+XNYuJAn16ddeysEB+pcTmmPEPkmLrVQLPG5kS8OI434oW4HcEp6ZzV/aLMOBI5C6qOLN+C4tF9hSzdZjw2+e6GGPlFtyM9UvSHvG6atahoWnXpwFuCb+gFB/7h4TzOyE4AYHmSmrvO5qB/TigsnmYp48=
YMsYIgtzPOzxW+CEXkFTW4ZkHMNMgG59Ilp4dreVI2DrjMT9v8KghVlKQZ2zrqWmISGvVmJESXSThVX7wCEr8DLFkFd8+eIaHfg+iPQkmA1DFSCrOIGe6DGbR7Lx5r/3LF9r+nof0XAkRHe3fE9er7/zZwufxLR21xvpCN+XNYuJAn16ddeysEB+pcTmmPEPkmLrVQLPG5kS8OI434oW4HcEp6ZzV/aLMOBI5C6qOLN+C4tF9hSzdZjw2+e6GGPlFtyM9UvSHvG6atahoWnXpwFuCb+gFB/7h4TzOyE4AYHmSmrvO5qB/TigsnmYp48=
xZa7icb68QSIgv9rudg9zoZkHMNMgG59Ilp4dreVI2DrjMT9v8KghVlKQZ2zrqWmISGvVmJESXSUh1X7wCEr8DLFk1d8+eIaHfg+iPQkmA1DFSCrOIGe6DGbR7Lx5r/3LF9r+nof0XAkRHe3fE9er7/zZwufxLR21xvpCN+XNYuJAn16ddeysEB+pcTmmPEPkmLrVQLPG5kS8OI434oW4HcEp6ZzV/aLMOBI5C6qOLN+C4tF9hSzdZjw2+e6GGPlFtyM9UvSHvG6atahoWnXpwFuCb+gFB/7h4TzOyE4AYHmSmrvO5qB/TigsnmYp48=
xHQnARQI73N2XRBahC5gqoZkHMNMgG59Ilp4dreVI2DrjMT9v8KghVlKQZ2zrqWmISGvVmJESXSThVX7wCEr8DLFkld8+eIaHfg+iPQkmA1DFSCrOIGe6DGbR7Lx5r/3LF9r+nof0XAkRHe3fE9er7/zZwufxLR21xvpCN+XNYuJAn16ddeysEB+pcTmmPEPkmLrVQLPG5kS8OI434oW4HcEp6ZzV/aLMOBI5C6qOLN+C4tF9hSzdZjw2+e6GGPlFtyM9UvSHvG6atahoWnXpwFuCb+gFB/7h4TzOyE4AYHmSmrvO5qB/TigsnmYp48=
3jcTRCiYVbTr1C+XcbJpZ4ZkHMNMgG59Ilp4dreVI2DrjMT9v8KghVlKQZ2zrqWmISGvVmJESXSUh1X7wCEr8DLFm1Z8+eIaHfg+iPQkmA1DFSCrOIGe6DGbR7Lx5r/3LF9r+nof0XAkRHe3fE9er7/zZwufxLR21xvpCN+XNYuJAn16ddeysEB+pcTmmPEPkmLrVQLPG5kS8OI434oW4HcEp6ZzV/aLMOBI5C6qOLN+C4tF9hSzdZjw2+e6GGPlFtyM9UvSHvG6atahoWnXpwFuCb+gFB/7h4TzOyE4AYHmSmrvO5qB/TigsnmYp48=
bNq24MN150ix8uAOrBbFWIZkHMNMgG59Ilp4dreVI2DrjMT9v8KghVlKQZ2zrqWmISGvVmJESXSThVX7wCEr8DLFmlZ8+eIaHfg+iPQkmA1DFSCrOIGe6DGbR7Lx5r/3LF9r+nof0XAkRHe3fE9er7/zZwufxLR21xvpCN+XNYuJAn16ddeysEB+pcTmmPEPkmLrVQLPG5kS8OI434oW4HcEp6ZzV/aLMOBI5C6qOLN+C4tF9hSzdZjw2+e6GGPlFtyM9UvSHvG6atahoWnXpwFuCb+gFB/7h4TzOyE4AYHmSmrvO5qB/TigsnmYp48=
jdyHkd3UujGZ0FvShnsvwIZkHMNMgG59Ilp4dreVI2DrjMT9v8KghVlKQZ2zrqWmISGvVmJESXSUh1X7wCEr8DLFlVZ8+eIaHfg+iPQkmA1DFSCrOIGe6DGbR7Lx5r/3LF9r+nof0XAkRHe3fE9er7/zZwufxLR21xvpCN+XNYuJAn16ddeysEB+pcTmmPEPkmLrVQLPG5kS8OI434oW4HcEp6ZzV/aLMOBI5C6qOLN+C4tF9hSzdZjw2+e6GGPlFtyM9UvSHvG6atahoWnXpwFuCb+gFB/7h4TzOyE4AYHmSmrvO5qB/TigsnmYp48=
NhQpYMmMfBriEJSfFnyMtoZkHMNMgG59Ilp4dreVI2DrjMT9v8KghVlKQZ2zrqWmISGvVmJESXSThVX7wCEr8DLFlFZ8+eIaHfg+iPQkmA1DFSCrOIGe6DGbR7Lx5r/3LF9r+nof0XAkRHe3fE9er7/zZwufxLR21xvpCN+XNYuJAn16ddeysEB+pcTmmPEPkmLrVQLPG5kS8OI434oW4HcEp6ZzV/aLMOBI5C6qOLN+C4tF9hSzdZjw2+e6GGPlFtyM9UvSHvG6atahoWnXpwFuCb+gFB/7h4TzOyE4AYHmSmrvO5qB/TigsnmYp48=
mZEZDH/zdd8aVy5jPnnkNIZkHMNMgG59Ilp4dreVI2DrjMT9v8KghVlKQZ2zrqWmISGvVmJESXSUh1X7wCEr8DLFl1Z8+eIaHfg+iPQkmA1DFSCrOIGe6DGbR7Lx5r/3LF9r+nof0XAkRHe3fE9er7/zZwufxLR21xvpCN+XNYuJAn16ddeysEB+pcTmmPEPkmLrVQLPG5kS8OI434oW4HcEp6ZzV/aLMOBI5C6qOLN+C4tF9hSzdZjw2+e6GGPlFtyM9UvSHvG6atahoWnXpwFuCb+gFB/7h4TzOyE4AYHmSmrvO5qB/TigsnmYp48=
eQLchBWhRC68kT2yeesnbIZkHMNMgG59Ilp4dreVI2DrjMT9v8KghVlKQZ2zrqWmISGvVmJESXSThVX7wCEr8DLFllZ8+eIaHfg+iPQkmA1DFSCrOIGe6DGbR7Lx5r/3LF9r+nof0XAkRHe3fE9er7/zZwufxLR21xvpCN+XNYuJAn16ddeysEB+pcTmmPEPkmLrVQLPG5kS8OI434oW4HcEp6ZzV/aLMOBI5C6qOLN+C4tF9hSzdZjw2+e6GGPlFtyM9UvSHvG6atahoWnXpwFuCb+gFB/7h4TzOyE4AYHmSmrvO5qB/TigsnmYp48=
Xj+Wt3oRzqnaSQkHEnSSeHeER1H5HvqjOTDN2cxigS4MLas/HMy6iwn9Ti2T0LNSzdoRROucLm4CYTMYoucc3YPm0fE1xUGdo+aioW2WRcG9Ph/SpkE3BkCX0zbPMJR2dJpXWFMjC+1m8uFXlQvDSh0mk88oTw+yBn9N+ID0s2+QT7J3e0LXjB2kyDeyC+0w81fZcw2S2bJJ9664JA7hnEoYXddWkg9dHu8n0bZgZkCzyjrYcxRDbo+3agOUUAy8QqpU6zq7L81q9E+9fODf35ZYD52STCi9d/IC+V6aEnkN6Xv/RR5tt7w0IzMjFHfDzfgtueJaDqdH+h11nBB2oXSnYw==
UV5qSxbWnb6mdeZAw88wBIZkHMNMgG59Ilp4dreVI2DrjMT9v8KghVlKQZ2zrqWmISGvVmJESXSThVX7wCEr8DLFkVZ8+eIaHfg+iPQkmA1DFSCrOIGe6DGbR7Lx5r/3LF9r+nof0XAkRHe3fE9er7/zZwufxLR21xvpCN+XNYuJAn16ddeysEB+pcTmmPEPkmLrVQLPG5kS8OI434oW4HcEp6ZzV/aLMOBI5C6qOLN+C4tF9hSzdZjw2+e6GGPlFtyM9UvSHvG6atahoWnXpwFuCb+gFB/7h4TzOyE4AYHmSmrvO5qB/TigsnmYp48=
cXBx5KffW8lhwDH7SpHgt6yZ0/0lcOvSjxi5N1z2oJlRmsczePbMOqKO7ZiwIi3cdnl0q4Vmzl723o/go7BenmMIzIRbCfiN/P02JtZe4B3fyQAmFiZfYOd/6s5hKL9g2Jy2dDHtg9SoD3dy3s2w4A3hz8UZLh6cpiScxyFv3y7CEqde7ag+Yohg37G+SWqS3ht4ylnjLqSXxzfIJ0uUhZJyGp1m9pjYNMb/FWWZVB+ec+rjRa8npCeTDIBrYfTc7bdoSMP3IFPHHppdv3O+IXscyawxsOKGPSWsjIUeIFTRzOhKx6cWVT3OcqLTUdSlQ4WnlA==
/d3j6JVHQ2RGiXzZXeShuXeER1H5HvqjOTDN2cxigS4MLas/HMy6iwn9Ti2T0LNSzdoRROucLm4CYTMYoucc3YPm0fE1xUGdo+aioW2XR8u6NhjTrEI3BkCX0zbPMJR2dJpXWFMjC+1m8uFXlQvDSh0mk88oTw+yBn9N+ID0s2+QT7J3e0LXjB2kyDeyC+0w81fZcw2S2bJJ9664JA7hnEoYXddWkg9dHu8n0bZgZkCzyjrYcxRDbo+3agOUUAy8QqpU6zq7L81q9E+9fODf35ZYD52STCi9d/IC+V6aEnkN6Xv/RR5tt7w0IzMjFHfDzfgtueJaDqdH+h11nBB2oXSnYw==
cXBx5KffW8lhwDH7SpHgt6yZ0/0lcOvSjxi5N1z2oJlRmsczePbMOqKO7ZiwIi3cdnl0q4Vmzl723o/go7BenmMIzIRbCfiN/P02JtZe4B3fyQAmFiZfYOd/6s5hKL9g2Jy2dDHtg9SoD3dy3s2w4A3hz8UZLh6cpiScxyFv3y7CEqde7ag+Yohg37G+SWqS3ht4ylnjLqSXxzfIJ0uUhZJyGp1m9pjYNMb/FWWZVB+ec+rjRa8npCeTDIBrYfTc7bdoSMP3IFPHHppdv3O+IXscyawxsOKGPSWsjIUeIFTRzOhKx6cWVT3OcqLTUdSlQ4WnlA==
QOrNt9+96SUT2duvs31o3XeER1H5HvqjOTDN2cxigS4MLas/HMy6iwn9Ti2T0LNSzdoRROucLm4CYTMYoucc3YPm0fE1xUGdo+aioW2bRMqwPRnRrEQ3BkCX0zbPMJR2dJpXWFMjC+1m8uFXlQvDSh0mk88oTw+yBn9N+ID0s2+QT7J3e0LXjB2kyDeyC+0w81fZcw2S2bJJ9664JA7hnEoYXddWkg9dHu8n0bZgZkCzyjrYcxRDbo+3agOUUAy8QqpU6zq7L81q9E+9fODf35ZYD52STCi9d/IC+V6aEnkN6Xv/RR5tt7w0IzMjFHfDzfgtueJaDqdH+h11nBB2oXSnYw==
cXBx5KffW8lhwDH7SpHgt6yZ0/0lcOvSjxi5N1z2oJlRmsczePbMOqKO7ZiwIi3cdnl0q4Vmzl723o/go7BenmMIzIRbCfiN/P02JtZe4B3fyQAmFiZfYOd/6s5hKL9g2Jy2dDHtg9SoD3dy3s2w4A3hz8UZLh6cpiScxyFv3y7CEqde7ag+Yohg37G+SWqS3ht4ylnjLqSXxzfIJ0uUhZJyGp1m9pjYNMb/FWWZVB+ec+rjRa8npCeTDIBrYfTc7bdoSMP3IFPHHppdv3O+IXscyawxsOKGPSWsjIUeIFTRzOhKx6cWVT3OcqLTUdSlQ4WnlA==
iPPL1aCDWX/aNVRzymZz03eER1H5HvqjOTDN2cxigS4MLas/HMy6iwn9Ti2T0LNSzdoRROucLm4CYTMYoucc3YPm0fE1xUGdo+aioW2WR8y5Ox3Wp0w3BkCX0zbPMJR2dJpXWFMjC+1m8uFXlQvDSh0mk88oTw+yBn9N+ID0s2+QT7J3e0LXjB2kyDeyC+0w81fZcw2S2bJJ9664JA7hnEoYXddWkg9dHu8n0bZgZkCzyjrYcxRDbo+3agOUUAy8QqpU6zq7L81q9E+9fODf35ZYD52STCi9d/IC+V6aEnkN6Xv/RR5tt7w0IzMjFHfDzfgtueJaDqdH+h11nBB2oXSnYw==
cXBx5KffW8lhwDH7SpHgt6yZ0/0lcOvSjxi5N1z2oJlRmsczePbMOqKO7ZiwIi3cdnl0q4Vmzl723o/go7BenmMIzIRbCfiN/P02JtZe4B3fyQAmFiZfYOd/6s5hKL9g2Jy2dDHtg9SoD3dy3s2w4A3hz8UZLh6cpiScxyFv3y7CEqde7ag+Yohg37G+SWqS3ht4ylnjLqSXxzfIJ0uUhZJyGp1m9pjYNMb/FWWZVB+ec+rjRa8npCeTDIBrYfTc7bdoSMP3IFPHHppdv3O+IXscyawxsOKGPSWsjIUeIFTRzOhKx6cWVT3OcqLTUdSlQ4WnlA==
sm5Q6PslsK7ziMW+gd8bHpIUQepHrc1fW6mqvhHsTW0V10Qz6Me1J5xkA0QQJp5BLPGxDnSIrNO7/tg6INYeBK6IvnqDC838re3tBfE8vshvTo/4FmWo6y9qjGicOdDXera6vMfuE50aCL0Cl17cjpYifZf7ujyN59RiB3g+6RPPM/X0xlIShixBvQW3UIZAx0jhkgZMXKIPV0LD4gx6qbj8dfk2quOlR4574Tw7FuC6S6oMYDYgxO8zWdMcQfoBapUp9X/qE7E8hneLHCIpZYjeT02Y/ZNcyjvDebY/Xy6JGp0qegjJx1xKWTQIatXeyByL3W47qUziBG+bHHund6di
cXBx5KffW8lhwDH7SpHgt6yZ0/0lcOvSjxi5N1z2oJlRmsczePbMOqKO7ZiwIi3cdnl0q4Vmzl723o/go7BenmMIzIRbCfiN/P02JtZe4B3fyQAmFiZfYOd/6s5hKL9g2Jy2dDHtg9SoD3dy3s2w4A3hz8UZLh6cpiScxyFv3y7CEqde7ag+Yohg37G+SWqS3ht4ylnjLqSXxzfIJ0uUhZJyGp1m9pjYNMb/FWWZVB+ec+rjRa8npCeTDIBrYfTc7bdoSMP3IFPHHppdv3O+IXscyawxsOKGPSWsjIUeIFTRzOhKx6cWVT3OcqLTUdSlQ4WnlA==
HghGS5azdjwjG2FMdpyoeneER1H5HvqjOTDN2cxigS4MLas/HMy6iwn9Ti2T0LNSzdoRROucLm4CYTMYoucc3YPm0fE1xUGdo+aioW2SQM+/PxvcqUc3BkCX0zbPMJR2dJpXWFMjC+1m8uFXlQvDSh0mk88oTw+yBn9N+ID0s2+QT7J3e0LXjB2kyDeyC+0w81fZcw2S2bJJ9664JA7hnEoYXddWkg9dHu8n0bZgZkCzyjrYcxRDbo+3agOUUAy8QqpU6zq7L81q9E+9fODf35ZYD52STCi9d/IC+V6aEnkN6Xv/RR5tt7w0IzMjFHfDzfgtueJaDqdH+h11nBB2oXSnYw==
cXBx5KffW8lhwDH7SpHgt6yZ0/0lcOvSjxi5N1z2oJlRmsczePbMOqKO7ZiwIi3cdnl0q4Vmzl723o/go7BenmMIzIRbCfiN/P02JtZe4B3fyQAmFiZfYOd/6s5hKL9g2Jy2dDHtg9SoD3dy3s2w4A3hz8UZLh6cpiScxyFv3y7CEqde7ag+Yohg37G+SWqS3ht4ylnjLqSXxzfIJ0uUhZJyGp1m9pjYNMb/FWWZVB+ec+rjRa8npCeTDIBrYfTc7bdoSMP3IFPHHppdv3O+IXscyawxsOKGPSWsjIUeIFTRzOhKx6cWVT3OcqLTUdSlQ4WnlA==
xfK0kIBfa6SsmhandCh5D5IUQepHrc1fW6mqvhHsTW0V10Qz6Me1J5xkA0QQJp5BLPGxDnSIrNO7/tg6INYeBK6IvnqDC838re3tBfE1vsxrToDxFWqo6y9qjGicOdDXera6vMfuE50aCL0Cl17cjpYifZf7ujyN59RiB3g+6RPPM/X0xlIShixBvQW3UIZAx0jhkgZMXKIPV0LD4gx6qbj8dfk2quOlR4574Tw7FuC6S6oMYDYgxO8zWdMcQfoBapUp9X/qE7E8hneLHCIpZYjeT02Y/ZNcyjvDebY/Xy6JGp0qegjJx1xKWTQIatXeyByL3W47qUziBG+bHHund6di
cXBx5KffW8lhwDH7SpHgt6yZ0/0lcOvSjxi5N1z2oJlRmsczePbMOqKO7ZiwIi3cdnl0q4Vmzl723o/go7BenmMIzIRbCfiN/P02JtZe4B3fyQAmFiZfYOd/6s5hKL9g2Jy2dDHtg9SoD3dy3s2w4A3hz8UZLh6cpiScxyFv3y7CEqde7ag+Yohg37G+SWqS3ht4ylnjLqSXxzfIJ0uUhZJyGp1m9pjYNMb/FWWZVB+ec+rjRa8npCeTDIBrYfTc7bdoSMP3IFPHHppdv3O+IXscyawxsOKGPSWsjIUeIFTRzOhKx6cWVT3OcqLTUdSlQ4WnlA==
jyOR0syiJn2Q/8egrJUcvZIUQepHrc1fW6mqvhHsTW0V10Qz6Me1J5xkA0QQJp5BLPGxDnSIrNO7/tg6INYeBK6IvnqDC838re3tBfE6vMxpSoX4FWuo6y9qjGicOdDXera6vMfuE50aCL0Cl17cjpYifZf7ujyN59RiB3g+6RPPM/X0xlIShixBvQW3UIZAx0jhkgZMXKIPV0LD4gx6qbj8dfk2quOlR4574Tw7FuC6S6oMYDYgxO8zWdMcQfoBapUp9X/qE7E8hneLHCIpZYjeT02Y/ZNcyjvDebY/Xy6JGp0qegjJx1xKWTQIatXeyByL3W47qUziBG+bHHund6di
cXBx5KffW8lhwDH7SpHgt6yZ0/0lcOvSjxi5N1z2oJlRmsczePbMOqKO7ZiwIi3cdnl0q4Vmzl723o/go7BenmMIzIRbCfiN/P02JtZe4B3fyQAmFiZfYOd/6s5hKL9g2Jy2dDHtg9SoD3dy3s2w4A3hz8UZLh6cpiScxyFv3y7CEqde7ag+Yohg37G+SWqS3ht4ylnjLqSXxzfIJ0uUhZJyGp1m9pjYNMb/FWWZVB+ec+rjRa8npCeTDIBrYfTc7bdoSMP3IFPHHppdv3O+IXscyawxsOKGPSWsjIUeIFTRzOhKx6cWVT3OcqLTUdSlQ4WnlA==
cXBx5KffW8lhwDH7SpHgt6yZ0/0lcOvSjxi5N1z2oJlRmsczePbMOqKO7ZiwIi3cdnl0q4Vmzl723o/go7BenmMIzIRbCfiN/P02JtZe4B3fyQAmFiZfYOd/6s5hKL9g2Jy2dDHtg9SoD3dy3s2w4A3hz8UZLh6cpiScxyFv3y7CEqde7ag+Yohg37G+SWqS3ht4ylnjLqSXxzfIJ0uUhZJyGp1m9pjYNMb/FWWZVB+ec+rjRa8npCeTDIBrYfTc7bdoSMP3IFPHHppdv3O+IXscyawxsOKGPSWsjIUeIFTRzOhKx6cWVT3OcqLTUdSlQ4WnlA==
lONGQUohdhHerBdGtC2EN5zP1f2lgagz4kIQUz8/kzQFiIA4ub+nKo6Eanr4jbikUMW0M59q/Bea++eHfQOT96RXwdFLnGB58Y3qlT+Te3dz8wKgkaPtlrDYf0xtfjLt2nliq9TfVq4Y9zVOLjIZcSHf1QCU3KLgC5A6cq0RqNdmKN/+KcOxtWtkMzuEmWb8R+S2RI+uuQVEt8jKpTUmrrfrl0eqKdNaClXzvmdixbIWgjuxrfoh+R1VLH4a6yVdiYxN3CVlLxes5J3cWAD15GPDWHtGGTOJ6lHY5vkbX4Ev0L7UxaiNl/9LcLNztOpBMDZ4HwEX0XVTGNvlOt7H7RKq7IO/BHGMXjoBXckzHctk4OEXJKPWjc+rxTynTo2g7Dmkh5OY9lhHUBHaJsRMWk9v0ssCREoxuGRFsdaic50HdmtpHHPm+DpT2sRAvjC8LwvJ23yJyplqDRk9H+KDifz+ZwM86ll9CMa/Bbh1g6SKA1NxVndvtomCrWKaAFn/HLJJvCgiJcZIBPsVTrO5NCI8/5N8s5fvp/o=
2pdmGVx8tBUyM1AqLvH/tM+rsW81NyEwCzjmNsTJzvarIZL14nqDWFyIzTIFKmsyVHb2Hhh9A+9TFTflnrpkVFvbprtCzMpPl3ps4XrU/BNwmVobzPRxxfgnU/CfMZWxLUBQItYEynA07NuoYKvHorGb/KlAQ/EgpwgFqzdUy1Gi+oq+55m/bQhr4DtTzRLoukQRb5uAVZu1swBEsMbTuSYU048EsWbOAilvegItdyshh3/e3W0AWUFLXP2yggemGLfAEQPLXaHutYI8kyM19GOXSYt8LiqSwnnMKpYWv6XIrbxX/1g14cO3Ys9cbrp/t+hMOClubjXs+xBzPzXcRu0VMErlKkJ7TytZjo1/9CWQv6bMH1eGsDhcCE8sS6U73T9dVFYCJnczjO23h0+T6geOFwewBPp2f6AU2ANrSOrRYYAfeW1oGHj87Sqk5K1sXdKRRzQ/CijSAFwqSlfkw7HxNARRAWKYAeMIuFEhjDT2ASkCnMWA4gzFUyklw9tmswuixH0P/Wzp/5MYMwU8IpCb2QpDyYJoqJ3qp/0=
Rs6jOQxFX8jab/xFJdtsb3R0yHLlZzqu9jcJkiPTVIjS2Olp0IshNQiQKgLcTepsRt2NHnmCAIBtKJPXbFg2SYgBax+w/PaptMtflhS+n8Oj02Exb1EuwW6EVThkbxFHniu3ASexQ4kGTsnhASAwcqsSRYwOiwqjBiUsfRp4OP0BsGZghfdRZREujN6Olst6ruxFo9TxdjL7MJGhPSMLLscFjIu6uvceMipXbNUzRJ2cFA1HmkjnsXNJ0gsfDKrfR8CvsNm05rh/HzV4jQ9dPzhgctnZ+xkW6ZIdhyMBTC7pYtCSqSJTuVyVHlvfP2r7DLjR6WPn/wraWj0KwUHfQURNO+Z2x0CMvDEZFf0Dk/JPe9Jsu8sCsMhNB2b9Gj5w9WPBIcGN1BplefxhurvPgZHiDzwxRrxjQInrujoO59qlpO4WUFy/VZZlmsbmx/gOUa++kI87l+zPJySR6u7ama56yCxseh9xzTUkyyYv6qfNYzcQv+8sJAONxEgVqyjMi/vwJx8i+rmXX051Q8BJaDn8crIl2QyobXKQQKlQKE4PK0ahZXKSxnv9pHH72afQ
SzbfkYCS1HCCl+H5tNegc6WNAjnSB4wbU1tftW3YPyceZBMJtWdOD+D9WoTKe8Zh6MZGFZ36B4sK5KYGRZentvgbuf0qbkpmRyt2yfWKAT8iwXDFVIn2higEL/lVisChluz4A1TR5vtQfJV1vP9/8LPp0QHJyMzCakzuYDDUN+jMU0MyVVOAiVxL1dDjUOkrW4wPIYbylp4b0dv9jBNM+z/1FviejK0PBwgxK3HrLEScnhcJQpxP77h5Qt4GEQO6rlXzu0XPg/7BZSQphZMwfV7aQ1Y8v9wxfwO5MWpNLnx/GzHkR9/1a+CmziKGoeAqus77FSwlILdDEBHxx4+Oj/CWPu9TIDAYNWZKxaij/PNT7Rg2yR0sahliJuvLU/VO4UfwNbR3GqyD3+IA/AQkTwATYYu5t8E06soCZze0gXcrNxd6Y8brJ6wM3ga7eHhY7zMMGvVpnD8FpYyI/ARBakjcqXx5mi2nqLfumJbYcCpmj6BzVXmo5O1JRogF2+T4/dkIpBLJVSKAzaQSSJ2/qUkbHxaXA77kgUeZ/G2HP9hfPTgytFNlat9B5thsxcan0Q==
21WdH81qVQETyVXeqoObl7JjNC3i6qXt4IO5N+QSTEB9KOMfJGimIKBsa27Xj6j9q8EEQ/CmAaUI/3KPGglsGbixb8YDrmKCG0ioOLvPP1lvx1OTU5cqtIG35ZKw3HdYfWoaifqdSv+EC57qWLP9mn5msZWBu32UBEgqZIsUsuY9hQCzxsx3qnkXefErIPvv1M1OGGeAnlCfurEBRLPA3rUhDsqXD78T+v0bHkoRO2o3Nm1WtuaTJT1uqX2d0aTqin+NOSlo5Yh1sedT7KBVCAhU3QBDp3BvVg07jepV0PLpD3flDzSWgJV8RdO/D7hnI+BCpZBS0IuRg1nx05xTcapKb4myTkTX79C5yB5+yYmZZzUvRITJAzS33onPr80ot1qlxMzdjNPDTD4cBxTZDnaQ5L7vC3pfktDCtTjgzSVGNtv5p5LDPUynLrx6FxIQEOoYWA9v4c9sncKdagkRKQ/2q+3cGk9XbD6ROUiCd9HoIStAKmf75cbj5zIJBiX2CpTxm7xW4eh49u2CCEAzwR7nkdACWNeHbKef66f+
xtzZr/rR42JL2vWxnp1f4F8hMl5WQPHdkNE/I5clVFCWDRvyPsGKVbevx7y6ZZz7rs48YP9hcr2TgIJw2WtSgmeZl5szBWkdbSM1WzZNd7KD3OGvD4s3btaJHEiygreyt5KlpMUn/fqkoI2NdlmapCm3IZxlV+heB+0wEszjjaq3UT445LX+p+k=
ZN/LBWJLiAmpQAMQxvgzrOnvkQLpo1JW+D1UKGQlNoCJ1rxBY7anyexi98l+tUY7+FpmQfHnIfnSke4/Z8l2cLrbSnygZoD0b8M5A1zx2pFqBQlFPzpzQby219vcUsn1iE4vvdgtM2xKSyMpdo9/vomKvZq6WCm33Hr55EiatUHOjGutrmsJfGL0D0tcy4fnp/I=
KYmCMBOL9qc//O6o1AfhS1al0q/785Ve+Ze6stJdIx+00f7EyZJ0tbMCz61Mhh997sHOv3je7jVhU8kdcvWGi7c9vjT6n4KIcFLokE8n0TdMhdKVagEBMS8Om6Wc0r/vDKYBscgK50kImVsI6q/Lneb79zoJDjXuKuzBU3wekVCYbn0FjsijWX5fYRhCEOd/TL+P46f2
bU0X5zHhgCsMMmxri2uPHfdE6EnXTtczpoJQN9sPkNe7LQHlDVueXajTS1yFWT8WGzMDghUKUvcQtaJz1MesnhrcyOT5sjWSYBH/jBMc6/BU8AOg/dwCpea5zezr6vNTj/pkJz+UETOa+X+jyv7a6U4qCJzM6p+BreVk+wY/6tctM/egH3+s1GNdhHg1uyi8a6swl7+yekn3jw5FY9BJGNmssgKFSYxYDaLQcIlPLj7ve4YRxeISNhst5EHbyaeg
489DKuVZVyM0zMX8TDASzh9RJGtlG4R1EMA7SqatisBebDV5AQIYL/VlNCQtgZhKXqwemD1IaA30E/TKrug+Y9IMZaosVEXMBaIph+xvcgg6EFQqQkcM48mh7MTpcTo46VOAONnRJFSusdHCxJW4AiTVWykt0/MGi9t6hAW/JYxBjxSeu7VUgkhrYUobGXpIwI3ip/U=
JmdKqdF2c+XulI18LABhfxB7w1Kv3QGxzlRObqgAP3Lwadcy55qXF39hsHOxmeXX2aZhCR544isf/fy/al6p1JiHyzwLB9wQwz/Gz/rFuDhip7mNrReCw/opP5Pq7tqZrnrILGx6H3HNNSTLJi/qp81jNxC/7ywkA43ESBWrKMyL+/AnHyL6uZdfTnVDwEloOfxysiXZDKhtcpBAqV8uTg8rRqFlcpLGe/2kcfvZp9A=
Su9kgj3oHNh9wWuHB+7PW9uTgXMGJUWMxlA8sdej/8j0QiFZ/shiu7+NPG8KbqnEuHeLbOu3XIBjTwYfmvW4KEJX+d1NpwJTWln/Q4re2omOioh8jMqf4W1F5BtGH+q37ZN3QF9frLSj/QSYdZso3KsLsHf/knopNy+OpSPwSXgZDDLixWmMOM0CUJDJby5eL9sG8YXCElbbjWShm+mnwA==
v+BUPQLMPAFii9r0Y1lrfNZmBD9Om9geeL3Cp/v7hWbZb4r6kpXTp9RJbkxJGuQtU7q/5YxOLwXO2d63eNb+LUEr+dWyvfYzV6UuvHoXEhAQ6hhYD2/hz2ydwp1qCREpD/ar7dwaT1dsPpE5SIJ30eghK0AqZ/vlxuPnMgkGJfYKlPGbvFbh6Hj27Y0OQDPBHueR0AJY14dsp5/rp/4=
bXMhF7Gv8MI61pH0SGM/YQ+ewy7QctQXm2e4PG6j4S089FFSWkiV6tFhsyP8LnGgWH4dVY4YQ0k+LwEowuDHzwyvLzOnJg==
07JfD+GBF4QrX7zmfoOdFg6ewy7QctQXm2e4PG6j4S089FFSWkiV6tFhsyP8LnGgWH4dVY4YQ0k+LwEowuDHzwyvLzOnJg==
WuyXGpGSy9C1uUxTs6t4Kw2ewy7QctQXm2e4PG6j4S089FFSWkiV6tFhsyP8LnGgWH4dVY4YQ0k+LwEowuDHzwyvLzOnJg==
Rd4Ph65eDzvo9w84nBbQdCkFhbdm5hhiED4MWyvL4NAOT3mBjHjJ3trEDWZhzSvPnMIpDOgyxRlOVJsFDgNZxKIM3+M8ozc/pyo=
stsEgQdwyW4Zi13gSC0u0JwFinpShUtEvq4hDSOE/4nRUkElUpK3nMVBh6C58gJnOILtBiBPQPjTQ6t6c0OPXc7Z4sQ9j71sqX/cHnOFfCLQGxkKg0lCaGgdKqc9
u1BNc6tUFVE3F6b26SB/0ykdibd/8AdiED4MWyvL4NAOT3mBjHjJ3trEDWZhzSvPnMIpDOgyxRlOVJsFDgNZxKIM3+M8ozc/pyo=
26vvOhvsZ257uCjNhjdWozcFxr8TXxVqvMDwWOABk2W0Il6ZxctEBg2cmgJBnDkDH51stPUmwOyh+25ytx/2bU32shqj6TSdMz2nLA==
1USC2HwQYgGLIZDwCurT+F2jITywm7HTxz+m64sRSkHk1heX7YBT5hBvOobnFkprotCBl2E6uZfd9Sx9iFS3Cz/kO+s2vhlRrmqS31NaaW0gQHoJIKc3
OwYHG8124/S4H4/Zyq3x6Cgdibd/8AdiED4MWyvL4NAOT3mBjHjJ3trEDWZhzSvPnMIpDOgyxRlOVJsFDgNZxKIM3+M8ozc/pyo=
EdQX5UHf0lfgGgzPpMeiEysdibd/8AdiED4MWyvL4NAOT3mBjHjJ3trEDWZhzSvPnMIpDOgyxRlOVJsFDgNZxKIM3+M8ozc/pyo=
f6sArVDoTwyvAELS7tNofq/rH6HWo+Lsj2nBga6AokMP5Zz3muYpfEjf6zQ7fxz4U6cmB4r9uBAyfxkFHe/Cq+oxX9saVloxfiLoJFwC35ldrcQDVhfqj527l5gPF2xME5WkAOUTqGRbo9AvL1o6UQfHrr0z+ElAaSTSOpUhTMB9avAIWeeu5t9zZqlVClIu62VEuYvhp/g=
SjTpVv1fpZlccvG1j74Cuinn+gc8stG+7/iNeMl7op6ycfvzhJ2mCAleLPkD7hcBLCqHkV5NVjP4Una50b9RsRJZXmcHceb4OlPaxEC+MLwvC8nbfInKmWoNGT0f4oOJ/P5nAzzqWX0Ixr8FuHWDpIoDU3FWd2+2iYKtYpoAWf8cskm8KCIlyU4E+xVOs7k0Ijz/k3yzl++n+g==
OcpIjvp7axuZpQENJAtVe8yYsMMDR5CReUY5ZX4F1lXoEGMKHl1SYDbcvfmJcrDPLdVMZPVRoCp2vBaYNVhA7cxDrApWWGYDevztKqTkrWxd0pFHND8KKNIAXCpKV+TDsfE0BFEBYpgB4wi4USGMNPYBKQKcxYDiDMVTKSXD22azC6LEfQ/9bOn/nB4zBTwikJvZCkPJgmioneqn/Q==
wGbao5Abla1o11tM5JCqeQ34bkadtzpqb2luBcBN/hwVOuhxRHgQMJuZr56Wl3v5ulSDHXbyMPDQWPMUBjUaD9q6oPQwW9wQS0oCCAv0y35n90KznLBUjNqqzNtiWyd9QrSnrfQApw+u2PfNKmygrd+y6olWOkqJlenjj52+ZUfU9IsjqzTPE7p+FekaOoa3Lzo1xZRwrpHsp/s=
cqYf37In39qRbX6oG1BcdFqx+kifPJNZyHKlMnTwpCs591BZNwyE/dZyuDP8LnGgWH4dVY4YQ0k+LwEowuDHzwyvLzOnJg==
hMGsXqFj/TojvdcCn06MSFqx+kifPJNZyHanPHTwpCs591BZNwyE/dZyuDP8LnGgWH4dWo4YQ0k+LwEowuDHzwyvLzOnJg==
KlBB3JbR9V74u2lIy4uQ1dApLfPf8Nk7NSXrXwRqVSEQUOPE7CwPvGprYuC/x+9xGRDGPv0zeZpdrLTxrhNnX8r/OUEyz+y/lcU8SKwksWp4PPk8iTq9JxjXPljm+GAqdq/Qs4UZGGR96bbIVTvU+A35WGSiqcWi8G10Unh9r6lZey/Wx6NOZBGnKby9p0/eb13o8sTz9epvobaYnOXWp8E=
olqNkCRnzvjX67MiE29V+5dW/wLJQ/Agt/t9Y47JX////zl11i4dZHk0Y7NjFLdDjf7tOaJazicH+t313BC2ITSnIw==
VbzV5TZYZGF4ZV00ZGXrRuX9GLvNrOXvzHSElo/Jo04J75z3muYpfEjf6zQ7fxz4U6cmB4r9uBAyfxkFHe/Cq+oxX9saVloxfiLoJFwC35ldrcQDVhfqj527l5gPF2xME5WkAOUTqGRbo9AvL1o6UQfHrr0z+ElAaSTSOpUhTMB9avAIWeiu5t9zZqlVClIu62VEuYvhp/g=
/W3pHH0MdxBWyPiQlkpbDDT2+FW7pmre2fVRTaACL1wk9Ctjy7Qv0xV+dak6uqb3TzqVBbTwztFMp1s=
COLNt9sOLDAkurWKnbgeI4YgOMJxdxrhIlhu8h+NTGC9inBoGUiuRp8T5kmVqlKOK4XE2ctBp1g=
7dQRWt5nL293USt1yHgaZKWNAjnSB4wbU1tftW3YPyceZBMJtWdOD+D9WoTKe8Zh6MZGFZ36B4sK5KYGRZentvgbuf0qbkpmRyt2yfWKAT8iwXDFVIn2higEL/lVisChluz4A1TR5vtQfJV1vP9/8LPp0QHJyMzCakzuYDDUN+jMU0MyVVOAiVxL1dDjUOkrW4wPIYbylp4b0dv9jBNM+z/1FviejK0PBwgxK3HrLEScnhcJQpxP77h5Qt4GEQO6rlXzu0XPg/7BZSQphZMwfV7aQ1Y8v9wxfwO5MWpNLnx/GzHkR9/1a+CmziKGoeAqus77FSwlILdDEBHxx4+Oj/CWPu9TIDAYNWZKxaij/PNT7Rg2yR0sahliJuvLU/VO4UfwNbR3GqyD3+IA/AQkTwATYYu5t8E06soCZze0gXcrNxd6Y8brJ6wM3ga7eHhY7zMMGvVpnD8FpYyI/ARBakjcqXx5mi2nqLfumJbYcCpmj6BzVXmo5O1JRogF2+T4/dkIpBLJVSKAzaQSSJ2/qUkbHxaXA77kgUeZ/G2HP95fPTgytFNlat9B5thsxcan0Q==
3XydXv663k3Jur5/5/GA6mZpaBfsBcHsnYpSC6i86jE63CFXjTb+vqAer2VFJeWJEYTebzPBe4CgewdI8XoAblXfMfJc5HxllmnodWB932abYgcFFMyE4sUbYr0AyxawIy1aU+lwJUU3WX8EivKMINh4NtghiBqfBerjP2Y52sdjSAX8v+sNoOk5sP6Qrv297SXK35qbqXmQYCjgS79BxAdzl8c6RIqy8VF0UAlfXhX0RoCdldp4mbVjc6NlzsdpEjFjv2a9CHalzoozWoGZbw/pLIH4HGkXN/xxsxNbpmp4emANdqosYh1Nmulmh6V8J+nBg5jvJlp4N+VM1qiz6vxdTg+qMwXB/i7/ESpa/w4QM42fIy53y3atAhv8HMUT1FgaKDJPFj+H0497h4QMprT/sTgXF/37UaJVqg0XqgDoHl1ULpi5n+qCQ+Uaj+PJOlC6yJcKXtCvZE/2y5fue1jAcHTmqvAjRivjte7UCyVwkAPX8pgrFU58pKWzkgZBEoquMelpHzf5DqEPuNRnK68kK0vpvsmxvqoCP4PamY3QgIrp0KfH
DzvTeO8OpJhvydUvCGhakLSz5pxai4ExQ2wvxl9NzAcoDv4vvO/qIn5RBoDHydxPCX5dJAAHabeRztIPgnY2B1jn6WOF9/FpWEZZOdQ9X6i/70zA9hYMaO0ykAApnCuOjmtG4eWykgb7vaQxexmnEA==
8MQbB16p+IYYoCBqzDQ6MLSz5pxai4ExQ2wvxl9NzAcoDv4vvO/qIn5RBoDHydxPCX5dJAAHabeRztIPgnY2B1jk6WOF9/FpWEZZOdQ9X6i/70zA9hYMaO0ykAApnCuOjmtG4eWykgb7vaQxexmnEA==
aTU0Q/G3j0CFpitZFfftD7Sz5pxai4ExQ2wvxl9NzAcoDv4vvO/qIn5RBoDHydxPCX5dJAAHabeRztIPgnY2B1jl6WOF9/FpWEZZOdQ9X6i/70zA9hYMaO0ykAApnCuOjmtG4eWykgb7vaQxexmnEA==
/1Mj5vHehecX9XQlf9e0VQO6eflZZkzo9idUyIe7N/rvO0ps1jy/ZLHnSTydZ6bbzxuIcuQzFerP4dYYvCU2pyE=
/X73DIXnH3LePgvPvqZRrgC6eflZZkzo9idUyIe7N/rvO0ps1jy/ZLHnSTydZ6bbzxuIcuQzFerP4dYYvCU2pyE=
JssJuydHxYQzLuTpl4bkAMrmgzagdknn82RFyFPR0nlDamTtXZXa9vBV52+gnh42HrCi17cgG4PrfBxx42JJqH1T5SeqjiOESaq7UIWWloEpImLAWSLyUPFdsQOQtxOuug7u082RusPoDWaVPHhaf4gEOajWVQRlf2W6BEi79CCDysp441RzTn83OmOEkPwcEqoES8p7P606dL+dTKBPf2ZYP/0CjNhdx3JS2U5aohld6asf9V59l2y0k1NTVOcj9PtdH3KaPoc3es2VjFAGAaSnsw==
8bEy0SnXO3YFmAgrgZbuvDK9RxRvrFaG7XR3n9Pu9lu9kKUG6whEXWDSJq2xqUKZ33lNWaL4Njo6D6kMzzvQlzKORz/DC8yWFehfmq1cs46QjS8iZMxfOsRc522nb6avdYKcbsj/q0mMrz49MFkKIJwzzsR/5BANsqkp1Wxo/mOSjCWqbNSFzMUi6Yes7zIIepCUKoLHTOOJIazEKfH6OCnTwDiZUWRUbjERwgQV+AJkVRsp7VMzBktbOoRFP2WMgQ/Sm3szFIII6yFK25m6SAANoqe1
I0AyUX4DsApXw6byGVDimGIaPKz68U6+s7uPQiaMhHKxbcWgqfs1rS1JPQjJ7GDzhekFBRC9kMvgRLkp/Uw72hHzz1K5XwKoftAiNNY4EhUDqKLlTty+Sdp45S71HSPgPAv+eW1Y/RFZkaXJ86HcOZ0pZN4Gc6lfz5Y9BdIlDydSUhq9plYYuPQm/3UledS/3lPqwwUPp0Rn8wxgqwF0fC2XaGgDV6AzB/6aPf+TPoE7PMmMcRBiZn1FrGxFfqD0EeXragEHljX9LnLCk7FUBQOlp7Q=
ditKM1it7DulnPVheGcwaGIaPKz68U6+s7uPQiaMhHKxbcWgqfs1qy1JPQjP7GDzhekFBRC9kMvgRLkp0Vs70w392FK5XwKoftAiNNY4EhUDqKLlTty+Sdp45S71HSPgPAv+eW1Y/RFZkaXJ86HcOZ0pZN4Gc6lfz5Y9BdIlDydSUhq9plYYuPQm/3UledS/3lPqwwUPp0Rn8wxgqwF0fC2XaGgDV6AzB/6aPf+TPoE7PMmMcRBiZn1FrGxFfqD0EeXragEHljX9LnLCk7FUBQOlp7Q=
hxWDD0hqPzSGin6ZOW2TjyQc5e7WOA7n1CvdZh96oTD1rV0HTEuyM4DXuP8Dy22p7BbOLNBukuCfW8hKf1a0twOq996tsJ1B6oJiJhImIjYK7w+uoudKIrZDJm713OEz2/oQ7d5biQbV+wWnVZvHb4QDUW8kHELNYRVzQG23Bku3/T70+t8CyHASaFBP51H3TMVS1WpBgXEvzhtlnBI/rwzmgfHIymeJCFnbSOrvS93mO3f6Cc61LiqsQRN8XhGQmK79w4uIJRl+H+HYQtBnv0z/D6Ontg==
NzRW6jL/POOMIktsANyr5mIaPKz68U6+s7uPQiaMhHKxbcWgqfs1qy1JPQjP7GDzhekFBRC9kMvgRLkp/Uw7xAzyxVK5XwKoftAiNNY4EhUDqKLlTty+Sdp45S71HSPgPAv+eW1Y/RFZkaXJ86HcOZ0pZN4Gc6lfz5Y9BdIlDydSUhq9plYYuPQm/3UledS/3lPqwwUPp0Rn8wxgqwF0fC2XaGgDV6AzB/6aPf+TPoE7PMmMcRBiZn1FrGxFfqD0EeXragEHljX9LnLCk7FUBQOlp7Q=
3et5/+kLhSmy2DPq4j1RwiQc5e7WOA7n1CvdZh96oTD1rV0HTEuyNYDXuP8Fy22p7BbOLNBukuCfW8hKblC2oge+996tsJ1B6oJiJhImIjYK7w+uoudKIrZDJm713OEz2/oQ7d5biQbV+wWnVZvHb4QDUW8kHELNYRVzQG23Bku3/T70+t8CyHASaFBP51H3TMVS1WpBgXEvzhtlnBI/rwzmgfHIymeJCFnbSOrvS93mO3f6Cc61LiqsQRN8XhGQmK79w4uIJRl+H+HYQtBnv0z/D6Ontg==
9nHGIZfimE//gq7DgVUkk8rmgzagdknn82RFyFPR0nlDamTtXZXa8OENv3+2lUppGbO3/vFDXMH8JAsx51BOvmhO5SeqjiOESaq7UIWWloEpImLAWSLyUPFdsQOQtxOuug7u082RusPoDWaVPHhaf4gEOajWVQRlf2W6BEi79CCDysp441RzTn83OmOEkPwcEqoES8p7P606dL+dTKBPf2ZYP/0CjNhdx3JS2U5aohld6asf9V59l2y0k1NTVOcj9PtdH3KaPoc3es2VjFAGAaSnsw==
e4e0N/FgMNLSSzkT7nwbOsrmgzagdknn82RFyFPR0nlDamTtXZXa8OENv3+2lUppGbO3/vFDXMH8JAsx7kNEo2hM5SeqjiOESaq7UIWWloEpImLAWSLyUPFdsQOQtxOuug7u082RusPoDWaVPHhaf4gEOajWVQRlf2W6BEi79CCDysp441RzTn83OmOEkPwcEqoES8p7P606dL+dTKBPf2ZYP/0CjNhdx3JS2U5aohld6asf9V59l2y0k1NTVOcj9PtdH3KaPoc3es2VjFAGAaSnsw==
9WH6Q1qQpoJDBN63lmkcINiGT7MnwVFqAcMi4usdWCeVkUtCgC2/GUWwRJ3C8/oHmV7R6n7Ih7ppOpaKrfpesJH8bsviOBX4D3MYRmHAg/qRtKe+ZJUjImjUqwrQtNsNe0fSf6H6UK6ER38ZOEdinczxntAoq0JE83ykfSYBVXWwAEqzxjTp6iAs0ZwxCrVnkIcmOA6ImCqO3zjTnUmQJHXZDmh9K4x4VekwhNpZzWJ4vWxy0M2XqWHLh/bf88YkGdfR3FW3nlu3S8BSfMP9Kudxrnj0Fa6nuQ==
PIxHCnqa9hxiVzsX4k4JjbSz5pxai4ExQ2wvxl9NzAcoDv4vvO/qIn5RBoDHydxPCX5dJAAHae+W0tgXgnEzEljl6WOF9/FpWEZZOdQ9X6i/70zA9hYMaO0ykAApkSqOiWtG4eWykgb7vaQxexmnEA==
bvrAC09Lu3dZ/5WKwjOwgLSz5pxai4ExQ2wvxl9NzAcoDv4vvO/qIn5RBoDHydxPCX5dJAAHae+W0tgXgnEzEljl6WOF9/FpWEZZOdQ9X6i/70zA9hYMaO0ykAApmymOiWtG4eWykgb7vaQxexmnEA==
4jWhWYtJjhbz6Gc7Hag/Sykdibd/8AdiED4MWyvL4NAOT3mBjHjJ3trEDWZhzSvPnMIpDOgyxRlJVJ0FDgNZxKIM3+M8ozc/pyo=
L0AgHb5vqFtJtAfeq2p1o7a2kS9E0uvgVmNJ7L7RN+cwDG/VPJnzvQR6nsH1EyQePYSaGnGEWdsvxazsRf6gdBFj6eoBh5a1/a5yQpMxVIUDJac0
r+waj7zzhdL2EcDFgy2fxuyBbQkxgo66EVFKza/0ZSbiiB5ndVLlSfU+uIjiH3gY+1OjentTtDLyE7qExT/ljAEPVJn7M5SCiOuhSluZOkiADSKnNQ==
4jWhWYtJjhbz6Gc7Hag/Sykdibd/8AdiED4MWyvL4NAOT3mBjHjJ3trEDWZhzSvPnMIpDOgyxRlJVJ0FDgNZxKIM3+M8ozc/pyo=
OAcFsbu3N/cpKub8i2A4GLa1kS9E0uvgVmNJ7L7RN+cwDG/VPJnzvQR6nsH1EyQePYSaGnGEWdsvxazsRf6gdBFj6eoBh5a1/a5yQpMxVIUDJac0
QSh6zCCi+piXNefw6hx//eyBbQkxgo66EVFKza/0ZSbiiB1ndVLlSfU+uIjiH3gY+1OjentTtDLyE7qExT/ljAEPVJn7M5SCiOuhSluZOkiADSKnNQ==
nsbJlds6qXTnPyspxLYXDqJGnZPKl/g712Y8amgZkwx4n60jNuaDf8sCZLXBLvvpk5aqmre3aw11YllQOSGtGkkG8uZ8FfwHcnni1vfNzk6A/8vZRuAvBMO0M5Nz1MfjVfi93xIa3sdXei3VrNAmQQSnEw==
rLrhOQPUQj1+RWYySMvQMKJGnZPKl/g712Y8amgZkwx4n60jNuaDf8sCZLXBLvvpk5aqmre3aw11YllQOSGtGkkG8eZ8FfwHcnni1vfNzk6A/8vZRuAvBMO0M5Nz1MfjVPi93xIa3sdXei3VrNAmQQSnEw==
+uZltWdGp+L+cB8JaQGNgq731mtE3NOwWFtJqvvZN+cwDG/VPJnzvQR6nsH1EyQePYSaGnGEWdsvxazsRf6gdBFg6OoBh5a1/a5yQpMxVIUDJac0
CuRKk6GfLGcXrQWeAjc2k6331mtE3NOwWFtJqvjZN+cwDG/VPJnzvQR6nsH1EyQePYSaGnGEWdsvxazsRf6gdBFs6OoBh5a1/a5yQpMxVIUDJac0
/N8+h7PLpgRi9pDeLoprofi1aVAZzLW5xvC6oy9rhwBikXGrwX8bg8IGu/QxcneZdzgebmcHtA3iGShyZZgFnbhCBqMGUJOJ8ZSvus/XqD4LFXtYPUH4fN7cKftnELRZaXg8IylgdSq27qHtsEK/vHR0G4N79B8zyX8lD8r61te/usUlJDDesfyn6w==
gPw7gOAtLZ/4+Q1foYphVFMpE77IHn2JzJCG9UJIeir/F5fG5leX9SsIQzaPdIGS7fCY6j0NHWi2XRfmoQQGYIm2fKHj1mcp7EI3af4Vhhv4eqbhcUfh2dJxLl/nKbYQujsKHCCGwJRv43mj3FGasWolSeW/mjNhvNaXO1wyiRWILu9dWE3zjEpr44n2L7+eiap9Ojr46ZfcmjmEyHp1Is9sLc0ui0kcYtRP69xrx8en0g==
HMCkhSOofbTw6f7DIRSuytBMKShvm2QX8ZQaI/CPuj2tAvYxElOd8aVz7T8NbW0iccmcq//euLVFTW2oz9l7Nuonl6HutLdlWiJsWCTYh7zaZTb37tp0LFzrILgfitZgNwTnJrNXNgtw4Ahk7qr4Mz4Ly8U2FHP12PCbZ3oYo2XW3Mx1C9LecXpqliHhaRcnwW5JP+AU33tHhLO7bT9BByZKqm97msF9+KBy+dinzw==
Gul7nepBxH54BdDlcxFkzf/fxHS+IgUe63kEerLXrqepdHKzSA9CrQWirsFak1WhXRPFDxVtdRJZqWT7Nx7wRR3txTg3WcOmgsfPESb0fzViAgSoPNifzDJFDiemGjychIvIKKcKrvCfpD9Wexd+2wgAIFT2quADFuuzFX5Uu4UAUDP3Apgb9T68FMVDEpahQkp+UflpD9epTnFvKFQXyx9k2yvVv7mXjurynzNaCS0AwFrJwKfX
vQQr9ROIZlkeCJWXAa2DCOMQMGOPs+LYDuLsRfNpdKpm+4dMXG8m7yyxK5qA3bTjW71TK8sTG217DleRauc5bh5ZM9XrJFm5rXqs/+FNyISxaaw6SnRyGNEQfP3Ae2hq0sAqM2b0yerAbDEckcqVZ/BHhriuyHgqbp+YUz2J8CRVGa7onWtseHUpkAS6ma1iWP2M8jCNt6lBC+d2vzPmJPmXMVz197tf14ug0tyD3SoHMQ74VNXOp9k=
G1ThijGItHyGooz7gAxBAwjvEi3kGCdnOSsv7MQfrm+kAbN66A0Mo4PNuwvzAxNtcx5vsYKX4S6miVs1c5TROSUKNF9JnbBE6VmEWrJkehjZAAQd6EuwKiqQgpP+BEFqSNypfHmaLaeot+6YlthwKmaPoHNVeajk7UlGiAXb5Pj92QikEslVIoDNpBJInb+pSRsfFpcDvuSBR5n8bYcz3187ODK0U2Vq30Hm2GzFxqfR
UVEF2kfOJJBubZQKb2ryRRggGbmYCniS1YbVslhTbT//F5fG5leX9SsIQzaPdIGS7fCY6j0NHWi2XRfmoQQGYIm2fKHj1mcp7EI3af4Vhhv4eqbhcUfh2dJxLl/nKbYQujsKHCCGwJRv43mj3FGasWolSeW/mjNhvNaXO1wyiRWILu9dWE3zjEpr44n2L7+eiap9Ojr46ZfcmjmEyHp1Is9sLc0ui0kcYtRP69xrx8en0g==
4942prpQFlKDpTek40vNJwjvDyHiCjxuCSsv7MQfrm+kAbN66A0Mo4PNuwvzAxNtcx5vsYKX4S6miVs1c5TROSUKNF9JnbBE6VmEWrJkehjZAAQd6EuwKiqQgpP+BEFqSNypfHmaLaeot+6YlthwKmaPoHNVeajk7UlGiAXb5Pj92QikEslVIoDNpBJInb+pSRsfFpcDvuSBR5n8bYcz3187ODK0U2Vq30Hm2GzFxqfR
WSgm2P/FNCWlGtvP0tkjd8aI/K6IN0nxKqHMpD4P7Q46ejAP/aQGSwTPDpUx8nqppvNJiWkj0RcZbXkKTZlQ0yt+DC3JvfEAe5mPXvYXm7maVONdlnKQMLBYE1SmtXrPOrqANFDbPFBrSmLIq3Rrvgf3YvM8MDRM+qrsGwLbhz1itMdtVIAHz87Y143K7MBt/7IKSTa66sl16YNPPT6FB7T0q2NLtK/TmX/1r7q6JvfPOhUFNPBO0cyn2w==
mUDlc/w+eGzvEl4Vvi06PGkzfnLNedGgWojfAb2TcxyI12ovYEl/SrT1aIOn1Ucb/wsXbXcWY6F+j8UOwnEHBb/cFXnhwnivFSUUJA3BOMo+7P6YXYiIjVTT1MqOKF7jMkwFqgwU5Uyl4smHjK+SiJrQdCpih6xjKWGMxAkxmrhJE6A4uZHE1M5x8cLkVRiCxBU7Kc2Tk4Yrm1qEJf/FDCFP95+bc/QC6KsBSvtZGshgzcKn1Q==
59EBkKKm56OlCd8GmY8zfGg6Y2XLepiyCobDC7jSR1KEzWI6YEl/SrT1aIOn1Ucb/wsXbXcWY6F+j8UOwnEHBb/cFXnhwnivFSUUJA3BOMo+7P6YXYiIjVTT1MqOKF7jMkwFqgwU5Uyl4smHjK+SiJrQdCpih6xjKWGMxAkxmrhJE6A4uZHE1M5x8cLkVRiCxBU7Kc2Tk4Yrm1qEJf/FDCFP95+bc/QC6KsBSvtZGshgzcKn1Q==
cueYwVRN30XfbyMQ2UBBHzT2+FW7pmre2fVRTaACL1wk9Ctjy7Qv0xl/da86uqb3TzqVBbTwztFMp1s=
zKRH6RjilCCEK+YrqwQIU4YgOMJxdxrhIlhu8h+NTGC9inBoGUSvRpkT5kmVqlKOK4XE2ctBp1g=
SsjEJkXSwUEJTviT/xUZS9G70I+EsA6KxURPr7Y22NeMyQs5SvgaglyK2XQIqlWSz9wNnW77KQzixO/bHLsnN6ci
6EjbZvhE1Tpvwz4uOOiFDvi1aVAZzLW5xvC6oy9rhwBikXGrwX8bg8IGu/QxcneZdzgebmcHtA3iGShyZZgFnbhCBqMGUJOJ8ZSvus/XqD4LFXtYPUH4fN7cKftnELRZaXg8IylgdSq27qHtsEK/vHR0G4N79B8zz34lD8r61te/usUlJDDesfyn6w==
WY4TNmINe0XGlAr3LUbzj1MpE77IHn2JzJCG9UJIeir/F5fG5leX9SsIQzaPdIGS7fCY6j0NHWi2XRfmoQQGYIm2fKHj1mcp7EI3af4Vhhv4eqbhcUfh2dJxLl/nKbYQujsKHCCGwJRv43mj3FGasWolSeW/mjNhvNaXO1wyiRWILu9dWE3zjEpr44n2L7+eiap9Ojr46ZfcmjmEyHp1JM5sLc0ui0kcYtRP69xrx8en0g==
2aF64Qqt2BaLBFf0et2Yd9BMKShvm2QX8ZQaI/CPuj2tAvYxElOd8aVz7T8NbW0iccmcq//euLVFTW2oz9l7Nuonl6HutLdlWiJsWCTYh7zaZTb37tp0LFzrILgfitZgNwTnJrNXNgtw4Ahk7qr4Mz4Ly8U2FHP12PCbZ3oYo2XW3Mx1C9LecXpqliHhaRcnwW5JP+AU33tHhLO7az5BByZKqm97msF9+KBy+dinzw==
3D0YHTKxYPpKp3Ac2vJFGf/fxHS+IgUe63kEerLXrqepdHKzSA9CrQWirsFak1WhXRPFDxVtdRJZqWT7Nx7wRR3txTg3WcOmgsfPESb0fzViAgSoPNifzDJFDiemGjychIvIKKcKrvCfpD9Wexd+2wgAIFT2quADFuuzFX5Uu4UAUDP3Apgb9T68FMVDEpahQkp+UflpD9epTnFvKFQXyx9k2yvTvrmXjurynzNaCS0AwFrJwKfX
NUIOmPsAFSpOLqNcnWi7tuMQMGOPs+LYDuLsRfNpdKpm+4dMXG8m7yyxK5qA3bTjW71TK8sTG217DleRauc5bh5ZM9XrJFm5rXqs/+FNyISxaaw6SnRyGNEQfP3Ae2hq0sAqM2b0yerAbDEckcqVZ/BHhriuyHgqbp+YUz2J8CRVGa7onWtseHUpkAS6ma1iWP2M8jCNt6lBC+d2vzPmJPmXMVz1971e14ug0tyD3SoHMQ74VNXOp9k=
zt+tAuEunwLQ5aiz7icqvgjvEi3kGCdnOSsv7MQfrm+kAbN66A0Mo4PNuwvzAxNtcx5vsYKX4S6miVs1c5TROSUKNF9JnbBE6VmEWrJkehjZAAQd6EuwKiqQgpP+BEFqSNypfHmaLaeot+6YlthwKmaPoHNVeajk7UlGiAXb5Pj92QikEslVIoDNpBJInb+pSRsfFpcDvuSBR5n8bYc13l87ODK0U2Vq30Hm2GzFxqfR
QRekG2nfogVqRWa6WjwoURggGbmYCniS1YbVslhTbT//F5fG5leX9SsIQzaPdIGS7fCY6j0NHWi2XRfmoQQGYIm2fKHj1mcp7EI3af4Vhhv4eqbhcUfh2dJxLl/nKbYQujsKHCCGwJRv43mj3FGasWolSeW/mjNhvNaXO1wyiRWILu9dWE3zjEpr44n2L7+eiap9Ojr46ZfcmjmEyHp1JM5sLc0ui0kcYtRP69xrx8en0g==
TV7RbA8F+/HKH6BYaDxNrwjvDyHiCjxuCSsv7MQfrm+kAbN66A0Mo4PNuwvzAxNtcx5vsYKX4S6miVs1c5TROSUKNF9JnbBE6VmEWrJkehjZAAQd6EuwKiqQgpP+BEFqSNypfHmaLaeot+6YlthwKmaPoHNVeajk7UlGiAXb5Pj92QikEslVIoDNpBJInb+pSRsfFpcDvuSBR5n8bYc13l87ODK0U2Vq30Hm2GzFxqfR
fbbVn6Zces//Cy4OTf6qVcaI/K6IN0nxKqHMpD4P7Q46ejAP/aQGSwTPDpUx8nqppvNJiWkj0RcZbXkKTZlQ0yt+DC3JvfEAe5mPXvYXm7maVONdlnKQMLBYE1SmtXrPOrqANFDbPFBrSmLIq3Rrvgf3YvM8MDRM+qrsGwLbhz1itMdtVIAHz87Y143K7MBt/7IKSTa66sl16YNPPT6FB7T0q2NLtK/Tn371r7q6JvfPOhUFNPBO0cyn2w==
RFYumnOIQ392Phjq+qN/IWkzfnLNedGgWojfAb2TcxyI12ovYEl/SrT1aIOn1Ucb/wsXbXcWY6F+j8UOwnEHBb/cFXnhwnivFSUUJA3BOMo+7P6YXYiIjVTT1MqOKF7jMkwFqgwU5Uyl4smHjK+SiJrQdCpih6xjKWGMxAkxmrhJE6A4uZHE1M5x8cLkVRiCxBU7Kc2Tk4Yrm1qEJf/FDCFP8Z6bc/QC6KsBSvtZGshgzcKn1Q==
jLlWVuwQmosrg49hPJwRomg6Y2XLepiyCobDC7jSR1KEzWI6YEl/SrT1aIOn1Ucb/wsXbXcWY6F+j8UOwnEHBb/cFXnhwnivFSUUJA3BOMo+7P6YXYiIjVTT1MqOKF7jMkwFqgwU5Uyl4smHjK+SiJrQdCpih6xjKWGMxAkxmrhJE6A4uZHE1M5x8cLkVRiCxBU7Kc2Tk4Yrm1qEJf/FDCFP8Z6bc/QC6KsBSvtZGshgzcKn1Q==
xq8HXl9wJpPQOS5RlntT9TT2+FW7pmre2fVRTaACL1wk9Ctjy7Qv0x9+da86uqb3TzqVBbTwztFMp1s=
/sFuJveViko9d/+uDqRZdYYgOMJxdxrhIlhu8h+NTGC9inBoGUKuRpkT5kmVqlKOK4XE2ctBp1g=
OG60VD/Syo5lklcCX+lp4tG70I+EsA6KxURPr7Y22NeMyQs5SvgaglyK2XQIqlWUztwNnW77KQzixO/bHLsnN6ci
0gW6rapmWyRBpHw42RjJzlFGMdc+5mDc+eRQFIbhfjcMhdtOU70ePEZFLHyljmBEMXbu+iG3VsUdPvLS88EUtSM1pyQ=
xeym4GfpWEXzRAIdC7tlTh+uc/tIdCC7oi1e1YGxc7/9P09szyysZLHnSTydZ6XezxuIcuQzFerP4dYYvCU2pyE=
xq8HXl9wJpPQOS5RlntT9TT2+FW7pmre2fVRTaACL1wk9Ctjy7Qv0x9+da86uqb3TzqVBbTwztFMp1s=
/sFuJveViko9d/+uDqRZdYYgOMJxdxrhIlhu8h+NTGC9inBoGUKuRpkT5kmVqlKOK4XE2ctBp1g=
dhykbSFWOteqzPCvJiHhA8+rsW81NyEwCzjmNsTJzvarIZL14nqDWFyIzTIFKmsyVHb2Hhh9A+9TFTfln7pkVFvbprtCzMpPl3ps4XrU/BNwmVobzPRxxfgnU/CfMZWxLUBQItYEynA07NuoYKvHorGb/KlAQ/EgpwgFqzdUy1Gi+oq+55m/bQhr4DtTzRLoukQRb5uAVZu1swBEsMbTuSYU048EsWbOAilvegItdyshh3/e3W0AWUFLXP2yggemGLfAEQPLXaHutYI8kyM19GOXSYt8LiqSwnnMKpYWv6XIrbxX/1g14cO3Ys9cbrp/t+hMOClubjXs+xBzPzXcRu0VMErlKkJ7TytZjo1/9CWQv6bMH1eGsDhcCE8sS6U73T9dVFYCJnczjO23h0+T6geOFwewBPp2f6AU2ANrSOrRYYAfeW1oGHj87Sqk5K1sXdKRRzQ/CijSAFwqSlfkw7HxNARRAWKYAeMIuFEhjDT2ASkCnMWA4gzFUyklw9tmswuixH0P/Wzp/5geMwM8IpCb2QpDyYJoqJ3qp/0=
n0NUs4YHMOzGMv2V9P6FavacgV+7JWylPTRDhdrMSOWVDepnPXHHCpt+oybhqmxuM+RuCTJrJEWVz0HRpUix+817D1sEvtjeTTETo2aZA1q0I9GT9pcnhZ9dIz3OEvkFGSwwZoPuFcj2J6pXjrnc2UK0eKnpjHZkvZuxUVnyPLoWGkvuBpCVZ6zdVkbzLOGF5W/L+q+5HA8CVpeq+nZniM0/RIm06F0DYuRHRfvVIq9HwOqLr/y/tOHYBow3w4UcFYPdq5Acoh2h1zli4Y5to/tNjPqB3kAWEc4zDZTJLr/HM2rvJESBrZtLX/5Sxs2umY2fFaxxK+JOq6C49O2pcWWPE2bnBwKow+cixMBRd0IlVv6knd9RpXlhtK6tJcyForfPlbkeX3jJ6hyXyBUbHmLCp45NmP4SaDBfYd65KqJ+S3ia+dNuVPcXt5jHO1S1MqIaTcbGWKjUln/FBWkULz4j6rPln2dUR0OM0IsRNOxNZ2iYY8fgIydOGo3fg/4R20zJ/JGAonZd9SzcZW7gZHEX7pphl9Yl3Z7ycrOhlJXj1afE
azlalmqk6BprKurlk7MNQlqx+kifPJNZyHKlMnTwpCs591BZNwyE/dZyuDP8LnGgWH4dW44YRUk+LwEowuDHzwyvLzOnJg==
DlRf6+YIXkLnDm3u9HDg0URCDCB4FcuBQd/C1SVeIYvuCF2EcjcMQAOKHVsSSG4jgixVqty0lYxVwrkHXI+CyAowRCpSZzwjOUFcRHkRang5s3A46fF0FP4RQUI0NQhCVLVLKT0zA8Y7ewoElR/1TJGvKp7L0wRCmIvxyqt5CgjwrfKn5Q==
23DaM0F0TvBFJdPt/pSLcXM1mRjFp93noeDaZE02kZyGhEg/f/eJC6qevwaHPwDAybzEWmB9AfUsh/dWcHt+oPQd7CSVlgCcgeVuYpFvNt0tZjKKQ1l0bRMtpzw=
LzMNn2azlzFqIcZBkHYcUQNa5PIeq3ADdE8tZlrmybgZBhoS2M3LiTHhBvgfpOOR6Hq1CjQINKPZv2BBNxS0tTb6KMu8FmGoeLZtww6AtQEeJxEQAphXR2xnHyunPg==
mdMekaFvQlGVY861JKseUCppy9cvmVEZQ08tZlrmybgZBhoS2M3LiTHhBvgfpOOR6Hq1CjQINKPZv2BBNxS0tTb6KMu8FmGoeLZtww6AtQEeJxEQAphXR2xnHyunPg==
vynpBbUDTWLVAYEXAehyUhd+YCxRRiViWuLBrAkSMvb4qeNdYbXOPF9gK8W4rh1ulOycN0kr6MW3kDwhpm6ALxxyyXwo4qUHTkR9VU7zOXQifH9TfHMXL6c6
XxTlh/DEO9vQnjPyHqQqmfaEJ1eNrSoBhh6IHc/VDwesVF1eWt65kPkuSkoYFZvhkQm2gJ9cU/lIkmVSdNDki7mXkHk3LESdVtL4E/xOsUDY3t07jvgF6b5PQcjCwAdvjE9vE6cG
EJGVDqWZhhuD4wg8adYKZDfV4vL36NM2V8nVOpp5U2epHx8aHX/Ntemwg0BOVRSlRuRRb28l1JRFTytcOzqu3ahyWBdPYmB6teI6BHXfVcwx70qe6xPkwnhL0crLOWqIUG0SpwU=
IDXijLWYZ7w0PEwP61AGKdg7T3IHg9ITLLfToeD/kGnZbYzn1pPSgoAFIAUJSM4/Pd6lg/02UAzPmZjkZInhOUxswMyjkfYzV6UuvHoXEhAQ6hhYD2/hz2ydwp1qCREpD/ar7dwaT1dsPpE5SIJ30eghK0AqZ/vlxuPnMgkGJfYKlPGbvFbh6Hj27YMOQDXBHueR0AJY14dsp5/rp/4=
nxbz7gvWnNzk0YYskgUUue3Gqw31jDM+uon+BXMQWs7wtWUvJQdpky/bDlCkP+wtk6yVAxsnDAn68zVKXpu4hRL0S6NrNI+T/XtVblo6xjdvOnVFVHBuESynOw==
J3J9NN31cV+iPL9GerAl0y/O4PUwNKDVFRghuAix0xWynNv7vPYhCPjWreoLoPThnofRcAK4F6fsx99Lp14=
J3J9NN31cV+iPL9GerAl0y/O4PUwNKDVFRghuAix0xWynNv7vPYhCPjWreoLoPThnofRcAK4F6fsx99Lp14=
w1rjUVIzJBR5CWJCAmajNjOQLk4wZWgb8X0KNAlZ0pmQKGQIODKN4F4g0l7Hs1mg39ixf1iZRIaawoFzag9zaWoQauiHCk4w/ySfFlsXXpvogECU1qrAw3ZrU1VeVJvFoNBTN+KYOzWePPQFIxJ24eLK3hEZaW8XCc7Rr0hU94t/5Htr8bvZ1m5qUl8TWintYEC6ieCn9w==
