cgnkVkg/Pu6umqu0JbSe1TOQLlIxbXIBtzoDMwdZ2rr8JWlnMTqKk00+0kOfs0rtg8+zf1C6bY+f7YRsUwR0Z2MbU4CFUkkO90qcHDcTUYHhjkOB0aWtwHwHV1lnUpnUo8hKKvqzFCiZPvEOLCRF7fLQ1C42aHgBL8e31itO+Y195ml78rHT1mdoU00GUintYEC6ieCz9g==
1UG56UIj5K/fW22oDDSRIDFPz3B6mIMu2dT1ucz2tEJFccOxTcc2NfFmbduSZM4evt/j3Y+1QTdXZX4BpayjMm8iAZLaUGGjh21HFjUNVyUrTAqf8bWx4s+Y5RC8BtzTMgRvJvcCOhRTAdSIomLwqL5NWZ8ROr3+bwH7fp/XVNF1epGwFQFQYv8BRljMheaz8A==
40Az/11j9VS/lBCqGZzahj1/ZGKCRr6AaaDrPYv/VTGy/kU5BTYcN8WUWbqP7DMtsQUPZVBCKKY31MFdwmwDErL7VHSI3XrBcT9yVXW+Mct7qaieWpePzVPtxdeTHULxCSQH8gsq7SKm6KWDg7WbhpnFcyUPhKYPLW21wgsgmaBQDrgTlozD1st6/vTXWQiYzioUKNqFtY9N4jmeK/nHDjNf8JGRcv0A6bkUQvtZGshgzcKz1A==
SCaeStygqxEEb+gkELtJwmzPkqGtQAtdUB16vK167dfdIlgon9Qydv5FSW5RCM/Qj/SLi9Ua7upiRAQcbs1aYKv0c2Iy2v+OZXA6ZzNWL0B6TBZwZCOkdSP5wlJ6gGgbPED/0YytcImIhZuUU9aA7IYMr07qYFXdQR4czAzCy5GqzF8jPOO3/7Pr
sqRFOyHW5Cpe+ZDjOv7VW0z4//a0/9AqtIK7vcJdICO0mbONkNxOgd1m1cs9/mB074GL6n7Z8TIhVPcMb+izl6UG1jaimLyAHlHi/Esoyz5ChseSZWwCO0MKl5ya0K7sFL8cqeMl+k4KnFAH3JzHjfzxyBUIGSPII4q4MGYQl1KafG0BgcKkUHxecw1KEOd/TL+P47P3
qQ6471KMVtd+hkRcw4vOIEz4//a0/9AqtIK7vcJdICO0iLuDltNP091m1cs9/mB074CL6n7Z8TIhVPcMb+izl6UG1jaimLyAHlHi/Esoyz5ChseSZWwCO0MKl5ya0K7sFL8cqeMl+k4KnFAH3JzHjfzxyBUIGSPII4q4MGYQl1KafG0BgcKkUHxecw1KEOd/TL+P47P3
l1zmzUvVVjlkcltsrZVkRc5/VdH6vwWnRcskKzf0hVzzcJkTvMSHyrTDqBZALs1HIuVTHQW0hvgELmNvLdqt993CGEgfP/NW/mWJjtFojzCP1MsrVbquimKkxLzubZpAq5SzgrK6v65lUHoHs7bvIHps1tDkg2SVI5mC8vogKDs8oL+xDE2wqYilW3TTtsAMhizv7mrAFb1B/txsjGILsaqsn8O8g/ffs8s=
Iw45VI1rcpJVQaOMNku0UEVML2VzVtcwB9cmDqunqJIWJzV0AW1+QZF/UlVV/pFLHelLnjpXb03zLeXXs90icelkZ/Irak2iBqhFg+N1ewY5BVMlL0QGj82t1cLrYDkg8E6YE/bMI1arut7095moGC7qdCg6xdUP7aIZngu5J45TnxCRsbJdgEl5dEIbGXpIwI3is/Q=
QiT3QNT1a7t4z6iUYeU51Ta6o1x67IjivLrIJodzpYSkdeKfyNXoWkEVQ59tig1nXVL4mF8JE2b+VWm+kbhvoA9Ea3sVSo76YlTkzC69OtArBNPScorfnmVgGjdz5o+w+vx2ACTzRGUj6aICunCIq7wwX2FMfVCZiJW7RJNmIJwGvE++KjA1zUEO/BxMsqshKjz/k3yzl++z+w==
M9fSPpJDLvRb6u+VpDzMum6DJEItZXFSrTgdIxQexpn8KGkIV1TjiUQpy0ughWeKy4PhLQneeJOVhalZVwdBaXgZU4CFUkkO90qcHDcTUYHhjkOB0aWtwHwHV1lnUpnUo8hKKvqzFCiZPvEOLCRF7fLQ1C42aHgBL8e31itO+Y195ml78rHT1mdoU00GUintYEC6ieCz9g==
QFxNc3jfWrZfemE2ZG/oV72y2F6nq1VM5D1SRzdnNoCE1tMnDdK9r50aiMB/8wNu/l15RrHgH+jPjNsjdfIecuLcdHTOZYqYa8wjClLyz5ZlaApPUz5/eLq0xtjES9Tto2EyutooOGN8eC85bIVAkYidq7yzPlDUxnT/5kqIpUXBhmykrGobaWr0D0tcy4fns/M=
atvICFPCPW6j/ZRKjARPeWXx/IBGst30pbmAof6vZ+E5r5qVHY75awQYU54iJ3dtG90tl/uNitER9N9yU/r1Qu54DcOrRVPmITVLJTd0Hm/lnZ2Co7DRwEje4JNOXNv2A+qWtD9pQDg2mmwoIjXNL4XSUV7DaY8uKw+oEUki5eAhKbyC0ylSKNi9+rPs
CwnxosLp8AR/6+1cy9ggCRPWg9/w8rUcELfUxSRaabqtHeKkXAdu3Pois5M4J55Njqhq8BAkyA7eR57ENmGbsurdiVDjb51y5U/B/FI0IyhiwI83nn1S521EOeJQ69CCbhdyK0zbRbpqsDxl2G+khFdR5UhxkS24nAYHG17gvm/dELma8/YfDu8F7ThinILOMMLmPwbmm673DOpY01jlmm7ZGwTTJqr2Mr4cwejDA7M2TLIydN1MWrt/lO+cn0gvj2o7xDxKlnZLQFLCWSshFKiSBLAXlxoWW81k4Rups4E=
Q1q5Z7Jo1L759cTIZLuacklNI2hqF554GMB/A+f49MAUPnR0AW1+QZF/UlVV/pFLGuhLnjpXb03zLeXXs90icelkZ/Irak2iBqhFg+N1ewY5BVMlL0QGj82t1cLrYDkg8E6YE/bMI1arut7095moGC7qdCg6xdUP7aIZngu5J45TnxCRsbJdgEl5dEIbGXpIwI3is/Q=
7Xb3/HuzqBRSfdXg1E+wK+h7FFRgCp5osOnFGvd0nrXXuFNp6Wx4h8OhrhQUMC3Xermf+z2vISI19qPrzIVnkhB3TIZ8aqIc9/thCiFzDgTDpaXDwKI/22x+P4WwCKvSxSwo8KE63fQe0C4+XPlfY5wlu+I/8zY0xF40i8F13bELp31B7Emn+AkSRbZDmoj0S/MNKVW+lxkdpWFYqDfj8Tuy5Ty3GP6S9vOYUG1uZSYQhBkFhiCANnrotBn7t0O+9+7Fpek2HYN+cd9u0zhHJfoy9UXUcO4RrLO6
68j6FtwPm+2f/hGvkKhY9sBGuLlkbmoOpoKqJduDi9v/x/Zbbxumjyy8qrhieFI1wOe8m81i3T8diiiwPy3iX/5tmZbxkL94Txy7k7UiPgLiLFQkjtVqCOtcg/qSoq+mZVhqH5PO3+g6JCZohBv0HaMREmoamFjz/OiPSSxVoKGIrUts807wREbkn1aKWIU1wXZM9Oza+/nqZK+7nJvn17PD
pSsqJrV8F8GhXGBKl3jY8kIyXMiAgnDtNLpCaoZmgjHLl4Pf/8P+T38PjmsM2IJsMiya8YAjdM+dtnVbvW6AJK+5att+6RECYQQXnO94E0fldvbGouiccN4BQmzLuKvugranomVcYguD2vcMGkAOvNRPPNnj1do+Skzwl1wMJ928wSglCCnD+GPaWKDmgDeC2gxN8YGyhKC8DtOdyoCHr4yP79Ozxw==
PGnxuVWkIT/sOxR+Yw3SugoyjMxVMHPCeqA3POEe/wjORxIFXH9CfMj78gDwhFH44665LAIQsuZ46RvrMAWXKrtDHAx43oiz5cVZ+SeH0ckoWYOglVJZ7qcKTPynk+FhUc5zYeGlnSBMR+e519IJNHOIGsrqswQISX6hrrykNU0CkKQOxmgIId8Hx3bbzmktrSY5W+Kxw7a3qAMtltKZjdCAiunQs8Y=
yJD2dJyTSBXRkg4A34Wxlrz+pxwy5aDsTAcsrLZYlniOS8ORh93/zeJFR3maeXzmbnYayr6TYA0I5UXgQantMEwe53+umb4nTUiZskNOXwa/nY3QEmQCBiAaRpc23lsmJxQKMCMg5dL+gTssY57q/mImfCmYO4N7JpQSmkTljNJrZ3SHbOdIZx8yG+yM8tZ+G9gyKinTody4SqQYJ6/anovVhInr0bPJ
zJyBHYo8d7MUxzVveUSaNSYtYLsqXiNlf06jCBEpCDr6hkIQQlkw4IOAWBEll471KVYFu6Nzxh62z9s9Z4UZd++1lqE93Cuy55KZ8nKAmWPfHW82zR1fJSNc8r/ZxekiN0hNcCS2VFO6dPeGH9KCVAsxPGiacviotl1h/3kKZT7XUZPeByfcUf3KCVC9USgiJ/FueLSV7rP4
NAF4mTXAQMu2RZ1QfrxZJpa/9OqGPvGXTbnVNwtdCIOG4aHkumn1DIn9zSxUOre6QSI+m7WM6Z5LWj9aZ3kdXLqQQnoYHnb7fgr7ur+w2nxLFOXuhsXLgOsKCiI6QmwlsE9Dh54QonaMsazOc0MkS4RTyNvn9mvAhOa2IsM8oqaBJ+GggE6UdG97egITcVTFg+Wz9Q==
cfRPMzkv6OOjLLGkjiS9afLZxu/qr1BsB+nFAIGJ7RCM/mcV6ba+Bw0oGVKDbl8mf30NsFJEAiZgesZ39v5bBuf0ilBjAOXyvuG7zKO+6t6ixvxJ2BuDW2b0knqExYzyq4f05yzHSEdfUpsMTNLWXts4skpp86H8+Cok+OeP2r5LNQTpq/Gz6Q==
3pMCB25mhAgG97n6sMQf5ExyTXsoPBNpdGm7KxAF92obw7dLF95oc0VF+TnHh/GJiNlj4PVSeS4Hiiy8R5PBITFOk6HBpb3grMeH+ffS6XQTCLoKyrNkSKn+Ae6cpNWNohAEziZoaGF/h2c2u85J7Q2mWZsCseP2Fyjj7fbSuU0wAOqp8LPm
MLYuuuYMnwvKzRzvg7kObvDZxv7ouVRsB+nFAIGJ7RCM/mcT6ba+Bw0oGVKDbl8mf30NsFJEAiZgesZ39v5bBuf0ilBjAOXyvuG7zKO+6t6ixvxJ2BuDW2b0knqExYzyq4f05yzHSEdfUpsMTNLWXts4skpp86H8+Cok+OeP2r5LNQTpq/Gz6Q==
kcQRdZAbNo/iWhmmldoH5ExyS200IRNpdGm7KxAF92obw7FLF95oc0VF+TnHh/GJiNlj4PVSeS4Hiiy8R5PBITFOk6HBpb3grMeH+ffS6XQTCLoKyrNkSKn+Ae6cpNWNohAEziZoaGF/h2c2u85J7Q2mWZsCseP2Fyjj7fbSuU0wAOqp8LPm
O/xQv1Oahq+v8PWdxId2u0xySnsmJBNpdGm7KxAF92obw7JLF95oc0VF+TnHh/GJiNlj4PVSeS4Hiiy8R5PBITFOk6HBpb3grMeH+ffS6XQTCLoKyrNkSKn+Ae6cpNWNohAEziZoaGF/h2c2u85J7Q2mWZsCseP2Fyjj7fbSuU0wAOqp8LPm
dlzZfK6w3g+HB6Lo7S5AQnl0M6ggQCRgaQftDA0vTjz6iBJDVFEr84KHehEll471KVYFu6JyyB62z9s9Z4UZd++1lqE93Cuy55KZ8nKAmWPfHW82zR1fJSNc8r/ZxekiN0hNcCS2VFO6dPeGH9KCVAsxPGiacviotl1h/3kKZT7XUZPeBybcUf3KCVC9USgiJ/FueLSV7rP4
aQce4xLkATo9AEFPjJIgSomwykxetSGWZIO9Hdswtk41YgVpX3XcxYdhod1eIZbH7QVxJlDZPQEhn+LVxR5BC0rLtJ5Kd7+No011VwO9krHZBHfyO0o9YvYINQNz1StG6eVjJR+k1s+dDUVCm8DJ4IBuiBPmrBOWG9pudGf5+Nj+ygQoyuWFTz1CiR67WZfOY34AkaGSrcA52YTCi7mqiJDt0rPE
Dsmf0Js6ht1TgwmlEhnIjgj5EC3iVCd3GCs8440wnXPQbdcah25JqoiL9Bi9GhVtWFthq4rW8mugiFUWP+nRWlcEJSspnq1A9x/HEexkfHXtMyMjyEClNAKrhYPFbEMyT+KhEnqQQaOnreeWlc13JQuMqh9RdZHi71hFkBzG/NPSxA+mF8JaFLPBtAhCopCoXg05H/F63f6PQZv+f5Y00VU6MTC1QXBi30Hm2GzFxrPQ
Dsmf0Js6ht1TgwmlEhnIjgj5EC3iVCd3GCs8440wnXPQbdcah25JqoiL9Bi9GhVtWFthq4rW8mugiFUWP+nRWlcEJSspnq1A9x/HEexkfHXtMyMjyEClNAKrhYPFbEMyT+KhEnqQQaOnreeWlc13JQuMqh9RdZHi71hFkBzG/NPSxA+mF8JaFLPBtAhCopCoXg05H/F63f6PQZv+f5Y00VU6MTC1QXBi30Hm2GzFxrPQ
QDwjtk5KjH9Ih0Xppw5myMVaqJQOOJqrCVAKrlWYKoiru56OjSYQ/NsbE3r/SicVyjIl46GDezzQBeeZq5QqpPemBEHUJpzJnfdqLHHmenPRV+DH/CRfqPsszvorOA2iNX1BoPAu9zuazcv3Trs9N8BoaZSOA1HT0XSfcpN6NUKu+E3Da8UT5mG1iyX39F5vpR1dguMwkcCIXiCTDtwb9sNq1rR/6YA4dhosKOK1DS/FUpFeA+nPLmuMaBEJoqXg4al8gpOpkigYPbqzrA==
HQScczapWslD+O7GbUyl+CTmxeJ1ECiq6hkGtFic/OFppypZ94hSwgJVLAL1XbbQxAfw2g0omoqA6GETjLZrLBGcYGHDrKmO7jWg/kgnGSlkKyX8QfGs5EwVp2gJE+/V1liU6krlKm7issbc88JYbYwgd1sbsNd7sTID2ZY63ENR9k+g8hQCdsBqhufWrttWx2TKQMNQ5aIe8ftcg+5qjoJWvFl4S4MLxuTS6qSVDKKLF7T3jJdIF/9C25xsglYO+6jyWsqjoaxYOmRox99a7mulRPkLobO5
igWDcLjHfIyjZhwTrPNEJQOxLgHJoTFXKGJvSuYF7VIbMOBkYTRcec/d4Zjw9BKM1S38EWzpcrGCXvQLAXUdMcunvcEsSed4SRIFNgOayHQL802plb5Xmd2lodhoNyNxe7KlvPcYvhK289jQLW6lptCE2YVGIEC2uuj0mbu3Az637oUlqTbdAL5xH+4TOIelOjI1xZRwrpHss/o=
7+rhkIINdqIfGo2B2E8kfaG2XuaEq/nuzH+JkuCOqEsawNC707JtMk65iF1OEGWHX702RcuvvhcteFkCI/7ftt8tTeByVAI2QCqGJ1Zu25ZHpMoAQxDl4p6x+5wDLmpOApa8GfgLg0tGpNIqJFUMYgvXtLcM10hXfwLbXOxCVs57aPIaSuOh7Nh6ZKhHH1ou62VEuYvhs/k=
jxV8SbL4Bs4edrxkWv81PJkV9ADVUfEypus+c5GcX/Xcuj1qnzkSXh8ubbVhFqVQhvHnPqtYzzUS8t313BC2ITSzIg==
tLEeNW+6M3BwE0KNbSOmB8hCtLFhWjkUqL/lNcHK6Nms/cp1Xg61nS/57Kd0Oxg1yPO3uKA7jRkppzLJSnK4AaJtgIe8jYp8TCm1iLciPgLiLFQkjtVqCOtcg/qSoq+mZVhqH5PO3+g6JCZohBv0HaMREmoamFjz/OiPSSxVoKGIrUts807wREbkn1aKWIE1wXZM9Oza+/nqZK+7nJvn17PD
gWkYvY45VLtz1JCs7iBaxKmjla2fmYCS0ug6FqKY2bZz38xiFHyt7LOLfS6/4KxP8W/AdTYn/Dsbblnv7ac1QxaQWD9yZTWmQ+qJPlaWjmB2xES0PGVAgDxqJFFTaExa/CZDwJSfM5uHBU7BNQxTMl/CkdIqcDEjNw1X1kWthyX77Hpf4dUBYp+4FVAs5uzTwqT/5sdi6pQjIcTIEoKgqG4t6V8BGk1+P+HLPg9zJNFFGgFwZSGA4k/hVhg8JbazoA==
9H+f9azPczzuMfV9yGfFvFHS2ls5OYJyyd/X/TkayObRVsprGlENKt5BHan0SiLNlNq+zeADQLxsdGi/pVyjP+XThuHKR+A7v/xQDd+3VjjQsWp0gmaFBf3QHzlCG0xc5X/5+kXdPZwVXHj4tgR9L85Fbh2H4bCzGcLlix4cBp3cS4/xOIUN7QLHZLdJK7yTkGv5s78gTrPBXGHscckOr8KjU7J38T0UavjCEshWVnNu4rtSL7h6NJt85YZWjWuIe+JKyirKTG1gJ8PvTliC/pxZ7CbjS4QDVDvIsze+y8gUDvbK07SC7lVPYchQBrT8f5M66oN59I1TjbOd
hNop1nUjhvfgks/7+8/5bIgJseBgcs4ubHA1VWUy66T4FVmnFG2KdMGMGnqh5fcfEQw0Lc4mn9CJhqQ9qZuBsvP+fs5CUzxgtoyHRVI/1rbggeCQxOAsI34pXvFDhQPDylBquW1d0+WC+dHVBpxdVHVBwj4QmhaGK9AS8v17IWRIgsQAN0ea5jtdJNG7+bPx
ALhNi/OtgjxMwrMuqLD//iJgaxzLKi/LKnuh4dDVtUAeFEgn9vCwGnwV+0i1ShjzlQHjDyRSfPgiS+WxlKkPyMGSjcarOrDE0zN1+c2ev4nVpanIgBd7IUNyfQyPuBbiPnNQYMWOHdaIRCFVHkBoprLo/ImTV9tuz65d1RFWtbc28Zeeu5h/FWJyDRVMUMaB5LPy
KaadKqbpn0ZBNsUSGAot6TOfOUk0eGM8tzoDMwRf2rr8JWkIWlSM7ypA3ELY9R/w2dqkexGBZ4eYwpBARitBaXgZU4CFUkkO90qcHDcTUYHhjkOB0aWtwHwHV1lnUpnUo8hKKvqzFCiZPvEOLCRF7fLQ1C42aHgBL8e31itO+Y195ml/8rHT1mdoU00GUintYEC6ieCz9g==
gWkYvY45VLtz1JCs7iBaxKmjla2fmYCS0ug6FqKY2bZz38xiFHyt7LOLfS6/4KxP8W/AdTYn/Dsbblnv7ac1QxaQWD9yZTWmQ+qJPlaWjmB2xES0PGVAgDxqJFFTaExa/CZDwJSfM5uHBU7BNQxTMl/CkdIqcDEjNw1X1kWthyX77Hpf4dUBYp+4FVAs5uzTwqT/5sdi6pQjIcTIEoKgqG4t6V8BGk1+P+HLPg9zJNFFGgFwZSGA4k/hVhg8JbazoA==
czHydeXzz1JesrevkWLPfVa9xaft6pkwvp69v9dTAHO53P7JxP19vbRx3LNNhhpmtsHd8iHG5T9mbe4dQ+izl6UG1jaimLyAHlHi/Esoyz5ChseSZWwCO0MKl5ya0K7sFL8cqeMl+k4KnFAH3JzHjfzxyBUIGSPII4q4MGYQl1KafGkBgcKkUHxecw1KEOd/TL+P47P3
EFgIzFpCLVrWYHxA2hgigQj5HiXmCiJwBXxo7MJJvFvqReQ1tEdJq4TKux/4CQx6RVphooWf8m+sthp9P+TcNEoDPFg6jq5F6VyfArJ3N0HBCw4a1mywGzelnoHFbEMyT+KhEnqQQaOnreeWlc13JQuMqh9RdZHi71hFkBzG/NPSxA+mF8JaFLPBtAhCopCoXg05H/F63f6PQZv+f5M00VU6MTC1QXBi30Hm2GzFxrPQ
1rH6rBDnmTGiLD5JOFJCvNEvIuTF6IsgLWunTQ4jBnVYbpHi1X9C7zwWar3vhOw0OiPsGIpuPsUZ/M/CghcnQdHrPloGzMCbp8UuQZVMszJ/AvFSijDRIxfNN1bl7WclG6za34EVIWJ/+LXQTCbM0yLkX2anosqUw2FkSHJCgKhObQnfodotfh+hK76vs0TRZVrh8MXh4OJvobaYnOXWs8A=
SPMwHcL7iTGcA4DOa+35alMf7ZyuyQFT1b8hWTx4awyvGusDfB8CalRF0fjS1ARf0uC0EgA1J4DxOrxrGYFvl4CiuLB+axm5kLkrMA3SwX5PqjRMb9OpsYmuW5HZpaXQZCc/aZ+SwYQLKPJacjOcmOGeGd50ZH0d2rDMPj5ocBE3J5+mE44h3RVGkc96MVsm3wj7nd4SUd2IYKKZ6LP+
XrTM47IqgCpFrzMI8fOGYR4599h9RI+9Xts7Pm4gNoIEeCOl7H827rn+JG1wSuEex27VBTn2zacOcW+OA/gXReqyBaXkMJ4xPLMq
D1L8L/WFb1iOS0+jvo7gnH9+ycktmnpqTnBqfUz3yalDERI1mcvLkHDFQ/lLvqTF5GekC2Aed6/Dr2AOHlGnqz7gCLimGGeqeqR5yQGKtAgcJgMFCphXR2xnHyuzPw==
TV7N45x4DeDoW6ug1ZXu00Uz14VrNhDOKRG4u92SyPhAblLI9ekaJ/Ai/z5iobYSF1IRXoPpTy7ri+gRiaIl4GGp/IITqRIomD06syw=
ISPJqTu+sZeTL7KuuBg9ABAgWMWSm/eGOvBCaljYnw14D8J2NX6o9QS6dbZ7zgltzaYZH0KxI3ZXKCNtNtL5zfAAqikwsyY=
UkWYK4youFT+/OZXwWpqCBEgWMWSm/eGOvBCaljYnw14D8J2NX6o9QS6dbZ7zgltzaYZH0KxI3ZXKCNtNtL5zfAAqikwsyY=
rgV63Ry9f+eaJq4qaqF0fhIgWMWSm/eGOvBCaljYnw14D8J2NX6o9QS6dbZ7zgltzaYZH0KxI3ZXKCNtNtL5zfAAqikwsyY=
5oQMxJ+Flg4lNvxomw5A9jxofKU3WyNpax25Ag0vCi/0phIdBxR0tKKzRHgynvaFUSwX4uon30Gp29Z6XpwIW++1lqE93Cuy55KZ8nKAmWPfHW82zR1fJSNc8r/ZxekiN0hNcCS2VFO6dPeGH9KCVAsxPGiacviotl1h/3kKZT7XUZPeByPcUf3KCVC9USgiJ/FueLSV7rP4
VAEz/hhLHfM6vM20wOUvRw3xb0adtDZMLH9vDqMK9xsYP+ZSKHUdMJaUwJeekAjqpFWDGG2qMOOdAesfDDIkKNqLvcEsSed4SRIFNgOayHQL802plb5Xmd2lodhoNyNxe7KlvPcYvhK289jQLW6lptCE2YVGIEC2uuj0mbu3Az637oUlqTbdB75xH+4TOIelOjI1xZRwrpHss/o=
XwLx5lBad+7USmAwE/2D1NZmBDBSidI3eKLAof7ssyieZo33l5vwy9lEbkFEde0lVMms+41OKh6W2c36Ic71J0YV3tWDoMMvRZ5GviIQLBh+6RI0C2D7xmKe15plZBIjY/Kn1NoYXlR0J4whY61q1uokIE8cVPf13OnYHQgRM9AD8oj4pljn6nrk+YkBSjTIHOaDxQpY14dsp5/rs/8=
SmAPUoAFNDUE1/abUQ2tuXPNeZbdFyWInKvo4qcmlnyR4YdpxLXhrkInZFcJCzzzUM39HP7AzpMBPGGMsemOT4IDUxK3kb00KhjC8oh21hOuQrvyb1j6FFsc5eaWretoO0JKauqqzE0gx8MPDngCnlz57IajqwQjlFvI0/eeSyhUrvZqE9QCzhWvYSgQJjScvzM6SsOZdK2T7bP9
n3TlIeTu9jYucfqpko4SmZqu3oKfs13HyERYs7JFnIjKwBttRuMg5EaE33YKuEGVwdYMlGz6OxnqxO/bHLsnN7Mj
aKoDU5W9uht69yaitWDjHRtT9ahUO2vD/8Bx81jnAqGuuUU2qKgAfwLpBARKTIPB9i94CCZox3o6lJnZAZrUONx2o/WKKLcXLJc/O7Mv
YRtr/7CzGraDFaKMKEZAh51P2GdBjn0BuLUNDSWH0NvAQkkHAIWmhcMxhOaqu0QzMoykAGNeSub2BvVqf0WcWtjigd4zib9uu2vYEXmCdSDRCQwCg0lCaGgdKrM8
JrqGvni1HQyMN1EjBdicEVo47Mk0EPX7WIJ8dzIrNIBCMCWy7H4AqqOqKWlqQv4Ox27VBTn2zacOcW+OA/gXReqyBaXkMJ4xPLMq
wxfgrDR6MeCVpC0sq1IQdp1P22dBjn0BuLUNDSWH0NvAQkkHAIWmhcMxhOaqu0QzMoykAGNeSub2BvVqf0WcWtjigd4zib9uu2vYEXmCdSDRCQwCg0lCaGgdKrM8
lkwQG0p7EbBsC8tiziacE0UPYaPd1bDIaeVfZEKL2gt9DMN9WDq54gOpfqZ7zgltzaYZH0KxI3ZXKCNtNtL5zfAAqikwsyY=
kRVmYSnHNNG5P94vpWyd/0UPYaPd1bDIaeFdakKL2gt9DMN9WDq54gOpfqZ7zgltzaYZH0KxI3ZXKCNtNtL5zfAAqikwsyY=
tLEeNW+6M3BwE0KNbSOmB8hCtLFhWjkUqL/lNcHK6Nms/cp1Xg61nS/57Kd0Oxg1yPO3uKA7jRkppzLJSnK4AaJtgIe8jYp8TCm1iLciPgLiLFQkjtVqCOtcg/qSoq+mZVhqH5PO3+g6JCZohBv0HaMREmoamFjz/OiPSSxVoKGIrUts807wREbkn1aKWIE1wXZM9Oza+/nqZK+7nJvn17PD
ZyMzj1dsmBSqJn2z+1CzEVERc8gl73rb7OgTBIOgaT0WlcoBFLYbI2E2NnKjjGJWJXfh8CC+VMQPK/rS88EUtSM1syU=
LSRk1J36+UExmR9hjSeEXXZ+e78sVCRqKAD8FSxmCyLyrBIdBxR0tKKzRHgynvaFUSwX4uon30Gp29Z6XpwIW++1lqE93Cuy55KZ8nKAmWPfHW82zR1fJSNc8r/ZxekiN0hNcCS2VFO6dPeGH9KCVAsxPGiacviotl1h/3kKZT7XUZPeByPcUf3KCVC9USgiJ/FueLSV7rP4
Ne5q18X0l1foT7Y6LqgdQ6Jhi8Z8dje0YUtkJ7+jWhuH5sXFKF4Szvm18eA8OsEBDHQ/1RTwGaXQvqZuM/uXupBNQYZvYfBDYaZV2ozf1DiU8+Avvmu4va/5eTnybyGqM3o3bikwLpl8LFeq3OtHGxb3gAyLMH3ACJot1Ev6o9E3kAYioeM8QW03aLcb75bknyT4L0eLl5gZElWWM1p4VDtznYkF/kf5LaVRuHh3s1GrMpWcR9iOsubziDBdrtVGoASJZdbgUBYK6EQ5q/eTXmdudUVZdi1nbnHPTiN4N4UKsmXlBLC+cZyzig==
mQkiEXdNW1X5nbAIlrL4B08QLkdnGIK/qEh85YiP0L6m0abvkneIr7wzJoNizKWYupeYWVCHf37n59eZey7WirnuFcsGquWCRvS4E3sxpj+beYVJ9xXLPEmIq30btCTI4r4UrrzTH/+s1igjb8JlnX95hhxM8Fb7Crym5G5Wf6zor7hGT6EnzpeJFUSLMzp0jKFF8Fd6Lkpi5ET87i0agKtUM0Ky+j/uZRD6R7N2b+B6rFaQ5MPk1SNZAjL64Kh7POA/8QyNMGmIZdu00/ZATIZsby5qAJF9Qb5cLIwii3GqbB8DvMN3n7OL
Ra98+Y3zrl9GIsuQyHRb7TdHmeJJCRN9gJC/WKEBzWWtMVHN04hfFR6K3zVUliMyNP52uvMkwv61/2F4sBb0bF/juhqj6TSdMz2zLQ==
Ry3aTlXNm+QMmhhvCymZ2PCPIV6ptDoKvAqOEe3OGgGBGRxSSsSz3bMrSEgNBJChyxi9zoUBWv5VkHRJc4OhgqCGm1taeECETcPIYOZAt0LazMkxgfIE4LxOU93KwAdvjE9vE7MH
sPaM6WAg0rsgPNHnsRjFV2lQ+nOiUBFXUVbMIWexH8Gx71zakYqF8Rp3FgYTxc2q7pfNS/3VUIgJYf0qYou6y92MY704Olmioyne5pvOKa1tJvnfIrEDNveoQ63W0tkNkIBKaRCzBg==
qRuuBLqDqgux3HxGu2HJ9vPGpB74sXgirYq5CT4HUs6/pWEiagdpkyGVDFDtcfkijqvWAxk8BwXEuiUaR5marnfuRaVpNp2H/nFfblM4xyV6MnVFVHBuESyzOg==
oO9Iy4BQljNDZDP+6AKGpjXpJ4MP5dkn5rx0KqmKvQEyF07W24WFGhY3pdtlVcgYoYFFWipLcpuFrIuNQDqhkssJBjbTjuFd1UZRTroxm6YfCDsdHhKRXUhgYhkosz4=
LpAY7nDaJ+2cmZyb4Q1SahzaCKY+1/g90bx0KqmKvQEyF07W24WFGhY3pdtlVcgYoYFFWipLcpuFrIuNQDqhkssJBjbTjuFd1UZRTroxm6YfCDsdHhKRXUhgYhkosz4=
LxL6ifvmV+sYtostxcSiKMkDm2ZLk2oW/q4rCj+FuJ/EQkkVF478n89/h/WqvEspL474GyBPT+TBSYJ6Y1aBQczigd4zib9uu2rYEXmCdSDRCQwCg0lCaGgdKrM8
AMI1CyvpgCMZqzEiuBCY9gj5EC3iVCd3GCs8440wnXPQbdcah25JqoiL9Bi9GhVtWFthq4rW8mugiFUWP+nRWlcEJSspnq1A9x/HEexkfHXtMyMjyEClNAKrhYPFbEMyT+KhEnqQQaOnreeWlc13JQuMqh9RdZHi71hFkBzG/NPSxA+mF8JaFLPBtAhCopCoXg05H/F63f6PQZv+f5I00VU6MTC1QXBi30Hm2GzFxrPQ
ulsMoB0JnCy8rsB97BcsrzdHmeNJCRN9gJC/WKEBzWWtMVHN04hfFR6K3zVUliMyNP52uvMkwv60/2F4sBb0bF/juhqj6TSdMz2zLQ==
huD6hjmfvQVXGhdyMwMlWglfU3p/bRBn5GXAwp7uuS64iUkexkRgZ/VRJIpAdQxdGip0MtI2FVn3OV+cJ+zW3c0RqWyqZyHYwoPPPmv79mCsuvRv7l1/tcpvBaEFPuTTPY04vl34ll9myoNDefHtMBRBXXw1v+VElmqlS4rZJuOqkFmxsTQ7zptScTgs9Kpv+ku3jRDT4bkLPsPY37lzDaG45Jtj0imCV119nUF5aqac46QumJwFUpw3a8pWSLK5tK24LQ77Skw1V3WOn3zvMfIkC+GsAFn4X6cflXc9S2jJ4wno8S97XJGj4I5UOvxErc1SL7Hs9rDAo/1tjbMAWEthCQETLDXHN/mlm9AuoLRA9nRWhaUxfwwsJ0rNP9glRne5Jj9wTWDYmv20u7pTsccQ1kIxoyzh3TfYFwsvBgTPpIjPN0vneEkSBTYDmsh0C/NNqZW+V5ndpaHYaDcjcXuypbz3GL4StvPY0C1upabQhNmFRiBAtrro9Jm7twM+t+6FJak23Qa+cR/uEziHpToyNcWUcK6R7LP6
epNO1UKSilNdOZHw0R+JfbJjNC3i6qXt4IO5N+QSTEB9KOMfJGimIKBsa27Xj6j9q8EEQ/CmAaUI/3KPGwlsGbO9Z8UDv3Spa1jmNbPaJHAf1waTQtk9vYG2+42vwGtOajUFkuWFXP6UD8HxWvb5gnVstovZ0A6GQ0wqMYpA4eFt11Xl2IRz8ngCMKwiJOL30MtJBXPanwPP6LcMPsbS1K1iG86QGbkA/vBcAA1IZ3o9K2BDu+mcayBs/HuXzqD9vAPPOyUlr413s/JC5+AUBBhO101cpjN/XBA2mOda37zpGj7mCzSK0sNiQoazFbQvPv1CstVf3YKQ317nw5hHZodxboSpVEPQ4Iy5gAlwwYuKQRI/TpnEFjm48YusosBGq0mzqd/EhNzcFD4PSkjOAH6S95jIG3BCn8XPuhf9/SBbN/LArJXNNEeeRr4iECwYfukSNAtg+8ZinteaZWQSI2Pyp9TaGF5UdCeMIWOtatbqJCBPHFT39dzp2B0IETPQA/KI+KZY5+p65PiJAUo0yBzmg8UKWNeHbKef67P/
i3bVNRWODtuwX8sxX5oRSaWNAjnSB4wbU1tftW3YPyceZBMJtWdOD+D9WoTKe8Zh6MZGFZ36B4sK5KYGRZentvgbuf0qZ0ZsWiB44NOSGCslwlHEJJm9jSgTPukLzMijherJc0SE5uoea5x1veFg76/1xxaW19fdclrvcDSLLOqJV1s5X1Se0Tc4x5fnULwqD98IcdSnwIBT1YP8mVoR8jvsDvyYi7AbXQlieyPtIT7pjB0RAYlL6K5/UdoLVh399wnjsVjClvPOamo0h8Y2d0HeVGBA/d49Mkm8M2hYP3c/Wj30XdW4dOHl3iibrPUntcG1FTlsI7NDDEOn2Yjbg+qadvJOICddOGtDxPSk6uNX+Q8b8hwhcQNlIeSXU71Z70/yJpJQCqae0vcN8ysmLA0eD5eqoawn88INeG+0kjp3IBlyYdXNALwGwwuudXd38gMJB/RApTQCq4WDxWxDMk/ioRJ6kEGjp63nlpXNdyULjKofUXWR4u9YRZAcxvzT0sQPphfCWhSzwbQIQqKQqF4NOR/xet3+j0Gb/n+SNNFVOjEwtUFwYt9B5thsxcaz0A==
DtdFXcT/1YIcavH4Z8l2ZDadfrKQeWFs98+mklOvqa2wqapy3Auv4cskIoVVVO1M5GlY358Xco0Q8n8CjUd1BkZqZi4B/ZzX0/RIn1p0cHnLhmS0qIsz1HVzreOd3H6Zc/Y8fC+73l8iVaXRMXqjoa/sM4LaWZ0ehUmEkqQD2d2aWmEOxQBuR7ncFupzgHKdCuy5LV27Tem4SKueyI6oAOII+vvgp5HJE1YHb38k7yA+6ooYHQ6DQvDVYWzO/EQszeT/9o1HuI/b5YQHEKCk1xdi+DGMb9c3Rel34cc/au4nzAwIKCIPgTwqqxPs3G6053aHcFl2pmpr+FK+825aqnO5LKOOkZp+tVPF7qATBktDNB+qtx12iMmYm7xQACEsyVzZh7otyvMuFVx6iXSpp6yOmIobJSslvwhcsOwYJiOK5FaMzv4vVKgXaC6vCZcWl1Gl7Gtb6szMWRVY9xLeEuI8NBROhcr4a+xjqtJSj7ZlSErv054/WLrUhjhEK5QNowHyWlpI+IN8WO+Z7CWAsYi9axwznpD0xpQ/hspoYCXBZizELIpbCWrUT+vca8fHs9M=
DtdFXcT/1YIcavH4Z8l2ZDadfrKQeWFs98+mklOvqa2wqapy3Auv4cskIoVVVO1M5GlY358Xco0Q8n8CjUd1BkZqZi4B/ZzX0/RIn1p0cHnLhmS0qIsz1HVzreOd3H6Zc/Y8fC+73l8iVaXRMXqjoa/sM4LaWZ0ehUmEkqQD2d2aWmEOxQBuR7ncFupzgHKdCuy5LV27Tem4SKueyI6oAOII+vvgp5HJE1YHb38k7yA+6ooYHQ6DQvDVYWzO/EQszeT/9o1HuI/b5YQHEKCk1xdi+DGMb9c3Rel34cc/au4nzAwIKCIPgTwqqxPs3G6053aHcFl2pmpr+FK+825aqnO5LKOOkZp+tVPF7qATBktDNB+qtx12iMmYm7xQACEsyVzZh7otyvMuFVx6iXSpp6yOmIobJSslvwhcsOwYJiOK5FaMzv4vVKgXaC6vCZcWl1Gl7Gtb6szMWRVY9xLeEuI8NBROhcr4a+xjqtJSj7ZlSErv054/WLrUhjhEK5QNowHyWlpI+IN8WO+Z7CWAsYi9axwznpD0xpQ/hspoYCXBZizELIpbCWrUT+vca8fHs9M=
Guy9BLxlPETEmNYLCvYXZY3I6O7gGZkXNucFmdNEN26wuwC2nA3kJ2xi83aq1clZGoYosfuns8dtPtLl/R3it1nvYAIXtIPUkC4KCb8Z9BcLfvFdsOKXzhNyJ6kieRKf4W/pGA83L3aH7DLrwdjVY2CMnAHV67ogtcCN0tIhSVaSFOsinsvKNs0DdclR76iij8AwzOT2grJudWg17W+jHMNRJ8bDNj7wvvZ1PF8EIH8F8nZ+yJptHqu4RRWEaavvgHkIgsgBVzgMnySdS7HVg9M/v/2mmMf2GAYgMPOnDODvrTS+wiJn7DMescT6rDvStqDLbFacU8P4bcZDJhhF2UEQOLHqHYPua4Sfb2qO2XK/4qhCbdqp5k0JMr+2VZ5fmETRloWxrJSsZHMX92NvojguVJqqlSoeAsIGrBOy2B1sULcr+8DXC1FCw6l2SlwzsYaP0BJkAgYgGkaXNt5bJicUCjAjIOXS/oE7LGOe6v5iJnwpmDuDeyaUEppE5YzSa2d0h2znSGcfMhvsjPLWfhvYMios06HcuEqkGCev2p6L1YSJ69GzyQ==
aHbM6Qtp4vssq2FALH6PJzg3l4u0I/2spe6JeJZw+XfoTTtu76Rfg1z+uI3nXz1zutTULgXmpWcH+VX7QO6wVBB2xDZ15YHfXCx36nxrJ1v29+vJLLDdACiazRQrekORF5AmYgFjXAGNNwh3+282JL8k2O8nC3fYeRJ11pPa2BTbc/1J5X7nOQ2lcXjY91ORyzJ13OdYLvLG8+hwvS61hoAEqaV2YLDWauikect3Mx5HblUFufZNpo5x746D+JdFarKFpWQwHjG8s6o=
l7i00hxdqI27dHPC224lhOf9eiUV+BpZJkQTQrFZRWksvp1WN3ZS59ZVDYZfbibgh3qMc7anrxIdxiecVhqWQdqXcHCkgUyBeL0QnmxC1uqe94idMJ0A3EaCGqdnWikyf7PT9lie0lTwkKShE/mszBxME++na686w0L0IrpdqsYyaubUwzqYBRy4lxNriNdT4WqjUSZCnKtB7i9oAqyC3hCypu/mVhs+V/wqCLNo5YpOqVvUM5YqZpJO3JGI8wOjFjzy4pRtzMobj1S//K9IP68aexTc+hbm67CSkjwbIQSI4kRg9yeahvs9pLF7mbOR
fDJdPcUDAup18Vu9EitXv+f9eiUV+BpZJkQTQrFZRWksvp1WN3ZS59ZVDYZfbibgh3qMc7anrxIaxCecVhqWQdqXcXCkgUyBeL0QnmxC1uqe94idMJ0A3EaCGqdnWikyf7PT9lie0lTwkKShE/mszBxME++na686w0L0IrpdqsYyaubUwzqYBRy4lxNriNdT4WqjUSZCnKtB7i9oAqyC3hCypu/mVhs+V/wqCLNo5YpOqVvUM5YqZpJO3JGI8wOjFjzy4pRtzMobj1S//K9IP68aexTc+hbm67CSkjwbIQSI4kRg9yeahvs9pLF7mbOR
GVP0nGXyQckH2MXj0chQeOf9eiUV+BpZJkQTQrFZRWksvp1WN3ZS59ZVDYZfbibgh3qMc7anrxIdxiecVhqWQdqXfnCkgUyBeL0QnmxC1uqe94idMJ0A3EaCGqdnWikyf7PT9lie0lTwkKShE/mszBxME++na686w0L0IrpdqsYyaubUwzqYBRy4lxNriNdT4WqjUSZCnKtB7i9oAqyC3hCypu/mVhs+V/wqCLNo5YpOqVvUM5YqZpJO3JGI8wOjFjzy4pRtzMobj1S//K9IP68aexTc+hbm67CSkjwbIQSI4kRg9yeahvs9pLF7mbOR
BTjRmtCplVCpEjkSqTgTI+f9eiUV+BpZJkQTQrFZRWksvp1WN3ZS59ZVDYZfbibgh3qMc7anrxIaxCecVhqWQdqXf3CkgUyBeL0QnmxC1uqe94idMJ0A3EaCGqdnWikyf7PT9lie0lTwkKShE/mszBxME++na686w0L0IrpdqsYyaubUwzqYBRy4lxNriNdT4WqjUSZCnKtB7i9oAqyC3hCypu/mVhs+V/wqCLNo5YpOqVvUM5YqZpJO3JGI8wOjFjzy4pRtzMobj1S//K9IP68aexTc+hbm67CSkjwbIQSI4kRg9yeahvs9pLF7mbOR
qQbm8dK80IuJI2fEqQN/yuf9eiUV+BpZJkQTQrFZRWksvp1WN3ZS59ZVDYZfbibgh3qMc7anrxIdxiecVhqWQdqXfHCkgUyBeL0QnmxC1uqe94idMJ0A3EaCGqdnWikyf7PT9lie0lTwkKShE/mszBxME++na686w0L0IrpdqsYyaubUwzqYBRy4lxNriNdT4WqjUSZCnKtB7i9oAqyC3hCypu/mVhs+V/wqCLNo5YpOqVvUM5YqZpJO3JGI8wOjFjzy4pRtzMobj1S//K9IP68aexTc+hbm67CSkjwbIQSI4kRg9yeahvs9pLF7mbOR
e4uLZlWDXfMkqTph1yOvZ+f9eiUV+BpZJkQTQrFZRWksvp1WN3ZS59ZVDYZfbibgh3qMc7anrxIaxCecVhqWQdqXfXCkgUyBeL0QnmxC1uqe94idMJ0A3EaCGqdnWikyf7PT9lie0lTwkKShE/mszBxME++na686w0L0IrpdqsYyaubUwzqYBRy4lxNriNdT4WqjUSZCnKtB7i9oAqyC3hCypu/mVhs+V/wqCLNo5YpOqVvUM5YqZpJO3JGI8wOjFjzy4pRtzMobj1S//K9IP68aexTc+hbm67CSkjwbIQSI4kRg9yeahvs9pLF7mbOR
xgl9dHqp4qhrhufnIvQKiOf9eiUV+BpZJkQTQrFZRWksvp1WN3ZS59ZVDYZfbibgh3qMc7anrxIdxiecVhqWQdqXenCkgUyBeL0QnmxC1uqe94idMJ0A3EaCGqdnWikyf7PT9lie0lTwkKShE/mszBxME++na686w0L0IrpdqsYyaubUwzqYBRy4lxNriNdT4WqjUSZCnKtB7i9oAqyC3hCypu/mVhs+V/wqCLNo5YpOqVvUM5YqZpJO3JGI8wOjFjzy4pRtzMobj1S//K9IP68aexTc+hbm67CSkjwbIQSI4kRg9yeahvs9pLF7mbOR
zCx58hfdlHVpNaHVSWD5zuf9eiUV+BpZJkQTQrFZRWksvp1WN3ZS59ZVDYZfbibgh3qMc7anrxIaxCecVhqWQdqXe3CkgUyBeL0QnmxC1uqe94idMJ0A3EaCGqdnWikyf7PT9lie0lTwkKShE/mszBxME++na686w0L0IrpdqsYyaubUwzqYBRy4lxNriNdT4WqjUSZCnKtB7i9oAqyC3hCypu/mVhs+V/wqCLNo5YpOqVvUM5YqZpJO3JGI8wOjFjzy4pRtzMobj1S//K9IP68aexTc+hbm67CSkjwbIQSI4kRg9yeahvs9pLF7mbOR
qSOuJNa2ltkAiJUyfhjN9uf9eiUV+BpZJkQTQrFZRWksvp1WN3ZS59ZVDYZfbibgh3qMc7anrxIdxiecVhqWQdqXeHCkgUyBeL0QnmxC1uqe94idMJ0A3EaCGqdnWikyf7PT9lie0lTwkKShE/mszBxME++na686w0L0IrpdqsYyaubUwzqYBRy4lxNriNdT4WqjUSZCnKtB7i9oAqyC3hCypu/mVhs+V/wqCLNo5YpOqVvUM5YqZpJO3JGI8wOjFjzy4pRtzMobj1S//K9IP68aexTc+hbm67CSkjwbIQSI4kRg9yeahvs9pLF7mbOR
9TpJy9CODGvH+qSjyV6FwOf9eiUV+BpZJkQTQrFZRWksvp1WN3ZS59ZVDYZfbibgh3qMc7anrxIaxCecVhqWQdqXeXCkgUyBeL0QnmxC1uqe94idMJ0A3EaCGqdnWikyf7PT9lie0lTwkKShE/mszBxME++na686w0L0IrpdqsYyaubUwzqYBRy4lxNriNdT4WqjUSZCnKtB7i9oAqyC3hCypu/mVhs+V/wqCLNo5YpOqVvUM5YqZpJO3JGI8wOjFjzy4pRtzMobj1S//K9IP68aexTc+hbm67CSkjwbIQSI4kRg9yeahvs9pLF7mbOR
atHQ6MZ1OrS9+w7Jwr6bCOf9eiUV+BpZJkQTQrFZRWksvp1WN3ZS59ZVDYZfbibgh3qMc7anrxIdxiecVhqWQdqXcHGkgUyBeL0QnmxC1uqe94idMJ0A3EaCGqdnWikyf7PT9lie0lTwkKShE/mszBxME++na686w0L0IrpdqsYyaubUwzqYBRy4lxNriNdT4WqjUSZCnKtB7i9oAqyC3hCypu/mVhs+V/wqCLNo5YpOqVvUM5YqZpJO3JGI8wOjFjzy4pRtzMobj1S//K9IP68aexTc+hbm67CSkjwbIQSI4kRg9yeahvs9pLF7mbOR
C70L/WXT2AGnGd+k43VBDuf9eiUV+BpZJkQTQrFZRWksvp1WN3ZS59ZVDYZfbibgh3qMc7anrxIaxCecVhqWQdqXcXGkgUyBeL0QnmxC1uqe94idMJ0A3EaCGqdnWikyf7PT9lie0lTwkKShE/mszBxME++na686w0L0IrpdqsYyaubUwzqYBRy4lxNriNdT4WqjUSZCnKtB7i9oAqyC3hCypu/mVhs+V/wqCLNo5YpOqVvUM5YqZpJO3JGI8wOjFjzy4pRtzMobj1S//K9IP68aexTc+hbm67CSkjwbIQSI4kRg9yeahvs9pLF7mbOR
X8iEVoptDjtBqnJEV6swmuf9eiUV+BpZJkQTQrFZRWksvp1WN3ZS59ZVDYZfbibgh3qMc7anrxIdxiecVhqWQdqXfnGkgUyBeL0QnmxC1uqe94idMJ0A3EaCGqdnWikyf7PT9lie0lTwkKShE/mszBxME++na686w0L0IrpdqsYyaubUwzqYBRy4lxNriNdT4WqjUSZCnKtB7i9oAqyC3hCypu/mVhs+V/wqCLNo5YpOqVvUM5YqZpJO3JGI8wOjFjzy4pRtzMobj1S//K9IP68aexTc+hbm67CSkjwbIQSI4kRg9yeahvs9pLF7mbOR
e1HnXloafqB1XHhKkDQ5kef9eiUV+BpZJkQTQrFZRWksvp1WN3ZS59ZVDYZfbibgh3qMc7anrxIaxCecVhqWQdqXf3GkgUyBeL0QnmxC1uqe94idMJ0A3EaCGqdnWikyf7PT9lie0lTwkKShE/mszBxME++na686w0L0IrpdqsYyaubUwzqYBRy4lxNriNdT4WqjUSZCnKtB7i9oAqyC3hCypu/mVhs+V/wqCLNo5YpOqVvUM5YqZpJO3JGI8wOjFjzy4pRtzMobj1S//K9IP68aexTc+hbm67CSkjwbIQSI4kRg9yeahvs9pLF7mbOR
b664l1Tb44GUt2JY7LD2+Of9eiUV+BpZJkQTQrFZRWksvp1WN3ZS59ZVDYZfbibgh3qMc7anrxIdxiecVhqWQdqXfHGkgUyBeL0QnmxC1uqe94idMJ0A3EaCGqdnWikyf7PT9lie0lTwkKShE/mszBxME++na686w0L0IrpdqsYyaubUwzqYBRy4lxNriNdT4WqjUSZCnKtB7i9oAqyC3hCypu/mVhs+V/wqCLNo5YpOqVvUM5YqZpJO3JGI8wOjFjzy4pRtzMobj1S//K9IP68aexTc+hbm67CSkjwbIQSI4kRg9yeahvs9pLF7mbOR
vl4f9KSRZw+qCXexNOw6zuf9eiUV+BpZJkQTQrFZRWksvp1WN3ZS59ZVDYZfbibgh3qMc7anrxIaxCecVhqWQdqXfXGkgUyBeL0QnmxC1uqe94idMJ0A3EaCGqdnWikyf7PT9lie0lTwkKShE/mszBxME++na686w0L0IrpdqsYyaubUwzqYBRy4lxNriNdT4WqjUSZCnKtB7i9oAqyC3hCypu/mVhs+V/wqCLNo5YpOqVvUM5YqZpJO3JGI8wOjFjzy4pRtzMobj1S//K9IP68aexTc+hbm67CSkjwbIQSI4kRg9yeahvs9pLF7mbOR
XdVRuxlw6+WCD3yNOe9/fef9eiUV+BpZJkQTQrFZRWksvp1WN3ZS59ZVDYZfbibgh3qMc7anrxIdxiecVhqWQdqXenGkgUyBeL0QnmxC1uqe94idMJ0A3EaCGqdnWikyf7PT9lie0lTwkKShE/mszBxME++na686w0L0IrpdqsYyaubUwzqYBRy4lxNriNdT4WqjUSZCnKtB7i9oAqyC3hCypu/mVhs+V/wqCLNo5YpOqVvUM5YqZpJO3JGI8wOjFjzy4pRtzMobj1S//K9IP68aexTc+hbm67CSkjwbIQSI4kRg9yeahvs9pLF7mbOR
Ib5Gs3ZC1IO+T4XDjBeIFuf9eiUV+BpZJkQTQrFZRWksvp1WN3ZS59ZVDYZfbibgh3qMc7anrxIaxCecVhqWQdqXe3GkgUyBeL0QnmxC1uqe94idMJ0A3EaCGqdnWikyf7PT9lie0lTwkKShE/mszBxME++na686w0L0IrpdqsYyaubUwzqYBRy4lxNriNdT4WqjUSZCnKtB7i9oAqyC3hCypu/mVhs+V/wqCLNo5YpOqVvUM5YqZpJO3JGI8wOjFjzy4pRtzMobj1S//K9IP68aexTc+hbm67CSkjwbIQSI4kRg9yeahvs9pLF7mbOR
ddLcWK7aThOSWL8bVSS2K+f9eiUV+BpZJkQTQrFZRWksvp1WN3ZS59ZVDYZfbibgh3qMc7anrxIdxiecVhqWQdqXeHGkgUyBeL0QnmxC1uqe94idMJ0A3EaCGqdnWikyf7PT9lie0lTwkKShE/mszBxME++na686w0L0IrpdqsYyaubUwzqYBRy4lxNriNdT4WqjUSZCnKtB7i9oAqyC3hCypu/mVhs+V/wqCLNo5YpOqVvUM5YqZpJO3JGI8wOjFjzy4pRtzMobj1S//K9IP68aexTc+hbm67CSkjwbIQSI4kRg9yeahvs9pLF7mbOR
bMA/aYCkKa+ckq4zi40cD+f9eiUV+BpZJkQTQrFZRWksvp1WN3ZS59ZVDYZfbibgh3qMc7anrxIaxCecVhqWQdqXeXGkgUyBeL0QnmxC1uqe94idMJ0A3EaCGqdnWikyf7PT9lie0lTwkKShE/mszBxME++na686w0L0IrpdqsYyaubUwzqYBRy4lxNriNdT4WqjUSZCnKtB7i9oAqyC3hCypu/mVhs+V/wqCLNo5YpOqVvUM5YqZpJO3JGI8wOjFjzy4pRtzMobj1S//K9IP68aexTc+hbm67CSkjwbIQSI4kRg9yeahvs9pLF7mbOR
seDSipsZGg2WSn579zkwTsZgtjIjwTCRtDMF6+ruRqcONZAV0floQXSpJpX7oqyaP/qbQQCig2kOeT1mAfSkWtvKPhs/8haUU2kYW0i9R5UdYYegax3ojVwDgbFGuU78GBA1k6Ltl/dKwmN/jn7qI//26QZXr8OSINKywHgsFGXLFaw49JHXRAHnD2eKPoQmonHqcpr2djA79ngRFISnVzPkVyeJNvN1Hk68f4kS3+yaAELqOK62i54ae6rfQJrMa4TlfqZ1i3CLGooy2jKslZDfQxe+oGIGbKEs3hOzZPukw8hLx0YrMOT2NjIjTGIWpLfhMKD+VASPa/oSc4EUdaN1s2U=
PohqGnuXPyjqt+WiwkoYEuf9eiUV+BpZJkQTQrFZRWksvp1WN3ZS59ZVDYZfbibgh3qMc7anrxIaxCecVhqWQdqXcH6kgUyBeL0QnmxC1uqe94idMJ0A3EaCGqdnWikyf7PT9lie0lTwkKShE/mszBxME++na686w0L0IrpdqsYyaubUwzqYBRy4lxNriNdT4WqjUSZCnKtB7i9oAqyC3hCypu/mVhs+V/wqCLNo5YpOqVvUM5YqZpJO3JGI8wOjFjzy4pRtzMobj1S//K9IP68aexTc+hbm67CSkjwbIQSI4kRg9yeahvs9pLF7mbOR
4XJqjikcWcBDMME06JU2N1KE/PEQihHP8vp62At5LUlul/CuYgr9mBI9QhFBZiFrxj4vM3Bb9gaIsZfd9vIMlw+VjAI5GmmdgB5V894wtgiiur1zwuDes8pMzUumVLUGxgFxGeeFbBe/Fu2K6VJ3SDClYixJlsKTGSfIB16wFUjjfJZ682gVgv3tKWAYHr+bYn2z97YLRZcIWAHUZpMZ88mkx/JLqi0iZmjlg0M1W4bZRbMlzwTmD+3tdcJLoFmgkI74E1YMA9aL+j70F9lImA6q1CiaBfWPjWJ5nmt5Bw5z2rCRUfK9AKk51EK72VrIoE2Cs5Q=
seDSipsZGg2WSn579zkwTsZgtjIjwTCRtDMF6+ruRqcONZAV0floQXSpJpX7oqyaP/qbQQCig2kOeT1mAfSkWtvKPhs/8haUU2kYW0i9R5UdYYegax3ojVwDgbFGuU78GBA1k6Ltl/dKwmN/jn7qI//26QZXr8OSINKywHgsFGXLFaw49JHXRAHnD2eKPoQmonHqcpr2djA79ngRFISnVzPkVyeJNvN1Hk68f4kS3+yaAELqOK62i54ae6rfQJrMa4TlfqZ1i3CLGooy2jKslZDfQxe+oGIGbKEs3hOzZPukw8hLx0YrMOT2NjIjTGIWpLfhMKD+VASPa/oSc4EUdaN1s2U=
4XJqjikcWcBDMME06JU2N1KE/PEQihHP8vp62At5LUlul/CuYgr9mBI9QhFBZiFrxj4vM3Bb9gaIsZfd9vIMlw+VjAI5GmmdgB5V894wtgiiur1zwuDes8pMzUumVLUGxgFxGeeFbBe/Fu2K6VJ3SDClYixJlsKTGSfIB16wFUjjfJZ682gVgv3tKWAYHr+bYn2z97YLRZcIWAHUZpMZ88mkx/JLqi0iZmjlg0M1W4bZRbMlzwTmD+3tdcJLoFmgkI74E1YMA9aL+j70F9lImA6q1CiaBfWPjWJ5nmt5Bw5z2rCRUfK9AKk51EK72VrIoE2Cs5Q=
seDSipsZGg2WSn579zkwTsZgtjIjwTCRtDMF6+ruRqcONZAV0floQXSpJpX7oqyaP/qbQQCig2kOeT1mAfSkWtvKPhs/8haUU2kYW0i9R5UdYYegax3ojVwDgbFGuU78GBA1k6Ltl/dKwmN/jn7qI//26QZXr8OSINKywHgsFGXLFaw49JHXRAHnD2eKPoQmonHqcpr2djA79ngRFISnVzPkVyeJNvN1Hk68f4kS3+yaAELqOK62i54ae6rfQJrMa4TlfqZ1i3CLGooy2jKslZDfQxe+oGIGbKEs3hOzZPukw8hLx0YrMOT2NjIjTGIWpLfhMKD+VASPa/oSc4EUdaN1s2U=
4XJqjikcWcBDMME06JU2N1KE/PEQihHP8vp62At5LUlul/CuYgr9mBI9QhFBZiFrxj4vM3Bb9gaIsZfd9vIMlw+VjAI5GmmdgB5V894wtgiiur1zwuDes8pMzUumVLUGxgFxGeeFbBe/Fu2K6VJ3SDClYixJlsKTGSfIB16wFUjjfJZ682gVgv3tKWAYHr+bYn2z97YLRZcIWAHUZpMZ88mkx/JLqi0iZmjlg0M1W4bZRbMlzwTmD+3tdcJLoFmgkI74E1YMA9aL+j70F9lImA6q1CiaBfWPjWJ5nmt5Bw5z2rCRUfK9AKk51EK72VrIoE2Cs5Q=
seDSipsZGg2WSn579zkwTsZgtjIjwTCRtDMF6+ruRqcONZAV0floQXSpJpX7oqyaP/qbQQCig2kOeT1mAfSkWtvKPhs/8haUU2kYW0i9R5UdYYegax3ojVwDgbFGuU78GBA1k6Ltl/dKwmN/jn7qI//26QZXr8OSINKywHgsFGXLFaw49JHXRAHnD2eKPoQmonHqcpr2djA79ngRFISnVzPkVyeJNvN1Hk68f4kS3+yaAELqOK62i54ae6rfQJrMa4TlfqZ1i3CLGooy2jKslZDfQxe+oGIGbKEs3hOzZPukw8hLx0YrMOT2NjIjTGIWpLfhMKD+VASPa/oSc4EUdaN1s2U=
4XJqjikcWcBDMME06JU2N1KE/PEQihHP8vp62At5LUlul/CuYgr9mBI9QhFBZiFrxj4vM3Bb9gaIsZfd9vIMlw+VjAI5GmmdgB5V894wtgiiur1zwuDes8pMzUumVLUGxgFxGeeFbBe/Fu2K6VJ3SDClYixJlsKTGSfIB16wFUjjfJZ682gVgv3tKWAYHr+bYn2z97YLRZcIWAHUZpMZ88mkx/JLqi0iZmjlg0M1W4bZRbMlzwTmD+3tdcJLoFmgkI74E1YMA9aL+j70F9lImA6q1CiaBfWPjWJ5nmt5Bw5z2rCRUfK9AKk51EK72VrIoE2Cs5Q=
seDSipsZGg2WSn579zkwTsZgtjIjwTCRtDMF6+ruRqcONZAV0floQXSpJpX7oqyaP/qbQQCig2kOeT1mAfSkWtvKPhs/8haUU2kYW0i9R5UdYYegax3ojVwDgbFGuU78GBA1k6Ltl/dKwmN/jn7qI//26QZXr8OSINKywHgsFGXLFaw49JHXRAHnD2eKPoQmonHqcpr2djA79ngRFISnVzPkVyeJNvN1Hk68f4kS3+yaAELqOK62i54ae6rfQJrMa4TlfqZ1i3CLGooy2jKslZDfQxe+oGIGbKEs3hOzZPukw8hLx0YrMOT2NjIjTGIWpLfhMKD+VASPa/oSc4EUdaN1s2U=
4XJqjikcWcBDMME06JU2N1KE/PEQihHP8vp62At5LUlul/CuYgr9mBI9QhFBZiFrxj4vM3Bb9gaIsZfd9vIMlw+VjAI5GmmdgB5V894wtgiiur1zwuDes8pMzUumVLUGxgFxGeeFbBe/Fu2K6VJ3SDClYixJlsKTGSfIB16wFUjjfJZ682gVgv3tKWAYHr+bYn2z97YLRZcIWAHUZpMZ88mkx/JLqi0iZmjlg0M1W4bZRbMlzwTmD+3tdcJLoFmgkI74E1YMA9aL+j70F9lImA6q1CiaBfWPjWJ5nmt5Bw5z2rCRUfK9AKk51EK72VrIoE2Cs5Q=
seDSipsZGg2WSn579zkwTsZgtjIjwTCRtDMF6+ruRqcONZAV0floQXSpJpX7oqyaP/qbQQCig2kOeT1mAfSkWtvKPhs/8haUU2kYW0i9R5UdYYegax3ojVwDgbFGuU78GBA1k6Ltl/dKwmN/jn7qI//26QZXr8OSINKywHgsFGXLFaw49JHXRAHnD2eKPoQmonHqcpr2djA79ngRFISnVzPkVyeJNvN1Hk68f4kS3+yaAELqOK62i54ae6rfQJrMa4TlfqZ1i3CLGooy2jKslZDfQxe+oGIGbKEs3hOzZPukw8hLx0YrMOT2NjIjTGIWpLfhMKD+VASPa/oSc4EUdaN1s2U=
4XJqjikcWcBDMME06JU2N1KE/PEQihHP8vp62At5LUlul/CuYgr9mBI9QhFBZiFrxj4vM3Bb9gaIsZfd9vIMlw+VjAI5GmmdgB5V894wtgiiur1zwuDes8pMzUumVLUGxgFxGeeFbBe/Fu2K6VJ3SDClYixJlsKTGSfIB16wFUjjfJZ682gVgv3tKWAYHr+bYn2z97YLRZcIWAHUZpMZ88mkx/JLqi0iZmjlg0M1W4bZRbMlzwTmD+3tdcJLoFmgkI74E1YMA9aL+j70F9lImA6q1CiaBfWPjWJ5nmt5Bw5z2rCRUfK9AKk51EK72VrIoE2Cs5Q=
seDSipsZGg2WSn579zkwTsZgtjIjwTCRtDMF6+ruRqcONZAV0floQXSpJpX7oqyaP/qbQQCig2kOeT1mAfSkWtvKPhs/8haUU2kYW0i9R5UdYYegax3ojVwDgbFGuU78GBA1k6Ltl/dKwmN/jn7qI//26QZXr8OSINKywHgsFGXLFaw49JHXRAHnD2eKPoQmonHqcpr2djA79ngRFISnVzPkVyeJNvN1Hk68f4kS3+yaAELqOK62i54ae6rfQJrMa4TlfqZ1i3CLGooy2jKslZDfQxe+oGIGbKEs3hOzZPukw8hLx0YrMOT2NjIjTGIWpLfhMKD+VASPa/oSc4EUdaN1s2U=
4XJqjikcWcBDMME06JU2N1KE/PEQihHP8vp62At5LUlul/CuYgr9mBI9QhFBZiFrxj4vM3Bb9gaIsZfd9vIMlw+VjAI5GmmdgB5V894wtgiiur1zwuDes8pMzUumVLUGxgFxGeeFbBe/Fu2K6VJ3SDClYixJlsKTGSfIB16wFUjjfJZ682gVgv3tKWAYHr+bYn2z97YLRZcIWAHUZpMZ88mkx/JLqi0iZmjlg0M1W4bZRbMlzwTmD+3tdcJLoFmgkI74E1YMA9aL+j70F9lImA6q1CiaBfWPjWJ5nmt5Bw5z2rCRUfK9AKk51EK72VrIoE2Cs5Q=
seDSipsZGg2WSn579zkwTsZgtjIjwTCRtDMF6+ruRqcONZAV0floQXSpJpX7oqyaP/qbQQCig2kOeT1mAfSkWtvKPhs/8haUU2kYW0i9R5UdYYegax3ojVwDgbFGuU78GBA1k6Ltl/dKwmN/jn7qI//26QZXr8OSINKywHgsFGXLFaw49JHXRAHnD2eKPoQmonHqcpr2djA79ngRFISnVzPkVyeJNvN1Hk68f4kS3+yaAELqOK62i54ae6rfQJrMa4TlfqZ1i3CLGooy2jKslZDfQxe+oGIGbKEs3hOzZPukw8hLx0YrMOT2NjIjTGIWpLfhMKD+VASPa/oSc4EUdaN1s2U=
4XJqjikcWcBDMME06JU2N1KE/PEQihHP8vp62At5LUlul/CuYgr9mBI9QhFBZiFrxj4vM3Bb9gaIsZfd9vIMlw+VjAI5GmmdgB5V894wtgiiur1zwuDes8pMzUumVLUGxgFxGeeFbBe/Fu2K6VJ3SDClYixJlsKTGSfIB16wFUjjfJZ682gVgv3tKWAYHr+bYn2z97YLRZcIWAHUZpMZ88mkx/JLqi0iZmjlg0M1W4bZRbMlzwTmD+3tdcJLoFmgkI74E1YMA9aL+j70F9lImA6q1CiaBfWPjWJ5nmt5Bw5z2rCRUfK9AKk51EK72VrIoE2Cs5Q=
seDSipsZGg2WSn579zkwTsZgtjIjwTCRtDMF6+ruRqcONZAV0floQXSpJpX7oqyaP/qbQQCig2kOeT1mAfSkWtvKPhs/8haUU2kYW0i9R5UdYYegax3ojVwDgbFGuU78GBA1k6Ltl/dKwmN/jn7qI//26QZXr8OSINKywHgsFGXLFaw49JHXRAHnD2eKPoQmonHqcpr2djA79ngRFISnVzPkVyeJNvN1Hk68f4kS3+yaAELqOK62i54ae6rfQJrMa4TlfqZ1i3CLGooy2jKslZDfQxe+oGIGbKEs3hOzZPukw8hLx0YrMOT2NjIjTGIWpLfhMKD+VASPa/oSc4EUdaN1s2U=
4XJqjikcWcBDMME06JU2N1KE/PEQihHP8vp62At5LUlul/CuYgr9mBI9QhFBZiFrxj4vM3Bb9gaIsZfd9vIMlw+VjAI5GmmdgB5V894wtgiiur1zwuDes8pMzUumVLUGxgFxGeeFbBe/Fu2K6VJ3SDClYixJlsKTGSfIB16wFUjjfJZ682gVgv3tKWAYHr+bYn2z97YLRZcIWAHUZpMZ88mkx/JLqi0iZmjlg0M1W4bZRbMlzwTmD+3tdcJLoFmgkI74E1YMA9aL+j70F9lImA6q1CiaBfWPjWJ5nmt5Bw5z2rCRUfK9AKk51EK72VrIoE2Cs5Q=
06ym3r03PntYa0mr2SUh6bxvcTwbbTMJJZBETd672F4JI7Z6aLjZ5UaSKR5bmbdOQzhgkQFSTUDZGSTC6/nKCLAtMrMk
iTPOqon4ytWhOzknJvMnbNGm2ZWQpV2KzkhFrrV5nNeMyQt2W+Ey5EaE33YKuEKVwdYMlGz6OxnqxO/bHLsnN7Mj
/QlO5SLGqd7CURtgC65Ydlfdnnpul4RU+OeacarC4VOETvYKU/SCLtYPYYjQxrS8/1M6qgO59M3TTbNd
a1mx/ELIXVtiOrZHjf0bEqr2Cve4nUup3QF9VxNGBT53kbNeZ+A8UV2KKdBdkUgihzGO+NTVTrNY
A5aC8Oejz9viM1rthLrZdbJjNC3i6qXt4IO5N+QSTEB9KOMfJGimIKBsa27Xj6j9q8EEQ/CmAaUI/3KPGglsGbO9Z8UDv3Spa1jmNbPaJHAf1waTQtk9vYG2+42vwGtOajUFkuWFXP6UD8HxWvb5gnVstovZ0A6GQ0wqMYpA4eFt11Xl2IRz8ngCMKwiJOL30MtJBXPanwPP6LcMPsbS1K1iG86QGbkA/vBcAA1IZ3o9K2BDu+mcayBs/HuXzqD9vAPPOyUlr413s/JC5+AUBBhO101cpjN/XBA2mOda37zpGj7mCzSK0sNiQoazFbQvPv1CstVf3YKQ317nw5hHZodxboSpVEPQ4Iy5gAlwwYuKQRI/TpnEFjm48YusosBGq0mzqd/EhNzcFD4PSkjOAH6S95jIG3BCn8XPuhf9/SBbN/LArJXNNEeeRr4iECwYfukSNAtg+8ZinteaZWQSI2Pyp9TaGF5UdCeMIWOtatbqJCBPHFT39dzp2B0IETPQA/KI+KZY5+p65PqJAUo0yBzmg8UKWNeHbKef67P/
/urYWFObvrsPNkiToE6n0HYE3SD07GfTyshaDgTPZRCIMvT69QnHXbhKiwI+7Pakd4aiStvK7QxV7KccvmHof9pn+PdC52ShgktqpsLHuUhaA1eu85tesOT6PJ/GPUdF8m89UT1ezCP1zXBu9ZgOz/5KG9PhUYXg3AEVTN2fnXRuat17cvlO02JQEeFZlKNeA9LpqLQUAj8yi//9ODPZyTM++6jnWVt96Xgsy8sysRLP3eUN2dmC9tQjbB7wvP1i5DeT+i5oWon87XD9ZlvS3K3X7R4HHEfhumTDEYRgYQhnpydlT11jmAGjQThZT+PMCSN4HsyalJRljRofWcyOgDijhV11k2hog6FBUfuMrVeveT0LSM4I5Ig2PCatRQkPNCwfOvXf8FUOt3F2l5DV8EAaZSQjGrvhj9AeclmD1NGlNyAncw/uNIfkQB9f63/o0ZKdppv6YKRDs4VZvd5vaeWlmShQVwuBs/LtbF94JoIuc0BAtc7NdhjEkbWuADiGQuiMqUOXaw5/Ls11QZZFlCbxh36L2C/18vJ9tbyQluHUs8I=
msc9pTHjA6Kcp0WYZTxlFUUPYaPd1bDIaeVfZEKL2gt9DMN9WDq54gOpfqZ7zgltzaYZH0WxI3ZXKCNtNtL5zfAAqikwsyY=
00k0Z0iFbB4tIl0ad48xnLPC14CN2p4DENvasrVJs5c2Va7+fsnR4uGkV7zvmNMnZdY2JqKI3NBe4QIMy5hrTgLW54JlfCJrA3o3LBogTlxU73y54zUansosMHdcLGd9PCHoBQgJAxjjehiA5mD34lqsiRaB0sQAPO6T/cqgRw8M76/zs+c=
fnrOBJIsIyTURW+jNBy8EckDm2ZLk2oW/q4rCj+FuJ/EQkkVF478n89/h/WqvEstLYD4GyBPT+TBSYJ6Y1aBQczigd4zib9uu2vfEXmCdSDRCQwCg0lCaGgdKrM8
D3F4IItQfYSJ4S+ciX272xzaCKY+1/g90bx0KqmKvQEyF07W24WFGhY3pdtlVcgYoYVHVCpLcpuFrIuNQDqhkssJBjbTjuFd1UZRT70xm6YfCDsdHhKRXUhgYhkosz4=
1lweFPjwRvJnKBNauHuHrTXpJ4MP5dkn5rx0KqmKvQEyF07W24WFGhY3pdtlVcgYoYVHVCpLcpuFrIuNQDqhkssJBjbTjuFd1UZRT70xm6YfCDsdHhKRXUhgYhkosz4=
WfpRGTqNmrvgbepTznV3b/PGpB74sXgirYq5CT4HUs6/pWEiagdpkyGVDFDtdfssjqvWAxk8BwXEuiUaR5marnfuRaVpNp2H+XFfblM4xyV6MnVFVHBuESyzOg==
6epekIdvUW1h+QwmO07OimlQ+nOiUBFXUVbMIWexH8Gx71zakYqF8Rp3FgYTxc2q7pfNS/3VUIgJZf8kYou6y92MY704Olmioyne5pvOKa1tJvnfJbEDNveoQ63W0tkNkIBKaRCzBg==
HFZZogvxD5QqPfM463Nk4fCPIV6ptDoKvAqOEe3OGgGBGRxSSsSz3bMrSEgNBJChyxi9zoUBWv5RknpJc4OhgqCGm1taeECETcPIYOZAt0LazMk2gfIE4LxOU93KwAdvjE9vE7MH
xQIurXi6tvozxcWKhI7YnF1CptHn0QtegbUwXyd8fgOvGO0eOBkDTwAJn7GShi5NvISudHFNWInwevo4Bd5wg43lgalvRxm5kLkrMA3SwX5PqjRMb9OpsYmuW5HZpaXQZCc/aZ+SwYQLKPJacjOcmOGeGd50ZH0d2rDMPj5ocBE3J5+mE44h3RVGkc99MVsm3wj7nd4SUd2IYKKZ6LP+
iFrmDPYlKBdzrFGalOrtXWQzkgzGpN3m+/+XeEcm1pvJg0goe+3CEeGE+lLAaw7e0KfTTC52AuM7gd5WdHtWqtJu9iqTlAKOlehhaJBmNNw/czqKQ1l0bRMtsz0=
kc4aajLx0gEFugCg/og0ykYRMosOV8bNaSvqVF9/ptIvj5Xms47BHTXG8Y/dMbvm/4ib3X4SsR2o4MLZSLNe
kc4aajLx0gEFugCg/og0ykYRMosOV8bNaSvqVF9/ptIvj5Xms47BHTXG8Y/dMbvm/4ib3X4SsR2o4MLZSLNe
