gfY1m/tP5NEQUUWN1KzZzDOQLlIxbXIBtzoDMwdZ2rr8JWlnMTqKk00+0kOfs0rtg8+zf1C6bY+f7YRsUwR0Z2MbU4CFUkkO90qcHDcTUYHhjkOB0aWtwHwHV1lnUpnUo8hKKvqzFCiZPvEOLCRF7fLQ1C42aHgBL8e31itO+Y195ml/8bHX0WdpU00FUintYEC6ieCn9w==
BRSPzOS1lX26ae61+qfctjFPz3B6mIMu2dT1ucz2tEJFccOxTcc2NfFmbduSZM4evt/j3Y+1QTdXZX4BpayjMm8iAZLaUGGjh21HFjUNVyUrTAqf8bWx4s+Y5RC8BtzTMgRvJvcCOhRTAdSIomLwqL5NWZ8ROr3+bwH7fp/TV9FxfZGxFQFTYv8BRljMhean8Q==
Yyd+ifCIuP0ogD0fAq2OYj1/ZGKCRr6AaaDrPYv/VTGy/kU5BTYcN8WUWbqP7DMtsQUPZVBCKKY31MFdwmwDErL7VHSI3XrBcT9yVXW+Mct7qaieWpePzVPtxdeTHULxCSQH8gsq7SKm6KWDg7WbhpnFcyUPhKYPLW21wgsgmaBQDrgTlozD1st6/vTXWQiYzioUKNqFtY9N4jmeK/nHDjNb85GVdf0B6bkXQvtZGshgzcKn1Q==
skQ4ss5IbTBljYW2bStrAGzPkqGtQAtdUB16vK167dfdIlgon9Qydv5FSW5RCM/Qj/SLi9Ua7upiRAQcbs1aYKv0c2Iy2v+OZXA6ZzNWL0B6TBZwZCOkdSP5wlJ6gGgbPED/0YytcImIhZuUU9aA7IYMr07qYFHeQRobzA3Cy5KqzF8jPOO3/6fq
c/hq2cijbMjskslwowt01kz4//a0/9AqtIK7vcJdICO0mbONkNxOgd1m1cs9/mB074GL6n7Z8TIhVPcMb+izl6UG1jaimLyAHlHi/Esoyz5ChseSZWwCO0MKl5ya0K7sFL8cqeMl+k4KnFAH3JzHjfzxyBUIGSPII4q4MGYQl1KafGkCgcajUH1ecw5KEOd/TL+P46f2
oxgsEY1VvxCnRlBKTT3FNUz4//a0/9AqtIK7vcJdICO0iLuDltNP091m1cs9/mB074CL6n7Z8TIhVPcMb+izl6UG1jaimLyAHlHi/Esoyz5ChseSZWwCO0MKl5ya0K7sFL8cqeMl+k4KnFAH3JzHjfzxyBUIGSPII4q4MGYQl1KafGkCgcajUH1ecw5KEOd/TL+P46f2
YFZ9IXO//dw5lKIJw7QNo85/VdH6vwWnRcskKzf0hVzzcJkTvMSHyrTDqBZALs1HIuVTHQW0hvgELmNvLdqt993CGEgfP/NW/mWJjtFojzCP1MsrVbquimKkxLzubZpAq5SzgrK6v65lUHoHs7bvIHps1tDkg2SVI5mC8vogKDs8oL+xDE2wqYilW3TTtsAMhizv7mrAEb5B+ttsjWILsqqsn8O8g/ffp8o=
7Q/w55H7c2duYYMXBv0BAkVML2VzVtcwB9cmDqunqJIWJzV0AW1+QZF/UlVV/pFLHelLnjpXb03zLeXXs90icelkZ/Irak2iBqhFg+N1ewY5BVMlL0QGj82t1cLrYDkg8E6YE/bMI1arut7095moGC7qdCg6xdUP7aIZngu5J45TmxORtbVdgUl5d0IbGXpIwI3ip/U=
IplL8aBhkxnsJrTangSr5Da6o1x67IjivLrIJodzpYSkdeKfyNXoWkEVQ59tig1nXVL4mF8JE2b+VWm+kbhvoA9Ea3sVSo76YlTkzC69OtArBNPScorfnmVgGjdz5o+w+vx2ACTzRGUj6aICunCIq7wwX2FMfVCZiJW7RJNmIJwGvE++KjAxzkEK+xxNsqsiKjz/k3yzl++n+g==
FOG0ztcbgIenRhsoJ6leAW6DJEItZXFSrTgdIxQexpn8KGkIV1TjiUQpy0ughWeKy4PhLQneeJOVhalZVwdBaXgZU4CFUkkO90qcHDcTUYHhjkOB0aWtwHwHV1lnUpnUo8hKKvqzFCiZPvEOLCRF7fLQ1C42aHgBL8e31itO+Y195ml/8bHX0WdpU00FUintYEC6ieCn9w==
A8lKnIeInUUbtEBWbqeILr2y2F6nq1VM5D1SRzdnNoCE1tMnDdK9r50aiMB/8wNu/l15RrHgH+jPjNsjdfIecuLcdHTOZYqYa8wjClLyz5ZlaApPUz5/eLq0xtjES9Tto2EyutooOGN8eC85bIVAkYidq7yzPlDUxnT/5kqIoUbBgmukrWobamr0D0tcy4fnp/I=
T/hACzmirR2sD64mlQzOPmXx/IBGst30pbmAof6vZ+E5r5qVHY75awQYU54iJ3dtG90tl/uNitER9N9yU/r1Qu54DcOrRVPmITVLJTd0Hm/lnZ2Co7DRwEje4JNOXNv2A+qWtD9pQDg2mmwoIjXNL4XSUV7DaY8uKwurEU0l5eEhKb+C0ylSKNi9+qft
qFyuHHnZLKFJcJWviwesrSGvXvdWePCYnMfUlyA93vgwFC40amJjtn2CpAZxCJXPEr6sDtgUN86Zvtdwc5yAUpVgunuXgPJ9aZ1slX/3WN0ddF8T3Vi/y/5QLgo6j+NVU6ZQUAfkmOay0jjt19hHgCSepHTRDY4BYR+i1YWeAQsKSPueivd/jWPNtVfDPVKxmYQ38nvKfWK2iHUDM1XrRilloyXfJBbPXY0FQttAieDA7sgTpixTlttarnSneTjYPkrEKIplxU99wske+9nXzqP7w5FlFW3B+VlHwks56ojQbZKnhQ==
Uk98wEZFtX717+Kb3fnKa0lNI2hqF554GMB/A+f49MAUPnR0AW1+QZF/UlVV/pFLGuhLnjpXb03zLeXXs90icelkZ/Irak2iBqhFg+N1ewY5BVMlL0QGj82t1cLrYDkg8E6YE/bMI1arut7095moGC7qdCg6xdUP7aIZngu5J45TmxORtbVdgUl5d0IbGXpIwI3ip/U=
A2Ks1nimmoiZ+5omARfuDeh7FFRgCp5osOnFGvd0nrXXuFNp6Wx4h8OhrhQUMC3Xermf+z2vISI19qPrzIVnkhB3TIZ8aqIc9/thCiFzDgTDpaXDwKI/22x+P4WwCKvSxSwo8KE63fQe0C4+XPlfY5wlu+I/8zY0xF40i8F13bELp31B7Emn+AkSRbZDmoj0S/MNKVW+lxkdpWFYqDfj8Tuy5Ty3GP6S9vOYUG1uZSYQhBkFhiCANnrotBn7t0O+9+7Fpek2HYd9cdtp0zlHJfky9UXUcO4RrKe7
FadmT1R4JM/H45Ptw9YVRcBGuLlkbmoOpoKqJduDi9v/x/Zbbxumjyy8qrhieFI1wOe8m81i3T8diiiwPy3iX/5tmZbxkL94Txy7k7UiPgLiLFQkjtVqCOtcg/qSoq+mZVhqH5PO3+g6JCZohBv0HaMREmoamFjz/OiPSSxVoKGIrUts807wREbkn1aKWIE2wXJL9O3a+/rqZK+7nJvn16fC
tWZlXb+pIhBj4mNM7Z7CHEIyXMiAgnDtNLpCaoZmgjHLl4Pf/8P+T38PjmsM2IJsMiya8YAjdM+dtnVbvW6AJK+5att+6RECYQQXnO94E0fldvbGouiccN4BQmzLuKvugranomVcYguD2vcMGkAOvNRPPNnj1do+Skzwl1wMJ928wSglCCnD+GPaWKDmgDeC2gxJ8oG2g6C9DtOeyoCHr4yP79Onxg==
tDikn3fOoJ8OJ+p3d1RpkAoyjMxVMHPCeqA3POEe/wjORxIFXH9CfMj78gDwhFH44665LAIQsuZ46RvrMAWXKrtDHAx43oiz5cVZ+SeH0ckoWYOglVJZ7qcKTPynk+FhUc5zYeGlnSBMR+e519IJNHOIGsrqswQISX6hrrykNU0CkKQOxmgIId8Hx3bbzmktrSY5X+Gxx7G3qQMtldKZjdCAiunQp8c=
uFeS1UGqFg/ycJixJsLlQLz+pxwy5aDsTAcsrLZYlniOS8ORh93/zeJFR3maeXzmbnYayr6TYA0I5UXgQantMEwe53+umb4nTUiZskNOXwa/nY3QEmQCBiAaRpc23lsmJxQKMCMg5dL+gTssY57q/mImfCmYO4N7JpQSmkTljNJrZ3SHbOdIZx8yG+yM8tZ+G9gyKi3Qodi/SqUYJ6zanovVhInr0afI
EeWIssedka10nYcia0b0uCYtYLsqXiNlf06jCBEpCDr6hkIQQlkw4IOAWBEll471KVYFu6Nzxh62z9s9Z4UZd++1lqE93Cuy55KZ8nKAmWPfHW82zR1fJSNc8r/ZxekiN0hNcCS2VFO6dPeGH9KCVAsxPGiacviotl1h/3kKZT7XUZPeByPfUfnNCVG9USsiJ/FueLSV7qf5
rBynrGboHhZQhIDd9CdCp5a/9OqGPvGXTbnVNwtdCIOG4aHkumn1DIn9zSxUOre6QSI+m7WM6Z5LWj9aZ3kdXLqQQnoYHnb7fgr7ur+w2nxLFOXuhsXLgOsKCiI6QmwlsE9Dh54QonaMsazOc0MkS4RTyNvn9mvAhOa2IsM8oqaFJOGkh06VdG94egITcVTFg+Wn9A==
f4LT5vo1zzmo0YjUbo7nRfLZxu/qr1BsB+nFAIGJ7RCM/mcV6ba+Bw0oGVKDbl8mf30NsFJEAiZgesZ39v5bBuf0ilBjAOXyvuG7zKO+6t6ixvxJ2BuDW2b0knqExYzyq4f05yzHSEdfUpsMTNLWXts4skpt8KH4/yol+OeM2r5LNQTpq/Gn6A==
ENQbNYpzLxOxVPYk1swJekxyTXsoPBNpdGm7KxAF92obw7dLF95oc0VF+TnHh/GJiNlj4PVSeS4Hiiy8R5PBITFOk6HBpb3grMeH+ffS6XQTCLoKyrNkSKn+Ae6cpNWNohAEziZoaGF/h2c2u85J7Q2mWZ8BsefxFynj7fXSuU0wAOqp8Kfn
MryfeIGGc8Lp3AsWP3zf4/DZxv7ouVRsB+nFAIGJ7RCM/mcT6ba+Bw0oGVKDbl8mf30NsFJEAiZgesZ39v5bBuf0ilBjAOXyvuG7zKO+6t6ixvxJ2BuDW2b0knqExYzyq4f05yzHSEdfUpsMTNLWXts4skpt8KH4/yol+OeM2r5LNQTpq/Gn6A==
YFef3sU8s8eGsA13/xZMOUxyS200IRNpdGm7KxAF92obw7FLF95oc0VF+TnHh/GJiNlj4PVSeS4Hiiy8R5PBITFOk6HBpb3grMeH+ffS6XQTCLoKyrNkSKn+Ae6cpNWNohAEziZoaGF/h2c2u85J7Q2mWZ8BsefxFynj7fXSuU0wAOqp8Kfn
yBBvw/s5CS6nxtNnDNYq7ExySnsmJBNpdGm7KxAF92obw7JLF95oc0VF+TnHh/GJiNlj4PVSeS4Hiiy8R5PBITFOk6HBpb3grMeH+ffS6XQTCLoKyrNkSKn+Ae6cpNWNohAEziZoaGF/h2c2u85J7Q2mWZ8BsefxFynj7fXSuU0wAOqp8Kfn
OuWOcaQksaSY6NcMpvH69Xl0M6ggQCRgaQftDA0vTjz6iBJDVFEr84KHehEll471KVYFu6JyyB62z9s9Z4UZd++1lqE93Cuy55KZ8nKAmWPfHW82zR1fJSNc8r/ZxekiN0hNcCS2VFO6dPeGH9KCVAsxPGiacviotl1h/3kKZT7XUZPeByLfUfnNCVG9USsiJ/FueLSV7qf5
PwxS50cft+ZyKR/om+r2X4mwykxetSGWZIO9Hdswtk41YgVpX3XcxYdhod1eIZbH7QVxJlDZPQEhn+LVxR5BC0rLtJ5Kd7+No011VwO9krHZBHfyO0o9YvYINQNz1StG6eVjJR+k1s+dDUVCm8DJ4IBuiBPmrBOWG9pudGf5+Nj+ygQoyuWFTz1CiR67WZfOY3oDkaWVrcE52YfCi7mqiJDt0qfF
g1pofM4lGNS1LY8UHYUrsgj5EC3iVCd3GCs8440wnXPQbdcah25JqoiL9Bi9GhVtWFthq4rW8mugiFUWP+nRWlcEJSspnq1A9x/HEexkfHXtMyMjyEClNAKrhYPFbEMyT+KhEnqQQaOnreeWlc13JQuMqh9RdZHi71hFkBzG/NPSxA+mF8JaFLPBtAhCopCoXg05H/F63f6PQZv+f5I30VE9MTG1QXNi30Hm2GzFxqfR
g1pofM4lGNS1LY8UHYUrsgj5EC3iVCd3GCs8440wnXPQbdcah25JqoiL9Bi9GhVtWFthq4rW8mugiFUWP+nRWlcEJSspnq1A9x/HEexkfHXtMyMjyEClNAKrhYPFbEMyT+KhEnqQQaOnreeWlc13JQuMqh9RdZHi71hFkBzG/NPSxA+mF8JaFLPBtAhCopCoXg05H/F63f6PQZv+f5I30VE9MTG1QXNi30Hm2GzFxqfR
/aZLqjkWZluuMhrCKMK/LMVaqJQOOJqrCVAKrlWYKoiru56OjSYQ/NsbE3r/SicVyjIl46GDezzQBeeZq5QqpPemBEHUJpzJnfdqLHHmenPRV+DH/CRfqPsszvorOA2iNX1BoPAu9zuazcv3Trs9N8BoaZSOA1HT0XSfcpN6NUKu+E3Da8UT5mG1iyX39F5vpR1dguMwkcCIXiCTDtwb9sNq1rR/6YA4dhosKOK1DS/FUpFeA+nPLmuIaxENpaXh4al/gpOpkigYPbqnrQ==
CLE0AmG9Qbo1NCgUm8RWkiTmxeJ1ECiq6hkGtFic/OFppypZ94hSwgJVLAL1XbbQxAfw2g0omoqA6GETjLZrLBGcYGHDrKmO7jWg/kgnGSlkKyX8QfGs5EwVp2gJE+/V1liU6krlKm7issbc88JYbYwgd1sbsNd7sTID2ZY63ENR9k+g8hQCdsBqhufWrttWx2TKQMNQ5aIe8ftcg+5qjoJWvFl4S4MLxuTS6qSVDKKLF7T3jJdIF/9C25xsglYO+6jyWs6goahfOmVox9xa7mulRPkLoae4
YAzFvcp0yBE+ZHFSGmdiCwOxLgHJoTFXKGJvSuYF7VIbMOBkYTRcec/d4Zjw9BKM1S38EWzpcrGCXvQLAXUdMcunvcEsSed4SRIFNgOayHQL802plb5Xmd2lodhoNyNxe7KlvPcYvhK289jQLW6lptCE2YVGIEC2uuj0mbu3Az637oUlqTbdBL1xG+kTOYelOTI1xZRwrpHsp/s=
1+UbBp3Eeh2A0iClTXpWEaG2XuaEq/nuzH+JkuCOqEsawNC707JtMk65iF1OEGWHX702RcuvvhcteFkCI/7ftt8tTeByVAI2QCqGJ1Zu25ZHpMoAQxDl4p6x+5wDLmpOApa8GfgLg0tGpNIqJFUMYgvXtLcM10hXfwLbXOxCVs57aPIaTuCh6N96ZahHHFou62VEuYvhp/g=
g16QHyuuIKTMciTqtKrkf5kV9ADVUfEypus+c5GcX/Xcuj1qnzkSXh8ubbVhFqVbhfHjOatZzzUR8t313BC2ITSnIw==
bRLsTT5AuG5fdgaHVFr/FMhCtLFhWjkUqL/lNcHK6Nms/cp1Xg61nS/57Kd0Oxg1yPO3uKA7jRkppzLJSnK4AaJtgIe8jYp8TCm1iLciPgLiLFQkjtVqCOtcg/qSoq+mZVhqH5PO3+g6JCZohBv0HaMREmoamFjz/OiPSSxVoKGIrUts807wREbkn1aKWI02wXJL9O3a+/rqZK+7nJvn16fC
Sn7gIc0czALjwnug1mjaCamjla2fmYCS0ug6FqKY2bZz38xiFHyt7LOLfS6/4KxP8W/AdTYn/Dsbblnv7ac1QxaQWD9yZTWmQ+qJPlaWjmB2xES0PGVAgDxqJFFTaExa/CZDwJSfM5uHBU7BNQxTMl/CkdIqcDEjNw1X1kWthyX77Hpf4dUBYp+4FVAs5uzTwqT/5sdi6pQjIcTIEoKgqG4t6V8BGk1+P+HLPg9/J9FBHQFxZSGD4k/hVhg8JbanoQ==
b4ig8x4v9WwTYyReuABpHHxxwDbP/nh9lIKDNMJQSnekZUKBupokgh5oLnFLuCptpP5NJtSKyabowixsjVpPKAIf6xeWS3AudFjYfLo5d8DgNVCywS5CkrFAqUnUKwv/JFgMWFXrfPHPd+IBvTN3SLX8Qzl2kBY2eOWO3MJvuWX2ZGty9LIo56Rq2lGsRIw0mmMMmKquWMG2vS9CotdHQTGrHtpmDGCbR4UOwfWMEzKfQtHS6vBxI/eNF9aFLcclu2y6X6FVwWLfONVQbGYs04IkP+aH4iqUY6EEyFICYKgurSlfQZqNfn9hCz5P/+fRAZ3BcSWhQ+IPYZYYfKV2p2E=
o2zsWPFxD2no21fpDY3iNkVJMSJ3E586E8ckXKKRqYkQJXYmRCcbPc46fnJpw4sWS7ce1zp7YwD0MOXXndsxeNwPMPEnSWH6R8wgpN1UaysUJGQWcypOtOmaw8TOTD4i8EWOE/bQL06Qg47ruMC+HSTQJz0x3+42p64Zngu5J45TlxORtbVdgUl5d0IbGXpIwI3ip/U=
DJvZJo9klQYUjeXEaGTQbCJgaxzLKi/LKnuh4dDVtUAeFEgn9vCwGnwV+0i1ShjzlQHjDyRSfPgiS+WxlKkPyMGSjcarOrDE0zN1+c2ev4nVpanIgBd7IUNyfQyPuBbiPnNQYMWOHdaIRCFVHkBoprLo/ImTV9tuz65d1RFWtbs18ZOZu5l/FWFyDRVMUMaB5Kfz
IOOkKQcDD/tK+A+k+krvM2ns5QForczs6O6EdYh67JK6edKfiZCmBQQxJfEEnQQfLSqCigZNRX6hSn2z1oF2sSNEa3sVSo76YlTkzC69OtArBNPScorfnmVgGjdz5o+w+vx2ACTzRGUj6aICunCIq7wwX2FMfVCZiJW7RJNmIJwGvE++KjA9zkEK+xxNsqsiKjz/k3yzl++n+g==
w8Tc0Bng2SovcykoAzz8MDdHmeJJCRN9gJC/WKEBzWWtMVHN04hfFR6K3zVUliMyNP52uvMkwv65/GF8txb1bF/guhqj6TSdMz2nLA==
LFX5yLJsDt8gmlw29tSoU/CPIV6ptDoKvAqOEe3OGgGBGRxSSsSz3bMrSEgNBJChyxi9zoUBWv5VkHRJc4OhgqCGm1taeECETcPIYOZAt0LazMUygfYD4L1OU97KwAdvjE9vE6cG
Mw8gTQRpjSxM+A1g1bHt7mlQ+nOiUBFXUVbMIWexH8Gx71zakYqF8Rp3FgYTxc2q7pfNS/3VUIgJYf0qYou6y92MY704Olmioyne5pvOKa1tJvnTIbEHMfepQ63V0tkNkIBKaRCnBw==
Sepipr5LWpJ7zlkOdo8zPPPGpB74sXgirYq5CT4HUs6/pWEiagdpkyGVDFDtcfkijqvWAxk8BwXEuiUaR5marnfuRaVpNp2L/XFbaVM5xyV5MnVFVHBuESynOw==
ncoMLLlpCrLdF+KhXLjgtzXpJ4MP5dkn5rx0KqmKvQEyF07W24WFGhY3pdtlVcgYoYFFWipLcpuFrIuNQDqhkssJBjbTjuFd1UZRQ7kxn6EfCTsdHRKRXUhgYhkopz8=
Y+kfSc25Tmdkquv/8lyWLBzaCKY+1/g90bx0KqmKvQEyF07W24WFGhY3pdtlVcgYoYFFWipLcpuFrIuNQDqhkssJBjbTjuFd1UZRQ7kxn6EfCTsdHRKRXUhgYhkopz8=
uLyu7fpFRRr28/7tC23+l8kDm2ZLk2oW/q4rCj+FuJ/EQkkVF478n89/h/WqvEspL474GyBPT+TBSYJ6Y1aBQczigd4zib9uu2fbEX2FdSHRCQ8Cg0lCaGgdKqc9
o2zsWPFxD2no21fpDY3iNkVJMSJ3E586E8ckXKKRqYkQJXYmRCcbPc46fnJpw4sWS7ce1zp7YwD0MOXXndsxeNwPMPEnSWH6R8wgpN1UaysUJGQWcypOtOmaw8TOTD4i8EWOE/bQL06Qg47ruMC+HSTQJz0x3+42p64Zngu5J45TlxORtbVdgUl5d0IbGXpIwI3ip/U=
DJvZJo9klQYUjeXEaGTQbCJgaxzLKi/LKnuh4dDVtUAeFEgn9vCwGnwV+0i1ShjzlQHjDyRSfPgiS+WxlKkPyMGSjcarOrDE0zN1+c2ev4nVpanIgBd7IUNyfQyPuBbiPnNQYMWOHdaIRCFVHkBoprLo/ImTV9tuz65d1RFWtbs18ZOZu5l/FWFyDRVMUMaB5Kfz
IOOkKQcDD/tK+A+k+krvM2ns5QForczs6O6EdYh67JK6edKfiZCmBQQxJfEEnQQfLSqCigZNRX6hSn2z1oF2sSNEa3sVSo76YlTkzC69OtArBNPScorfnmVgGjdz5o+w+vx2ACTzRGUj6aICunCIq7wwX2FMfVCZiJW7RJNmIJwGvE++KjA9zkEK+xxNsqsiKjz/k3yzl++n+g==
74q9p8WBWB9ah0b/A0lq4xqxZHGvbxr9RKfnr8q+8CoqgpdAK6WfCn81PNnzGvLL6TEF9hX+MDBaEMgh/D3dvn8783qCwhgH+t0M8+lKh4FQ65PHiVT2VMnYBskHjfr68BhW06zWVAw3TtG9m78s+PiKSmAo+I8t84uxG/5r9i2EGOFm+uX0c+yEsjKmVRWWoaItq3Y5RhnjLJsD9dJe0uJ8tFRORUo4a6zjatKSD/ZlCMov016/GLoUBvhEaxRNo8FymloIeMN8mG/Z7GUAcYh961wz3hA0xtS/xsqo7ebBIquELUrbymqUzyvcq0eHp5I=
TQPAEOW0GjBK2r32gzi7nzdHmeNJCRN9gJC/WKEBzWWtMVHN04hfFR6K3zVUliMyNP52uvMkwv64/GF8txb1bF/guhqj6TSdMz2nLA==
xNTHB+fsgr5oXq1eeCWBmaJhi8Z8dje0YUtkJ7+jWhuH5sXFKF4Szvm18eA8OsEBDHQ/1RTwGaXQvqZuM/uXupBNQYZvYfBDYaZV2ozf1DiU8+Avvmu4va/5eTnybyGqM3o3bikwLpl8LFeq3OtHGxb3gAyLMH3ACJot1Ev6o9E3kAYioeM8QW03aLcb75bknyT4L0eLl5gZElWWM1p4VDtznYkF/kf5LaVRuHh3s1GrMpWcR9iOsubziDBdrtVGoASJZdbgUBYK6EQ5q/eTXmdudUVZdi1qbXHLSSN5N4UJsmXlBLC+cZyniw==
RVfGWsQFcgu01sm1pdZ2j08QLkdnGIK/qEh85YiP0L6m0abvkneIr7wzJoNizKWYupeYWVCHf37n59eZey7WirnuFcsGquWCRvS4E3sxpj+beYVJ9xXLPEmIq30btCTI4r4UrrzTH/+s1igjb8JlnX95hhxM8Fb7Crym5G5Wf6zor7hGT6EnzpeJFUSLMzp0jKFF8Fd6Lkpi5ET87i0agKtUM0Ky+j/uZRD6R7N2b+B6rFaQ5MPk1SNZAjL64Kh7POA/8QyNMGmIZdu00/ZATIZsby5qAJx+QbpbLI0ii3KqbB8DvMN3n6eK
jGVUcnRQJZWmiAgWICErNTg3l4u0I/2spe6JeJZw+XfoTTtu76Rfg1z+uI3nXz1zutTULgXmpWcH+VX7QO6wVBB2xDZ15YHfXCx36nxrJ1v29+vJLLDdACiazRQrekORF5AmYgFjXAGNNwh3+282JL8k2O8nC3fYeRJ11pPa2BTbc/1J5X7nOQ2lcXjY91ORyzJ13OdYLvLG8+hwvS61hoAEqaV2YLDWauikect3Mx5HblUFufZNqo1x64mD+ZdFabKFpWQwHjG8p6s=
indRUhW/GaG/+2lamMtLRef9eiUV+BpZJkQTQrFZRWksvp1WN3ZS59ZVDYZfbibgh3qMc7anrxIdxiecVhqWQdqXcHCkgUyBeL0QnmxC1uqe94idMJ0A3EaCGqdnWikyf7PT9lie0lTwkKShE/mszBxME++na686w0L0IrpdqsYyaubUwzqYBRy4lxNriNdT4WqjUSZCnKtB7i9oAqyC3hCypu/mVhs+V/wqCLNo5YpOqVvUM5YqZpJO3JGI8wOjFjzy4pRtzMobj1S//K9IP68aexTc+hbm67CSkjAYIQCP4kVg9ySahvs9pLF7maeQ
toJPRG7X/okjY5OQlC3uEuf9eiUV+BpZJkQTQrFZRWksvp1WN3ZS59ZVDYZfbibgh3qMc7anrxIaxCecVhqWQdqXcXCkgUyBeL0QnmxC1uqe94idMJ0A3EaCGqdnWikyf7PT9lie0lTwkKShE/mszBxME++na686w0L0IrpdqsYyaubUwzqYBRy4lxNriNdT4WqjUSZCnKtB7i9oAqyC3hCypu/mVhs+V/wqCLNo5YpOqVvUM5YqZpJO3JGI8wOjFjzy4pRtzMobj1S//K9IP68aexTc+hbm67CSkjAYIQCP4kVg9ySahvs9pLF7maeQ
Jzktaohm098gZdBXubfY4Of9eiUV+BpZJkQTQrFZRWksvp1WN3ZS59ZVDYZfbibgh3qMc7anrxIdxiecVhqWQdqXfnCkgUyBeL0QnmxC1uqe94idMJ0A3EaCGqdnWikyf7PT9lie0lTwkKShE/mszBxME++na686w0L0IrpdqsYyaubUwzqYBRy4lxNriNdT4WqjUSZCnKtB7i9oAqyC3hCypu/mVhs+V/wqCLNo5YpOqVvUM5YqZpJO3JGI8wOjFjzy4pRtzMobj1S//K9IP68aexTc+hbm67CSkjAYIQCP4kVg9ySahvs9pLF7maeQ
XVVEkMDYI6p2HiPjymbozOf9eiUV+BpZJkQTQrFZRWksvp1WN3ZS59ZVDYZfbibgh3qMc7anrxIaxCecVhqWQdqXf3CkgUyBeL0QnmxC1uqe94idMJ0A3EaCGqdnWikyf7PT9lie0lTwkKShE/mszBxME++na686w0L0IrpdqsYyaubUwzqYBRy4lxNriNdT4WqjUSZCnKtB7i9oAqyC3hCypu/mVhs+V/wqCLNo5YpOqVvUM5YqZpJO3JGI8wOjFjzy4pRtzMobj1S//K9IP68aexTc+hbm67CSkjAYIQCP4kVg9ySahvs9pLF7maeQ
V1za6vFU3YymU9DBV7V2g+f9eiUV+BpZJkQTQrFZRWksvp1WN3ZS59ZVDYZfbibgh3qMc7anrxIdxiecVhqWQdqXfHCkgUyBeL0QnmxC1uqe94idMJ0A3EaCGqdnWikyf7PT9lie0lTwkKShE/mszBxME++na686w0L0IrpdqsYyaubUwzqYBRy4lxNriNdT4WqjUSZCnKtB7i9oAqyC3hCypu/mVhs+V/wqCLNo5YpOqVvUM5YqZpJO3JGI8wOjFjzy4pRtzMobj1S//K9IP68aexTc+hbm67CSkjAYIQCP4kVg9ySahvs9pLF7maeQ
6iQrL1ML9MLfpj7PQbGsGef9eiUV+BpZJkQTQrFZRWksvp1WN3ZS59ZVDYZfbibgh3qMc7anrxIaxCecVhqWQdqXfXCkgUyBeL0QnmxC1uqe94idMJ0A3EaCGqdnWikyf7PT9lie0lTwkKShE/mszBxME++na686w0L0IrpdqsYyaubUwzqYBRy4lxNriNdT4WqjUSZCnKtB7i9oAqyC3hCypu/mVhs+V/wqCLNo5YpOqVvUM5YqZpJO3JGI8wOjFjzy4pRtzMobj1S//K9IP68aexTc+hbm67CSkjAYIQCP4kVg9ySahvs9pLF7maeQ
65C2GpQzhvncISbbY5ODcOf9eiUV+BpZJkQTQrFZRWksvp1WN3ZS59ZVDYZfbibgh3qMc7anrxIdxiecVhqWQdqXenCkgUyBeL0QnmxC1uqe94idMJ0A3EaCGqdnWikyf7PT9lie0lTwkKShE/mszBxME++na686w0L0IrpdqsYyaubUwzqYBRy4lxNriNdT4WqjUSZCnKtB7i9oAqyC3hCypu/mVhs+V/wqCLNo5YpOqVvUM5YqZpJO3JGI8wOjFjzy4pRtzMobj1S//K9IP68aexTc+hbm67CSkjAYIQCP4kVg9ySahvs9pLF7maeQ
e8mVVd0KuaHUoendl/3W+uf9eiUV+BpZJkQTQrFZRWksvp1WN3ZS59ZVDYZfbibgh3qMc7anrxIaxCecVhqWQdqXe3CkgUyBeL0QnmxC1uqe94idMJ0A3EaCGqdnWikyf7PT9lie0lTwkKShE/mszBxME++na686w0L0IrpdqsYyaubUwzqYBRy4lxNriNdT4WqjUSZCnKtB7i9oAqyC3hCypu/mVhs+V/wqCLNo5YpOqVvUM5YqZpJO3JGI8wOjFjzy4pRtzMobj1S//K9IP68aexTc+hbm67CSkjAYIQCP4kVg9ySahvs9pLF7maeQ
AOseiqdNqoWqx9U8hQdYjef9eiUV+BpZJkQTQrFZRWksvp1WN3ZS59ZVDYZfbibgh3qMc7anrxIdxiecVhqWQdqXeHCkgUyBeL0QnmxC1uqe94idMJ0A3EaCGqdnWikyf7PT9lie0lTwkKShE/mszBxME++na686w0L0IrpdqsYyaubUwzqYBRy4lxNriNdT4WqjUSZCnKtB7i9oAqyC3hCypu/mVhs+V/wqCLNo5YpOqVvUM5YqZpJO3JGI8wOjFjzy4pRtzMobj1S//K9IP68aexTc+hbm67CSkjAYIQCP4kVg9ySahvs9pLF7maeQ
D0Hg7/zbEszDkAGozz1Keuf9eiUV+BpZJkQTQrFZRWksvp1WN3ZS59ZVDYZfbibgh3qMc7anrxIaxCecVhqWQdqXeXCkgUyBeL0QnmxC1uqe94idMJ0A3EaCGqdnWikyf7PT9lie0lTwkKShE/mszBxME++na686w0L0IrpdqsYyaubUwzqYBRy4lxNriNdT4WqjUSZCnKtB7i9oAqyC3hCypu/mVhs+V/wqCLNo5YpOqVvUM5YqZpJO3JGI8wOjFjzy4pRtzMobj1S//K9IP68aexTc+hbm67CSkjAYIQCP4kVg9ySahvs9pLF7maeQ
VALLG7oo0Tba5vLQpMyF0uf9eiUV+BpZJkQTQrFZRWksvp1WN3ZS59ZVDYZfbibgh3qMc7anrxIdxiecVhqWQdqXcHGkgUyBeL0QnmxC1uqe94idMJ0A3EaCGqdnWikyf7PT9lie0lTwkKShE/mszBxME++na686w0L0IrpdqsYyaubUwzqYBRy4lxNriNdT4WqjUSZCnKtB7i9oAqyC3hCypu/mVhs+V/wqCLNo5YpOqVvUM5YqZpJO3JGI8wOjFjzy4pRtzMobj1S//K9IP68aexTc+hbm67CSkjAYIQCP4kVg9ySahvs9pLF7maeQ
PN6OGFghrwsqnGXfVVfPLef9eiUV+BpZJkQTQrFZRWksvp1WN3ZS59ZVDYZfbibgh3qMc7anrxIaxCecVhqWQdqXcXGkgUyBeL0QnmxC1uqe94idMJ0A3EaCGqdnWikyf7PT9lie0lTwkKShE/mszBxME++na686w0L0IrpdqsYyaubUwzqYBRy4lxNriNdT4WqjUSZCnKtB7i9oAqyC3hCypu/mVhs+V/wqCLNo5YpOqVvUM5YqZpJO3JGI8wOjFjzy4pRtzMobj1S//K9IP68aexTc+hbm67CSkjAYIQCP4kVg9ySahvs9pLF7maeQ
6n0ZZZN/sZGs9skQt4RtUOf9eiUV+BpZJkQTQrFZRWksvp1WN3ZS59ZVDYZfbibgh3qMc7anrxIdxiecVhqWQdqXfnGkgUyBeL0QnmxC1uqe94idMJ0A3EaCGqdnWikyf7PT9lie0lTwkKShE/mszBxME++na686w0L0IrpdqsYyaubUwzqYBRy4lxNriNdT4WqjUSZCnKtB7i9oAqyC3hCypu/mVhs+V/wqCLNo5YpOqVvUM5YqZpJO3JGI8wOjFjzy4pRtzMobj1S//K9IP68aexTc+hbm67CSkjAYIQCP4kVg9ySahvs9pLF7maeQ
gQYZtJffjyD79lCklKKEgef9eiUV+BpZJkQTQrFZRWksvp1WN3ZS59ZVDYZfbibgh3qMc7anrxIaxCecVhqWQdqXf3GkgUyBeL0QnmxC1uqe94idMJ0A3EaCGqdnWikyf7PT9lie0lTwkKShE/mszBxME++na686w0L0IrpdqsYyaubUwzqYBRy4lxNriNdT4WqjUSZCnKtB7i9oAqyC3hCypu/mVhs+V/wqCLNo5YpOqVvUM5YqZpJO3JGI8wOjFjzy4pRtzMobj1S//K9IP68aexTc+hbm67CSkjAYIQCP4kVg9ySahvs9pLF7maeQ
d4RFZYaGfsvpojk9unK3dXeER1H5HvqjOTDN2cxigS4MLas/HMy6iwn9Ti2T0LNSzdoRROucLm4CYTMYoucc3YPm0PA4y0CaouaioW2QR8C6PRrQp0MmBlrp3iDEKp96cZU0DEgrTOBr++AYkx7QDQd5kck6TxmaazpP/rGQ5kmULL96FEvfi2632DyzELUw4BqFZAOa26Fv0L6yOQP0kUU3QOdTjw50J+Qg379rXyixkj3me3pAZOOzZRmdXg+pRaU56DDXK8FT8k2sf/jGwo5zIICVTi22eMQx9U6AGEYi6GzpYxcLzt8uLTUhFmXaxfEjuetZD7VR8h11nBB2oXSnYw==
1YEgKF9oy67ucRzmk8t3Tef9eiUV+BpZJkQTQrFZRWksvp1WN3ZS59ZVDYZfbibgh3qMc7anrxIaxCecVhqWQdqXfHGkgUyBeL0QnmxC1uqe94idMJ0A3EaCGqdnWikyf7PT9lie0lTwkKShE/mszBxME++na686w0L0IrpdqsYyaubUwzqYBRy4lxNriNdT4WqjUSZCnKtB7i9oAqyC3hCypu/mVhs+V/wqCLNo5YpOqVvUM5YqZpJO3JGI8wOjFjzy4pRtzMobj1S//K9IP68aexTc+hbm67CSkjAYIQCP4kVg9ySahvs9pLF7maeQ
ROY19XBpj5ahL5Cccu0OElKE/PEQihHP8vp62At5LUlul/CuYgr9mBI9QhFBZiFrxj4vM3Bb9gaIsZfd9vIMlw+VjAI5GmmdgB5V894wtgiiur1zwuDes8pMzUumVLUGxgFxGeeFbBe/Fu2K6VJ3SDClYixJlsKTGSfIB16wFUjjfJZ682gVgv3tKWAYHr+bYn2z97YLRZcIWAHUZpMZ88mkx/JLqi0iZmjlg0M1W4bZRbMlzwTmD+3tdcJLoFmgkI74E1YMA9aL+j70F9lImA6q1CiaBfWPjWJ5nmt5Bw5z1rORVfW9Aak510K72VrIoE2Cp5U=
d4RFZYaGfsvpojk9unK3dXeER1H5HvqjOTDN2cxigS4MLas/HMy6iwn9Ti2T0LNSzdoRROucLm4CYTMYoucc3YPm0PA4y0CaouaioW2QR8C6PRrQp0MmBlrp3iDEKp96cZU0DEgrTOBr++AYkx7QDQd5kck6TxmaazpP/rGQ5kmULL96FEvfi2632DyzELUw4BqFZAOa26Fv0L6yOQP0kUU3QOdTjw50J+Qg379rXyixkj3me3pAZOOzZRmdXg+pRaU56DDXK8FT8k2sf/jGwo5zIICVTi22eMQx9U6AGEYi6GzpYxcLzt8uLTUhFmXaxfEjuetZD7VR8h11nBB2oXSnYw==
ROY19XBpj5ahL5Cccu0OElKE/PEQihHP8vp62At5LUlul/CuYgr9mBI9QhFBZiFrxj4vM3Bb9gaIsZfd9vIMlw+VjAI5GmmdgB5V894wtgiiur1zwuDes8pMzUumVLUGxgFxGeeFbBe/Fu2K6VJ3SDClYixJlsKTGSfIB16wFUjjfJZ682gVgv3tKWAYHr+bYn2z97YLRZcIWAHUZpMZ88mkx/JLqi0iZmjlg0M1W4bZRbMlzwTmD+3tdcJLoFmgkI74E1YMA9aL+j70F9lImA6q1CiaBfWPjWJ5nmt5Bw5z1rORVfW9Aak510K72VrIoE2Cp5U=
d4RFZYaGfsvpojk9unK3dXeER1H5HvqjOTDN2cxigS4MLas/HMy6iwn9Ti2T0LNSzdoRROucLm4CYTMYoucc3YPm0PA4y0CaouaioW2QR8C6PRrQp0MmBlrp3iDEKp96cZU0DEgrTOBr++AYkx7QDQd5kck6TxmaazpP/rGQ5kmULL96FEvfi2632DyzELUw4BqFZAOa26Fv0L6yOQP0kUU3QOdTjw50J+Qg379rXyixkj3me3pAZOOzZRmdXg+pRaU56DDXK8FT8k2sf/jGwo5zIICVTi22eMQx9U6AGEYi6GzpYxcLzt8uLTUhFmXaxfEjuetZD7VR8h11nBB2oXSnYw==
ROY19XBpj5ahL5Cccu0OElKE/PEQihHP8vp62At5LUlul/CuYgr9mBI9QhFBZiFrxj4vM3Bb9gaIsZfd9vIMlw+VjAI5GmmdgB5V894wtgiiur1zwuDes8pMzUumVLUGxgFxGeeFbBe/Fu2K6VJ3SDClYixJlsKTGSfIB16wFUjjfJZ682gVgv3tKWAYHr+bYn2z97YLRZcIWAHUZpMZ88mkx/JLqi0iZmjlg0M1W4bZRbMlzwTmD+3tdcJLoFmgkI74E1YMA9aL+j70F9lImA6q1CiaBfWPjWJ5nmt5Bw5z1rORVfW9Aak510K72VrIoE2Cp5U=
d4RFZYaGfsvpojk9unK3dXeER1H5HvqjOTDN2cxigS4MLas/HMy6iwn9Ti2T0LNSzdoRROucLm4CYTMYoucc3YPm0PA4y0CaouaioW2QR8C6PRrQp0MmBlrp3iDEKp96cZU0DEgrTOBr++AYkx7QDQd5kck6TxmaazpP/rGQ5kmULL96FEvfi2632DyzELUw4BqFZAOa26Fv0L6yOQP0kUU3QOdTjw50J+Qg379rXyixkj3me3pAZOOzZRmdXg+pRaU56DDXK8FT8k2sf/jGwo5zIICVTi22eMQx9U6AGEYi6GzpYxcLzt8uLTUhFmXaxfEjuetZD7VR8h11nBB2oXSnYw==
ROY19XBpj5ahL5Cccu0OElKE/PEQihHP8vp62At5LUlul/CuYgr9mBI9QhFBZiFrxj4vM3Bb9gaIsZfd9vIMlw+VjAI5GmmdgB5V894wtgiiur1zwuDes8pMzUumVLUGxgFxGeeFbBe/Fu2K6VJ3SDClYixJlsKTGSfIB16wFUjjfJZ682gVgv3tKWAYHr+bYn2z97YLRZcIWAHUZpMZ88mkx/JLqi0iZmjlg0M1W4bZRbMlzwTmD+3tdcJLoFmgkI74E1YMA9aL+j70F9lImA6q1CiaBfWPjWJ5nmt5Bw5z1rORVfW9Aak510K72VrIoE2Cp5U=
d4RFZYaGfsvpojk9unK3dXeER1H5HvqjOTDN2cxigS4MLas/HMy6iwn9Ti2T0LNSzdoRROucLm4CYTMYoucc3YPm0PA4y0CaouaioW2QR8C6PRrQp0MmBlrp3iDEKp96cZU0DEgrTOBr++AYkx7QDQd5kck6TxmaazpP/rGQ5kmULL96FEvfi2632DyzELUw4BqFZAOa26Fv0L6yOQP0kUU3QOdTjw50J+Qg379rXyixkj3me3pAZOOzZRmdXg+pRaU56DDXK8FT8k2sf/jGwo5zIICVTi22eMQx9U6AGEYi6GzpYxcLzt8uLTUhFmXaxfEjuetZD7VR8h11nBB2oXSnYw==
ROY19XBpj5ahL5Cccu0OElKE/PEQihHP8vp62At5LUlul/CuYgr9mBI9QhFBZiFrxj4vM3Bb9gaIsZfd9vIMlw+VjAI5GmmdgB5V894wtgiiur1zwuDes8pMzUumVLUGxgFxGeeFbBe/Fu2K6VJ3SDClYixJlsKTGSfIB16wFUjjfJZ682gVgv3tKWAYHr+bYn2z97YLRZcIWAHUZpMZ88mkx/JLqi0iZmjlg0M1W4bZRbMlzwTmD+3tdcJLoFmgkI74E1YMA9aL+j70F9lImA6q1CiaBfWPjWJ5nmt5Bw5z1rORVfW9Aak510K72VrIoE2Cp5U=
d4RFZYaGfsvpojk9unK3dXeER1H5HvqjOTDN2cxigS4MLas/HMy6iwn9Ti2T0LNSzdoRROucLm4CYTMYoucc3YPm0PA4y0CaouaioW2QR8C6PRrQp0MmBlrp3iDEKp96cZU0DEgrTOBr++AYkx7QDQd5kck6TxmaazpP/rGQ5kmULL96FEvfi2632DyzELUw4BqFZAOa26Fv0L6yOQP0kUU3QOdTjw50J+Qg379rXyixkj3me3pAZOOzZRmdXg+pRaU56DDXK8FT8k2sf/jGwo5zIICVTi22eMQx9U6AGEYi6GzpYxcLzt8uLTUhFmXaxfEjuetZD7VR8h11nBB2oXSnYw==
ROY19XBpj5ahL5Cccu0OElKE/PEQihHP8vp62At5LUlul/CuYgr9mBI9QhFBZiFrxj4vM3Bb9gaIsZfd9vIMlw+VjAI5GmmdgB5V894wtgiiur1zwuDes8pMzUumVLUGxgFxGeeFbBe/Fu2K6VJ3SDClYixJlsKTGSfIB16wFUjjfJZ682gVgv3tKWAYHr+bYn2z97YLRZcIWAHUZpMZ88mkx/JLqi0iZmjlg0M1W4bZRbMlzwTmD+3tdcJLoFmgkI74E1YMA9aL+j70F9lImA6q1CiaBfWPjWJ5nmt5Bw5z1rORVfW9Aak510K72VrIoE2Cp5U=
d4RFZYaGfsvpojk9unK3dXeER1H5HvqjOTDN2cxigS4MLas/HMy6iwn9Ti2T0LNSzdoRROucLm4CYTMYoucc3YPm0PA4y0CaouaioW2QR8C6PRrQp0MmBlrp3iDEKp96cZU0DEgrTOBr++AYkx7QDQd5kck6TxmaazpP/rGQ5kmULL96FEvfi2632DyzELUw4BqFZAOa26Fv0L6yOQP0kUU3QOdTjw50J+Qg379rXyixkj3me3pAZOOzZRmdXg+pRaU56DDXK8FT8k2sf/jGwo5zIICVTi22eMQx9U6AGEYi6GzpYxcLzt8uLTUhFmXaxfEjuetZD7VR8h11nBB2oXSnYw==
ROY19XBpj5ahL5Cccu0OElKE/PEQihHP8vp62At5LUlul/CuYgr9mBI9QhFBZiFrxj4vM3Bb9gaIsZfd9vIMlw+VjAI5GmmdgB5V894wtgiiur1zwuDes8pMzUumVLUGxgFxGeeFbBe/Fu2K6VJ3SDClYixJlsKTGSfIB16wFUjjfJZ682gVgv3tKWAYHr+bYn2z97YLRZcIWAHUZpMZ88mkx/JLqi0iZmjlg0M1W4bZRbMlzwTmD+3tdcJLoFmgkI74E1YMA9aL+j70F9lImA6q1CiaBfWPjWJ5nmt5Bw5z1rORVfW9Aak510K72VrIoE2Cp5U=
ROY19XBpj5ahL5Cccu0OElKE/PEQihHP8vp62At5LUlul/CuYgr9mBI9QhFBZiFrxj4vM3Bb9gaIsZfd9vIMlw+VjAI5GmmdgB5V894wtgiiur1zwuDes8pMzUumVLUGxgFxGeeFbBe/Fu2K6VJ3SDClYixJlsKTGSfIB16wFUjjfJZ682gVgv3tKWAYHr+bYn2z97YLRZcIWAHUZpMZ88mkx/JLqi0iZmjlg0M1W4bZRbMlzwTmD+3tdcJLoFmgkI74E1YMA9aL+j70F9lImA6q1CiaBfWPjWJ5nmt5Bw5z1rORVfW9Aak510K72VrIoE2Cp5U=
LurRYqpJm01OPr43fuFVqAlfU3p/bRBn5GXAwp7uuS64iUkexkRgZ/VRJIpAdQxdGip0MtI2FVn3OV+cJ+zW3c0RqWyqZyHYwoPPPmv79mCsuvRv7l1/tcpvBaEFPuTTPY04vl34ll9myoNDefHtMBRBXXw1v+VElmqlS4rZJuOqkFmxsTQ7zptScTgs9Kpv+ku3jRDT4bkLPsPY37lzDaG45Jtj0imCV119nUF5aqac46QumJwFUpw3a8pWSLK5tK24LQ77Skw1V3WOn3zvMfIkC+GsAFn4X6cflXc9S2jJ4wno8S97XJGj4I5UOvxErc1SL7Hs9rDAo/1tjbMAWEthCQETLDXHN/mlm9AuoLRA9nRWhaUxfwwsJ0rNP9glRne5Jj9wTWDYmv20u7pTsccQ1kIxoyzh3TfYFwsvBgTPpIjPN0vneEkSBTYDmsh0C/NNqZW+V5ndpaHYaDcjcXuypbz3GL4StvPY0C1upabQhNmFRiBAtrro9Jm7twM+t+6FJak23Qq9cRvpEzmHpTkyNcWUcK6R7Kf7
oabjHnSUix6PejYNHm+bubJjNC3i6qXt4IO5N+QSTEB9KOMfJGimIKBsa27Xj6j9q8EEQ/CmAaUI/3KPGwlsGbO9Z8UDv3Spa1jmNbPaJHAf1waTQtk9vYG2+42vwGtOajUFkuWFXP6UD8HxWvb5gnVstovZ0A6GQ0wqMYpA4eFt11Xl2IRz8ngCMKwiJOL30MtJBXPanwPP6LcMPsbS1K1iG86QGbkA/vBcAA1IZ3o9K2BDu+mcayBs/HuXzqD9vAPPOyUlr413s/JC5+AUBBhO101cpjN/XBA2mOda37zpGj7mCzSK0sNiQoazFbQvPv1CstVf3YKQ317nw5hHZodxboSpVEPQ4Iy5gAlwwYuKQRI/TpnEFjm48YusosBGq0mzqd/EhNzcFD4PSkjOAH6S95jIG3BCn8XPuhf9/SBbN/LArJXNNEeeRr4iECwYfukSNAtg+8ZinteaZWQSI2Pyp9TaGF5UdCeMIWOtatbqJCBPHFT39dzp2B0IETPQA/KI+KZY5+p65PSKAU4zyB3mg8YKWNeHbKef66f+
SPFA8pr3R77H2NaanwwtJ6WNAjnSB4wbU1tftW3YPyceZBMJtWdOD+D9WoTKe8Zh6MZGFZ36B4sK5KYGRZentvgbuf0qZ0ZsWiB44NOSGCslwlHEJJm9jSgTPukLzMijherJc0SE5uoea5x1veFg76/1xxaW19fdclrvcDSLLOqJV1s5X1Se0Tc4x5fnULwqD98IcdSnwIBT1YP8mVoR8jvsDvyYi7AbXQlieyPtIT7pjB0RAYlL6K5/UdoLVh399wnjsVjClvPOamo0h8Y2d0HeVGBA/d49Mkm8M2hYP3c/Wj30XdW4dOHl3iibrPUntcG1FTlsI7NDDEOn2Yjbg+qadvJOICddOGtDxPSk6uNX+Q8b8hwhcQNlIeSXU71Z70/yJpJQCqae0vcN8ysmLA0eD5eqoawn88INeG+0kjp3IBlyYdXNALwGwwuudXd38gMJB/RApTQCq4WDxWxDMk/ioRJ6kEGjp63nlpXNdyULjKofUXWR4u9YRZAcxvzT0sQPphfCWhSzwbQIQqKQqF4NOR/xet3+j0Gb/n+eN9FRPTExtUFzYt9B5thsxcan0Q==
dvZSnyUTsi0CgVb7AL5asDadfrKQeWFs98+mklOvqa2wqapy3Auv4cskIoVVVO1M5GlY358Xco0Q8n8CjUd1BkZqZi4B/ZzX0/RIn1p0cHnLhmS0qIsz1HVzreOd3H6Zc/Y8fC+73l8iVaXRMXqjoa/sM4LaWZ0ehUmEkqQD2d2aWmEOxQBuR7ncFupzgHKdCuy5LV27Tem4SKueyI6oAOII+vvgp5HJE1YHb38k7yA+6ooYHQ6DQvDVYWzO/EQszeT/9o1HuI/b5YQHEKCk1xdi+DGMb9c3Rel34cc/au4nzAwIKCIPgTwqqxPs3G6053aHcFl2pmpr+FK+825aqnO5LKOOkZp+tVPF7qATBktDNB+qtx12iMmYm7xQACEsyVzZh7otyvMuFVx6iXSpp6yOmIobJSslvwhcsOwYJiOK5FaMzv4vVKgXaC6vCZcWl1Gl7Gtb6szMWRVY9xLeEuI8NBROhcr4a+xjqtJSj7ZlSErv054/WLrUhjhEK5QNowHyWlpI+IN8WO+Z7CWAsYi9axwznpD0xpQ/hspobCbBYivELYpbCmrUT+vca8fHp9I=
b/V3ucnQn9UYcRjaLn1bBAj5EC3iVCd3GCs8440wnXPQbdcah25JqoiL9Bi9GhVtWFthq4rW8mugiFUWP+nRWlcEJSspnq1A9x/HEexkfHXtMyMjyEClNAKrhYPFbEMyT+KhEnqQQaOnreeWlc13JQuMqh9RdZHi71hFkBzG/NPSxA+mF8JaFLPBtAhCopCoXg05H/F63f6PQZv+f5420VE9MTG1QXNi30Hm2GzFxqfR
65VfBMXbfSWiaAJADuWkFrxvcTwbbTMJJZBETd672F4JI7Z6aLjZ5UaSKR5bmbdOQz1hkQVVTUHZGSfC6/nKCLAtMqcl
2gqNJ3R5vJISpyburYeCpdGm2ZWQpV2KzkhFrrV5nNeMyQt2W+Ey5EaE33YKuEeUwdILlG36OxrqxO/bHLsnN6ci
BCGt+oZiY1bBdSAFUhK4AVfdnnpul4RU+OeacarC4VOETvYKU/SCLtMOYYzXxrW8/1A6qgO59M3TTadc
75dPs7CzOdwaLHhtniE0m6r2Cve4nUup3QF9VxNGBT53kbNeZ+U9UVmNKdFdkUsihzGO+NTVTqdZ
wDahV/PdxRkN49cVjQFNMLJjNC3i6qXt4IO5N+QSTEB9KOMfJGimIKBsa27Xj6j9q8EEQ/CmAaUI/3KPGglsGbO9Z8UDv3Spa1jmNbPaJHAf1waTQtk9vYG2+42vwGtOajUFkuWFXP6UD8HxWvb5gnVstovZ0A6GQ0wqMYpA4eFt11Xl2IRz8ngCMKwiJOL30MtJBXPanwPP6LcMPsbS1K1iG86QGbkA/vBcAA1IZ3o9K2BDu+mcayBs/HuXzqD9vAPPOyUlr413s/JC5+AUBBhO101cpjN/XBA2mOda37zpGj7mCzSK0sNiQoazFbQvPv1CstVf3YKQ317nw5hHZodxboSpVEPQ4Iy5gAlwwYuKQRI/TpnEFjm48YusosBGq0mzqd/EhNzcFD4PSkjOAH6S95jIG3BCn8XPuhf9/SBbN/LArJXNNEeeRr4iECwYfukSNAtg+8ZinteaZWQSI2Pyp9TaGF5UdCeMIWOtatbqJCBPHFT39dzp2B0IETPQA/KI+KZY5+p65P6IAU4zyB3mg8YKWNeHbKef66f+
MX2P03922+MwXeJ2vcz5rPacgV+7JWylPTRDhdrMSOWVDepnPXHHCpt+oybhqmxuM+RuCTJrJEWVz0HRoUHFi907B18Z55vfSysTtXCvc0r6K9OA8KZXlcpdMnPZG/kEBzMvep/4ApfpPLVPmLjM3R2veuztlH1uuoXpOirge74WT0q6VZfFNfmLSA73dOCQrDLC/rahGAkFS4Pw+yU32ssyPvym4kVAd+BAU/3GJqIA3q3S8+y1qezNC4M4jZgeQIXXtJQLlGHj1TUvq4tvoe5ch7rA0lAMG4MsDNfZJKLKJmfgKwqBuNJIW/5OlJuwntiTD6A5Nv9OvOW1+eSoLWKZA2LzEC+Twuo53sdWeB4lHumqld1Cg15xvrOgMMGKjbWsmLRwQ2vfhw+OwBoERmLR6tJalvYQexZ4cdSkJ7dzRFeHydZzVd4uvJ/JMl+MWqBCSvjONqve+nvKH2AaLCsk5d7mlQtQS3qK0poSLPVQf0O3fsDiJixBLL7Tk+Qb5GPI64emqxAkljbSY2zidmIW4ZRnntUkz4j6crOhlJXj1afE
duaYxpanSSufZiKzm7UN3UUPYaPd1bDIaeVfZEKL2gt9DMN9WDq54gOpfqZ7zgltzaYZEkOxJ3FXKSNtNdL5zfAAqikwpyc=
ZT9xrcxOX6NSY1dP1DYpt7PC14CN2p4DENvasrVJs5c2Va7+fsnR4uGkV7zvmNMnZdY2JqKI3NBe4QIMy5hrTgLW54JlfCJrA3o3LBogTlxU73y54zUansosMHdcLGd9PCHoBQgJAxjjehiA5mD34lqshBCB1sMAPe6T/sqgRw8M76/zp+Y=
RL8rhTaHKg1mTOcbdFFg2MkDm2ZLk2oW/q4rCj+FuJ/EQkkVF478n89/h/WqvEstLYD4GyBPT+TBSYJ6Y1aBQczigd4zib9uu2bZEX2FdSHRCQ8Cg0lCaGgdKqc9
AlfBeqNwNeJCYgDmSyPFNRzaCKY+1/g90bx0KqmKvQEyF07W24WFGhY3pdtlVcgYoYVHVCpLcpuFrIuNQDqhkssJBjbTjuFd1UZRQrsxn6EfCTsdHRKRXUhgYhkopz8=
Rpv5oFw+VhdyoaZz5x2NVjXpJ4MP5dkn5rx0KqmKvQEyF07W24WFGhY3pdtlVcgYoYVHVCpLcpuFrIuNQDqhkssJBjbTjuFd1UZRQrsxn6EfCTsdHRKRXUhgYhkopz8=
rXCQQTzLRRwRGTwIMt1kqvPGpB74sXgirYq5CT4HUs6/pWEiagdpkyGVDFDtdfssjqvWAxk8BwXEuiUaR5marnfuRaVpNp2K/3FbaVM5xyV5MnVFVHBuESynOw==
XWlw1tu9EJcWy0vt8nan7GlQ+nOiUBFXUVbMIWexH8Gx71zakYqF8Rp3FgYTxc2q7pfNS/3VUIgJZf8kYou6y92MY704Olmioyne5pvOKa1tJvnSI7EHMfepQ63V0tkNkIBKaRCnBw==
f8ig7MYCmYstEjjf0eFOT/CPIV6ptDoKvAqOEe3OGgGBGRxSSsSz3bMrSEgNBJChyxi9zoUBWv5RknpJc4OhgqCGm1taeECETcPIYOZAt0LazMQwgfYD4L1OU97KwAdvjE9vE6cG
v4jfNbBv5rUXat0eIoXy3F1CptHn0QtegbUwXyd8fgOvGO0eOBkDTwAJn7GShi5NvISudHFNWInwevo4Bd5wg43lgalvRxm5kLkrMA3SwX5PqjRMb9OpsYmuW5HZpaXQZCc/aZ+SwYQLKPJacjOcmOGeGd50ZH0d2rDMPj5ocBE3J5+mE44h3RVGkcJ7MV8h3wn7nd0SUd2IYKKZ6Kf/
gYK8MO7FAYLSnL36ieF/P2QzkgzGpN3m+/+XeEcm1pvJg0goe+3CEeGE+lLAaw7e0KfTTC52AuM7gd5WdHtWqtJu9iqTlAKOmO5hbJdmNdw/cDqKQ1l0bRMtpzw=
