bqK1/0nUCt3F/O2olsjtzjOQLlIxbXIBtzoDMwdZ2rr8JWlnMTqKk00+0kOfs0rtg8+zf1C6bY+f7YRsUwR0Z2MbU4CFUkkO90qcHDcTUYHhjkOB0aWtwHwHV1lnUpnUo8hKKvqzFCiZPvEOLCRF7fLQ1C42aHgBL8e31itO+Y195ml88LHT1mdoU00GUintYEC6ieCz9g==
OPXSfpTgslhIaMSlM0kJCDFPz3B6mIMu2dT1ucz2tEJFccOxTcc2NfFmbduSZM4evt/j3Y+1QTdXZX4BpayjMm8iAZLaUGGjh21HFjUNVyUrTAqf8bWx4s+Y5RC8BtzTMgRvJvcCOhRTAdSIomLwqL5NWZ8ROr3+bwH7fp/QVtF1epGwFQFQYv8BRljMheaz8A==
770Oopg11QkBaFomR5fSbT1/ZGKCRr6AaaDrPYv/VTGy/kU5BTYcN8WUWbqP7DMtsQUPZVBCKKY31MFdwmwDErL7VHSI3XrBcT9yVXW+Mct7qaieWpePzVPtxdeTHULxCSQH8gsq7SKm6KWDg7WbhpnFcyUPhKYPLW21wgsgmaBQDrgTlozD1st6/vTXWQiYzioUKNqFtY9N4jmeK/nHDjNY8pGRcv0A6bkUQvtZGshgzcKz1A==
gVX1upD58EaqHirfzmgCAWzPkqGtQAtdUB16vK167dfdIlgon9Qydv5FSW5RCM/Qj/SLi9Ua7upiRAQcbs1aYKv0c2Iy2v+OZXA6ZzNWL0B6TBZwZCOkdSP5wlJ6gGgbPED/0YytcImIhZuUU9aA7IYMr07qYFLfQR4czAzCy5GqzF8jPOO3/7Pr
+IDI+PGF6Ysb2FRUPcP6zkz4//a0/9AqtIK7vcJdICO0mbONkNxOgd1m1cs9/mB074GL6n7Z8TIhVPcMb+izl6UG1jaimLyAHlHi/Esoyz5ChseSZWwCO0MKl5ya0K7sFL8cqeMl+k4KnFAH3JzHjfzxyBUIGSPII4q4MGYQl1KafGoDgcKkUHxecw1KEOd/TL+P47P3
4vA6l16TVeS9y+vi6npuwEz4//a0/9AqtIK7vcJdICO0iLuDltNP091m1cs9/mB074CL6n7Z8TIhVPcMb+izl6UG1jaimLyAHlHi/Esoyz5ChseSZWwCO0MKl5ya0K7sFL8cqeMl+k4KnFAH3JzHjfzxyBUIGSPII4q4MGYQl1KafGoDgcKkUHxecw1KEOd/TL+P47P3
83XlfclP3apYpWqJJKcIQs5/VdH6vwWnRcskKzf0hVzzcJkTvMSHyrTDqBZALs1HIuVTHQW0hvgELmNvLdqt993CGEgfP/NW/mWJjtFojzCP1MsrVbquimKkxLzubZpAq5SzgrK6v65lUHoHs7bvIHps1tDkg2SVI5mC8vogKDs8oL+xDE2wqYilW3TTtsAMhizv7mrAEr9B/txsjGILsaqsn8O8g/ffs8s=
SimLf2Nj7nkLhTx4x+3dq0VML2VzVtcwB9cmDqunqJIWJzV0AW1+QZF/UlVV/pFLHelLnjpXb03zLeXXs90icelkZ/Irak2iBqhFg+N1ewY5BVMlL0QGj82t1cLrYDkg8E6YE/bMI1arut7095moGC7qdCg6xdUP7aIZngu5J45TmBKRsbJdgEl5dEIbGXpIwI3is/Q=
umHs6YEHiXQaMEMT7QnQ1Ta6o1x67IjivLrIJodzpYSkdeKfyNXoWkEVQ59tig1nXVL4mF8JE2b+VWm+kbhvoA9Ea3sVSo76YlTkzC69OtArBNPScorfnmVgGjdz5o+w+vx2ACTzRGUj6aICunCIq7wwX2FMfVCZiJW7RJNmIJwGvE++KjAyz0EO/BxMsqshKjz/k3yzl++z+w==
SY1LoFXXiO80X+vp11oAG26DJEItZXFSrTgdIxQexpn8KGkIV1TjiUQpy0ughWeKy4PhLQneeJOVhalZVwdBaXgZU4CFUkkO90qcHDcTUYHhjkOB0aWtwHwHV1lnUpnUo8hKKvqzFCiZPvEOLCRF7fLQ1C42aHgBL8e31itO+Y195ml88LHT1mdoU00GUintYEC6ieCz9g==
m9+7LcsL6XA0Hw9v0itgAr2y2F6nq1VM5D1SRzdnNoCE1tMnDdK9r50aiMB/8wNu/l15RrHgH+jPjNsjdfIecuLcdHTOZYqYa8wjClLyz5ZlaApPUz5/eLq0xtjES9Tto2EyutooOGN8eC85bIVAkYidq7yzPlDUxnT/5kqIokfBhmykrGobaWr0D0tcy4fns/M=
az0EnmuEbX1d4tUcvYl3FmXx/IBGst30pbmAof6vZ+E5r5qVHY75awQYU54iJ3dtG90tl/uNitER9N9yU/r1Qu54DcOrRVPmITVLJTd0Hm/lnZ2Co7DRwEje4JNOXNv2A+qWtD9pQDg2mmwoIjXNL4XSUV7DaY8uKwiqEUki5eAhKbyC0ylSKNi9+rPs
27BnhPMtE2V29Vz+/iPFVs+TLdDihOfJ8CbjDY2jYwSgTjltOWGG2NgEJjRicquWJdKcxqm47W+6TiSOUKTfLiHOj7CLTNgyvXCye5+Q2p2xzRTVpwfgvXXE15NVKBdrBuB2SgJfO3U7tlhQD/TwxmoCAK2PaL8gjO4s9Fm95mHZ73qV/c7Z6yJY856C51ftOx1Nl5tN6lFxNL9y8zrVws44rcMLBbNmwXWrJdc0/u8F3T2CA/DxQGgeQJMunLt2Yyr2tF+pYLgWWswognXtr6WSsV4jKW+uy0hKEelixWAB6RyCc+kyqLh9mrOM
DnGchbjHh8MS4a46ny+fbUlNI2hqF554GMB/A+f49MAUPnR0AW1+QZF/UlVV/pFLGuhLnjpXb03zLeXXs90icelkZ/Irak2iBqhFg+N1ewY5BVMlL0QGj82t1cLrYDkg8E6YE/bMI1arut7095moGC7qdCg6xdUP7aIZngu5J45TmBKRsbJdgEl5dEIbGXpIwI3is/Q=
oxnz2UjyP/3/7Rr0eOUhd+h7FFRgCp5osOnFGvd0nrXXuFNp6Wx4h8OhrhQUMC3Xermf+z2vISI19qPrzIVnkhB3TIZ8aqIc9/thCiFzDgTDpaXDwKI/22x+P4WwCKvSxSwo8KE63fQe0C4+XPlfY5wlu+I/8zY0xF40i8F13bELp31B7Emn+AkSRbZDmoj0S/MNKVW+lxkdpWFYqDfj8Tuy5Ty3GP6S9vOYUG1uZSYQhBkFhiCANnrotBn7t0O+9+7Fpek2HYR8cd9u0zhHJfoy9UXUcO4RrLO6
Kdw52zsRIuMbM9ITyJdz+8BGuLlkbmoOpoKqJduDi9v/x/Zbbxumjyy8qrhieFI1wOe8m81i3T8diiiwPy3iX/5tmZbxkL94Txy7k7UiPgLiLFQkjtVqCOtcg/qSoq+mZVhqH5PO3+g6JCZohBv0HaMREmoamFjz/OiPSSxVoKGIrUts807wREbkn1aKWII3wXZM9Oza+/nqZK+7nJvn17PD
wSIhrcWSbm7/99yzyAaQfkIyXMiAgnDtNLpCaoZmgjHLl4Pf/8P+T38PjmsM2IJsMiya8YAjdM+dtnVbvW6AJK+5att+6RECYQQXnO94E0fldvbGouiccN4BQmzLuKvugranomVcYguD2vcMGkAOvNRPPNnj1do+Skzwl1wMJ928wSglCCnD+GPaWKDmgDeC2gxK84GyhKC8DtOdyoCHr4yP79Ozxw==
BjJ3hnnVnyAWrGxM/SSSNwoyjMxVMHPCeqA3POEe/wjORxIFXH9CfMj78gDwhFH44665LAIQsuZ46RvrMAWXKrtDHAx43oiz5cVZ+SeH0ckoWYOglVJZ7qcKTPynk+FhUc5zYeGlnSBMR+e519IJNHOIGsrqswQISX6hrrykNU0CkKQOxmgIId8Hx3bbzmktrSY5XOCxw7a3qAMtltKZjdCAiunQs8Y=
SolgSv6Bys0rZ6axBGyi47z+pxwy5aDsTAcsrLZYlniOS8ORh93/zeJFR3maeXzmbnYayr6TYA0I5UXgQantMEwe53+umb4nTUiZskNOXwa/nY3QEmQCBiAaRpc23lsmJxQKMCMg5dL+gTssY57q/mImfCmYO4N7JpQSmkTljNJrZ3SHbOdIZx8yG+yM8tZ+G9gyKi7Rody4SqQYJ6/anovVhInr0bPJ
dRt+xt3JXWkLkGvpH4m7ayYtYLsqXiNlf06jCBEpCDr6hkIQQlkw4IOAWBEll471KVYFu6Nzxh62z9s9Z4UZd++1lqE93Cuy55KZ8nKAmWPfHW82zR1fJSNc8r/ZxekiN0hNcCS2VFO6dPeGH9KCVAsxPGiacviotl1h/3kKZT7XUZPeByDeUf3KCVC9USgiJ/FueLSV7rP4
MOcpoMxG8xOpgcp/nDAcWZa/9OqGPvGXTbnVNwtdCIOG4aHkumn1DIn9zSxUOre6QSI+m7WM6Z5LWj9aZ3kdXLqQQnoYHnb7fgr7ur+w2nxLFOXuhsXLgOsKCiI6QmwlsE9Dh54QonaMsazOc0MkS4RTyNvn9mvAhOa2IsM8oqaGJeGggE6UdG97egITcVTFg+Wz9Q==
/KHMXtzxBNyHtONO68/Bz/LZxu/qr1BsB+nFAIGJ7RCM/mcV6ba+Bw0oGVKDbl8mf30NsFJEAiZgesZ39v5bBuf0ilBjAOXyvuG7zKO+6t6ixvxJ2BuDW2b0knqExYzyq4f05yzHSEdfUpsMTNLWXts4skpu8aH8+Cok+OeP2r5LNQTpq/Gz6Q==
V7i/nXVSrlpvFhBPV5/pIExyTXsoPBNpdGm7KxAF92obw7dLF95oc0VF+TnHh/GJiNlj4PVSeS4Hiiy8R5PBITFOk6HBpb3grMeH+ffS6XQTCLoKyrNkSKn+Ae6cpNWNohAEziZoaGF/h2c2u85J7Q2mWZwAseP2Fyjj7fbSuU0wAOqp8LPm
fUMrrGSV7JFmebBfihwsDPDZxv7ouVRsB+nFAIGJ7RCM/mcT6ba+Bw0oGVKDbl8mf30NsFJEAiZgesZ39v5bBuf0ilBjAOXyvuG7zKO+6t6ixvxJ2BuDW2b0knqExYzyq4f05yzHSEdfUpsMTNLWXts4skpu8aH8+Cok+OeP2r5LNQTpq/Gz6Q==
WSPheJaAm/K/8YUj5afPx0xyS200IRNpdGm7KxAF92obw7FLF95oc0VF+TnHh/GJiNlj4PVSeS4Hiiy8R5PBITFOk6HBpb3grMeH+ffS6XQTCLoKyrNkSKn+Ae6cpNWNohAEziZoaGF/h2c2u85J7Q2mWZwAseP2Fyjj7fbSuU0wAOqp8LPm
I1MkRpuB2ahFVos+TViNaExySnsmJBNpdGm7KxAF92obw7JLF95oc0VF+TnHh/GJiNlj4PVSeS4Hiiy8R5PBITFOk6HBpb3grMeH+ffS6XQTCLoKyrNkSKn+Ae6cpNWNohAEziZoaGF/h2c2u85J7Q2mWZwAseP2Fyjj7fbSuU0wAOqp8LPm
Gq8ROfU6Su/JgdHCf4Ed8Xl0M6ggQCRgaQftDA0vTjz6iBJDVFEr84KHehEll471KVYFu6JyyB62z9s9Z4UZd++1lqE93Cuy55KZ8nKAmWPfHW82zR1fJSNc8r/ZxekiN0hNcCS2VFO6dPeGH9KCVAsxPGiacviotl1h/3kKZT7XUZPeBy/eUf3KCVC9USgiJ/FueLSV7rP4
PgHOrDqg3a5ApwqYh+hX7omwykxetSGWZIO9Hdswtk41YgVpX3XcxYdhod1eIZbH7QVxJlDZPQEhn+LVxR5BC0rLtJ5Kd7+No011VwO9krHZBHfyO0o9YvYINQNz1StG6eVjJR+k1s+dDUVCm8DJ4IBuiBPmrBOWG9pudGf5+Nj+ygQoyuWFTz1CiR67WZfOY3cCkaGSrcA52YTCi7mqiJDt0rPE
GQEID/H37TjNYQIplI/2fwj5EC3iVCd3GCs8440wnXPQbdcah25JqoiL9Bi9GhVtWFthq4rW8mugiFUWP+nRWlcEJSspnq1A9x/HEexkfHXtMyMjyEClNAKrhYPFbEMyT+KhEnqQQaOnreeWlc13JQuMqh9RdZHi71hFkBzG/NPSxA+mF8JaFLPBtAhCopCoXg05H/F63f6PQZv+f5820VU6MTC1QXBi30Hm2GzFxrPQ
GQEID/H37TjNYQIplI/2fwj5EC3iVCd3GCs8440wnXPQbdcah25JqoiL9Bi9GhVtWFthq4rW8mugiFUWP+nRWlcEJSspnq1A9x/HEexkfHXtMyMjyEClNAKrhYPFbEMyT+KhEnqQQaOnreeWlc13JQuMqh9RdZHi71hFkBzG/NPSxA+mF8JaFLPBtAhCopCoXg05H/F63f6PQZv+f5820VU6MTC1QXBi30Hm2GzFxrPQ
fH+7EmlA4a9dMHd/PgkXzsVaqJQOOJqrCVAKrlWYKoiru56OjSYQ/NsbE3r/SicVyjIl46GDezzQBeeZq5QqpPemBEHUJpzJnfdqLHHmenPRV+DH/CRfqPsszvorOA2iNX1BoPAu9zuazcv3Trs9N8BoaZSOA1HT0XSfcpN6NUKu+E3Da8UT5mG1iyX39F5vpR1dguMwkcCIXiCTDtwb9sNq1rR/6YA4dhosKOK1DS/FUpFeA+nPLmuPaREJoqXg4al8gpOpkigYPbqzrA==
AZq6LTIuGZiEa+3Iv6HKSCTmxeJ1ECiq6hkGtFic/OFppypZ94hSwgJVLAL1XbbQxAfw2g0omoqA6GETjLZrLBGcYGHDrKmO7jWg/kgnGSlkKyX8QfGs5EwVp2gJE+/V1liU6krlKm7issbc88JYbYwgd1sbsNd7sTID2ZY63ENR9k+g8hQCdsBqhufWrttWx2TKQMNQ5aIe8ftcg+5qjoJWvFl4S4MLxuTS6qSVDKKLF7T3jJdIF/9C25xsglYO+6jyWsmioaxYOmRox99a7mulRPkLobO5
K2sMlmDI8b75ou2ccD6negOxLgHJoTFXKGJvSuYF7VIbMOBkYTRcec/d4Zjw9BKM1S38EWzpcrGCXvQLAXUdMcunvcEsSed4SRIFNgOayHQL802plb5Xmd2lodhoNyNxe7KlvPcYvhK289jQLW6lptCE2YVGIEC2uuj0mbu3Az637oUlqTbdA79xH+4TOIelOjI1xZRwrpHss/o=
QIeM0a/qB3S2V5h6Nem3a6G2XuaEq/nuzH+JkuCOqEsawNC707JtMk65iF1OEGWHX702RcuvvhcteFkCI/7ftt8tTeByVAI2QCqGJ1Zu25ZHpMoAQxDl4p6x+5wDLmpOApa8GfgLg0tGpNIqJFUMYgvXtLcM10hXfwLbXOxCVs57aPIaSeKh7Nh6ZKhHH1ou62VEuYvhs/k=
uGXi1rwfF0SnAQnhwWrRkZkV9ADVUfEypus+c5GcX/Xcuj1qnzkSXh8ubbVhFqVSh/HnPqtYzzUS8t313BC2ITSzIg==
FMT86BJzkQXF12zHO3NBgshCtLFhWjkUqL/lNcHK6Nms/cp1Xg61nS/57Kd0Oxg1yPO3uKA7jRkppzLJSnK4AaJtgIe8jYp8TCm1iLciPgLiLFQkjtVqCOtcg/qSoq+mZVhqH5PO3+g6JCZohBv0HaMREmoamFjz/OiPSSxVoKGIrUts807wREbkn1aKWIQ0wXZM9Oza+/nqZK+7nJvn17PD
IMxFxDfZ76KgUvVP34mYS6mjla2fmYCS0ug6FqKY2bZz38xiFHyt7LOLfS6/4KxP8W/AdTYn/Dsbblnv7ac1QxaQWD9yZTWmQ+qJPlaWjmB2xES0PGVAgDxqJFFTaExa/CZDwJSfM5uHBU7BNQxTMl/CkdIqcDEjNw1X1kWthyX77Hpf4dUBYp+4FVAs5uzTwqT/5sdi6pQjIcTIEoKgqG4t6V8BGk1+P+HLPg91JdFFGgFwZSGA4k/hVhg8JbazoA==
ZK7iYnEwEnYaFPNFn20LIsbWuLG56LpCzfhN7DQFm4EoS17u+0xCd6x1WuHS6nzCRjiG0fMIou0sDrXGPFoRZtDyBEyVSkcoCg/zN757SO6siDCcQsn/QGiF6BJpfhrSyTDBKcw7A/8sSBS4vRuEMRenSqEFg//IPYw7WR7ATnZA1ab82n+xZf50c1LcghCn/DqyMdQ0BLQS07Q4An6AAU5Nx6K6x09BObsGug58GNsf1aZhTTybsheyKTICIKnjz70/9p09zyWzfKJ/iWX5ogfoPbCUlqRTCpSHRi+yctQb0WyoShJoqCa9Mb+panW+p7GjnvdFbVGN6rkQTfEYojdRvjhktX6zaA==
emoKOZZqR0wd7Q9Ay8slb5aApYEkYrGVFGAMWCwozCavLkkmO21xKXiV/qbMV5PdFooGMrETs3ZjpxbXMmtL4MxgvRdla2kYdP+4ca/5iVofvJhkBQQTC/w0bBZ7OqaUkcobBHY8ZoIY9QaTfiCHLsgzdivgkIb9DMAvPTnPxlaffsHecwn/bvvtmRE5AjUgkYnMAkPJgmioneqz/A==
x85YW3yzyZt9K9j/+Hzl9SJgaxzLKi/LKnuh4dDVtUAeFEgn9vCwGnwV+0i1ShjzlQHjDyRSfPgiS+WxlKkPyMGSjcarOrDE0zN1+c2ev4nVpanIgBd7IUNyfQyPuBbiPnNQYMWOHdaIRCFVHkBoprLo/ImTV9tuz65d1RFWtbE38Zeeu5h/FWJyDRVMUMaB5LPy
TSXMy5g/vywo1K6xQVblkjOfOUk0eGM8tzoDMwRf2rr8JWkIWlSM7ypA3ELY9R/w2dqkexGBZ4eYwpBARitBaXgZU4CFUkkO90qcHDcTUYHhjkOB0aWtwHwHV1lnUpnUo8hKKvqzFCiZPvEOLCRF7fLQ1C42aHgBL8e31itO+Y195ml587HT1mdoU00GUintYEC6ieCz9g==
IMxFxDfZ76KgUvVP34mYS6mjla2fmYCS0ug6FqKY2bZz38xiFHyt7LOLfS6/4KxP8W/AdTYn/Dsbblnv7ac1QxaQWD9yZTWmQ+qJPlaWjmB2xES0PGVAgDxqJFFTaExa/CZDwJSfM5uHBU7BNQxTMl/CkdIqcDEjNw1X1kWthyX77Hpf4dUBYp+4FVAs5uzTwqT/5sdi6pQjIcTIEoKgqG4t6V8BGk1+P+HLPg91JdFFGgFwZSGA4k/hVhg8JbazoA==
rnuyY5nZd68LLKbUTp3W8Fa9xaft6pkwvp69v9dTAHO53P7JxP19vbRx3LNNhhpmtsHd8iHG5T9mbe4dQ+izl6UG1jaimLyAHlHi/Esoyz5ChseSZWwCO0MKl5ya0K7sFL8cqeMl+k4KnFAH3JzHjfzxyBUIGSPII4q4MGYQl1KafG8AgcKkUHxecw1KEOd/TL+P47P3
8QBxFDamV9zEscRTaI+odAj5HiXmCiJwBXxo7MJJvFvqReQ1tEdJq4TKux/4CQx6RVphooWf8m+sthp9P+TcNEoDPFg6jq5F6VyfArJ3N0HBCw4a1mywGzelnoHFbEMyT+KhEnqQQaOnreeWlc13JQuMqh9RdZHi71hFkBzG/NPSxA+mF8JaFLPBtAhCopCoXg05H/F63f6PQZv+f5U10VU6MTC1QXBi30Hm2GzFxrPQ
jlS5ASB2pXdoainfNNNr7tEvIuTF6IsgLWunTQ4jBnVYbpHi1X9C7zwWar3vhOw0OiPsGIpuPsUZ/M/CghcnQdHrPloGzMCbp8UuQZVMszJ/AvFSijDRIxfNN1bl7WclG6za34EVIWJ/+LXQTCbM0yLkX2anosqUw2FkSHJCgKhObQnfodotfh+hK76vtUXRZVrh8MXh4OJvobaYnOXWs8A=
ocImAzCpIF/UdxpHv/bAjlMf7ZyuyQFT1b8hWTx4awyvGusDfB8CalRF0fjS1ARf0uC0EgA1J4DxOrxrGYFvl4CiuLB+axm5kLkrMA3SwX5PqjRMb9OpsYmuW5HZpaXQZCc/aZ+SwYQLKPJacjOcmOGeGd50ZH0d2rDMPj5ocBE3J5+mE44h3RVGkcl7MVsm3wj7nd4SUd2IYKKZ6LP+
Aa8FJTufRcGJFcZVMc0Xn0Uz14VrNhDOKRG4u92SyPhAblLI9ekaJ/Ai/z5iobYSF1IRXoPpTy7rjekRiaIl4GGp/IITqRIomD06syw=
pxVkC8cSuMHO0R+k90zJvH9+ycktmnpqTnBqfUz3yalDERI1mcvLkHDFQ/lLvqTF5GekC2Aed6/Dr2AOHlGnqz7gCLimGGeqeqR/yAGKtAgcJgMFCphXR2xnHyuzPw==
G8ydF6+GEjG54aZwtYU7/h4599h9RI+9Xts7Pm4gNoIEeCOl7H827rn+JG1wSuEex27VBTn2zaEPcW+OA/gXReqyBaXkMJ4xPLMq
/+ZS0dBORaZK7OCw8VrsrRAgWMWSm/eGOvBCaljYnw14D8J2NX6o9QS6dbZ7zgltzaYZGUOxI3ZXKCNtNtL5zfAAqikwsyY=
jc5WgiEv6yyiU6oqsjGCShEgWMWSm/eGOvBCaljYnw14D8J2NX6o9QS6dbZ7zgltzaYZGUOxI3ZXKCNtNtL5zfAAqikwsyY=
/FkCc68wcMvUD0hTyxnJ7RIgWMWSm/eGOvBCaljYnw14D8J2NX6o9QS6dbZ7zgltzaYZGUOxI3ZXKCNtNtL5zfAAqikwsyY=
uwrMOo7nnVWAptcJCwUVEx4j8dhhXI69Xts7Pm4gNoIEeCOl7H827rn+JG1wSuEex27VBTn2zaAPcW+OA/gXReqyBaXkMJ4xPLMq
/ovq3BeawvQi9Ctaa/FQpB8599h9RI+9Xts7Pm4gNoIEeCOl7H827rn+JG1wSuEex27VBTn2zaAPcW+OA/gXReqyBaXkMJ4xPLMq
5NFQj9Ju5efmwRFq6i+470Qz14VrNhDOKRG4u92SyPhAblLI9ekaJ/Ai/z5iobYSF1IRXoPpTy7rjOkRiaIl4GGp/IITqRIomD06syw=
OguJ9dcpWUVfFWo8ZP5naRMgWMWSm/eGOvBCaljYnw14D8J2NX6o9QS6dbZ7zgltzaYZGEOxI3ZXKCNtNtL5zfAAqikwsyY=
0J3V1Yif7eq9YSpe3loDKhQgWMWSm/eGOvBCaljYnw14D8J2NX6o9QS6dbZ7zgltzaYZGEOxI3ZXKCNtNtL5zfAAqikwsyY=
Vk3Tw4b9sFG+aCuva1yBBBUgWMWSm/eGOvBCaljYnw14D8J2NX6o9QS6dbZ7zgltzaYZGEOxI3ZXKCNtNtL5zfAAqikwsyY=
NDRPOpbF/+MTcEj9I81fojxofKU3WyNpax25Ag0vCi/0phIdBxR0tKKzRHgynvaFUSwX4uon30Gp29Z6XpwIW++1lqE93Cuy55KZ8nKAmWPfHW82zR1fJSNc8r/ZxekiN0hNcCS2VFO6dPeGH9KCVAsxPGiacviotl1h/3kKZT7XUZPeByTdUf3KCVC9USgiJ/FueLSV7rP4
No+YUaJ8byryuseV7Nh8jA3xb0adtDZMLH9vDqMK9xsYP+ZSKHUdMJaUwJeekAjqpFWDGG2qMOOdAesfDDIkKNqLvcEsSed4SRIFNgOayHQL802plb5Xmd2lodhoNyNxe7KlvPcYvhK289jQLW6lptCE2YVGIEC2uuj0mbu3Az637oUlqTbdAL9xH+4TOIelOjI1xZRwrpHss/o=
LTKZNXFOkPwSdBdgHSup3NZmBDBSidI3eKLAof7ssyieZo33l5vwy9lEbkFEde0lVMms+41OKh6W2c36Ic71J0YV3tWDoMMvRZ5GviIQLBh+6RI0C2D7xmKe15plZBIjY/Kn1NoYXlR0J4whY61q1uokIE8cVPf13OnYHQgRM9AD8oj4pljn6nrk/ogBSjTIHOaDxQpY14dsp5/rs/8=
licXUTlzm0zpMzyN1Xz4DXPNeZbdFyWInKvo4qcmlnyR4YdpxLXhrkInZFcJCzzzUM39HP7AzpMBPGGMsemOT4IDUxK3kb00KhjC8oh21hOuQrvyb1j6FFsc5eaWretoO0JKauqqzE0gx8MPDngCnlz57IajqwQjlFvI0/eeSyhUrvZqE9QCzhKuYSgQJjScvzM6SsOZdK2T7bP9
ziVudON5RQVu78wGa5ym40UPYaPd1bDIaeVfZEKL2gt9DMN9WDq54gOpfqZ7zgltzaYZGEOxI3ZXKCNtNtL5zfAAqikwsyY=
d08w+K8nSrg6jUOw3rUuAkUPYaPd1bDIaeFdakKL2gt9DMN9WDq54gOpfqZ7zgltzaYZGEOxI3ZXKCNtNtL5zfAAqikwsyY=
0upZMVL/9PtPsgBwnQ+jYMhCtLFhWjkUqL/lNcHK6Nms/cp1Xg61nS/57Kd0Oxg1yPO3uKA7jRkppzLJSnK4AaJtgIe8jYp8TCm1iLciPgLiLFQkjtVqCOtcg/qSoq+mZVhqH5PO3+g6JCZohBv0HaMREmoamFjz/OiPSSxVoKGIrUts807wREbkn1aKWIY0wXZM9Oza+/nqZK+7nJvn17PD
AcMDqIAbbhdoYa9n60aZdFERc8gl73rb7OgTBIOgaT0WlcoBFLYbI2E2NnKjjGJWInbh8CC+VMQPK/rS88EUtSM1syU=
4vCSPIKlU5v8vLBGmc5/5XZ+e78sVCRqKAD8FSxmCyLyrBIdBxR0tKKzRHgynvaFUSwX4uon30Gp29Z6XpwIW++1lqE93Cuy55KZ8nKAmWPfHW82zR1fJSNc8r/ZxekiN0hNcCS2VFO6dPeGH9KCVAsxPGiacviotl1h/3kKZT7XUZPeByTdUf3KCVC9USgiJ/FueLSV7rP4
913jyMkViaA3kzepypej2zdHmeJJCRN9gJC/WKEBzWWtMVHN04hfFR6K3zVUliMyNP52uvMkwv6y/mF4sBb0bF/juhqj6TSdMz2zLQ==
FSCARj0psj3jL+VbPGUMG/CPIV6ptDoKvAqOEe3OGgGBGRxSSsSz3bMrSEgNBJChyxi9zoUBWv5VkHRJc4OhgqCGm1taeECETcPIYOZAt0LazM4wgfIE4LxOU93KwAdvjE9vE7MH
2QVlfPqFx/YPMaz2GlhM1mlQ+nOiUBFXUVbMIWexH8Gx71zakYqF8Rp3FgYTxc2q7pfNS/3VUIgJYf0qYou6y92MY704Olmioyne5pvOKa1tJvnYI7EDNveoQ63W0tkNkIBKaRCzBg==
vzJp62fe9BtCVfDskl38XPPGpB74sXgirYq5CT4HUs6/pWEiagdpkyGVDFDtcfkijqvWAxk8BwXEuiUaR5marnfuRaVpNp2A/3FfblM4xyV6MnVFVHBuESyzOg==
mgBv1yVP9Y+wT6P+YrVPUDXpJ4MP5dkn5rx0KqmKvQEyF07W24WFGhY3pdtlVcgYoYFFWipLcpuFrIuNQDqhkssJBjbTjuFd1UZRSLsxm6YfCDsdHhKRXUhgYhkosz4=
JoDrSJym0ZJodGSBnMISuRzaCKY+1/g90bx0KqmKvQEyF07W24WFGhY3pdtlVcgYoYFFWipLcpuFrIuNQDqhkssJBjbTjuFd1UZRSLsxm6YfCDsdHhKRXUhgYhkosz4=
Qa7ouxNlOrQOuSMeVDzoq8kDm2ZLk2oW/q4rCj+FuJ/EQkkVF478n89/h/WqvEspL474GyBPT+TBSYJ6Y1aBQczigd4zib9uu2zZEXmCdSDRCQwCg0lCaGgdKrM8
j09UnHc9zd3TKqpNzuEFAAj5EC3iVCd3GCs8440wnXPQbdcah25JqoiL9Bi9GhVtWFthq4rW8mugiFUWP+nRWlcEJSspnq1A9x/HEexkfHXtMyMjyEClNAKrhYPFbEMyT+KhEnqQQaOnreeWlc13JQuMqh9RdZHi71hFkBzG/NPSxA+mF8JaFLPBtAhCopCoXg05H/F63f6PQZv+f5Q10VU6MTC1QXBi30Hm2GzFxrPQ
YHVPaWJkhV+FVDCmwj3t0DdHmeNJCRN9gJC/WKEBzWWtMVHN04hfFR6K3zVUliMyNP52uvMkwv6y/mF4sBb0bF/juhqj6TSdMz2zLQ==
MfHhanM6Xxwz54lFiSV0wqJhi8Z8dje0YUtkJ7+jWhuH5sXFKF4Szvm18eA8OsEBDHQ/1RTwGaXQvqZuM/uXupBNQYZvYfBDYaZV2ozf1DiU8+Avvmu4va/5eTnybyGqM3o3bikwLpl8LFeq3OtHGxb3gAyLMH3ACJot1Ev6o9E3kAYioeM8QW03aLcb75bknyT4L0eLl5gZElWWM1p4VDtznYkF/kf5LaVRuHh3s1GrMpWcR9iOsubziDBdrtVGoASJZdbgUBYK6EQ5q/eTXmdudUVZdi1gb3HPTiN4N4UKsmXlBLC+cZyzig==
LBwBuj0cMqXMQWlOgm6NEE8QLkdnGIK/qEh85YiP0L6m0abvkneIr7wzJoNizKWYupeYWVCHf37n59eZey7WirnuFcsGquWCRvS4E3sxpj+beYVJ9xXLPEmIq30btCTI4r4UrrzTH/+s1igjb8JlnX95hhxM8Fb7Crym5G5Wf6zor7hGT6EnzpeJFUSLMzp0jKFF8Fd6Lkpi5ET87i0agKtUM0Ky+j/uZRD6R7N2b+B6rFaQ5MPk1SNZAjL64Kh7POA/8QyNMGmIZdu00/ZATIZsby5qAJZ8Qb5cLIwii3GqbB8DvMN3n7OL
unrT8FSiQZHRMJZ7r/R68glfU3p/bRBn5GXAwp7uuS64iUkexkRgZ/VRJIpAdQxdGip0MtI2FVn3OV+cJ+zW3c0RqWyqZyHYwoPPPmv79mCsuvRv7l1/tcpvBaEFPuTTPY04vl34ll9myoNDefHtMBRBXXw1v+VElmqlS4rZJuOqkFmxsTQ7zptScTgs9Kpv+ku3jRDT4bkLPsPY37lzDaG45Jtj0imCV119nUF5aqac46QumJwFUpw3a8pWSLK5tK24LQ77Skw1V3WOn3zvMfIkC+GsAFn4X6cflXc9S2jJ4wno8S97XJGj4I5UOvxErc1SL7Hs9rDAo/1tjbMAWEthCQETLDXHN/mlm9AuoLRA9nRWhaUxfwwsJ0rNP9glRne5Jj9wTWDYmv20u7pTsccQ1kIxoyzh3TfYFwsvBgTPpIjPN0vneEkSBTYDmsh0C/NNqZW+V5ndpaHYaDcjcXuypbz3GL4StvPY0C1upabQhNmFRiBAtrro9Jm7twM+t+6FJak23QC/cR/uEziHpToyNcWUcK6R7LP6
I3w0m0y+9VLfsdrrGHnCYLJjNC3i6qXt4IO5N+QSTEB9KOMfJGimIKBsa27Xj6j9q8EEQ/CmAaUI/3KPGwlsGbO9Z8UDv3Spa1jmNbPaJHAf1waTQtk9vYG2+42vwGtOajUFkuWFXP6UD8HxWvb5gnVstovZ0A6GQ0wqMYpA4eFt11Xl2IRz8ngCMKwiJOL30MtJBXPanwPP6LcMPsbS1K1iG86QGbkA/vBcAA1IZ3o9K2BDu+mcayBs/HuXzqD9vAPPOyUlr413s/JC5+AUBBhO101cpjN/XBA2mOda37zpGj7mCzSK0sNiQoazFbQvPv1CstVf3YKQ317nw5hHZodxboSpVEPQ4Iy5gAlwwYuKQRI/TpnEFjm48YusosBGq0mzqd/EhNzcFD4PSkjOAH6S95jIG3BCn8XPuhf9/SBbN/LArJXNNEeeRr4iECwYfukSNAtg+8ZinteaZWQSI2Pyp9TaGF5UdCeMIWOtatbqJCBPHFT39dzp2B0IETPQA/KI+KZY5+p65P6IAUo0yBzmg8UKWNeHbKef67P/
pHBNINfUJJvM6KyTaTTuYKWNAjnSB4wbU1tftW3YPyceZBMJtWdOD+D9WoTKe8Zh6MZGFZ36B4sK5KYGRZentvgbuf0qZ0ZsWiB44NOSGCslwlHEJJm9jSgTPukLzMijherJc0SE5uoea5x1veFg76/1xxaW19fdclrvcDSLLOqJV1s5X1Se0Tc4x5fnULwqD98IcdSnwIBT1YP8mVoR8jvsDvyYi7AbXQlieyPtIT7pjB0RAYlL6K5/UdoLVh399wnjsVjClvPOamo0h8Y2d0HeVGBA/d49Mkm8M2hYP3c/Wj30XdW4dOHl3iibrPUntcG1FTlsI7NDDEOn2Yjbg+qadvJOICddOGtDxPSk6uNX+Q8b8hwhcQNlIeSXU71Z70/yJpJQCqae0vcN8ysmLA0eD5eqoawn88INeG+0kjp3IBlyYdXNALwGwwuudXd38gMJB/RApTQCq4WDxWxDMk/ioRJ6kEGjp63nlpXNdyULjKofUXWR4u9YRZAcxvzT0sQPphfCWhSzwbQIQqKQqF4NOR/xet3+j0Gb/n+UNdFVOjEwtUFwYt9B5thsxcaz0A==
u+si3UNVfHTbZxx4I2daljadfrKQeWFs98+mklOvqa2wqapy3Auv4cskIoVVVO1M5GlY358Xco0Q8n8CjUd1BkZqZi4B/ZzX0/RIn1p0cHnLhmS0qIsz1HVzreOd3H6Zc/Y8fC+73l8iVaXRMXqjoa/sM4LaWZ0ehUmEkqQD2d2aWmEOxQBuR7ncFupzgHKdCuy5LV27Tem4SKueyI6oAOII+vvgp5HJE1YHb38k7yA+6ooYHQ6DQvDVYWzO/EQszeT/9o1HuI/b5YQHEKCk1xdi+DGMb9c3Rel34cc/au4nzAwIKCIPgTwqqxPs3G6053aHcFl2pmpr+FK+825aqnO5LKOOkZp+tVPF7qATBktDNB+qtx12iMmYm7xQACEsyVzZh7otyvMuFVx6iXSpp6yOmIobJSslvwhcsOwYJiOK5FaMzv4vVKgXaC6vCZcWl1Gl7Gtb6szMWRVY9xLeEuI8NBROhcr4a+xjqtJSj7ZlSErv054/WLrUhjhEK5QNowHyWlpI+IN8WO+Z7CWAsYi9axwznpD0xpQ/hspoZiTBZizELIpbCWrUT+vca8fHs9M=
u+si3UNVfHTbZxx4I2daljadfrKQeWFs98+mklOvqa2wqapy3Auv4cskIoVVVO1M5GlY358Xco0Q8n8CjUd1BkZqZi4B/ZzX0/RIn1p0cHnLhmS0qIsz1HVzreOd3H6Zc/Y8fC+73l8iVaXRMXqjoa/sM4LaWZ0ehUmEkqQD2d2aWmEOxQBuR7ncFupzgHKdCuy5LV27Tem4SKueyI6oAOII+vvgp5HJE1YHb38k7yA+6ooYHQ6DQvDVYWzO/EQszeT/9o1HuI/b5YQHEKCk1xdi+DGMb9c3Rel34cc/au4nzAwIKCIPgTwqqxPs3G6053aHcFl2pmpr+FK+825aqnO5LKOOkZp+tVPF7qATBktDNB+qtx12iMmYm7xQACEsyVzZh7otyvMuFVx6iXSpp6yOmIobJSslvwhcsOwYJiOK5FaMzv4vVKgXaC6vCZcWl1Gl7Gtb6szMWRVY9xLeEuI8NBROhcr4a+xjqtJSj7ZlSErv054/WLrUhjhEK5QNowHyWlpI+IN8WO+Z7CWAsYi9axwznpD0xpQ/hspoZiTBZizELIpbCWrUT+vca8fHs9M=
j0ycs0wf04W3GEyLz6KqJo3I6O7gGZkXNucFmdNEN26wuwC2nA3kJ2xi83aq1clZGoYosfuns8dtPtLl/R3it1nvYAIXtIPUkC4KCb8Z9BcLfvFdsOKXzhNyJ6kieRKf4W/pGA83L3aH7DLrwdjVY2CMnAHV67ogtcCN0tIhSVaSFOsinsvKNs0DdclR76iij8AwzOT2grJudWg17W+jHMNRJ8bDNj7wvvZ1PF8EIH8F8nZ+yJptHqu4RRWEaavvgHkIgsgBVzgMnySdS7HVg9M/v/2mmMf2GAYgMPOnDODvrTS+wiJn7DMescT6rDvStqDLbFacU8P4bcZDJhhF2UEQOLHqHYPua4Sfb2qO2XK/4qhCbdqp5k0JMr+2VZ5fmETRloWxrJSsZHMX92NvojguVJqqlSoeAsIGrBOy2B1sULcr+8DXC1FCw6l2SlwzsYaP0BJkAgYgGkaXNt5bJicUCjAjIOXS/oE7LGOe6v5iJnwpmDuDeyaUEppE5YzSa2d0h2znSGcfMhvsjPLWfhvYMioq0qHcuEqkGCev2p6L1YSJ69GzyQ==
BlWm0ehPXjVpHxAh634CDTg3l4u0I/2spe6JeJZw+XfoTTtu76Rfg1z+uI3nXz1zutTULgXmpWcH+VX7QO6wVBB2xDZ15YHfXCx36nxrJ1v29+vJLLDdACiazRQrekORF5AmYgFjXAGNNwh3+282JL8k2O8nC3fYeRJ11pPa2BTbc/1J5X7nOQ2lcXjY91ORyzJ13OdYLvLG8+hwvS61hoAEqaV2YLDWauikect3Mx5HblUFufZNp49x746D+JdFarKFpWQwHjG8s6o=
2k0YP4gxXikr1ndZOBX4zef9eiUV+BpZJkQTQrFZRWksvp1WN3ZS59ZVDYZfbibgh3qMc7anrxIdxiecVhqWQdqXcHCkgUyBeL0QnmxC1uqe94idMJ0A3EaCGqdnWikyf7PT9lie0lTwkKShE/mszBxME++na686w0L0IrpdqsYyaubUwzqYBRy4lxNriNdT4WqjUSZCnKtB7i9oAqyC3hCypu/mVhs+V/wqCLNo5YpOqVvUM5YqZpJO3JGI8wOjFjzy4pRtzMobj1S//K9IP68aexTc+hbm67CSkj0aIQSI4kRg9yeahvs9pLF7mbOR
uX0FiHYNPMtf9Rrp4aY9NOf9eiUV+BpZJkQTQrFZRWksvp1WN3ZS59ZVDYZfbibgh3qMc7anrxIaxCecVhqWQdqXcXCkgUyBeL0QnmxC1uqe94idMJ0A3EaCGqdnWikyf7PT9lie0lTwkKShE/mszBxME++na686w0L0IrpdqsYyaubUwzqYBRy4lxNriNdT4WqjUSZCnKtB7i9oAqyC3hCypu/mVhs+V/wqCLNo5YpOqVvUM5YqZpJO3JGI8wOjFjzy4pRtzMobj1S//K9IP68aexTc+hbm67CSkj0aIQSI4kRg9yeahvs9pLF7mbOR
oJyW1bnkFOEfLejDIQxMaef9eiUV+BpZJkQTQrFZRWksvp1WN3ZS59ZVDYZfbibgh3qMc7anrxIdxiecVhqWQdqXfnCkgUyBeL0QnmxC1uqe94idMJ0A3EaCGqdnWikyf7PT9lie0lTwkKShE/mszBxME++na686w0L0IrpdqsYyaubUwzqYBRy4lxNriNdT4WqjUSZCnKtB7i9oAqyC3hCypu/mVhs+V/wqCLNo5YpOqVvUM5YqZpJO3JGI8wOjFjzy4pRtzMobj1S//K9IP68aexTc+hbm67CSkj0aIQSI4kRg9yeahvs9pLF7mbOR
BR5QoFPqHeGAKI4KYGBYG+f9eiUV+BpZJkQTQrFZRWksvp1WN3ZS59ZVDYZfbibgh3qMc7anrxIaxCecVhqWQdqXf3CkgUyBeL0QnmxC1uqe94idMJ0A3EaCGqdnWikyf7PT9lie0lTwkKShE/mszBxME++na686w0L0IrpdqsYyaubUwzqYBRy4lxNriNdT4WqjUSZCnKtB7i9oAqyC3hCypu/mVhs+V/wqCLNo5YpOqVvUM5YqZpJO3JGI8wOjFjzy4pRtzMobj1S//K9IP68aexTc+hbm67CSkj0aIQSI4kRg9yeahvs9pLF7mbOR
uHPQr+nuzZSpPwnUcEaHTuf9eiUV+BpZJkQTQrFZRWksvp1WN3ZS59ZVDYZfbibgh3qMc7anrxIdxiecVhqWQdqXfHCkgUyBeL0QnmxC1uqe94idMJ0A3EaCGqdnWikyf7PT9lie0lTwkKShE/mszBxME++na686w0L0IrpdqsYyaubUwzqYBRy4lxNriNdT4WqjUSZCnKtB7i9oAqyC3hCypu/mVhs+V/wqCLNo5YpOqVvUM5YqZpJO3JGI8wOjFjzy4pRtzMobj1S//K9IP68aexTc+hbm67CSkj0aIQSI4kRg9yeahvs9pLF7mbOR
f97tIfP2DuZi/6d41KGzbef9eiUV+BpZJkQTQrFZRWksvp1WN3ZS59ZVDYZfbibgh3qMc7anrxIaxCecVhqWQdqXfXCkgUyBeL0QnmxC1uqe94idMJ0A3EaCGqdnWikyf7PT9lie0lTwkKShE/mszBxME++na686w0L0IrpdqsYyaubUwzqYBRy4lxNriNdT4WqjUSZCnKtB7i9oAqyC3hCypu/mVhs+V/wqCLNo5YpOqVvUM5YqZpJO3JGI8wOjFjzy4pRtzMobj1S//K9IP68aexTc+hbm67CSkj0aIQSI4kRg9yeahvs9pLF7mbOR
Xp6TTdJfzX+fDi0qmcZWYuf9eiUV+BpZJkQTQrFZRWksvp1WN3ZS59ZVDYZfbibgh3qMc7anrxIdxiecVhqWQdqXenCkgUyBeL0QnmxC1uqe94idMJ0A3EaCGqdnWikyf7PT9lie0lTwkKShE/mszBxME++na686w0L0IrpdqsYyaubUwzqYBRy4lxNriNdT4WqjUSZCnKtB7i9oAqyC3hCypu/mVhs+V/wqCLNo5YpOqVvUM5YqZpJO3JGI8wOjFjzy4pRtzMobj1S//K9IP68aexTc+hbm67CSkj0aIQSI4kRg9yeahvs9pLF7mbOR
MQqfGaqkX/apviXggK14c+f9eiUV+BpZJkQTQrFZRWksvp1WN3ZS59ZVDYZfbibgh3qMc7anrxIaxCecVhqWQdqXe3CkgUyBeL0QnmxC1uqe94idMJ0A3EaCGqdnWikyf7PT9lie0lTwkKShE/mszBxME++na686w0L0IrpdqsYyaubUwzqYBRy4lxNriNdT4WqjUSZCnKtB7i9oAqyC3hCypu/mVhs+V/wqCLNo5YpOqVvUM5YqZpJO3JGI8wOjFjzy4pRtzMobj1S//K9IP68aexTc+hbm67CSkj0aIQSI4kRg9yeahvs9pLF7mbOR
kHOdCSUl6oq1qFceWprtyuf9eiUV+BpZJkQTQrFZRWksvp1WN3ZS59ZVDYZfbibgh3qMc7anrxIdxiecVhqWQdqXeHCkgUyBeL0QnmxC1uqe94idMJ0A3EaCGqdnWikyf7PT9lie0lTwkKShE/mszBxME++na686w0L0IrpdqsYyaubUwzqYBRy4lxNriNdT4WqjUSZCnKtB7i9oAqyC3hCypu/mVhs+V/wqCLNo5YpOqVvUM5YqZpJO3JGI8wOjFjzy4pRtzMobj1S//K9IP68aexTc+hbm67CSkj0aIQSI4kRg9yeahvs9pLF7mbOR
SXgCx7hujqK9Ajer14JzX+f9eiUV+BpZJkQTQrFZRWksvp1WN3ZS59ZVDYZfbibgh3qMc7anrxIaxCecVhqWQdqXeXCkgUyBeL0QnmxC1uqe94idMJ0A3EaCGqdnWikyf7PT9lie0lTwkKShE/mszBxME++na686w0L0IrpdqsYyaubUwzqYBRy4lxNriNdT4WqjUSZCnKtB7i9oAqyC3hCypu/mVhs+V/wqCLNo5YpOqVvUM5YqZpJO3JGI8wOjFjzy4pRtzMobj1S//K9IP68aexTc+hbm67CSkj0aIQSI4kRg9yeahvs9pLF7mbOR
ivM25plEYcMzMrxALc9z6Of9eiUV+BpZJkQTQrFZRWksvp1WN3ZS59ZVDYZfbibgh3qMc7anrxIdxiecVhqWQdqXcHGkgUyBeL0QnmxC1uqe94idMJ0A3EaCGqdnWikyf7PT9lie0lTwkKShE/mszBxME++na686w0L0IrpdqsYyaubUwzqYBRy4lxNriNdT4WqjUSZCnKtB7i9oAqyC3hCypu/mVhs+V/wqCLNo5YpOqVvUM5YqZpJO3JGI8wOjFjzy4pRtzMobj1S//K9IP68aexTc+hbm67CSkj0aIQSI4kRg9yeahvs9pLF7mbOR
Ga6b73cGpemd4l2HNhNKruf9eiUV+BpZJkQTQrFZRWksvp1WN3ZS59ZVDYZfbibgh3qMc7anrxIaxCecVhqWQdqXcXGkgUyBeL0QnmxC1uqe94idMJ0A3EaCGqdnWikyf7PT9lie0lTwkKShE/mszBxME++na686w0L0IrpdqsYyaubUwzqYBRy4lxNriNdT4WqjUSZCnKtB7i9oAqyC3hCypu/mVhs+V/wqCLNo5YpOqVvUM5YqZpJO3JGI8wOjFjzy4pRtzMobj1S//K9IP68aexTc+hbm67CSkj0aIQSI4kRg9yeahvs9pLF7mbOR
/f609iU/YpSUbKsXWW7z/ef9eiUV+BpZJkQTQrFZRWksvp1WN3ZS59ZVDYZfbibgh3qMc7anrxIdxiecVhqWQdqXfnGkgUyBeL0QnmxC1uqe94idMJ0A3EaCGqdnWikyf7PT9lie0lTwkKShE/mszBxME++na686w0L0IrpdqsYyaubUwzqYBRy4lxNriNdT4WqjUSZCnKtB7i9oAqyC3hCypu/mVhs+V/wqCLNo5YpOqVvUM5YqZpJO3JGI8wOjFjzy4pRtzMobj1S//K9IP68aexTc+hbm67CSkj0aIQSI4kRg9yeahvs9pLF7mbOR
ZFhy2rH5oBSDYXxu0cvTQef9eiUV+BpZJkQTQrFZRWksvp1WN3ZS59ZVDYZfbibgh3qMc7anrxIaxCecVhqWQdqXf3GkgUyBeL0QnmxC1uqe94idMJ0A3EaCGqdnWikyf7PT9lie0lTwkKShE/mszBxME++na686w0L0IrpdqsYyaubUwzqYBRy4lxNriNdT4WqjUSZCnKtB7i9oAqyC3hCypu/mVhs+V/wqCLNo5YpOqVvUM5YqZpJO3JGI8wOjFjzy4pRtzMobj1S//K9IP68aexTc+hbm67CSkj0aIQSI4kRg9yeahvs9pLF7mbOR
eH25jqATjKVwmGXB4chXhuf9eiUV+BpZJkQTQrFZRWksvp1WN3ZS59ZVDYZfbibgh3qMc7anrxIdxiecVhqWQdqXfHGkgUyBeL0QnmxC1uqe94idMJ0A3EaCGqdnWikyf7PT9lie0lTwkKShE/mszBxME++na686w0L0IrpdqsYyaubUwzqYBRy4lxNriNdT4WqjUSZCnKtB7i9oAqyC3hCypu/mVhs+V/wqCLNo5YpOqVvUM5YqZpJO3JGI8wOjFjzy4pRtzMobj1S//K9IP68aexTc+hbm67CSkj0aIQSI4kRg9yeahvs9pLF7mbOR
kUL1s6oDZIiWlqHCJn0Oj+f9eiUV+BpZJkQTQrFZRWksvp1WN3ZS59ZVDYZfbibgh3qMc7anrxIaxCecVhqWQdqXfXGkgUyBeL0QnmxC1uqe94idMJ0A3EaCGqdnWikyf7PT9lie0lTwkKShE/mszBxME++na686w0L0IrpdqsYyaubUwzqYBRy4lxNriNdT4WqjUSZCnKtB7i9oAqyC3hCypu/mVhs+V/wqCLNo5YpOqVvUM5YqZpJO3JGI8wOjFjzy4pRtzMobj1S//K9IP68aexTc+hbm67CSkj0aIQSI4kRg9yeahvs9pLF7mbOR
sHyOtpA6maYrNuDuS2eZNOf9eiUV+BpZJkQTQrFZRWksvp1WN3ZS59ZVDYZfbibgh3qMc7anrxIdxiecVhqWQdqXenGkgUyBeL0QnmxC1uqe94idMJ0A3EaCGqdnWikyf7PT9lie0lTwkKShE/mszBxME++na686w0L0IrpdqsYyaubUwzqYBRy4lxNriNdT4WqjUSZCnKtB7i9oAqyC3hCypu/mVhs+V/wqCLNo5YpOqVvUM5YqZpJO3JGI8wOjFjzy4pRtzMobj1S//K9IP68aexTc+hbm67CSkj0aIQSI4kRg9yeahvs9pLF7mbOR
IjCH73rEed/u7AqKYGfDcOf9eiUV+BpZJkQTQrFZRWksvp1WN3ZS59ZVDYZfbibgh3qMc7anrxIaxCecVhqWQdqXe3GkgUyBeL0QnmxC1uqe94idMJ0A3EaCGqdnWikyf7PT9lie0lTwkKShE/mszBxME++na686w0L0IrpdqsYyaubUwzqYBRy4lxNriNdT4WqjUSZCnKtB7i9oAqyC3hCypu/mVhs+V/wqCLNo5YpOqVvUM5YqZpJO3JGI8wOjFjzy4pRtzMobj1S//K9IP68aexTc+hbm67CSkj0aIQSI4kRg9yeahvs9pLF7mbOR
k0v0ZPsd3ilOQzmJMdCKmOf9eiUV+BpZJkQTQrFZRWksvp1WN3ZS59ZVDYZfbibgh3qMc7anrxIdxiecVhqWQdqXeHGkgUyBeL0QnmxC1uqe94idMJ0A3EaCGqdnWikyf7PT9lie0lTwkKShE/mszBxME++na686w0L0IrpdqsYyaubUwzqYBRy4lxNriNdT4WqjUSZCnKtB7i9oAqyC3hCypu/mVhs+V/wqCLNo5YpOqVvUM5YqZpJO3JGI8wOjFjzy4pRtzMobj1S//K9IP68aexTc+hbm67CSkj0aIQSI4kRg9yeahvs9pLF7mbOR
UGTb3aWevj2FYpGAxJeHNuf9eiUV+BpZJkQTQrFZRWksvp1WN3ZS59ZVDYZfbibgh3qMc7anrxIaxCecVhqWQdqXeXGkgUyBeL0QnmxC1uqe94idMJ0A3EaCGqdnWikyf7PT9lie0lTwkKShE/mszBxME++na686w0L0IrpdqsYyaubUwzqYBRy4lxNriNdT4WqjUSZCnKtB7i9oAqyC3hCypu/mVhs+V/wqCLNo5YpOqVvUM5YqZpJO3JGI8wOjFjzy4pRtzMobj1S//K9IP68aexTc+hbm67CSkj0aIQSI4kRg9yeahvs9pLF7mbOR
aImCofVGI4ae5NyIPJi19sZgtjIjwTCRtDMF6+ruRqcONZAV0floQXSpJpX7oqyaP/qbQQCig2kOeT1mAfSkWtvKPhs/8haUU2kYW0i9R5UdYYegax3ojVwDgbFGuU78GBA1k6Ltl/dKwmN/jn7qI//26QZXr8OSINKywHgsFGXLFaw49JHXRAHnD2eKPoQmonHqcpr2djA79ngRFISnVzPkVyeJNvN1Hk68f4kS3+yaAELqOK62i54ae6rfQJrMa4TlfqZ1i3CLGooy2jKslZDfQxe+oGIGbKEs3hOzZPukw8hLx0YrMOT2NjIjTGIWpbbhMKD+VASPa/oSc4EUdaN1s2U=
wUrNO5wWRon/3UU89N6zduf9eiUV+BpZJkQTQrFZRWksvp1WN3ZS59ZVDYZfbibgh3qMc7anrxIaxCecVhqWQdqXcH6kgUyBeL0QnmxC1uqe94idMJ0A3EaCGqdnWikyf7PT9lie0lTwkKShE/mszBxME++na686w0L0IrpdqsYyaubUwzqYBRy4lxNriNdT4WqjUSZCnKtB7i9oAqyC3hCypu/mVhs+V/wqCLNo5YpOqVvUM5YqZpJO3JGI8wOjFjzy4pRtzMobj1S//K9IP68aexTc+hbm67CSkj0aIQSI4kRg9yeahvs9pLF7mbOR
PQ1Yn6AzIR5yquw5LB+011KE/PEQihHP8vp62At5LUlul/CuYgr9mBI9QhFBZiFrxj4vM3Bb9gaIsZfd9vIMlw+VjAI5GmmdgB5V894wtgiiur1zwuDes8pMzUumVLUGxgFxGeeFbBe/Fu2K6VJ3SDClYixJlsKTGSfIB16wFUjjfJZ682gVgv3tKWAYHr+bYn2z97YLRZcIWAHUZpMZ88mkx/JLqi0iZmjlg0M1W4bZRbMlzwTmD+3tdcJLoFmgkI74E1YMA9aL+j70F9lImA6q1CiaBfWPjWJ5nmt5Bw5z27GRUfK9AKk51EK72VrIoE2Cs5Q=
aImCofVGI4ae5NyIPJi19sZgtjIjwTCRtDMF6+ruRqcONZAV0floQXSpJpX7oqyaP/qbQQCig2kOeT1mAfSkWtvKPhs/8haUU2kYW0i9R5UdYYegax3ojVwDgbFGuU78GBA1k6Ltl/dKwmN/jn7qI//26QZXr8OSINKywHgsFGXLFaw49JHXRAHnD2eKPoQmonHqcpr2djA79ngRFISnVzPkVyeJNvN1Hk68f4kS3+yaAELqOK62i54ae6rfQJrMa4TlfqZ1i3CLGooy2jKslZDfQxe+oGIGbKEs3hOzZPukw8hLx0YrMOT2NjIjTGIWpbbhMKD+VASPa/oSc4EUdaN1s2U=
PQ1Yn6AzIR5yquw5LB+011KE/PEQihHP8vp62At5LUlul/CuYgr9mBI9QhFBZiFrxj4vM3Bb9gaIsZfd9vIMlw+VjAI5GmmdgB5V894wtgiiur1zwuDes8pMzUumVLUGxgFxGeeFbBe/Fu2K6VJ3SDClYixJlsKTGSfIB16wFUjjfJZ682gVgv3tKWAYHr+bYn2z97YLRZcIWAHUZpMZ88mkx/JLqi0iZmjlg0M1W4bZRbMlzwTmD+3tdcJLoFmgkI74E1YMA9aL+j70F9lImA6q1CiaBfWPjWJ5nmt5Bw5z27GRUfK9AKk51EK72VrIoE2Cs5Q=
aImCofVGI4ae5NyIPJi19sZgtjIjwTCRtDMF6+ruRqcONZAV0floQXSpJpX7oqyaP/qbQQCig2kOeT1mAfSkWtvKPhs/8haUU2kYW0i9R5UdYYegax3ojVwDgbFGuU78GBA1k6Ltl/dKwmN/jn7qI//26QZXr8OSINKywHgsFGXLFaw49JHXRAHnD2eKPoQmonHqcpr2djA79ngRFISnVzPkVyeJNvN1Hk68f4kS3+yaAELqOK62i54ae6rfQJrMa4TlfqZ1i3CLGooy2jKslZDfQxe+oGIGbKEs3hOzZPukw8hLx0YrMOT2NjIjTGIWpbbhMKD+VASPa/oSc4EUdaN1s2U=
PQ1Yn6AzIR5yquw5LB+011KE/PEQihHP8vp62At5LUlul/CuYgr9mBI9QhFBZiFrxj4vM3Bb9gaIsZfd9vIMlw+VjAI5GmmdgB5V894wtgiiur1zwuDes8pMzUumVLUGxgFxGeeFbBe/Fu2K6VJ3SDClYixJlsKTGSfIB16wFUjjfJZ682gVgv3tKWAYHr+bYn2z97YLRZcIWAHUZpMZ88mkx/JLqi0iZmjlg0M1W4bZRbMlzwTmD+3tdcJLoFmgkI74E1YMA9aL+j70F9lImA6q1CiaBfWPjWJ5nmt5Bw5z27GRUfK9AKk51EK72VrIoE2Cs5Q=
aImCofVGI4ae5NyIPJi19sZgtjIjwTCRtDMF6+ruRqcONZAV0floQXSpJpX7oqyaP/qbQQCig2kOeT1mAfSkWtvKPhs/8haUU2kYW0i9R5UdYYegax3ojVwDgbFGuU78GBA1k6Ltl/dKwmN/jn7qI//26QZXr8OSINKywHgsFGXLFaw49JHXRAHnD2eKPoQmonHqcpr2djA79ngRFISnVzPkVyeJNvN1Hk68f4kS3+yaAELqOK62i54ae6rfQJrMa4TlfqZ1i3CLGooy2jKslZDfQxe+oGIGbKEs3hOzZPukw8hLx0YrMOT2NjIjTGIWpbbhMKD+VASPa/oSc4EUdaN1s2U=
PQ1Yn6AzIR5yquw5LB+011KE/PEQihHP8vp62At5LUlul/CuYgr9mBI9QhFBZiFrxj4vM3Bb9gaIsZfd9vIMlw+VjAI5GmmdgB5V894wtgiiur1zwuDes8pMzUumVLUGxgFxGeeFbBe/Fu2K6VJ3SDClYixJlsKTGSfIB16wFUjjfJZ682gVgv3tKWAYHr+bYn2z97YLRZcIWAHUZpMZ88mkx/JLqi0iZmjlg0M1W4bZRbMlzwTmD+3tdcJLoFmgkI74E1YMA9aL+j70F9lImA6q1CiaBfWPjWJ5nmt5Bw5z27GRUfK9AKk51EK72VrIoE2Cs5Q=
aImCofVGI4ae5NyIPJi19sZgtjIjwTCRtDMF6+ruRqcONZAV0floQXSpJpX7oqyaP/qbQQCig2kOeT1mAfSkWtvKPhs/8haUU2kYW0i9R5UdYYegax3ojVwDgbFGuU78GBA1k6Ltl/dKwmN/jn7qI//26QZXr8OSINKywHgsFGXLFaw49JHXRAHnD2eKPoQmonHqcpr2djA79ngRFISnVzPkVyeJNvN1Hk68f4kS3+yaAELqOK62i54ae6rfQJrMa4TlfqZ1i3CLGooy2jKslZDfQxe+oGIGbKEs3hOzZPukw8hLx0YrMOT2NjIjTGIWpbbhMKD+VASPa/oSc4EUdaN1s2U=
PQ1Yn6AzIR5yquw5LB+011KE/PEQihHP8vp62At5LUlul/CuYgr9mBI9QhFBZiFrxj4vM3Bb9gaIsZfd9vIMlw+VjAI5GmmdgB5V894wtgiiur1zwuDes8pMzUumVLUGxgFxGeeFbBe/Fu2K6VJ3SDClYixJlsKTGSfIB16wFUjjfJZ682gVgv3tKWAYHr+bYn2z97YLRZcIWAHUZpMZ88mkx/JLqi0iZmjlg0M1W4bZRbMlzwTmD+3tdcJLoFmgkI74E1YMA9aL+j70F9lImA6q1CiaBfWPjWJ5nmt5Bw5z27GRUfK9AKk51EK72VrIoE2Cs5Q=
aImCofVGI4ae5NyIPJi19sZgtjIjwTCRtDMF6+ruRqcONZAV0floQXSpJpX7oqyaP/qbQQCig2kOeT1mAfSkWtvKPhs/8haUU2kYW0i9R5UdYYegax3ojVwDgbFGuU78GBA1k6Ltl/dKwmN/jn7qI//26QZXr8OSINKywHgsFGXLFaw49JHXRAHnD2eKPoQmonHqcpr2djA79ngRFISnVzPkVyeJNvN1Hk68f4kS3+yaAELqOK62i54ae6rfQJrMa4TlfqZ1i3CLGooy2jKslZDfQxe+oGIGbKEs3hOzZPukw8hLx0YrMOT2NjIjTGIWpbbhMKD+VASPa/oSc4EUdaN1s2U=
PQ1Yn6AzIR5yquw5LB+011KE/PEQihHP8vp62At5LUlul/CuYgr9mBI9QhFBZiFrxj4vM3Bb9gaIsZfd9vIMlw+VjAI5GmmdgB5V894wtgiiur1zwuDes8pMzUumVLUGxgFxGeeFbBe/Fu2K6VJ3SDClYixJlsKTGSfIB16wFUjjfJZ682gVgv3tKWAYHr+bYn2z97YLRZcIWAHUZpMZ88mkx/JLqi0iZmjlg0M1W4bZRbMlzwTmD+3tdcJLoFmgkI74E1YMA9aL+j70F9lImA6q1CiaBfWPjWJ5nmt5Bw5z27GRUfK9AKk51EK72VrIoE2Cs5Q=
aImCofVGI4ae5NyIPJi19sZgtjIjwTCRtDMF6+ruRqcONZAV0floQXSpJpX7oqyaP/qbQQCig2kOeT1mAfSkWtvKPhs/8haUU2kYW0i9R5UdYYegax3ojVwDgbFGuU78GBA1k6Ltl/dKwmN/jn7qI//26QZXr8OSINKywHgsFGXLFaw49JHXRAHnD2eKPoQmonHqcpr2djA79ngRFISnVzPkVyeJNvN1Hk68f4kS3+yaAELqOK62i54ae6rfQJrMa4TlfqZ1i3CLGooy2jKslZDfQxe+oGIGbKEs3hOzZPukw8hLx0YrMOT2NjIjTGIWpbbhMKD+VASPa/oSc4EUdaN1s2U=
PQ1Yn6AzIR5yquw5LB+011KE/PEQihHP8vp62At5LUlul/CuYgr9mBI9QhFBZiFrxj4vM3Bb9gaIsZfd9vIMlw+VjAI5GmmdgB5V894wtgiiur1zwuDes8pMzUumVLUGxgFxGeeFbBe/Fu2K6VJ3SDClYixJlsKTGSfIB16wFUjjfJZ682gVgv3tKWAYHr+bYn2z97YLRZcIWAHUZpMZ88mkx/JLqi0iZmjlg0M1W4bZRbMlzwTmD+3tdcJLoFmgkI74E1YMA9aL+j70F9lImA6q1CiaBfWPjWJ5nmt5Bw5z27GRUfK9AKk51EK72VrIoE2Cs5Q=
aImCofVGI4ae5NyIPJi19sZgtjIjwTCRtDMF6+ruRqcONZAV0floQXSpJpX7oqyaP/qbQQCig2kOeT1mAfSkWtvKPhs/8haUU2kYW0i9R5UdYYegax3ojVwDgbFGuU78GBA1k6Ltl/dKwmN/jn7qI//26QZXr8OSINKywHgsFGXLFaw49JHXRAHnD2eKPoQmonHqcpr2djA79ngRFISnVzPkVyeJNvN1Hk68f4kS3+yaAELqOK62i54ae6rfQJrMa4TlfqZ1i3CLGooy2jKslZDfQxe+oGIGbKEs3hOzZPukw8hLx0YrMOT2NjIjTGIWpbbhMKD+VASPa/oSc4EUdaN1s2U=
PQ1Yn6AzIR5yquw5LB+011KE/PEQihHP8vp62At5LUlul/CuYgr9mBI9QhFBZiFrxj4vM3Bb9gaIsZfd9vIMlw+VjAI5GmmdgB5V894wtgiiur1zwuDes8pMzUumVLUGxgFxGeeFbBe/Fu2K6VJ3SDClYixJlsKTGSfIB16wFUjjfJZ682gVgv3tKWAYHr+bYn2z97YLRZcIWAHUZpMZ88mkx/JLqi0iZmjlg0M1W4bZRbMlzwTmD+3tdcJLoFmgkI74E1YMA9aL+j70F9lImA6q1CiaBfWPjWJ5nmt5Bw5z27GRUfK9AKk51EK72VrIoE2Cs5Q=
aImCofVGI4ae5NyIPJi19sZgtjIjwTCRtDMF6+ruRqcONZAV0floQXSpJpX7oqyaP/qbQQCig2kOeT1mAfSkWtvKPhs/8haUU2kYW0i9R5UdYYegax3ojVwDgbFGuU78GBA1k6Ltl/dKwmN/jn7qI//26QZXr8OSINKywHgsFGXLFaw49JHXRAHnD2eKPoQmonHqcpr2djA79ngRFISnVzPkVyeJNvN1Hk68f4kS3+yaAELqOK62i54ae6rfQJrMa4TlfqZ1i3CLGooy2jKslZDfQxe+oGIGbKEs3hOzZPukw8hLx0YrMOT2NjIjTGIWpbbhMKD+VASPa/oSc4EUdaN1s2U=
PQ1Yn6AzIR5yquw5LB+011KE/PEQihHP8vp62At5LUlul/CuYgr9mBI9QhFBZiFrxj4vM3Bb9gaIsZfd9vIMlw+VjAI5GmmdgB5V894wtgiiur1zwuDes8pMzUumVLUGxgFxGeeFbBe/Fu2K6VJ3SDClYixJlsKTGSfIB16wFUjjfJZ682gVgv3tKWAYHr+bYn2z97YLRZcIWAHUZpMZ88mkx/JLqi0iZmjlg0M1W4bZRbMlzwTmD+3tdcJLoFmgkI74E1YMA9aL+j70F9lImA6q1CiaBfWPjWJ5nmt5Bw5z27GRUfK9AKk51EK72VrIoE2Cs5Q=
lTtW90UQcccSw9nOtv9TJ7xvcTwbbTMJJZBETd672F4JI7Z6aLjZ5UaSKR5bmbdOQzhhkQFSTUDZGSTC6/nKCLAtMrMk
bnQEuRFz1lcCoNWAIA8+W9Gm2ZWQpV2KzkhFrrV5nNeMyQt2W+Ey5EaE33YKuEKUwdYMlGz6OxnqxO/bHLsnN7Mj
4ximNr03y97iOh9qhAgUAVfdnnpul4RU+OeacarC4VOETvYKU/SCLtYOYYjQxrS8/1M6qgO59M3TTbNd
7K8ZN0lvSoPw46AmyyKDOqr2Cve4nUup3QF9VxNGBT53kbNeZ+A9UV2KKdBdkUgihzGO+NTVTrNY
ZI+Ev+EehHW3xQqdefpxGLJjNC3i6qXt4IO5N+QSTEB9KOMfJGimIKBsa27Xj6j9q8EEQ/CmAaUI/3KPGglsGbO9Z8UDv3Spa1jmNbPaJHAf1waTQtk9vYG2+42vwGtOajUFkuWFXP6UD8HxWvb5gnVstovZ0A6GQ0wqMYpA4eFt11Xl2IRz8ngCMKwiJOL30MtJBXPanwPP6LcMPsbS1K1iG86QGbkA/vBcAA1IZ3o9K2BDu+mcayBs/HuXzqD9vAPPOyUlr413s/JC5+AUBBhO101cpjN/XBA2mOda37zpGj7mCzSK0sNiQoazFbQvPv1CstVf3YKQ317nw5hHZodxboSpVEPQ4Iy5gAlwwYuKQRI/TpnEFjm48YusosBGq0mzqd/EhNzcFD4PSkjOAH6S95jIG3BCn8XPuhf9/SBbN/LArJXNNEeeRr4iECwYfukSNAtg+8ZinteaZWQSI2Pyp9TaGF5UdCeMIWOtatbqJCBPHFT39dzp2B0IETPQA/KI+KZY5+p65PqIAUo0yBzmg8UKWNeHbKef67P/
DNLqACJr8z/MweGLYzSgnnYE3SD07GfTyshaDgTPZRCIMvT69QnHXbhKiwI+7Pakd4aiStvK7QxV7KccuGHof9pn+PdC52ShgktqpsLHuUhaA1eu85tesOT6PJ/GPUdF8m89UT1ezCP1zXBu9ZgOz/5KG9PhUYXg3AEVTN2fnXRuat17cvlO02JQEeFZlKNeA9LpqLQUAj8yi//9ODPZyTM++6jnWVt96Xgsy8sysRLP3eUN2dmC9tQjbB7wvP1i5DeT+i5oWon87XD9ZlvS3K3X7R4HHEfhumTDEYRgYQhnpydlT11jmAGjQThZT+PMCSN4HsyalJRljRofWcyOgDijhV11k2hog6FBUfuMrVeveT0LSM4I5Ig2PCatRQkPNCwfOvXf8FUOt3F2l5DV8EAaZSQjGrvhj9AeclmD1NGlNyAncw/uNIfkQB9f63/o0ZKdppv6YKRDs4VZvd5vaeWlmShQVwuBs/LtbF94JoIuc0BAtc7NdhjEkbWuADiGQuiMqUOXaw5/Ls11QZZFlCfxh36L2C/18vJ9tbyQluHUs8I=
lkwQG0p7EbBsC8tiziacE0UPYaPd1bDIaeVfZEKL2gt9DMN9WDq54gOpfqZ7zgltzaYZH0KxI3ZXKCNtNtL5zfAAqikwsyY=
5u0U5D1ovWgcf42W6Fl/87PC14CN2p4DENvasrVJs5c2Va7+fsnR4uGkV7zvmNMnZdY2JqKI3NBe4QIMy5hrTgLW54JlfCJrA3o3LBogTlxU73y54zUansosMHdcLGd9PCHoBQgJAxjjehiA5mD34lqsiRGB0sQAPO6T/cqgRw8M76/zs+c=
8bqJqv6Kdl0rl9WII2d18MkDm2ZLk2oW/q4rCj+FuJ/EQkkVF478n89/h/WqvEstLYD4GyBPT+TBSYJ6Y1aBQczigd4zib9uu2vYEXmCdSDRCQwCg0lCaGgdKrM8
9fv9Ru7Dk5j863CSdYXWaBzaCKY+1/g90bx0KqmKvQEyF07W24WFGhY3pdtlVcgYoYVHVCpLcpuFrIuNQDqhkssJBjbTjuFd1UZRT7oxm6YfCDsdHhKRXUhgYhkosz4=
7r9lqtWh4+dTz9/HGIYcPzXpJ4MP5dkn5rx0KqmKvQEyF07W24WFGhY3pdtlVcgYoYVHVCpLcpuFrIuNQDqhkssJBjbTjuFd1UZRT7oxm6YfCDsdHhKRXUhgYhkosz4=
Sx84Y2Zmr5wOeifrs/PrUPPGpB74sXgirYq5CT4HUs6/pWEiagdpkyGVDFDtdfssjqvWAxk8BwXEuiUaR5marnfuRaVpNp2H/nFfblM4xyV6MnVFVHBuESyzOg==
zhqcdlgpuuzaybsWK1mK62lQ+nOiUBFXUVbMIWexH8Gx71zakYqF8Rp3FgYTxc2q7pfNS/3VUIgJZf8kYou6y92MY704Olmioyne5pvOKa1tJvnfIrEDNveoQ63W0tkNkIBKaRCzBg==
Ic1bowCO8b1xZl9u5i3ZM/CPIV6ptDoKvAqOEe3OGgGBGRxSSsSz3bMrSEgNBJChyxi9zoUBWv5RknpJc4OhgqCGm1taeECETcPIYOZAt0LazMkxgfIE4LxOU93KwAdvjE9vE7MH
Rwcfh6kkx8sKZe/0LGxCoF1CptHn0QtegbUwXyd8fgOvGO0eOBkDTwAJn7GShi5NvISudHFNWInwevo4Bd5wg43lgalvRxm5kLkrMA3SwX5PqjRMb9OpsYmuW5HZpaXQZCc/aZ+SwYQLKPJacjOcmOGeGd50ZH0d2rDMPj5ocBE3J5+mE44h3RVGkc96MVsm3wj7nd4SUd2IYKKZ6LP+
j30GBwC8ow5bYH8vsYZHiGQzkgzGpN3m+/+XeEcm1pvJg0goe+3CEeGE+lLAaw7e0KfTTC52AuM7gd5WdHtWqtJu9iqTlAKOle9haJBmNNw/czqKQ1l0bRMtsz0=
