knPKbPDbrdpjc78TFOc5TzOQLlIxbXIBtzoDMwdZ2rr8JWlnMTqKk00+0kOfs0rtg8+zf1C6bY+f7YRsUwR0Z2MbU4CFUkkO90qcHDcTUYHhjkOB0aWtwHwHV1lnUpnUo8hKKvqzFCiZPvEOLCRF7fLQ1C42aHgBL8e31itO+Y195ml/8bHS1mdoU00GUintYEC6ieCz9g==
ubutDTOh6KHwDzAOC4f9KDFPz3B6mIMu2dT1ucz2tEJFccOxTcc2NfFmbduSZM4evt/j3Y+1QTdXZX4BpayjMm8iAZLaUGGjh21HFjUNVyUrTAqf8bWx4s+Y5RC8BtzTMgRvJvcCOhRTAdSIomLwqL5NWZ8ROr3+bwH7fp/TV9F0epGwFQFQYv8BRljMheaz8A==
UJ8GZFgrySWbhoRSCppCKz1/ZGKCRr6AaaDrPYv/VTGy/kU5BTYcN8WUWbqP7DMtsQUPZVBCKKY31MFdwmwDErL7VHSI3XrBcT9yVXW+Mct7qaieWpePzVPtxdeTHULxCSQH8gsq7SKm6KWDg7WbhpnFcyUPhKYPLW21wgsgmaBQDrgTlozD1st6/vTXWQiYzioUKNqFtY9N4jmeK/nHDjNb85GQcv0A6bkUQvtZGshgzcKz1A==
sYL/fbIPHc+PvQUS5T3qXWzPkqGtQAtdUB16vK167dfdIlgon9Qydv5FSW5RCM/Qj/SLi9Ua7upiRAQcbs1aYKv0c2Iy2v+OZXA6ZzNWL0B6TBZwZCOkdSP5wlJ6gGgbPED/0YytcImIhZuUU9aA7IYMr07qYFHeQR8czAzCy5GqzF8jPOO3/7Pr
+iCzH9pZv4o0EWMLbYQHYEz4//a0/9AqtIK7vcJdICO0mbONkNxOgd1m1cs9/mB074GL6n7Z8TIhVPcMb+izl6UG1jaimLyAHlHi/Esoyz5ChseSZWwCO0MKl5ya0K7sFL8cqeMl+k4KnFAH3JzHjfzxyBUIGSPII4q4MGYQl1KafGkCgcOkUHxecw1KEOd/TL+P47P3
uginmrzS26oO+3JWGyKbfEz4//a0/9AqtIK7vcJdICO0iLuDltNP091m1cs9/mB074CL6n7Z8TIhVPcMb+izl6UG1jaimLyAHlHi/Esoyz5ChseSZWwCO0MKl5ya0K7sFL8cqeMl+k4KnFAH3JzHjfzxyBUIGSPII4q4MGYQl1KafGkCgcOkUHxecw1KEOd/TL+P47P3
+1ET8RYJcaTU7qlFPqx4Rs5/VdH6vwWnRcskKzf0hVzzcJkTvMSHyrTDqBZALs1HIuVTHQW0hvgELmNvLdqt993CGEgfP/NW/mWJjtFojzCP1MsrVbquimKkxLzubZpAq5SzgrK6v65lUHoHs7bvIHps1tDkg2SVI5mC8vogKDs8oL+xDE2wqYilW3TTtsAMhizv7mrAEb5B/9xsjGILsaqsn8O8g/ffs8s=
2WwmVr2AppR/vDFLJgtzw0VML2VzVtcwB9cmDqunqJIWJzV0AW1+QZF/UlVV/pFLHelLnjpXb03zLeXXs90icelkZ/Irak2iBqhFg+N1ewY5BVMlL0QGj82t1cLrYDkg8E6YE/bMI1arut7095moGC7qdCg6xdUP7aIZngu5J45TmxORsLJdgEl5dEIbGXpIwI3is/Q=
Dk+eQ/65Mm+diNZnxWeXCza6o1x67IjivLrIJodzpYSkdeKfyNXoWkEVQ59tig1nXVL4mF8JE2b+VWm+kbhvoA9Ea3sVSo76YlTkzC69OtArBNPScorfnmVgGjdz5o+w+vx2ACTzRGUj6aICunCIq7wwX2FMfVCZiJW7RJNmIJwGvE++KjAxzkEP/BxMsqshKjz/k3yzl++z+w==
FDKCftK7dDIfLDXaO0kBNG6DJEItZXFSrTgdIxQexpn8KGkIV1TjiUQpy0ughWeKy4PhLQneeJOVhalZVwdBaXgZU4CFUkkO90qcHDcTUYHhjkOB0aWtwHwHV1lnUpnUo8hKKvqzFCiZPvEOLCRF7fLQ1C42aHgBL8e31itO+Y195ml/8bHS1mdoU00GUintYEC6ieCz9g==
TDZ5cW+uRDW2F8diIgYwwL2y2F6nq1VM5D1SRzdnNoCE1tMnDdK9r50aiMB/8wNu/l15RrHgH+jPjNsjdfIecuLcdHTOZYqYa8wjClLyz5ZlaApPUz5/eLq0xtjES9Tto2EyutooOGN8eC85bIVAkYidq7yzPlDUxnT/5kqIoUbBh2ykrGobaWr0D0tcy4fns/M=
utgftOBPEx0D0EfDsdEnu2Xx/IBGst30pbmAof6vZ+E5r5qVHY75awQYU54iJ3dtG90tl/uNitER9N9yU/r1Qu54DcOrRVPmITVLJTd0Hm/lnZ2Co7DRwEje4JNOXNv2A+qWtD9pQDg2mmwoIjXNL4XSUV7DaY8uKwurEUgi5eAhKbyC0ylSKNi9+rPs
hLAx2btX+qmk06PLVxDCjIpwFy5CnpAIObSdu//qkm+WepS+29SG2tQDPA1EGotLPd6lg/02UAzPnZriftHhKgEsx8SvoMMvRZ5GviIQLBh+6RI0C2D7xmKe15plZBIjY/Kn1NoYXlR0J4whY61q1uokIE8cVPf13OnYHQgRM9AD8oj4pljn6nrk+YoBSzTIHOaDxQpY14dsp5/rs/8=
vysOIF7Bsy5V2aSqoyJQg0lNI2hqF554GMB/A+f49MAUPnR0AW1+QZF/UlVV/pFLGuhLnjpXb03zLeXXs90icelkZ/Irak2iBqhFg+N1ewY5BVMlL0QGj82t1cLrYDkg8E6YE/bMI1arut7095moGC7qdCg6xdUP7aIZngu5J45TmxORsLJdgEl5dEIbGXpIwI3is/Q=
2ykeGSrNl2/F2qOwW1lq4eh7FFRgCp5osOnFGvd0nrXXuFNp6Wx4h8OhrhQUMC3Xermf+z2vISI19qPrzIVnkhB3TIZ8aqIc9/thCiFzDgTDpaXDwKI/22x+P4WwCKvSxSwo8KE63fQe0C4+XPlfY5wlu+I/8zY0xF40i8F13bELp31B7Emn+AkSRbZDmoj0S/MNKVW+lxkdpWFYqDfj8Tuy5Ty3GP6S9vOYUG1uZSYQhBkFhiCANnrotBn7t0O+9+7Fpek2HYd9cd5u0zhHJfoy9UXUcO4RrLO6
vGjTIolNuRkJDhpFsbrnU8BGuLlkbmoOpoKqJduDi9v/x/Zbbxumjyy8qrhieFI1wOe8m81i3T8diiiwPy3iX/5tmZbxkL94Txy7k7UiPgLiLFQkjtVqCOtcg/qSoq+mZVhqH5PO3+g6JCZohBv0HaMREmoamFjz/OiPSSxVoKGIrUts807wREbkn1aKWIE2wXdM9Oza+/nqZK+7nJvn17PD
kZqTOuMHqeE6hyEh9XpuJyYtYLsqXiNlf06jCBEpCDr6hkIQQlkw4IOAWBEll471KVYFu6Nzxh62z9s9Z4UZd++1lqE93Cuy55KZ8nKAmWPfHW82zR1fJSNc8r/ZxekiN0hNcCS2VFO6dPeGH9KCVAsxPGiacviotl1h/3kKZT7XUZPeByPfUfzKCVC9USgiJ/FueLSV7rP4
+Lmt2N1H8sTXygQdSL9gK5a/9OqGPvGXTbnVNwtdCIOG4aHkumn1DIn9zSxUOre6QSI+m7WM6Z5LWj9aZ3kdXLqQQnoYHnb7fgr7ur+w2nxLFOXuhsXLgOsKCiI6QmwlsE9Dh54QonaMsazOc0MkS4RTyNvn9mvAhOa2IsM8oqaFJOGhgE6UdG97egITcVTFg+Wz9Q==
oAporqiWSPliAKKgsbtvAvLZxu/qr1BsB+nFAIGJ7RCM/mcV6ba+Bw0oGVKDbl8mf30NsFJEAiZgesZ39v5bBuf0ilBjAOXyvuG7zKO+6t6ixvxJ2BuDW2b0knqExYzyq4f05yzHSEdfUpsMTNLWXts4skpt8KH9+Cok+OeP2r5LNQTpq/Gz6Q==
QSV4e55pP5s2jK4XsnG8qkxyTXsoPBNpdGm7KxAF92obw7dLF95oc0VF+TnHh/GJiNlj4PVSeS4Hiiy8R5PBITFOk6HBpb3grMeH+ffS6XQTCLoKyrNkSKn+Ae6cpNWNohAEziZoaGF/h2c2u85J7Q2mWZ8BseL2Fyjj7fbSuU0wAOqp8LPm
xklJ5UGG4zAOlgGm8O0XcfDZxv7ouVRsB+nFAIGJ7RCM/mcT6ba+Bw0oGVKDbl8mf30NsFJEAiZgesZ39v5bBuf0ilBjAOXyvuG7zKO+6t6ixvxJ2BuDW2b0knqExYzyq4f05yzHSEdfUpsMTNLWXts4skpt8KH9+Cok+OeP2r5LNQTpq/Gz6Q==
RtXApbRIK+uURAyJyVaaFExyS200IRNpdGm7KxAF92obw7FLF95oc0VF+TnHh/GJiNlj4PVSeS4Hiiy8R5PBITFOk6HBpb3grMeH+ffS6XQTCLoKyrNkSKn+Ae6cpNWNohAEziZoaGF/h2c2u85J7Q2mWZ8BseL2Fyjj7fbSuU0wAOqp8LPm
D5z8KPgYLL+SFrY68c72kExySnsmJBNpdGm7KxAF92obw7JLF95oc0VF+TnHh/GJiNlj4PVSeS4Hiiy8R5PBITFOk6HBpb3grMeH+ffS6XQTCLoKyrNkSKn+Ae6cpNWNohAEziZoaGF/h2c2u85J7Q2mWZ8BseL2Fyjj7fbSuU0wAOqp8LPm
Xn4RhQIVod6F63lMrZzmNNWfwGcQNF6P0BkkudqjrMP5RHNb44F0u7LhbzFPPOOLhUHlCPHRLfgcRgdc3q++L11Qudpzth9Ob0XteOLcgo6wguZ/hqab7ndM6hhTGOXa7pkbRFNmqray/hyBaIMD87YMsnL0nUwaOz+UrxzfSG8PKjuEvAqWNssAUoLdaCFVKNIE8JfXGlbbjWShm+mzwQ==
mmgRcF3/C75BcHv+ARNZgpaFsMYaQN+rPFxpaGkC4RSvUyohOXxXejLFqOyBTYbiSp0EEbAU9nBhowfmAWtK7Mh5szlLbXoRQZTvcqPapQJe2P1DOyUDJtEVWyUnVO6vtf0NAlMQYYAY/hCTfjyLNvMKJjSvyZD4Bvp8KDLV/W/VcsHecwn/bvvrmxE4AjUgkYnMAkPJgmioneqz/A==
1NUhYQGytR9VmvnLlDjB9JaFsMYaQN+rPFxpaGkC4RSvUyohOXxXejLFqOyBTYbiSp0EEbAU9nBhowfmAWtK7Mh5szlLbXoRQZTvcqPapQJe2P1DOyUDJtEVWyUnVO6vtf0NAlMQYYAY/hCTfjyLNvMKJjSvyZD4Bvp8KDLV/W/VcsHecwn/bvvtnxE5AzUpkonMAkPJgmioneqz/A==
6KQdCK08Wc+VTA+456/I4JaFsMYaQN+rPFxpaGkC4RSvUyohOXxXejLFqOyBTYbiSp0EEbAU9nBhowfmAWtK7Mh5szlLbXoRQZTvcqPapQJe2P1DOyUDJtEVWyUnVO6vtf0NAlMQYYAY/hCTfjyLNvMKJjSvyZD4Bvp8KDLV/W/VcsHecwn/bvvrnhE5AzUpkonMAkPJgmioneqz/A==
fL/OQcEPK5fNdjU8W92NoK/8FaDXq+LgijqGiKmOoU0siZH69YBKFT2wkUgpJlutS+ZrEJ3x2gIxcjEvFvrcg9E2T+ByVAI2QCqGJ1Zu25ZHpMoAQxDl4p6x+5wDLmpOApa8GfgLg0tGpNIqJFUMYgvXtLcM10hXfwLbXOxCVs57aPIaQOCh7dl6bqtHH1ou62VEuYvhs/k=
