2/rm872CUad8GnQOexwT4DOQLlIxbXIBtzoDMwdZ2rr8JWlnMTqKk00+0kOfs0rtg8+zf1C6bY+f7YRsUwR0Z2MbU4CFUkkO90qcHDcTUYHhjkOB0aWtwHwHV1lnUpnUo8hKKvqzFCiZPvEOLCRF7fLQ1C42aHgBL8e31itO+Y195ml58bHS1mdoU00GUintYEC6ieCz9g==
85KQHOeNzrvqqxbnsREn4TFPz3B6mIMu2dT1ucz2tEJFccOxTcc2NfFmbduSZM4evt/j3Y+1QTdXZX4BpayjMm8iAZLaUGGjh21HFjUNVyUrTAqf8bWx4s+Y5RC8BtzTMgRvJvcCOhRTAdSIomLwqL5NWZ8ROr3+bwH7fp/VV9F0epGwFQFQYv8BRljMheaz8A==
c3jsEoLiBRAQdjeNd0M00z1/ZGKCRr6AaaDrPYv/VTGy/kU5BTYcN8WUWbqP7DMtsQUPZVBCKKY31MFdwmwDErL7VHSI3XrBcT9yVXW+Mct7qaieWpePzVPtxdeTHULxCSQH8gsq7SKm6KWDg7WbhpnFcyUPhKYPLW21wgsgmaBQDrgTlozD1st6/vTXWQiYzioUKNqFtY9N4jmeK/nHDjNd85GQcv0A6bkUQvtZGshgzcKz1A==
zrtJ6fMbbBduBMOGf7zsb2zPkqGtQAtdUB16vK167dfdIlgon9Qydv5FSW5RCM/Qj/SLi9Ua7upiRAQcbs1aYKv0c2Iy2v+OZXA6ZzNWL0B6TBZwZCOkdSP5wlJ6gGgbPED/0YytcImIhZuUU9aA7IYMr07qYFfeQR8czAzCy5GqzF8jPOO3/7Pr
0AkoUUUkPfeS9WKJrfarWUz4//a0/9AqtIK7vcJdICO0mbONkNxOgd1m1cs9/mB074GL6n7Z8TIhVPcMb+izl6UG1jaimLyAHlHi/Esoyz5ChseSZWwCO0MKl5ya0K7sFL8cqeMl+k4KnFAH3JzHjfzxyBUIGSPII4q4MGYQl1KafG8CgcOkUHxecw1KEOd/TL+P47P3
oIjS5ym1UGJM2orAYfS3sUz4//a0/9AqtIK7vcJdICO0iLuDltNP091m1cs9/mB074CL6n7Z8TIhVPcMb+izl6UG1jaimLyAHlHi/Esoyz5ChseSZWwCO0MKl5ya0K7sFL8cqeMl+k4KnFAH3JzHjfzxyBUIGSPII4q4MGYQl1KafG8CgcOkUHxecw1KEOd/TL+P47P3
PABAQoZOXn6eKakkxw+7Pc5/VdH6vwWnRcskKzf0hVzzcJkTvMSHyrTDqBZALs1HIuVTHQW0hvgELmNvLdqt993CGEgfP/NW/mWJjtFojzCP1MsrVbquimKkxLzubZpAq5SzgrK6v65lUHoHs7bvIHps1tDkg2SVI5mC8vogKDs8oL+xDE2wqYilW3TTtsAMhizv7mrAF75B/9xsjGILsaqsn8O8g/ffs8s=
5ezaYV9XbpuC4zNrHbn+8UVML2VzVtcwB9cmDqunqJIWJzV0AW1+QZF/UlVV/pFLHelLnjpXb03zLeXXs90icelkZ/Irak2iBqhFg+N1ewY5BVMlL0QGj82t1cLrYDkg8E6YE/bMI1arut7095moGC7qdCg6xdUP7aIZngu5J45TnRORsLJdgEl5dEIbGXpIwI3is/Q=
1zgdEWFOJgSzJE+0m55T1za6o1x67IjivLrIJodzpYSkdeKfyNXoWkEVQ59tig1nXVL4mF8JE2b+VWm+kbhvoA9Ea3sVSo76YlTkzC69OtArBNPScorfnmVgGjdz5o+w+vx2ACTzRGUj6aICunCIq7wwX2FMfVCZiJW7RJNmIJwGvE++KjA3zkEP/BxMsqshKjz/k3yzl++z+w==
SjrYQYOjX3Gdp3dqhcfUK26DJEItZXFSrTgdIxQexpn8KGkIV1TjiUQpy0ughWeKy4PhLQneeJOVhalZVwdBaXgZU4CFUkkO90qcHDcTUYHhjkOB0aWtwHwHV1lnUpnUo8hKKvqzFCiZPvEOLCRF7fLQ1C42aHgBL8e31itO+Y195ml58bHS1mdoU00GUintYEC6ieCz9g==
xjwXFZWQjv9JtitsuD2bXb2y2F6nq1VM5D1SRzdnNoCE1tMnDdK9r50aiMB/8wNu/l15RrHgH+jPjNsjdfIecuLcdHTOZYqYa8wjClLyz5ZlaApPUz5/eLq0xtjES9Tto2EyutooOGN8eC85bIVAkYidq7yzPlDUxnT/5kqIp0bBh2ykrGobaWr0D0tcy4fns/M=
qEt6uYQuhgOqXYc1vpHI0WXx/IBGst30pbmAof6vZ+E5r5qVHY75awQYU54iJ3dtG90tl/uNitER9N9yU/r1Qu54DcOrRVPmITVLJTd0Hm/lnZ2Co7DRwEje4JNOXNv2A+qWtD9pQDg2mmwoIjXNL4XSUV7DaY8uKw2rEUgi5eAhKbyC0ylSKNi9+rPs
IPCSZU42BVxRmw97GfueE0lNI2hqF554GMB/A+f498AUPnR0AW1+QZF/UlVV/pFLGuhLnjpXb03zLeXXs90icelkZ/Irak2iBqhFg+N1ewY5BVMlL0QGj82t1cLrYDkg8E6YE/bMI1arut7095moGC7qdCg6xdUP7aIZngu5J45TnRORsLJdgEl5dEIbGXpIwI3is/Q=
HKharJaE2ZpapQFCubolR+h7FFRgCp5osOnFGvd0nrXXuFNp6Wx4h8OhrhQUMC3Xermf+z2vISI19qPrzIVnkhB3TIZ8aqIc9/thCiFzDgTDpaXDwKI/22x+P4WwCKvSxSwo8KE63fQe0C4+XPlfY5wlu+I/8zY0xF40i8F13bELp31B7Emn+AkSRbZDmoj0S/MNKVW+lxkdpWFYqDfj8Tuy5Ty3GP6S9vOYUG1uZSYQhBkFhiCANnrotBn7t0O+9+7Fpek2HYF9cd5u0zhHJfoy9UXUcO4RrLO6
VloleL4H/HKJbrsDzBsw6cBGuLlkbmoOpoKqJduDi9v/x/Zbbxumjyy8qrhieFI1wOe8m81i3T8diiiwPy3iX/5tmZbxkL94Txy7k7UiPgLiLFQkjtVqCOtcg/qSoq+mZVhqH5PO3+g6JCZohBv0HaMREmoamFjz/OiPSSxVoKGIrUts807wREbkn1aKWIc2wXdM9Oza+/nqZK+7nJvn17PD
8PcTyvjPAqeLq3BkNmq8M0IyXMiAgnDtNLpCaoZmgjHLl4Pf/8P+T38PjmsM2IJsMiya8YAjdM+dtnVbvW6AJK+5att+6RECYQQXnO94E0fldvbGouiccN4BQmzLuKvugranomVcYguD2vcMGkAOvNRPPNnj1do+Skzwl1wMJ928wSglCCnD+GPaWKDmgDeC2gxP8oGzhKC8DtOdyoCHr4yP79Ozxw==
ntnFFCkCXfBGOH8fe1QVMwoyjMxVMHPCeqA3POEe/wjORxIFXH9CfMj78gDwhFH44665LAIQsuZ46RvrMAWXKrtDHAx43oiz5cVZ+SeH0ckoWYOglVJZ7qcKTPynk+FhUc5zYeGlnSBMR+e519IJNHOIGsrqswQISX6hrrykNU0CkKQOxmgIId8Hx3bbzmktrSY5WeGxwra3qAMtltKZjdCAiunQs8Y=
aoyS5lL0rZVTXcrUMFJa7rz+pxwy5aDsTAcsrLZYlniOS8ORh93/zeJFR3maeXzmbnYayr6TYA0I5UXgQantMEwe53+umb4nTUiZskNOXwa/nY3QEmQCBiAaRpc23lsmJxQKMCMg5dL+gTssY57q/mImfCmYO4N7JpQSmkTljNJrZ3SHbOdIZx8yG+yM8tZ+G9gyKivQod24SqQYJ6/anovVhInr0bPJ
90AJIP4o8JpUV/In4L/arSYtYLsqXiNlf06jCBEpCDr6hkIQQlkw4IOAWBEll471KVYFu6Nzxh62z9s9Z4UZd++1lqE93Cuy55KZ8nKAmWPfHW82zR1fJSNc8r/ZxekiN0hNcCS2VFO6dPeGH9KCVAsxPGiacviotl1h/3kKZT7XUZPeByXfUfzKCVC9USgiJ/FueLSV7rP4
kQIHod3aXxqGjNttrccO75a/9OqGPvGXTbnVNwtdCIOG4aHkumn1DIn9zSxUOre6QSI+m7WM6Z5LWj9aZ3kdXLqQQnoYHnb7fgr7ur+w2nxLFOXuhsXLgOsKCiI6QmwlsE9Dh54QonaMsazOc0MkS4RTyNvn9mvAhOa2IsM8oqaDJOGhgE6UdG97egITcVTFg+Wz9Q==
be2GmjaAiUl+zOkBUNCWtfLZxu/qr1BsB+nFAIGJ7RCM/mcV6ba+Bw0oGVKDbl8mf30NsFJEAiZgesZ39v5bBuf0ilBjAOXyvuG7zKO+6t6ixvxJ2BuDW2b0knqExYzyq4f05yzHSEdfUpsMTNLWXts4skpr8KH9+Cok+OeP2r5LNQTpq/Gz6Q==
76XHucYsAPFLArC6nztYP0xyTXsoPBNpdGm7KxAF92obw7dLF95oc0VF+TnHh/GJiNlj4PVSeS4Hiiy8R5PBITFOk6HBpb3grMeH+ffS6XQTCLoKyrNkSKn+Ae6cpNWNohAEziZoaGF/h2c2u85J7Q2mWZkBseL2Fyjj7fbSuU0wAOqp8LPm
YBOqTZs0z7StKNrtD6uLt/DZxv7ouVRsB+nFAIGJ7RCM/mcT6ba+Bw0oGVKDbl8mf30NsFJEAiZgesZ39v5bBuf0ilBjAOXyvuG7zKO+6t6ixvxJ2BuDW2b0knqExYzyq4f05yzHSEdfUpsMTNLWXts4skpr8KH9+Cok+OeP2r5LNQTpq/Gz6Q==
aYAy3jF9SX0WZYk41DplkkxyS200IRNpdGm7KxAF92obw7FLF95oc0VF+TnHh/GJiNlj4PVSeS4Hiiy8R5PBITFOk6HBpb3grMeH+ffS6XQTCLoKyrNkSKn+Ae6cpNWNohAEziZoaGF/h2c2u85J7Q2mWZkBseL2Fyjj7fbSuU0wAOqp8LPm
JuhQBvkO9IO1IqxfSLm2D0xySnsmJBNpdGm7KxAF92obw7JLF95oc0VF+TnHh/GJiNlj4PVSeS4Hiiy8R5PBITFOk6HBpb3grMeH+ffS6XQTCLoKyrNkSKn+Ae6cpNWNohAEziZoaGF/h2c2u85J7Q2mWZkBseL2Fyjj7fbSuU0wAOqp8LPm
VXnW0LLMCGbA1DmqLNz1jHl0M6ggQCRgaQftDA0vTjz6iBJDVFEr84KHehEll471KVYFu6JyyB62z9s9Z4UZd++1lqE93Cuy55KZ8nKAmWPfHW82zR1fJSNc8r/ZxekiN0hNcCS2VFO6dPeGH9KCVAsxPGiacviotl1h/3kKZT7XUZPeByPfUfzKCVC9USgiJ/FueLSV7rP4
+U4Pszlt7Xt5utjlwY6rKImwykxetSGWZIO9Hdswtk41YgVpX3XcxYdhod1eIZbH7QVxJlDZPQEhn+LVxR5BC0rLtJ5Kd7+No011VwO9krHZBHfyO0o9YvYINQNz1StG6eVjJR+k1s+dDUVCm8DJ4IBuiBPmrBOWG9pudGf5+Nj+ygQoyuWFTz1CiR67WZfOY3sDkaCSrcA52YTCi7mqiJDt0rPE
S2yru0hoV1qdI/2roc5Hzwj5EC3iVCd3GCs8440wnXPQbdcah25JqoiL9Bi9GhVtWFthq4rW8mugiFUWP+nRWlcEJSspnq1A9x/HEexkfHXtMyMjyEClNAKrhYPFbEMyT+KhEnqQQaOnreeWlc13JQuMqh9RdZHi71hFkBzG/NPSxA+mF8JaFLPBtAhCopCoXg05H/F63f6PQZv+f5M30VQ6MTC1QXBi30Hm2GzFxrPQ
S2yru0hoV1qdI/2roc5Hzwj5EC3iVCd3GCs8440wnXPQbdcah25JqoiL9Bi9GhVtWFthq4rW8mugiFUWP+nRWlcEJSspnq1A9x/HEexkfHXtMyMjyEClNAKrhYPFbEMyT+KhEnqQQaOnreeWlc13JQuMqh9RdZHi71hFkBzG/NPSxA+mF8JaFLPBtAhCopCoXg05H/F63f6PQZv+f5M30VQ6MTC1QXBi30Hm2GzFxrPQ
rvawIZBXI4Suu2ywuQdBh8VaqJQOOJqrCVAKrlWYKoiru56OjSYQ/NsbE3r/SicVyjIl46GDezzQBeeZq5QqpPemBEHUJpzJnfdqLHHmenPRV+DH/CRfqPsszvorOA2iNX1BoPAu9zuazcv3Trs9N8BoaZSOA1HT0XSfcpN6NUKu+E3Da8UT5mG1iyX39F5vpR1dguMwkcCIXiCTDtwb9sNq1rR/6YA4dhosKOK1DS/FUpFeA+nPLmuJaxEIoqXg4al8gpOpkigYPbqzrA==
V/qXg45tMTuSZKKCdOiSUyTmxeJ1ECiq6hkGtFic/OFppypZ94hSwgJVLAL1XbbQxAfw2g0omoqA6GETjLZrLBGcYGHDrKmO7jWg/kgnGSlkKyX8QfGs5EwVp2gJE+/V1liU6krlKm7issbc88JYbYwgd1sbsNd7sTID2ZY63ENR9k+g8hQCdsBqhufWrttWx2TKQMNQ5aIe8ftcg+5qjoJWvFl4S4MLxuTS6qSVDKKLF7T3jJdIF/9C25xsglYO+6jyWs+goa1YOmRox99a7mulRPkLobO5
jpf3KihzpbMkyN1lkEB3AAOxLgHJoTFXKGJvSuYF7VIbMOBkYTRcec/d4Zjw9BKM1S38EWzpcrGCXvQLAXUdMcunvcEsSed4SRIFNgOayHQL802plb5Xmd2lodhoNyNxe7KlvPcYvhK289jQLW6lptCE2YVGIEC2uuj0mbu3Az637oUlqTbdBb1xHu4TOIelOjI1xZRwrpHss/o=
ltmncNB11O2tU8Y/Wj2y6KG2XuaEq/nuzH+JkuCOqEsawNC707JtMk65iF1OEGWHX702RcuvvhcteFkCI/7ftt8tTeByVAI2QCqGJ1Zu25ZHpMoAQxDl4p6x+5wDLmpOApa8GfgLg0tGpNIqJFUMYgvXtLcM10hXfwLbXOxCVs57aPIaT+Ch7dh6ZKhHH1ou62VEuYvhs/k=
a++Mb+xJncq4rptKEhD1DZkV9ADVUfEypus+c5GcX/Xcuj1qnzkSXh8ubbVhFqVVhfHmPqtYzzUS8t313BC2ITSzIg==
nw0OdqfxVWxkD06LJR9LUchCtLFhWjkUqL/lNcHK6Nms/cp1Xg61nS/57Kd0Oxg1yPO3uKA7jRkppzLJSnK4AaJtgIe8jYp8TCm1iLciPgLiLFQkjtVqCOtcg/qSoq+mZVhqH5PO3+g6JCZohBv0HaMREmoamFjz/OiPSSxVoKGIrUts807wREbkn1aKWIM2wXdM9Oza+/nqZK+7nJvn17PD
t9TNqF90egGaN3nWn/3k4qmjla2fmYCS0ug6FqKY2bZz38xiFHyt7LOLfS6/4KxP8W/AdTYn/Dsbblnv7ac1QxaQWD9yZTWmQ+qJPlaWjmB2xES0PGVAgDxqJFFTaExa/CZDwJSfM5uHBU7BNQxTMl/CkdIqcDEjNw1X1kWthyX77Hpf4dUBYp+4FVAs5uzTwqT/5sdi6pQjIcTIEoKgqG4t6V8BGk1+P+HLPg9wJ9FEGgFwZSGA4k/hVhg8JbazoA==
bg92fGCTEbIuyHeCNLKfuDdHmeJJCRN9gJC/WKEBzWWtMVHN04hfFR6K3zVUliMyNP52uvMkwv62/GF5sBb0bF/juhqj6TSdMz2zLQ==
qCJVg6RFwQ7g/BwqWfTWvfCPIV6ptDoKvAqOEe3OGgGBGRxSSsSz3bMrSEgNBJChyxi9zoUBWv5VkHRJc4OhgqCGm1taeECETcPIYOZAt0LazMoygfME4LxOU93KwAdvjE9vE7MH
RyLAFzv0jIVqIibgeHFE1WlQ+nOiUBFXUVbMIWexH8Gx71zakYqF8Rp3FgYTxc2q7pfNS/3VUIgJYf0qYou6y92MY704Olmioyne5pvOKa1tJvncIbECNveoQ63W0tkNkIBKaRCzBg==
F5wTlrp/UfGSYsj3HCbBfPPGpB74sXgirYq5CT4HUs6/pWEiagdpkyGVDFDtcfkijqvWAxk8BwXEuiUaR5marnfuRaVpNp2E/XFeblM4xyV6MnVFVHBuESyzOg==
QrkXlXYo3T76bLVGlL0AhTXpJ4MP5dkn5rx0KqmKvQEyF07W24WFGhY3pdtlVcgYoYFFWipLcpuFrIuNQDqhkssJBjbTjuFd1UZRTLkxmqYfCDsdHhKRXUhgYhkosz4=
SqVVix3X6+K591VjcMEZRxzaCKY+1/g90bx0KqmKvQEyF07W24WFGhY3pdtlVcgYoYFFWipLcpuFrIuNQDqhkssJBjbTjuFd1UZRTLkxmqYfCDsdHhKRXUhgYhkosz4=
OhHA9KiTJUc2NOzPsWdYmskDm2ZLk2oW/q4rCj+FuJ/EQkkVF478n89/h/WqvEspL474GyBPT+TBSYJ6Y1aBQczigd4zib9uu2jbEXiCdSDRCQwCg0lCaGgdKrM8
qP87WY5yx+lPJpzH/Egk6gj5EC3iVCd3GCs8440wnXPQbdcah25JqoiL9Bi9GhVtWFthq4rW8mugiFUWP+nRWlcEJSspnq1A9x/HEexkfHXtMyMjyEClNAKrhYPFbEMyT+KhEnqQQaOnreeWlc13JQuMqh9RdZHi71hFkBzG/NPSxA+mF8JaFLPBtAhCopCoXg05H/F63f6PQZv+f5A30VQ6MTC1QXBi30Hm2GzFxrPQ
kvF2IqNe2jKa0lehAlDoJDdHmeNJCRN9gJC/WKEBzWWtMVHN04hfFR6K3zVUliMyNP52uvMkwv62/GF5sBb0bF/juhqj6TSdMz2zLQ==
dUoyRSciA1msaaVECWKQZ6Jhi8Z8dje0YUtkJ7+jWhuH5sXFKF4Szvm18eA8OsEBDHQ/1RTwGaXQvqZuM/uXupBNQYZvYfBDYaZV2ozf1DiU8+Avvmu4va/5eTnybyGqM3o3bikwLpl8LFeq3OtHGxb3gAyLMH3ACJot1Ev6o9E3kAYioeM8QW03aLcb75bknyT4L0eLl5gZElWWM1p4VDtznYkF/kf5LaVRuHh3s1GrMpWcR9iOsubziDBdrtVGoASJZdbgUBYK6EQ5q/eTXmdudUVZdi1kbXHOTiN4N4UKsmXlBLC+cZyzig==
xNxuy0jFyG+ElPxq4M7KgE8QLkdnGIK/qEh85YiP0L6m0abvkneIr7wzJoNizKWYupeYWVCHf37n59eZey7WirnuFcsGquWCRvS4E3sxpj+beYVJ9xXLPEmIq30btCTI4r4UrrzTH/+s1igjb8JlnX95hhxM8Fb7Crym5G5Wf6zor7hGT6EnzpeJFUSLMzp0jKFF8Fd6Lkpi5ET87i0agKtUM0Ky+j/uZRD6R7N2b+B6rFaQ5MPk1SNZAjL64Kh7POA/8QyNMGmIZdu00/ZATIZsby5qAJJ+Qb9cLIwii3GqbB8DvMN3n7OL
elSrCSxhPQL2gOAGGyzyejg3l4u0I/2spe6JeJZw+XfoTTtu76Rfg1z+uI3nXz1zutTULgXmpWcH+VX7QO6wVBB2xDZ15YHfXCx36nxrJ1v29+vJLLDdACiazRQrekORF5AmYgFjXAGNNwh3+282JL8k2O8nC3fYeRJ11pPa2BTbc/1J5X7nOQ2lcXjY91ORyzJ13OdYLvLG8+hwvS61hoAEqaV2YLDWauikect3Mx5HblUFufZNpI1x7o6D+JdFarKFpWQwHjG8s6o=
cNBmq28ZjmY0LeQqVWuEoef9eiUV+BpZJkQTQrFZRWksvp1WN3ZS59ZVDYZfbibgh3qMc7anrxIdxiecVhqWQdqXcHCkgUyBeL0QnmxC1uqe94idMJ0A3EaCGqdnWikyf7PT9lie0lTwkKShE/mszBxME++na686w0L0IrpdqsYyaubUwzqYBRy4lxNriNdT4WqjUSZCnKtB7i9oAqyC3hCypu/mVhs+V/wqCLNo5YpOqVvUM5YqZpJO3JGI8wOjFjzy4pRtzMobj1S//K9IP68aexTc+hbm67CSkj4YIQWI4kRg9yeahvs9pLF7mbOR
4Zi4sydW+D/kifzaKICMtef9eiUV+BpZJkQTQrFZRWksvp1WN3ZS59ZVDYZfbibgh3qMc7anrxIaxCecVhqWQdqXcXCkgUyBeL0QnmxC1uqe94idMJ0A3EaCGqdnWikyf7PT9lie0lTwkKShE/mszBxME++na686w0L0IrpdqsYyaubUwzqYBRy4lxNriNdT4WqjUSZCnKtB7i9oAqyC3hCypu/mVhs+V/wqCLNo5YpOqVvUM5YqZpJO3JGI8wOjFjzy4pRtzMobj1S//K9IP68aexTc+hbm67CSkj4YIQWI4kRg9yeahvs9pLF7mbOR
R3R3GUqLkpxyRWszjsuZauf9eiUV+BpZJkQTQrFZRWksvp1WN3ZS59ZVDYZfbibgh3qMc7anrxIdxiecVhqWQdqXfnCkgUyBeL0QnmxC1uqe94idMJ0A3EaCGqdnWikyf7PT9lie0lTwkKShE/mszBxME++na686w0L0IrpdqsYyaubUwzqYBRy4lxNriNdT4WqjUSZCnKtB7i9oAqyC3hCypu/mVhs+V/wqCLNo5YpOqVvUM5YqZpJO3JGI8wOjFjzy4pRtzMobj1S//K9IP68aexTc+hbm67CSkj4YIQWI4kRg9yeahvs9pLF7mbOR
rvom+oybmDGrT/gRmjuwpOf9eiUV+BpZJkQTQrFZRWksvp1WN3ZS59ZVDYZfbibgh3qMc7anrxIaxCecVhqWQdqXf3CkgUyBeL0QnmxC1uqe94idMJ0A3EaCGqdnWikyf7PT9lie0lTwkKShE/mszBxME++na686w0L0IrpdqsYyaubUwzqYBRy4lxNriNdT4WqjUSZCnKtB7i9oAqyC3hCypu/mVhs+V/wqCLNo5YpOqVvUM5YqZpJO3JGI8wOjFjzy4pRtzMobj1S//K9IP68aexTc+hbm67CSkj4YIQWI4kRg9yeahvs9pLF7mbOR
XHnEz+zbELpyptH0dgc7j+f9eiUV+BpZJkQTQrFZRWksvp1WN3ZS59ZVDYZfbibgh3qMc7anrxIdxiecVhqWQdqXfHCkgUyBeL0QnmxC1uqe94idMJ0A3EaCGqdnWikyf7PT9lie0lTwkKShE/mszBxME++na686w0L0IrpdqsYyaubUwzqYBRy4lxNriNdT4WqjUSZCnKtB7i9oAqyC3hCypu/mVhs+V/wqCLNo5YpOqVvUM5YqZpJO3JGI8wOjFjzy4pRtzMobj1S//K9IP68aexTc+hbm67CSkj4YIQWI4kRg9yeahvs9pLF7mbOR
Lwr2duML+luzGwFqjGRo8ef9eiUV+BpZJkQTQrFZRWksvp1WN3ZS59ZVDYZfbibgh3qMc7anrxIaxCecVhqWQdqXfXCkgUyBeL0QnmxC1uqe94idMJ0A3EaCGqdnWikyf7PT9lie0lTwkKShE/mszBxME++na686w0L0IrpdqsYyaubUwzqYBRy4lxNriNdT4WqjUSZCnKtB7i9oAqyC3hCypu/mVhs+V/wqCLNo5YpOqVvUM5YqZpJO3JGI8wOjFjzy4pRtzMobj1S//K9IP68aexTc+hbm67CSkj4YIQWI4kRg9yeahvs9pLF7mbOR
tz2KL4slyDJz8i0HPL2ZE+f9eiUV+BpZJkQTQrFZRWksvp1WN3ZS59ZVDYZfbibgh3qMc7anrxIdxiecVhqWQdqXenCkgUyBeL0QnmxC1uqe94idMJ0A3EaCGqdnWikyf7PT9lie0lTwkKShE/mszBxME++na686w0L0IrpdqsYyaubUwzqYBRy4lxNriNdT4WqjUSZCnKtB7i9oAqyC3hCypu/mVhs+V/wqCLNo5YpOqVvUM5YqZpJO3JGI8wOjFjzy4pRtzMobj1S//K9IP68aexTc+hbm67CSkj4YIQWI4kRg9yeahvs9pLF7mbOR
HHdxnumliQwXiLqhlcnMmef9eiUV+BpZJkQTQrFZRWksvp1WN3ZS59ZVDYZfbibgh3qMc7anrxIaxCecVhqWQdqXe3CkgUyBeL0QnmxC1uqe94idMJ0A3EaCGqdnWikyf7PT9lie0lTwkKShE/mszBxME++na686w0L0IrpdqsYyaubUwzqYBRy4lxNriNdT4WqjUSZCnKtB7i9oAqyC3hCypu/mVhs+V/wqCLNo5YpOqVvUM5YqZpJO3JGI8wOjFjzy4pRtzMobj1S//K9IP68aexTc+hbm67CSkj4YIQWI4kRg9yeahvs9pLF7mbOR
dYyIMa9krnSI9o0F3y6K0Of9eiUV+BpZJkQTQrFZRWksvp1WN3ZS59ZVDYZfbibgh3qMc7anrxIdxiecVhqWQdqXeHCkgUyBeL0QnmxC1uqe94idMJ0A3EaCGqdnWikyf7PT9lie0lTwkKShE/mszBxME++na686w0L0IrpdqsYyaubUwzqYBRy4lxNriNdT4WqjUSZCnKtB7i9oAqyC3hCypu/mVhs+V/wqCLNo5YpOqVvUM5YqZpJO3JGI8wOjFjzy4pRtzMobj1S//K9IP68aexTc+hbm67CSkj4YIQWI4kRg9yeahvs9pLF7mbOR
UZh2Sgawt3iyQ6TDN7rwBef9eiUV+BpZJkQTQrFZRWksvp1WN3ZS59ZVDYZfbibgh3qMc7anrxIaxCecVhqWQdqXeXCkgUyBeL0QnmxC1uqe94idMJ0A3EaCGqdnWikyf7PT9lie0lTwkKShE/mszBxME++na686w0L0IrpdqsYyaubUwzqYBRy4lxNriNdT4WqjUSZCnKtB7i9oAqyC3hCypu/mVhs+V/wqCLNo5YpOqVvUM5YqZpJO3JGI8wOjFjzy4pRtzMobj1S//K9IP68aexTc+hbm67CSkj4YIQWI4kRg9yeahvs9pLF7mbOR
fuDhPDdpL2oXinQfox+1sOf9eiUV+BpZJkQTQrFZRWksvp1WN3ZS59ZVDYZfbibgh3qMc7anrxIdxiecVhqWQdqXcHGkgUyBeL0QnmxC1uqe94idMJ0A3EaCGqdnWikyf7PT9lie0lTwkKShE/mszBxME++na686w0L0IrpdqsYyaubUwzqYBRy4lxNriNdT4WqjUSZCnKtB7i9oAqyC3hCypu/mVhs+V/wqCLNo5YpOqVvUM5YqZpJO3JGI8wOjFjzy4pRtzMobj1S//K9IP68aexTc+hbm67CSkj4YIQWI4kRg9yeahvs9pLF7mbOR
3caWXYi8HBYIFyfkJ1ekw+f9eiUV+BpZJkQTQrFZRWksvp1WN3ZS59ZVDYZfbibgh3qMc7anrxIaxCecVhqWQdqXcXGkgUyBeL0QnmxC1uqe94idMJ0A3EaCGqdnWikyf7PT9lie0lTwkKShE/mszBxME++na686w0L0IrpdqsYyaubUwzqYBRy4lxNriNdT4WqjUSZCnKtB7i9oAqyC3hCypu/mVhs+V/wqCLNo5YpOqVvUM5YqZpJO3JGI8wOjFjzy4pRtzMobj1S//K9IP68aexTc+hbm67CSkj4YIQWI4kRg9yeahvs9pLF7mbOR
AlvCheu+AwjxAgYM7TLBref9eiUV+BpZJkQTQrFZRWksvp1WN3ZS59ZVDYZfbibgh3qMc7anrxIdxiecVhqWQdqXfnGkgUyBeL0QnmxC1uqe94idMJ0A3EaCGqdnWikyf7PT9lie0lTwkKShE/mszBxME++na686w0L0IrpdqsYyaubUwzqYBRy4lxNriNdT4WqjUSZCnKtB7i9oAqyC3hCypu/mVhs+V/wqCLNo5YpOqVvUM5YqZpJO3JGI8wOjFjzy4pRtzMobj1S//K9IP68aexTc+hbm67CSkj4YIQWI4kRg9yeahvs9pLF7mbOR
Tlj61IcJRwmpOtaWoRTYgOf9eiUV+BpZJkQTQrFZRWksvp1WN3ZS59ZVDYZfbibgh3qMc7anrxIaxCecVhqWQdqXf3GkgUyBeL0QnmxC1uqe94idMJ0A3EaCGqdnWikyf7PT9lie0lTwkKShE/mszBxME++na686w0L0IrpdqsYyaubUwzqYBRy4lxNriNdT4WqjUSZCnKtB7i9oAqyC3hCypu/mVhs+V/wqCLNo5YpOqVvUM5YqZpJO3JGI8wOjFjzy4pRtzMobj1S//K9IP68aexTc+hbm67CSkj4YIQWI4kRg9yeahvs9pLF7mbOR
fI9AYYP5xAJYwnKzobSzeneER1H5HvqjOTDN2cxigS4MLas/HMy6iwn9Ti2T0LNSzdoRROucLm4CYTMYoucc3YPm0PA4y0CaouaioW2QR8C6PRrQp0MmBlrp3iDEKp96cZU0DEgrTOBr++AYkx7QDQd5kck6TxmaazpP/rGQ5kmULL96FEvfi2632DyzELUw4BqFZAOa26Fv0L6yOQP0kUU3QOdTjw50J+Qg379rXyixkj3me3pAZOOzZRmdXg+pRaU56DDXK8FT8k2sf/jGwo5zIICVTi22eMQx9U6AGEYi6GzpYxcLzt8uLTUhFmXUxfEmvutYD7VS8h11nBB2oXSzYg==
uUuGrztbZSvC6cqS7uY0/uf9eiUV+BpZJkQTQrFZRWksvp1WN3ZS59ZVDYZfbibgh3qMc7anrxIaxCecVhqWQdqXfHGkgUyBeL0QnmxC1uqe94idMJ0A3EaCGqdnWikyf7PT9lie0lTwkKShE/mszBxME++na686w0L0IrpdqsYyaubUwzqYBRy4lxNriNdT4WqjUSZCnKtB7i9oAqyC3hCypu/mVhs+V/wqCLNo5YpOqVvUM5YqZpJO3JGI8wOjFjzy4pRtzMobj1S//K9IP68aexTc+hbm67CSkj4YIQWI4kRg9yeahvs9pLF7mbOR
8KyFSiBE9WG+x2VZd++mRFKE/PEQihHP8vp62At5LUlul/CuYgr9mBI9QhFBZiFrxj4vM3Bb9gaIsZfd9vIMlw+VjAI5GmmdgB5V894wtgiiur1zwuDes8pMzUumVLUGxgFxGeeFbBe/Fu2K6VJ3SDClYixJlsKTGSfIB16wFUjjfJZ682gVgv3tKWAYHr+bYn2z97YLRZcIWAHUZpMZ88mkx/JLqi0iZmjlg0M1W4bZRbMlzwTmD+3tdcJLoFmgkI74E1YMA9aL+j70F9lImA6q1CiaBfWPjWJ5nmt5Bw5z2LORUPK9AKk51EK72VrIoE2Cs5Q=
fI9AYYP5xAJYwnKzobSzeneER1H5HvqjOTDN2cxigS4MLas/HMy6iwn9Ti2T0LNSzdoRROucLm4CYTMYoucc3YPm0PA4y0CaouaioW2QR8C6PRrQp0MmBlrp3iDEKp96cZU0DEgrTOBr++AYkx7QDQd5kck6TxmaazpP/rGQ5kmULL96FEvfi2632DyzELUw4BqFZAOa26Fv0L6yOQP0kUU3QOdTjw50J+Qg379rXyixkj3me3pAZOOzZRmdXg+pRaU56DDXK8FT8k2sf/jGwo5zIICVTi22eMQx9U6AGEYi6GzpYxcLzt8uLTUhFmXUxfEmvutYD7VS8h11nBB2oXSzYg==
8KyFSiBE9WG+x2VZd++mRFKE/PEQihHP8vp62At5LUlul/CuYgr9mBI9QhFBZiFrxj4vM3Bb9gaIsZfd9vIMlw+VjAI5GmmdgB5V894wtgiiur1zwuDes8pMzUumVLUGxgFxGeeFbBe/Fu2K6VJ3SDClYixJlsKTGSfIB16wFUjjfJZ682gVgv3tKWAYHr+bYn2z97YLRZcIWAHUZpMZ88mkx/JLqi0iZmjlg0M1W4bZRbMlzwTmD+3tdcJLoFmgkI74E1YMA9aL+j70F9lImA6q1CiaBfWPjWJ5nmt5Bw5z2LORUPK9AKk51EK72VrIoE2Cs5Q=
fI9AYYP5xAJYwnKzobSzeneER1H5HvqjOTDN2cxigS4MLas/HMy6iwn9Ti2T0LNSzdoRROucLm4CYTMYoucc3YPm0PA4y0CaouaioW2QR8C6PRrQp0MmBlrp3iDEKp96cZU0DEgrTOBr++AYkx7QDQd5kck6TxmaazpP/rGQ5kmULL96FEvfi2632DyzELUw4BqFZAOa26Fv0L6yOQP0kUU3QOdTjw50J+Qg379rXyixkj3me3pAZOOzZRmdXg+pRaU56DDXK8FT8k2sf/jGwo5zIICVTi22eMQx9U6AGEYi6GzpYxcLzt8uLTUhFmXUxfEmvutYD7VS8h11nBB2oXSzYg==
8KyFSiBE9WG+x2VZd++mRFKE/PEQihHP8vp62At5LUlul/CuYgr9mBI9QhFBZiFrxj4vM3Bb9gaIsZfd9vIMlw+VjAI5GmmdgB5V894wtgiiur1zwuDes8pMzUumVLUGxgFxGeeFbBe/Fu2K6VJ3SDClYixJlsKTGSfIB16wFUjjfJZ682gVgv3tKWAYHr+bYn2z97YLRZcIWAHUZpMZ88mkx/JLqi0iZmjlg0M1W4bZRbMlzwTmD+3tdcJLoFmgkI74E1YMA9aL+j70F9lImA6q1CiaBfWPjWJ5nmt5Bw5z2LORUPK9AKk51EK72VrIoE2Cs5Q=
fI9AYYP5xAJYwnKzobSzeneER1H5HvqjOTDN2cxigS4MLas/HMy6iwn9Ti2T0LNSzdoRROucLm4CYTMYoucc3YPm0PA4y0CaouaioW2QR8C6PRrQp0MmBlrp3iDEKp96cZU0DEgrTOBr++AYkx7QDQd5kck6TxmaazpP/rGQ5kmULL96FEvfi2632DyzELUw4BqFZAOa26Fv0L6yOQP0kUU3QOdTjw50J+Qg379rXyixkj3me3pAZOOzZRmdXg+pRaU56DDXK8FT8k2sf/jGwo5zIICVTi22eMQx9U6AGEYi6GzpYxcLzt8uLTUhFmXUxfEmvutYD7VS8h11nBB2oXSzYg==
8KyFSiBE9WG+x2VZd++mRFKE/PEQihHP8vp62At5LUlul/CuYgr9mBI9QhFBZiFrxj4vM3Bb9gaIsZfd9vIMlw+VjAI5GmmdgB5V894wtgiiur1zwuDes8pMzUumVLUGxgFxGeeFbBe/Fu2K6VJ3SDClYixJlsKTGSfIB16wFUjjfJZ682gVgv3tKWAYHr+bYn2z97YLRZcIWAHUZpMZ88mkx/JLqi0iZmjlg0M1W4bZRbMlzwTmD+3tdcJLoFmgkI74E1YMA9aL+j70F9lImA6q1CiaBfWPjWJ5nmt5Bw5z2LORUPK9AKk51EK72VrIoE2Cs5Q=
fI9AYYP5xAJYwnKzobSzeneER1H5HvqjOTDN2cxigS4MLas/HMy6iwn9Ti2T0LNSzdoRROucLm4CYTMYoucc3YPm0PA4y0CaouaioW2QR8C6PRrQp0MmBlrp3iDEKp96cZU0DEgrTOBr++AYkx7QDQd5kck6TxmaazpP/rGQ5kmULL96FEvfi2632DyzELUw4BqFZAOa26Fv0L6yOQP0kUU3QOdTjw50J+Qg379rXyixkj3me3pAZOOzZRmdXg+pRaU56DDXK8FT8k2sf/jGwo5zIICVTi22eMQx9U6AGEYi6GzpYxcLzt8uLTUhFmXUxfEmvutYD7VS8h11nBB2oXSzYg==
8KyFSiBE9WG+x2VZd++mRFKE/PEQihHP8vp62At5LUlul/CuYgr9mBI9QhFBZiFrxj4vM3Bb9gaIsZfd9vIMlw+VjAI5GmmdgB5V894wtgiiur1zwuDes8pMzUumVLUGxgFxGeeFbBe/Fu2K6VJ3SDClYixJlsKTGSfIB16wFUjjfJZ682gVgv3tKWAYHr+bYn2z97YLRZcIWAHUZpMZ88mkx/JLqi0iZmjlg0M1W4bZRbMlzwTmD+3tdcJLoFmgkI74E1YMA9aL+j70F9lImA6q1CiaBfWPjWJ5nmt5Bw5z2LORUPK9AKk51EK72VrIoE2Cs5Q=
fI9AYYP5xAJYwnKzobSzeneER1H5HvqjOTDN2cxigS4MLas/HMy6iwn9Ti2T0LNSzdoRROucLm4CYTMYoucc3YPm0PA4y0CaouaioW2QR8C6PRrQp0MmBlrp3iDEKp96cZU0DEgrTOBr++AYkx7QDQd5kck6TxmaazpP/rGQ5kmULL96FEvfi2632DyzELUw4BqFZAOa26Fv0L6yOQP0kUU3QOdTjw50J+Qg379rXyixkj3me3pAZOOzZRmdXg+pRaU56DDXK8FT8k2sf/jGwo5zIICVTi22eMQx9U6AGEYi6GzpYxcLzt8uLTUhFmXUxfEmvutYD7VS8h11nBB2oXSzYg==
8KyFSiBE9WG+x2VZd++mRFKE/PEQihHP8vp62At5LUlul/CuYgr9mBI9QhFBZiFrxj4vM3Bb9gaIsZfd9vIMlw+VjAI5GmmdgB5V894wtgiiur1zwuDes8pMzUumVLUGxgFxGeeFbBe/Fu2K6VJ3SDClYixJlsKTGSfIB16wFUjjfJZ682gVgv3tKWAYHr+bYn2z97YLRZcIWAHUZpMZ88mkx/JLqi0iZmjlg0M1W4bZRbMlzwTmD+3tdcJLoFmgkI74E1YMA9aL+j70F9lImA6q1CiaBfWPjWJ5nmt5Bw5z2LORUPK9AKk51EK72VrIoE2Cs5Q=
fI9AYYP5xAJYwnKzobSzeneER1H5HvqjOTDN2cxigS4MLas/HMy6iwn9Ti2T0LNSzdoRROucLm4CYTMYoucc3YPm0PA4y0CaouaioW2QR8C6PRrQp0MmBlrp3iDEKp96cZU0DEgrTOBr++AYkx7QDQd5kck6TxmaazpP/rGQ5kmULL96FEvfi2632DyzELUw4BqFZAOa26Fv0L6yOQP0kUU3QOdTjw50J+Qg379rXyixkj3me3pAZOOzZRmdXg+pRaU56DDXK8FT8k2sf/jGwo5zIICVTi22eMQx9U6AGEYi6GzpYxcLzt8uLTUhFmXUxfEmvutYD7VS8h11nBB2oXSzYg==
8KyFSiBE9WG+x2VZd++mRFKE/PEQihHP8vp62At5LUlul/CuYgr9mBI9QhFBZiFrxj4vM3Bb9gaIsZfd9vIMlw+VjAI5GmmdgB5V894wtgiiur1zwuDes8pMzUumVLUGxgFxGeeFbBe/Fu2K6VJ3SDClYixJlsKTGSfIB16wFUjjfJZ682gVgv3tKWAYHr+bYn2z97YLRZcIWAHUZpMZ88mkx/JLqi0iZmjlg0M1W4bZRbMlzwTmD+3tdcJLoFmgkI74E1YMA9aL+j70F9lImA6q1CiaBfWPjWJ5nmt5Bw5z2LORUPK9AKk51EK72VrIoE2Cs5Q=
8KyFSiBE9WG+x2VZd++mRFKE/PEQihHP8vp62At5LUlul/CuYgr9mBI9QhFBZiFrxj4vM3Bb9gaIsZfd9vIMlw+VjAI5GmmdgB5V894wtgiiur1zwuDes8pMzUumVLUGxgFxGeeFbBe/Fu2K6VJ3SDClYixJlsKTGSfIB16wFUjjfJZ682gVgv3tKWAYHr+bYn2z97YLRZcIWAHUZpMZ88mkx/JLqi0iZmjlg0M1W4bZRbMlzwTmD+3tdcJLoFmgkI74E1YMA9aL+j70F9lImA6q1CiaBfWPjWJ5nmt5Bw5z2LORUPK9AKk51EK72VrIoE2Cs5Q=
I+8kF+yxAeVneNcLK+0/dQlfU3p/bRBn5GXAwp7uuS64iUkexkRgZ/VRJIpAdQxdGip0MtI2FVn3OV+cJ+zW3c0RqWyqZyHYwoPPPmv79mCsuvRv7l1/tcpvBaEFPuTTPY04vl34ll9myoNDefHtMBRBXXw1v+VElmqlS4rZJuOqkFmxsTQ7zptScTgs9Kpv+ku3jRDT4bkLPsPY37lzDaG45Jtj0imCV119nUF5aqac46QumJwFUpw3a8pWSLK5tK24LQ77Skw1V3WOn3zvMfIkC+GsAFn4X6cflXc9S2jJ4wno8S97XJGj4I5UOvxErc1SL7Hs9rDAo/1tjbMAWEthCQETLDXHN/mlm9AuoLRA9nRWhaUxfwwsJ0rNP9glRne5Jj9wTWDYmv20u7pTsccQ1kIxoyzh3TfYFwsvBgTPpIjPN0vneEkSBTYDmsh0C/NNqZW+V5ndpaHYaDcjcXuypbz3GL4StvPY0C1upabQhNmFRiBAtrro9Jm7twM+t+6FJak23QS9cR7uEziHpToyNcWUcK6R7LP6
qzdmze3kGBvIksjdosLY2bJjNC3i6qXt4IO5N+QSTEB9KOMfJGimIKBsa27Xj6j9q8EEQ/CmAaUI/3KPGwlsGbO9Z8UDv3Spa1jmNbPaJHAf1waTQtk9vYG2+42vwGtOajUFkuWFXP6UD8HxWvb5gnVstovZ0A6GQ0wqMYpA4eFt11Xl2IRz8ngCMKwiJOL30MtJBXPanwPP6LcMPsbS1K1iG86QGbkA/vBcAA1IZ3o9K2BDu+mcayBs/HuXzqD9vAPPOyUlr413s/JC5+AUBBhO101cpjN/XBA2mOda37zpGj7mCzSK0sNiQoazFbQvPv1CstVf3YKQ317nw5hHZodxboSpVEPQ4Iy5gAlwwYuKQRI/TpnEFjm48YusosBGq0mzqd/EhNzcFD4PSkjOAH6S95jIG3BCn8XPuhf9/SBbN/LArJXNNEeeRr4iECwYfukSNAtg+8ZinteaZWQSI2Pyp9TaGF5UdCeMIWOtatbqJCBPHFT39dzp2B0IETPQA/KI+KZY5+p65PqKAUs0yBzmg8UKWNeHbKef67P/
5rnOf0eCZkbsQsx8dOTKUaWNAjnSB4wbU1tftW3YPyceZBMJtWdOD+D9WoTKe8Zh6MZGFZ36B4sK5KYGRZentvgbuf0qZ0ZsWiB44NOSGCslwlHEJJm9jSgTPukLzMijherJc0SE5uoea5x1veFg76/1xxaW19fdclrvcDSLLOqJV1s5X1Se0Tc4x5fnULwqD98IcdSnwIBT1YP8mVoR8jvsDvyYi7AbXQlieyPtIT7pjB0RAYlL6K5/UdoLVh399wnjsVjClvPOamo0h8Y2d0HeVGBA/d49Mkm8M2hYP3c/Wj30XdW4dOHl3iibrPUntcG1FTlsI7NDDEOn2Yjbg+qadvJOICddOGtDxPSk6uNX+Q8b8hwhcQNlIeSXU71Z70/yJpJQCqae0vcN8ysmLA0eD5eqoawn88INeG+0kjp3IBlyYdXNALwGwwuudXd38gMJB/RApTQCq4WDxWxDMk/ioRJ6kEGjp63nlpXNdyULjKofUXWR4u9YRZAcxvzT0sQPphfCWhSzwbQIQqKQqF4NOR/xet3+j0Gb/n+QN9FUOjEwtUFwYt9B5thsxcaz0A==
Sgdi++o+3amb4350t5XctjadfrKQeWFs98+mklOvqa2wqapy3Auv4cskIoVVVO1M5GlY358Xco0Q8n8CjUd1BkZqZi4B/ZzX0/RIn1p0cHnLhmS0qIsz1HVzreOd3H6Zc/Y8fC+73l8iVaXRMXqjoa/sM4LaWZ0ehUmEkqQD2d2aWmEOxQBuR7ncFupzgHKdCuy5LV27Tem4SKueyI6oAOII+vvgp5HJE1YHb38k7yA+6ooYHQ6DQvDVYWzO/EQszeT/9o1HuI/b5YQHEKCk1xdi+DGMb9c3Rel34cc/au4nzAwIKCIPgTwqqxPs3G6053aHcFl2pmpr+FK+825aqnO5LKOOkZp+tVPF7qATBktDNB+qtx12iMmYm7xQACEsyVzZh7otyvMuFVx6iXSpp6yOmIobJSslvwhcsOwYJiOK5FaMzv4vVKgXaC6vCZcWl1Gl7Gtb6szMWRVY9xLeEuI8NBROhcr4a+xjqtJSj7ZlSErv054/WLrUhjhEK5QNowHyWlpI+IN8WO+Z7CWAsYi9axwznpD0xpQ/hspoYibBZyzELIpbCWrUT+vca8fHs9M=
qLQIWFjxyeBn+gWnKhh/jZcDo+BUVOsLXn8pbng757XlFSWhFGWIZ8XwAXyj8vcCPwwxKtMYk8+DlLk9habdoObpS9JyFy9uv4yYRlMwyr74rfuN3fcoO1EvUvByuGXzmA98gFgBsKrMvNrSCcpbSTxA0zsemhaGK9AS8v94IWJIgsQAN0ea5jtdJNG7+bPx
N4368MjDkqyQVvsHfHHkYJo1L/jD5Yo8PyioWR5qEWlGf8Kl3npP6HM1PuWOhOw0OiPsGIpuPcYf98/CghcnQdHrPloGzMCbp8UuQZVMszJ/AvFSijDRIxfNN1bl7WclG6za34EVIWJ/+LXQTCbM0yLkX2anosqUw2FkSHJCgKhObQnfodotfh+hK76vsUfRY1rh8MXh4OJvobaYnOXWs8A=
QOqip17HEnF1RyxjlObjaLxvcTwbbTMJJZBETd672F4JI7Z6aLjZ5UaSKR5bmbdOQzljkQdSTUDZGSTC6/nKCLAtMrMk
SvgyoauJqF64+4MQpj6DMtGm2ZWQpV2KzkhFrrV5nNeMyQt2W+Ey5EaE33YKuEOWwdAMlGz6OxnqxO/bHLsnN7Mj
0h9Al9YO3MRP3iG2xaVpRJcDo+BUVOsLXn8pbng757XlFSWhFGWIZ8XwAXyj8vcCPwwxKtMYk8+DlLk9habdoObpS9JyFy9uv4yYRlMwyr74rfuN3fcoO1EvUvByuGXzmA98gFgBsKrMvNrSCcpbSTxA0zsemhaGK9AS8v94IWVNgsUAN0ea5jtdJNG7+bPx
TfJe0AarNQFkGwfjMeKQtpo1L/jD5Yo8PyioWR5qEWlGf8Kl3npP6HM1PuWOhOw0OiPsGIpuPcYf98/CghcnQdHrPloGzMCbp8UuQZVMszJ/AvFSijDRIxfNN1bl7WclG6za34EVIWJ/+LXQTCbM0yLkX2anosqUw2FkSHJCgKhObQnfodotfh+hK76vsEfRZF/h8cXh4OJvobaYnOXWs8A=
UsQOwchMoQBxSHwOQeioqrxvcTwbbTMJJZBETd672F4JI7Z6aLjZ5UaSKR5bmbdOQzhjkQBXTUHZGSTC6/nKCLAtMrMk
tB78+pUxZ6gGdE6zzf57StGm2ZWQpV2KzkhFrrV5nNeMyQt2W+Ey5EaE33YKuEKWwdcJlG36OxnqxO/bHLsnN7Mj
4yGOjhpmsiQPYF0Adq3IRJcDo+BUVOsLXn8pbng757XlFSWhFGWIZ8XwAXyj8vcCPwwxKtMYk8+DlLk9habdoObpS9JyFy9uv4yYRlMwyr74rfuN3fcoO1EvUvByuGXzmA98gFgBsKrMvNrSCcpbSTxA0zsemhaGK9AS8v54IWJNgsUAN0ea5jtdJNG7+bPx
Gbo9f14/jZ12EZOCG3FxlJo1L/jD5Yo8PyioWR5qEWlGf8Kl3npP6HM1PuWOhOw0OiPsGIpuPcYf98/CghcnQdHrPloGzMCbp8UuQZVMszJ/AvFSijDRIxfNN1bl7WclG6za34EVIWJ/+LXQTCbM0yLkX2anosqUw2FkSHJCgKhObQnfodotfh+hK76vsEfRY1/h8cXh4OJvobaYnOXWs8A=
trdPduf+PIl1qFaoOi/+YrxvcTwbbTMJJZBETd672F4JI7Z6aLjZ5UaSKR5bmbdOQzhjkQdXTUHZGSTC6/nKCLAtMrMk
pkrETs3F4n3+l4/ZVx3WnNGm2ZWQpV2KzkhFrrV5nNeMyQt2W+Ey5EaE33YKuEKWwdAJlG36OxnqxO/bHLsnN7Mj
TsT8aEDRTrWZavmzSM7STZcDo+BUVOsLXn8pbng757XlFSWhFGWIZ8XwAXyj8vcCPwwxKtMYk8+DlLk9habdoObpS9JyFy9uv4yYRlMwyr74rfuN3fcoO1EvUvByuGXzmA98gFgBsKrMvNrSCcpbSTxA0zsemhaGK9AS8v54IWJMgsUAN0ea5jtdJNG7+bPx
8hk7NdJfSRTLUKM71ZLaqJo1L/jD5Yo8PyioWR5qEWlGf8Kl3npP6HM1PuWOhOw0OiPsGIpuPcYf98/CghcnQdHrPloGzMCbp8UuQZVMszJ/AvFSijDRIxfNN1bl7WclG6za34EVIWJ/+LXQTCbM0yLkX2anosqUw2FkSHJCgKhObQnfodotfh+hK76vsEfRY17h8cXh4OJvobaYnOXWs8A=
GPII/HhMW24WNW/KC1JOfbxvcTwbbTMJJZBETd672F4JI7Z6aLjZ5UaSKR5bmbdOQzhjkQdWTUHZGSTC6/nKCLAtMrMk
f0XGiAOILTb7QTioOW0QA9Gm2ZWQpV2KzkhFrrV5nNeMyQt2W+Ey5EaE33YKuEKWwdAIlG36OxnqxO/bHLsnN7Mj
joZEhQLrhLTxgJg/vbV+HJcDo+BUVOsLXn8pbng757XlFSWhFGWIZ8XwAXyj8vcCPwwxKtMYk8+DlLk9habdoObpS9JyFy9uv4yYRlMwyr74rfuN3fcoO1EvUvByuGXzmA98gFgBsKrMvNrSCcpbSTxA0zsemhaGK9AS8v54IWVPgsUAN0ea5jtdJNG7+bPx
QsPVRADCWUaTLjtmtjOReJo1L/jD5Yo8PyioWR5qEWlGf8Kl3npP6HM1PuWOhOw0OiPsGIpuPcYf98/CghcnQdHrPloGzMCbp8UuQZVMszJ/AvFSijDRIxfNN1bl7WclG6za34EVIWJ/+LXQTCbM0yLkX2anosqUw2FkSHJCgKhObQnfodotfh+hK76vsEfRZF3h8cXh4OJvobaYnOXWs8A=
dKvCmyCYjsSbiqCu4D9rerxvcTwbbTMJJZBETd672F4JI7Z6aLjZ5UaSKR5bmbdOQzhjkQBVTUHZGSTC6/nKCLAtMrMk
YZn2eHeF70ldUryXHvHvINGm2ZWQpV2KzkhFrrV5nNeMyQt2W+Ey5EaE33YKuEKWwdcLlG36OxnqxO/bHLsnN7Mj
Ue1UBYa7zZXKFFFnQKasFZcDo+BUVOsLXn8pbng757XlFSWhFGWIZ8XwAXyj8vcCPwwxKtMYk8+DlLk9habdoObpS9JyFy9uv4yYRlMwyr74rfuN3fcoO1EvUvByuGXzmA98gFgBsKrMvNrSCcpbSTxA0zsemhaGK9AS8v54IWJPgsUAN0ea5jtdJNG7+bPx
nENsXWdfW3vpI/mTs6JXtpo1L/jD5Yo8PyioWR5qEWlGf8Kl3npP6HM1PuWOhOw0OiPsGIpuPcYf98/CghcnQdHrPloGzMCbp8UuQZVMszJ/AvFSijDRIxfNN1bl7WclG6za34EVIWJ/+LXQTCbM0yLkX2anosqUw2FkSHJCgKhObQnfodotfh+hK76vsEfRY13h8cXh4OJvobaYnOXWs8A=
S22P9xzr8TrxNnFCA2VtlbxvcTwbbTMJJZBETd672F4JI7Z6aLjZ5UaSKR5bmbdOQzhjkQdVTUHZGSTC6/nKCLAtMrMk
eWCnTXtggqeM4LKpm4ykINGm2ZWQpV2KzkhFrrV5nNeMyQt2W+Ey5EaE33YKuEKWwdALlG36OxnqxO/bHLsnN7Mj
XpcVahWaEGvnKI87s5MSZJcDo+BUVOsLXn8pbng757XlFSWhFGWIZ8XwAXyj8vcCPwwxKtMYk8+DlLk9habdoObpS9JyFy9uv4yYRlMwyr74rfuN3fcoO1EvUvByuGXzmA98gFgBsKrMvNrSCcpbSTxA0zsemhaGK9AS8v54IWVOgsUAN0ea5jtdJNG7+bPx
Fre3ifwoGNH4Wweyq5mqX5o1L/jD5Yo8PyioWR5qEWlGf8Kl3npP6HM1PuWOhOw0OiPsGIpuPcYf98/CghcnQdHrPloGzMCbp8UuQZVMszJ/AvFSijDRIxfNN1bl7WclG6za34EVIWJ/+LXQTCbM0yLkX2anosqUw2FkSHJCgKhObQnfodotfh+hK76vsEfRZFzh8cXh4OJvobaYnOXWs8A=
CgrQfpYkrkGlHDYbPHYyBLxvcTwbbTMJJZBETd672F4JI7Z6aLjZ5UaSKR5bmbdOQzhjkQBUTUHZGSTC6/nKCLAtMrMk
u7TX/7KW7j/nt9CWRhHzddGm2ZWQpV2KzkhFrrV5nNeMyQt2W+Ey5EaE33YKuEKWwdcKlG36OxnqxO/bHLsnN7Mj
8hIlcE4KPxiM02tTDHVYKZcDo+BUVOsLXn8pbng757XlFSWhFGWIZ8XwAXyj8vcCPwwxKtMYk8+DlLk9habdoObpS9JyFy9uv4yYRlMwyr74rfuN3fcoO1EvUvByuGXzmA98gFgBsKrMvNrSCcpbSTxA0zsemhaGK9AS8v54IWJOgsUAN0ea5jtdJNG7+bPx
khe1n0pohK0DvklMcE/RrZo1L/jD5Yo8PyioWR5qEWlGf8Kl3npP6HM1PuWOhOw0OiPsGIpuPcYf98/CghcnQdHrPloGzMCbp8UuQZVMszJ/AvFSijDRIxfNN1bl7WclG6za34EVIWJ/+LXQTCbM0yLkX2anosqUw2FkSHJCgKhObQnfodotfh+hK76vsEfRY1zh8cXh4OJvobaYnOXWs8A=
TrGjhli0ka3Bz2HFDp2UcLxvcTwbbTMJJZBETd672F4JI7Z6aLjZ5UaSKR5bmbdOQzhjkQdUTUHZGSTC6/nKCLAtMrMk
1TUhaeXjOOxo/y/CZFGAT9Gm2ZWQpV2KzkhFrrV5nNeMyQt2W+Ey5EaE33YKuEKWwdAKlG36OxnqxO/bHLsnN7Mj
9gnaCONlrWqsaa7aDb7nYJcDo+BUVOsLXn8pbng757XlFSWhFGWIZ8XwAXyj8vcCPwwxKtMYk8+DlLk9habdoObpS9JyFy9uv4yYRlMwyr74rfuN3fcoO1EvUvByuGXzmA98gFgBsKrMvNrSCcpbSTxA0zsemhaGK9AS8v54IWJJgsUAN0ea5jtdJNG7+bPx
DN0W7TKAWLjFIFuMcAuSPpo1L/jD5Yo8PyioWR5qEWlGf8Kl3npP6HM1PuWOhOw0OiPsGIpuPcYf98/CghcnQdHrPloGzMCbp8UuQZVMszJ/AvFSijDRIxfNN1bl7WclG6za34EVIWJ/+LXQTCbM0yLkX2anosqUw2FkSHJCgKhObQnfodotfh+hK76vsEfRY1vh8cXh4OJvobaYnOXWs8A=
kKaiUNgpOEyikd22llo3H7xvcTwbbTMJJZBETd672F4JI7Z6aLjZ5UaSKR5bmbdOQzhjkQdTTUHZGSTC6/nKCLAtMrMk
qtuBw4BO5HGTLNkN1E8idNGm2ZWQpV2KzkhFrrV5nNeMyQt2W+Ey5EaE33YKuEKWwdANlG36OxnqxO/bHLsnN7Mj
EdYmmNlh4FGleNCtwTOj/JcDo+BUVOsLXn8pbng757XlFSWhFGWIZ8XwAXyj8vcCPwwxKtMYk8+DlLk9habdoObpS9JyFy9uv4yYRlMwyr74rfuN3fcoO1EvUvByuGXzmA98gFgBsKrMvNrSCcpbSTxA0zsemhaGK9AS8v54IWVIgsUAN0ea5jtdJNG7+bPx
tYin1JWcVhe/Aok2Zxtdm5o1L/jD5Yo8PyioWR5qEWlGf8Kl3npP6HM1PuWOhOw0OiPsGIpuPcYf98/CghcnQdHrPloGzMCbp8UuQZVMszJ/AvFSijDRIxfNN1bl7WclG6za34EVIWJ/+LXQTCbM0yLkX2anosqUw2FkSHJCgKhObQnfodotfh+hK76vsEfRZFrh8cXh4OJvobaYnOXWs8A=
6UbRkr+sEjgphf7qT/YUhrxvcTwbbTMJJZBETd672F4JI7Z6aLjZ5UaSKR5bmbdOQzhjkQBSTUHZGSTC6/nKCLAtMrMk
is+5biVYrUtmz5DD6Yc+39Gm2ZWQpV2KzkhFrrV5nNeMyQt2W+Ey5EaE33YKuEKWwdcMlG36OxnqxO/bHLsnN7Mj
Jk3CATHrDOkB3/33hBPw2ZcDo+BUVOsLXn8pbng757XlFSWhFGWIZ8XwAXyj8vcCPwwxKtMYk8+DlLk9habdoObpS9JyFy9uv4yYRlMwyr74rfuN3fcoO1EvUvByuGXzmA98gFgBsKrMvNrSCcpbSTxA0zsemhaGK9AS8v54IWVNgswDN0ea5jtdJNG7+bPx
YyBW1sWFczZJ9gTPxExon5o1L/jD5Yo8PyioWR5qEWlGf8Kl3npP6HM1PuWOhOw0OiPsGIpuPcYf98/CghcnQdHrPloGzMCbp8UuQZVMszJ/AvFSijDRIxfNN1bl7WclG6za34EVIWJ/+LXQTCbM0yLkX2anosqUw2FkSHJCgKhObQnfodotfh+hK76vsEfRZF/h+Mbh4OJvobaYnOXWs8A=
4jj0dVSLexjDnWzA44T2c7xvcTwbbTMJJZBETd672F4JI7Z6aLjZ5UaSKR5bmbdOQzhjkQBXTUjaGSTC6/nKCLAtMrMk
7k6AxHMVRneh5BUJboFmMNGm2ZWQpV2KzkhFrrV5nNeMyQt2W+Ey5EaE33YKuEKWwdcJlGT5OxnqxO/bHLsnN7Mj
UWlHEJCXI6Wp8L9cBtZ3ZJcDo+BUVOsLXn8pbng757XlFSWhFGWIZ8XwAXyj8vcCPwwxKtMYk8+DlLk9habdoObpS9JyFy9uv4yYRlMwyr74rfuN3fcoO1EvUvByuGXzmA98gFgBsKrMvNrSCcpbSTxA0zsemhaGK9AS8v54IWVMgswDN0ea5jtdJNG7+bPx
4dpyHS72TB1gL1fuoA4Ir5o1L/jD5Yo8PyioWR5qEWlGf8Kl3npP6HM1PuWOhOw0OiPsGIpuPcYf98/CghcnQdHrPloGzMCbp8UuQZVMszJ/AvFSijDRIxfNN1bl7WclG6za34EVIWJ/+LXQTCbM0yLkX2anosqUw2FkSHJCgKhObQnfodotfh+hK76vsEfRZF7h+Mbh4OJvobaYnOXWs8A=
I286TU7sKGntjlcyBTVh5LxvcTwbbTMJJZBETd672F4JI7Z6aLjZ5UaSKR5bmbdOQzhjkQBWTUjaGSTC6/nKCLAtMrMk
dYfFjPvI1B2KAwP0+2UcldGm2ZWQpV2KzkhFrrV5nNeMyQt2W+Ey5EaE33YKuEKWwdcIlGT5OxnqxO/bHLsnN7Mj
jbodcSOWUMpYPE9CG5gncZcDo+BUVOsLXn8pbng757XlFSWhFGWIZ8XwAXyj8vcCPwwxKtMYk8+DlLk9habdoObpS9JyFy9uv4yYRlMwyr74rfuN3fcoO1EvUvByuGXzmA98gFgBsKrMvNrSCcpbSTxA0zsemhaGK9AS8v54IWJMgswDN0ea5jtdJNG7+bPx
wyqu+4lvPZTVBOg824S2n5o1L/jD5Yo8PyioWR5qEWlGf8Kl3npP6HM1PuWOhOw0OiPsGIpuPcYf98/CghcnQdHrPloGzMCbp8UuQZVMszJ/AvFSijDRIxfNN1bl7WclG6za34EVIWJ/+LXQTCbM0yLkX2anosqUw2FkSHJCgKhObQnfodotfh+hK76vsEfRY17h+Mbh4OJvobaYnOXWs8A=
GMJRTosetPUK/nYGI00qgbxvcTwbbTMJJZBETd672F4JI7Z6aLjZ5UaSKR5bmbdOQzhjkQdWTUjaGSTC6/nKCLAtMrMk
cZvcM+01Ji7RnHpCX4zyDtGm2ZWQpV2KzkhFrrV5nNeMyQt2W+Ey5EaE33YKuEKWwdAIlGT5OxnqxO/bHLsnN7Mj
TBXCqPBx8U3PpTFf2IGxEZcDo+BUVOsLXn8pbng757XlFSWhFGWIZ8XwAXyj8vcCPwwxKtMYk8+DlLk9habdoObpS9JyFy9uv4yYRlMwyr74rfuN3fcoO1EvUvByuGXzmA98gFgBsKrMvNrSCcpbSTxA0zsemhaGK9AS8v54IWJPgswDN0ea5jtdJNG7+bPx
s93NPiBFulBkeVzcwmiEZpo1L/jD5Yo8PyioWR5qEWlGf8Kl3npP6HM1PuWOhOw0OiPsGIpuPcYf98/CghcnQdHrPloGzMCbp8UuQZVMszJ/AvFSijDRIxfNN1bl7WclG6za34EVIWJ/+LXQTCbM0yLkX2anosqUw2FkSHJCgKhObQnfodotfh+hK76vsEfRY13h+Mbh4OJvobaYnOXWs8A=
lnhKXNX3r7eqlyqwlvvN7LxvcTwbbTMJJZBETd672F4JI7Z6aLjZ5UaSKR5bmbdOQzhjkQdVTUjaGSTC6/nKCLAtMrMk
ntM0DMZ8Qla/w2hJEvgiGdGm2ZWQpV2KzkhFrrV5nNeMyQt2W+Ey5EaE33YKuEKWwdALlGT5OxnqxO/bHLsnN7Mj
gwR26qzODe+cBI/4suRwX5cDo+BUVOsLXn8pbng757XlFSWhFGWIZ8XwAXyj8vcCPwwxKtMYk8+DlLk9habdoObpS9JyFy9uv4yYRlMwyr74rfuN3fcoO1EvUvByuGXzmA98gFgBsKrMvNrSCcpbSTxA0zsemhaGK9AS8v54IWJOgswDN0ea5jtdJNG7+bPx
bfZ238ORX/tQNvkywRcjqpo1L/jD5Yo8PyioWR5qEWlGf8Kl3npP6HM1PuWOhOw0OiPsGIpuPcYf98/CghcnQdHrPloGzMCbp8UuQZVMszJ/AvFSijDRIxfNN1bl7WclG6za34EVIWJ/+LXQTCbM0yLkX2anosqUw2FkSHJCgKhObQnfodotfh+hK76vsEfRY1zh+Mbh4OJvobaYnOXWs8A=
VzdGECO5tMAOwhlUlXnezrxvcTwbbTMJJZBETd672F4JI7Z6aLjZ5UaSKR5bmbdOQzhjkQdUTUjaGSTC6/nKCLAtMrMk
KDdFRlj2rs3BOJrtS8AnJdGm2ZWQpV2KzkhFrrV5nNeMyQt2W+Ey5EaE33YKuEKWwdAKlGT5OxnqxO/bHLsnN7Mj
PMBQ9SuxUOlpLH4gi31a/ZcDo+BUVOsLXn8pbng757XlFSWhFGWIZ8XwAXyj8vcCPwwxKtMYk8+DlLk9habdoObpS9JyFy9uv4yYRlMwyr74rfuN3fcoO1EvUvByuGXzmA98gFgBsKrMvNrSCcpbSTxA0zsemhaGK9AS8v54IWJJgswDN0ea5jtdJNG7+bPx
USXRCB1xc2GvZaLhQ6Sin5o1L/jD5Yo8PyioWR5qEWlGf8Kl3npP6HM1PuWOhOw0OiPsGIpuPcYf98/CghcnQdHrPloGzMCbp8UuQZVMszJ/AvFSijDRIxfNN1bl7WclG6za34EVIWJ/+LXQTCbM0yLkX2anosqUw2FkSHJCgKhObQnfodotfh+hK76vsEfRY1vh+Mbh4OJvobaYnOXWs8A=
s0TBkVKNF8xTzOe2i0tCTLxvcTwbbTMJJZBETd672F4JI7Z6aLjZ5UaSKR5bmbdOQzhjkQdTTUjaGSTC6/nKCLAtMrMk
n3Em9Caa31yHqkjeRe8/StGm2ZWQpV2KzkhFrrV5nNeMyQt2W+Ey5EaE33YKuEKWwdANlGT5OxnqxO/bHLsnN7Mj
6K6ER4CtyJ8BTjdmKg0ouFf0cAGMoDFfPUtlA+AE+gAZNOwxaTFaf9fb/76k9kCm8ALHX2WuJevQF/RUDTgaLMunk8c/QNITHhEJFS/CiWNu1HOI9pN6uOqW/cUgDAdGbbSA4/AavhmggNjMIXae7ICbltxQJUqM6f3/g4COSTK37oUlqTbdA7lxGO8TMISlOjI1xZRwrpHss/o=
1p5VdpN06f00j5lw6XxbkyJgaxzLKi/LKnuh4dDVtUAeFEgn9vCwGnwV+0i1ShjzlQHjDyRSfPgiS+WxlKkPyMGSjcarOrDE0zN1+c2ev4nVpanIgBd7IUNyfQyPuBbiPnNQYMWOHdaIRCFVHkBoprLo/ImTV9tuz65d1RFWtbMx8ZCfu5B8FWJyDRVMUMaB5LPy
OGtPuqv9RwLPke3txrCAxDOfOUk0eGM8tzoDMwRf2rr8JWkIWlSM7ypA3ELY9R/w2dqkexGBZ4eYwpBARitBaXgZU4CFUkkO90qcHDcTUYHhjkOB0aWtwHwHV1lnUpnUo8hKKvqzFCiZPvEOLCRF7fLQ1C42aHgBL8e31itO+Y195ml79bHU12dgUE0GUintYEC6ieCz9g==
kAHw6PBmRcf5IU9Jew0qLqmjla2fmYCS0ug6FqKY2bZz38xiFHyt7LOLfS6/4KxP8W/AdTYn/Dsbblnv7ac1QxaQWD9yZTWmQ+qJPlaWjmB2xES0PGVAgDxqJFFTaExa/CZDwJSfM5uHBU7BNQxTMl/CkdIqcDEjNw1X1kWthyX77Hpf4dUBYp+4FVAs5uzTwqT/5sdi6pQjIcTIEoKgqG4t6V8BGk1+P+HLPg93I9FCGwF4ZiGA4k/hVhg8JbazoA==
SJS6cJDazQIShRizOWqwVFa9xaft6pkwvp69v9dTAHO53P7JxP19vbRx3LNNhhpmtsHd8iHG5T9mbe4dQ+izl6UG1jaimLyAHlHi/Esoyz5ChseSZWwCO0MKl5ya0K7sFL8cqeMl+k4KnFAH3JzHjfzxyBUIGSPII4q4MGYQl1KafG0GgcWlUHRdcw1KEOd/TL+P47P3
d/SOzwWfLWqPEcSR3YycDgj5HiXmCiJwBXxo7MJJvFvqReQ1tEdJq4TKux/4CQx6RVphooWf8m+sthp9P+TcNEoDPFg6jq5F6VyfArJ3N0HBCw4a1mywGzelnoHFbEMyT+KhEnqQQaOnreeWlc13JQuMqh9RdZHi71hFkBzG/NPSxA+mF8JaFLPBtAhCopCoXg05H/F63f6PQZv+f5cz0VI7MTi2QXBi30Hm2GzFxrPQ
jQbYPwtKsiqOMTJaGngoddEvIuTF6IsgLWunTQ4jBnVYbpHi1X9C7zwWar3vhOw0OiPsGIpuPsUZ/M/CghcnQdHrPloGzMCbp8UuQZVMszJ/AvFSijDRIxfNN1bl7WclG6za34EVIWJ/+LXQTCbM0yLkX2anosqUw2FkSHJCgKhObQnfodotfh+hK76vt0PRYlvh+Mbh4OJvobaYnOXWs8A=
83T4ogHD3xBJC9Gyy0P5VFMf7ZyuyQFT1b8hWTx4awyvGusDfB8CalRF0fjS1ARf0uC0EgA1J4DxOrxrGYFvl4CiuLB+axm5kLkrMA3SwX5PqjRMb9OpsYmuW5HZpaXQZCc/aZ+SwYQLKPJacjOcmOGeGd50ZH0d2rDMPj5ocBE3J5+mE44h3RVGkct9MVwn3wD4nd4SUd2IYKKZ6LP+
43m19qVMvQ7mYFtSfh6PFDt/0vBLLHrCsPcj6UuuRPWktwR74K4XfwPfQB4eQYfb/jBoCCZox3o6lJ3eAZ3VONR1o/WKKLcXLJc/O7Mv
/oY5zRrGXFSOcxmYi9CmPH9+ycktmnpqTnBqfUz3yalDERI1mcvLkHDFQ/lLvqTF5GekC2Aed6/Dr2AOHlGnqz7gCLimGGeqeqR9zgGNtQgUJQMFCphXR2xnHyuzPw==
MEFwc37CQmQytMWs4dMGCjt/0vFRKnreqPYj6UuuRPWktwR74K4XfwPfQB4eQYfb/jBoCCZox3o6lJ3eAZ3VONR1o/WKKLcXLJc/O7Mv
vGyRI2G1NmWJig1nCieesjt/0vNLLHrCsPcj6UuuRPWktwR74K4XfwPfQB4eQYfb/jBoCCZox3o6lJ3eAZ3VONR1o/WKKLcXLJc/O7Mv
wRmaTOZVWqK3eYjtuQkQm3PP2ocsIKTpjRw/DF3JhPshynwoNIb+aBmBjpdk2mO+/tkiooO6ff4vgbt+X1eT0bL70bhWgZBiP4EGWIwFJrMw
saYx+iuXodgGuUl/jsN/23PM2ocsIKTpjRw/DF3JhPshynwoNIb+aBmBjpdk2mO+/tkiooO6ff4vgbt+X1eT0bL70bhWgZBiP4EGWIwFJrMw
QYN4HVWUfX74r7b529M+F3PN2ocsIKTpjRw/DF3JhPshynwoNIb+aBmBjpdk2mO+/tkiooO6ff4vgbt+X1eT0bL70bhWgZBiP4EGWIwFJrMw
tCm11qGzoh848kFR37ElxXPP2ocsIKbzixwjFFzJhPshynwoNIb+aBmBjpdk2mO+/tkiooO6ff4vgbt+X1eT0bL70bhWgZBiP4EGWIwFJrMw
fa1NLYRpBnTzhTv/zIdOPXPM2ocsIKbzixwjFFzJhPshynwoNIb+aBmBjpdk2mO+/tkiooO6ff4vgbt+X1eT0bL70bhWgZBiP4EGWIwFJrMw
rX4c1AkKX9Ml8uDVhZ4GrXPN2ocsIKbzixwjFFzJhPshynwoNIb+aBmBjpdk2mO+/tkiooO6ff4vgbt+X1eT0bL70bhWgZBiP4EGWIwFJrMw
Fe40Q8LkrQUnEhRoSHrArHPK2ocsIKbzixwjFFzJhPshynwoNIb+aBmBjpdk2mO+/tkiooO6ff4vgbt+X1eT0bL70bhWgZBiP4EGWIwFJrMw
iNzv/qKiP6nTbt0RJE8XDCD+tvhEMCWe5UDAdRobf3aiUOo6oJhHPVDvumY9fqDl/NpdhiMOcb1lBoFrzTGsx8/ASL2OkiG9GCCSOTizLg==
ZDxng1rYSu9x73uYl6fKLzt/0ux2AEnlmvYj6UuuRPWktwR74K4XfwPfQB4eQYfb/jBoCCZox3o6lJ3eAZ3VONR1o/WKKLcXLJc/O7Mv
uSRQ3v9N1rVF6oLpwYd8c0s64PY/eSJfz4/rDOAbzG24LRDcw8FbFQzY3gNDlTYKNP52uvMkwv6x+GF/sRb8b1/juhqj6TSdMz2zLQ==
EHOCVGJASL8J9icfPPSxdDt/0ux1DEf5nuEj6UuuRPWktwR74K4XfwPfQB4eQYfb/jBoCCZox3o6lJ3eAZ3VONR1o/WKKLcXLJc/O7Mv
THbHY478tpIIPNvOZYIrVzkM8cxRFTHuMBG4u92SyPhAblLI9ekaJ/Ai/z5iobYSF1IRXoPpTy7rj+8RjqMl6GKp/IITqRIomD06syw=
ScTFViBXZxzUeVT9qvysz0s64IQ7aiZfz4/rDOAbzG24LRDcw8FbFQzY3gNDlTYKNP52uvMkwv6x+GF/sRb8b1/juhqj6TSdMz2zLQ==
v/IToOJ9xIqSlUq+G6uH9jkM8cxGCTTqPhG4u92SyPhAblLI9ekaJ/Ai/z5iobYSF1IRXoPpTy7rj+8RjqMl6GKp/IITqRIomD06syw=
+Rhzc2b9I3amF5IOs8A3xzQC66hBDiP5PBG4u92SyPhAblLI9ekaJ/Ai/z5iobYSF1IRXoPpTy7rj+8RjqMl6GKp/IITqRIomD06syw=
3zSLMRGBi9v51B9oKsy6Wjt/0p52BUH5nugj6UuuRPWktwR74K4XfwPfQB4eQYfb/jBoCCZox3o6lJ3eAZ3VONR1o/WKKLcXLJc/O7Mv
FLq1ZfMIgVQcCxYiUJz4XDkM8cxHDif5MxG4u92SyPhAblLI9ekaJ/Ai/z5iobYSF1IRXoPpTy7rj+8RjqMl6GKp/IITqRIomD06syw=
0+GeHzujv+/JVZwpcjLtbUs64PY7eihdz4/rDOAbzG24LRDcw8FbFQzY3gNDlTYKNP52uvMkwv6x+GF/sRb8b1/juhqj6TSdMz2zLQ==
V45LlADqwH/xCnL7VKNu7yD+tvhFOD6bnE3RdRobf3aiUOo6oJhHPVDvumY9fqDl/NpdhiMOcb1lBoFrzTGsx8/ASL2OkiG9GCCSOTizLg==
aKnGROiyWbMdYTrZcINkHRWAp+hiGhbo7l92k4dLK1AYT3zB0MmwYFu1y5mEXF6f+wHGZpxaFkarkBKyebwho8nCzEO3h5omux0kkTs5szE=
b8JbSP/CqJSPhwIdpFyu6hazu+YuIMHQrzwFLkvJhPshynwoNIb+aBmBjpdk2mO+/tkiooO6ff4vgbt+X1eT0bL70bhWgZBiP4EGWIwFJrMw
vIA8Kz6AWLTqnuOwJ8sNTEs64PY0aDVJz4/rDOAbzG24LRDcw8FbFQzY3gNDlTYKNP52uvMkwv6x+GF/sRb8b1/juhqj6TSdMz2zLQ==
DQ/crg+maVvUWKyV1Adq82Ic3YFVfZ29Xts7Pm4gNoIEeCOl7H827rn+JG1wSuEex27VBTn2zaMJcWiPA/AUReqyBaXkMJ4xPLMq
9IvJEW0g1eW9V/8QfRTvk7a2kTYHldPdfh8B4L6YcMR/F2uUUIOstQh10ITzGTsNPMDeG3ONVtIEprbiQ/yiZgFg4ecBjpy377t6QpMxVIUDJbM1
nfUp+QqUiwsqrbD9EpDoVjt/0p52G0f6nvcj6UuuRPWktwR74K4XfwPfQB4eQYfb/jBoCCZox3o6lJ3eAZ3VONR1o/WKKLcXLJc/O7Mv
QackOX4bY77WmQ+1TkbT/zt/0ux4Gkf4k+Aj6UuuRPWktwR74K4XfwPfQB4eQYfb/jBoCCZox3o6lJ3eAZ3VONR1o/WKKLcXLJc/O7Mv
UKsz0LfM+4nHao5dhyHN8DkM8cxDCTDqNxG4u92SyPhAblLI9ekaJ/Ai/z5iobYSF1IRXoPpTy7rj+8RjqMl6GKp/IITqRIomD06syw=
G9lCMUPws6EByne/GDvKHnD8xolhEgHz41N4iYdLK1AYT3zB0MmwYFu1y5mEXF6f+wHGZpxaFkarkBKyebwho8nCzEO3h5omux0kkTs5szE=
VznycqnMFaGw0jK73olsl4q0kSUqBr2vo0JxrP+b4C3mW8Ou1oBeUkw469XEXy4eof48HWhqye6Prh1V0VZ1M3Hx0B/7kLyVonJNlQxQhgEkszI=
0HobzWE45w1Nc38HyjVI/hCokHtKZ/ySjUdzKeM4G7WL8vwp1Gu8JwAyr+NzQ/iCnt0/R46s0JTGNH+mSkglgsHB7eSkqZupajSPC1yLByezMw==
YJId0qH8viXi1LgK7DzWxxWAp+hiGmTi7FhliodLK1AYT3zB0MmwYFu1y5mEXF6f+wHGZpxaFkarkBKyebwho8nCzEO3h5omux0kkTs5szE=
r0B+N9UQe9bw7G9G0rx+8kWC15lHOF2Vm0zCdRobf3aiUOo6oJhHPVDvumY9fqDl/NpdhiMOcb1lBoFrzTGsx8/ASL2OkiG9GCCSOTizLg==
ipyYmW77ry8KRyC/AeSJdhCokHtKZ46SkFt5P+E4G7WL8vwp1Gu8JwAyr+NzQ/iCnt0/R46s0JTGNH+mSkglgsHB7eSkqZupajSPC1yLByezMw==
wHW1xHAmvQI8yeKtwAuSnra1kTYHldPdfh8B4L6YcMR/F2uUUIOstQh10ITzGTsNPMDeG3ONVtIEprbiQ/yiZgFg4ecBjpy377t6QpMxVIUDJbM1
HI9+4Y+KwFGGd3z53w2/QX5+ycktmnpqTnBqfUz3yalDERI1mcvLkHDFQ/lLvqTF5GekC2Aed6/Dr2AOHlGnqz7gCLimGGeqeqR9zgGNtQgUJQMFCphXR2xnHyuzPw==
isjmSpd0Gml5oRZs1uTBGq/oynpX3t6wUktJ7L6fcsd/F2uUUIOstQh10ITzGTsNPMDeG3ONVtIEprbiQ/yiZgFg4ecBjpy377t6QpMxVIUDJbM1
yfmg/uanhxdu91vk856V7x4h+9hkUpC9Xts7Pm4gNoIEeCOl7H827rn+JG1wSuEex27VBTn2zaMJcWiPA/AUReqyBaXkMJ4xPLMq
SI9cA0SmY93Z2sNswAvVfx8h+9hkUpC9Xts7Pm4gNoIEeCOl7H827rn+JG1wSuEex27VBTn2zaMJcWiPA/AUReqyBaXkMJ4xPLMq
XJdx+63pYbU+d64Q9wYv3CV3zZN8Gi71mvIj6UuuRPWktwR74K4XfwPfQB4eQYfb/jBoCCZox3o6lJ3eAZ3VONR1o/WKKLcXLJc/O7Mv
pWVh2XDL0pw+6a/whNd7Lra2kTYFldPdfh0b5r6EaMV/F2uUUIOstQh10ITzGTsNPMDeG3ONVtIEprbiQ/yiZgFg4ecBjpy377t6QpMxVIUDJbM1
eX2oxkB6pvFWDLkVy/pu6kT9anzw0fVBLB+KzPJZW1D51CvlopsH5gowMoroWA9tqM+SliV+uJXU+iVW6065DT3mKfs1sRRXp2CQzUZSaW0gQHoJILM2
P6Ktt5jWs30iYvZ1Tz6jDRWAp5VdPC3O1G9SkIdLK1AYT3zB0MmwYFu1y5mEXF6f+wHGZpxaFkarkBKyebwho8nCzEO3h5omux0kkTs5szE=
sd8PgcQXlzsPM9IHnjCeQu/I8FNJa6ewrzwZsvmB7S3mW8Ou1oBeUkw469XEXy4eof48HWhqye6Prh1V0VZ1M3Hx0B/7kLyVonJNlQxQhgEkszI=
Xlc0o09WtbPFbwudrC3Rwba2kTYFldPdfnAmz4W/Rtp/F2uUUIOstQh10ITzGTsNPMDeG3ONVtIEprbiQ/yiZgFg4ecBjpy377t6QpMxVIUDJbM1
+6zYfKwmCiO/Yx9+ODrZbhCokB42Bu+QkDh3OOArG7WL8vwp1Gu8JwAyr+NzQ/iCnt0/R46s0JTGNH+mSkglgsHB7eSkqZupajSPC1yLByezMw==
2c1Nn+EAsdn+/A4BtcW325HgaFBv3rKWFFw/6ITfXgWDgUA7ZQKwWOg+moi9GXIH6FLnPnpRrjL/ItmeyznnjhMeV5H2M52Iivm0QluZOkiADSKzNA==
6Qn2U426P2R4j7TOpvWPuCV3zZN8Gi7kkeEj6UuuRPWktwR74K4XfwPfQB4eQYfb/jBoCCZox3o6lJzeAZ3VONR1o/WKKLcXLJc/O7Mv
XivKhuVJJHX/3gMFX0VRzn1+ycktmnpqTnBqfUz3yalDERI1mcvLkHDFQ/lLvqTF5GekC2Aed6/Dr2AOHlGnqz7gCLimGGeqeqR8zgGNtQgUJQMFCphXR2xnHyuzPw==
3S/3tZTqk1R/wOrojG8MzD72qYdPIlCEi0vUdRobf3aiUOo6oJhHPVDvumY9fqDl/NpdhiMOcb1lBoFqzTGsx8/ASL2OkiG9GCCSOTizLg==
v8MfpRdyoRAl+kPmqyvibTxofKU3WyNpax25Ag0vCi/0phIdBxR0tKKzRHgynvaFUSwX4uon30Gp29Z6XpwIW++1lqE93Cuy55KZ8nKAmWPfHW82zR1fJSNc8r/ZxekiN0hNcCS2VFO6dPeGH9KCVAsxPGiacviotl1h/3kKZT7XUZPeBybbUfrLCVi+USgiJ/FueLSV7rP4
xWpP8hdxX6PTR3ZRxPzWLg3xb0adtDZMLH9vDqMK9xsYP+ZSKHUdMJaUwJeekAjqpFWDGG2qMOOdAesfDDIkKNqLvcEsSed4SRIFNgOayHQL802plb5Xmd2lodhoNyNxe7KlvPcYvhK289jQLW6lptCE2YVGIEC2uuj0mbu3Az637oUlqTbdArlxGO8TMISlOjI1xZRwrpHss/o=
Hb9hNi/iRVAIJJ9DeoFPqNZmBDBSidI3eKLAof7ssyieZo33l5vwy9lEbkFEde0lVMms+41OKh6W2c36Ic71J0YV3tWDoMMvRZ5GviIQLBh+6RI0C2D7xmKe15plZBIjY/Kn1NoYXlR0J4whY61q1uokIE8cVPf13OnYHQgRM9AD8oj4pljn6nrk/I4BTTXIFOWDxQpY14dsp5/rs/8=
avWAvMgphvrfo/q7CbA+lHPNeZbdFyWInKvo4qcmlnyR4YdpxLXhrkInZFcJCzzzUM39HP7AzpMBPGGMsemOT4IDUxK3kb00KhjC8oh21hOuQrvyb1j6FFsc5eaWretoO0JKauqqzE0gx8MPDngCnlz57IajqwQjlFvI0/eeSyhUrvZqE9QCzhCoYS8RJjyfvzM6SsOZdK2T7bP9
A+RWtEUqMdSK2SlO30jFifctPS4bZ3pDJ5oQXceIiwsxG55rfbPE5kiTKR5bmbdOQz5nkQZTTUjaGSTC6/nKCLAtMrMk
XW07uAbTCMsGX0J8ZxykuzafnKIMG/H1zg0kDmmAjeFuiWZuK4LkPROwx9tN8wrr6ds4toSrff4vgbt+X1aT0bL70bhWgZBiP4EGWIwFJrMw
BSMfDnkx2dLviuFQ5uuMz1cy5/lbXLkU2rTt7fTq/ws5Ai6y/aa9eSttVBrgXTkuN8bxrnRDZdqKrMdAjSULuJnLEhEtypb2S8BSQlisIZOpEgwzFxcalltNZGEbKbMB
ADNBGfMZhCOH6lhdYKK5tF9cu0BwAn+f0HznjX5p6vk+hXIG6kGsg9FvEEpc16TvlrKriBkKZzE26CQPWYDLTGnIwIG1hOaWz1apV0t2RWFql7koJogHGrp0XL4BfZVYVJXjlYoI97esN38bsw8=
ADNBGfMZhCOH6lhdYKK5tF9cu0BwAn+f0HznjX5p6vk+hXIG6kGsg9FvEEpc16TvlrKriBkKZzE26CQPWYDLTGnIwIG1hOaWz1apV0t2RWFql7koJogHGrp0XL4BfZVYVJXjlYoI97esN38bsw8=
A+RWtEUqMdSK2SlO30jFifctPS4bZ3pDJ5oQXceIiwsxG55rfbPE5kiTKR5bmbdOQz5nkQZTTUjaGSTC6/nKCLAtMrMk
XW07uAbTCMsGX0J8ZxykuzafnKIMG/H1zg0kDmmAjeFuiWZuK4LkPROwx9tN8wrr6ds4toSrff4vgbt+X1aT0bL70bhWgZBiP4EGWIwFJrMw
BSMfDnkx2dLviuFQ5uuMz1cy5/lbXLkU2rTt7fTq/ws5Ai6y/aa9eSttVBrgXTkuN8bxrnRDZdqKrMdAjSULuJnLEhEtypb2S8BSQlisIZOpEgwzFxcalltNZGEbKbMB
rSUSWxtxTSJ5p9T4arZzwdamLx0qg5aofR4egem5bCLvxkYpK03pFfc6gN23KDtLwXuOa21TtCb4M9meyznnjhMeV5H2M52Iivm0QluZOkiADSKzNA==
2GSWRUQPEitTkouQ+K4gbwNb46QZaifRtohk71ngC6zpqABhtaQmNk/2aXdLVoXB6jd5CCZox3o6lJzeAZ3VONR1o/WKKLcXLJc/O7Mv
BSMfDnkx2dLviuFQ5uuMz1cy5/lbXLkU2rTt7fTq/ws5Ai6y/aa9eSttVBrgXTkuN8bxrnRDZdqKrMdAjSULuJnLEhEtypb2S8BSQlisIZOpEgwzFxcalltNZGEbKbMB
ADNBGfMZhCOH6lhdYKK5tF9cu0BwAn+f0HznjX5p6vk+hXIG6kGsg9FvEEpc16TvlrKriBkKZzE26CQPWYDLTGnIwIG1hOaWz1apV0t2RWFql7koJogHGrp0XL4BfZVYVJXjlYoI97esN38bsw8=
ADNBGfMZhCOH6lhdYKK5tF9cu0BwAn+f0HznjX5p6vk+hXIG6kGsg9FvEEpc16TvlrKriBkKZzE26CQPWYDLTGnIwIG1hOaWz1apV0t2RWFql7koJogHGrp0XL4BfZVYVJXjlYoI97esN38bsw8=
2GSWRUQPEitTkouQ+K4gbwNb46QZaifRtohk71ngC6zpqABhtaQmNk/2aXdLVoXB6jd5CCZox3o6lJzeAZ3VONR1o/WKKLcXLJc/O7Mv
BSMfDnkx2dLviuFQ5uuMz1cy5/lbXLkU2rTt7fTq/ws5Ai6y/aa9eSttVBrgXTkuN8bxrnRDZdqKrMdAjSULuJnLEhEtypb2S8BSQlisIZOpEgwzFxcalltNZGEbKbMB
8I7fLaY0W8DiUsTgat8iDB6/Jyemnb1SdDrn6qwRGw32ylWipIlJqVN9LY7yDQVc4YO7v0wrr5fO7iJH6065DT3mKfo1sRRXp2CQzUZSaW0gQHoJILM2
2GSWRUQPEitTkouQ+K4gbwNb46QZaifRtohk71ngC6zpqABhtaQmNk/2aXdLVoXB6jd5CCZox3o6lJzeAZ3VONR1o/WKKLcXLJc/O7Mv
BSMfDnkx2dLviuFQ5uuMz1cy5/lbXLkU2rTt7fTq/ws5Ai6y/aa9eSttVBrgXTkuN8bxrnRDZdqKrMdAjSULuJnLEhEtypb2S8BSQlisIZOpEgwzFxcalltNZGEbKbMB
ADNBGfMZhCOH6lhdYKK5tF9cu0BwAn+f0HznjX5p6vk+hXIG6kGsg9FvEEpc16TvlrKriBkKZzE26CQPWYDLTGnIwIG1hOaWz1apV0t2RWFql7koJogHGrp0XL4BfZVYVJXjlYoI97esN38bsw8=
A+RWtEUqMdSK2SlO30jFifctPS4bZ3pDJ5oQXceIiwsxG55rfbPE5kiTKR5bmbdOQz5nkQZTTUjaGSTC6/nKCLAtMrMk
XW07uAbTCMsGX0J8ZxykuzafnKIMG/H1zg0kDmmAjeFuiWZuK4LkPROwx9tN8wrr6ds4toSrff4vgbt+X1aT0bL70bhWgZBiP4EGWIwFJrMw
2OJknLLDteiKn/NnvWGYDiZ520KauNn8/erqN0E23p6Vgl0lc7mEVqiZ+VKPMkHC3KfFRhI4V8wFoYsEYX9ivcVu9iqTlAKOkOhhb5FmPN8/czqKQ1l0bRMtsz0=
7gNdV5ffaFNjkkYXKSALCU4lKhXshMDFx7AyUVmcyaeQajis/TII5sydqtaJnJbmqFJ/ZUNRcz0O6h3yPAnR+ZudFf7aza3MeSNzjzQrV6eGTrrXQw6R/QWGYSqtMYyHb0Do/a6SAf24oDJ5GLMO
2GSWRUQPEitTkouQ+K4gbwNb46QZaifRtohk71ngC6zpqABhtaQmNk/2aXdLVoXB6jd5CCZox3o6lJzeAZ3VONR1o/WKKLcXLJc/O7Mv
2OJknLLDteiKn/NnvWGYDiZ520KauNn8/erqN0E23p6Vgl0lc7mEVqiZ+VKPMkHC3KfFRhI4V8wFoYsEYX9ivcVu9iqTlAKOkOhhb5FmPN8/czqKQ1l0bRMtsz0=
rSUSWxtxTSJ5p9T4arZzwdamLx0qg5aofR4egem5bCLvxkYpK03pFfc6gN23KDtLwXuOa21TtCb4M9meyznnjhMeV5H2M52Iivm0QluZOkiADSKzNA==
2GSWRUQPEitTkouQ+K4gbwNb46QZaifRtohk71ngC6zpqABhtaQmNk/2aXdLVoXB6jd5CCZox3o6lJzeAZ3VONR1o/WKKLcXLJc/O7Mv
2OJknLLDteiKn/NnvWGYDiZ520KauNn8/erqN0E23p6Vgl0lc7mEVqiZ+VKPMkHC3KfFRhI4V8wFoYsEYX9ivcVu9iqTlAKOkOhhb5FmPN8/czqKQ1l0bRMtsz0=
zZD5vq0JTRYSuSuxcm0AMUsrJmoGK255WOOIpEQZP/a5/q9VJuzMOxk0I8j5rAh1lfDuch8SwePLwi0lunOxXAZ8z34q8LQKQUl9XETxK2EqfH9TfHMXL7M7
yEvklYv8vnUwTmgJ3nuUBvctPS4bZ3pDJ5oQXceIiwsxG55ofbPE5kiTKR5bmbdOQz5nkQZTTUjaGSTC6/nKCLAtMrMk
8sKESrgRT+tyB9S1etHKVjafnKIMG/H1zg0kDmmAjeFuiWZuK4LkPROwx9tN8wro6ds4toSrff4vgbt+X1aT0bL70bhWgZBiP4EGWIwFJrMw
CXhGRW2FN1SEzmcDfJPOOCZ520KauNn8/erqN0E23p6Vgl0lc7mEVqiZ+VKPMkHC3KfFRhI4V8wFoYgEYX9ivcVu9iqTlAKOkOhhb5FmPN8/czqKQ1l0bRMtsz0=
dxxAK/tn6fPIlY9D6hmzek4lKhXshMDFx7AyUVmcyqeQajis/TII5sydqtaJnJbmqFJ/ZUNRcz0O6h3yPAnR+ZudFf7aza3MeSNzjzQoV6eGTrrXQw6R/QWGYSqtMYyHb0Do/a6SAf24oDJ5GLMO
o7/SVAwcfos50ns4IE1rGNamLx0qg5aofR4egem5bCLvxkYpK03pFfc6gN23KDtLwXuOaG1TtCb4M9meyznnjhMeV5H2M52Iivm0QluZOkiADSKzNA==
XaTLN/A2XLYT+CylQY7e2EsrJmoGK255WOOIpEQZP/a5/q9VJuzMOxk0I8j5rAh1lfDuch8SwePIwi0lunOxXAZ8z34q8LQKQUl9XETxK2EqfH9TfHMXL7M7
yEvklYv8vnUwTmgJ3nuUBvctPS4bZ3pDJ5oQXceIiwsxG55ofbPE5kiTKR5bmbdOQz5nkQZTTUjaGSTC6/nKCLAtMrMk
8sKESrgRT+tyB9S1etHKVjafnKIMG/H1zg0kDmmAjeFuiWZuK4LkPROwx9tN8wro6ds4toSrff4vgbt+X1aT0bL70bhWgZBiP4EGWIwFJrMw
2d56q6gK5M++DQmuEAKm4Vcy5/lbXLkU2rTt7fTq/ws5Ai6y/aa9eSttVBrgXTkuN8bxrnRDZdqKrMdAjSUIuJnLEhEtypb2S8BSQlisIZOpEgwzFxcalltNZGEbKbMB
++5ZPFe5RsOFseeA5Tuy219cu0BwAn+f0HznjX5p6vk9hXIG6kGsg9FvEEpc16TvlrKriBkKZzE26CQPWYDLTGnIwIG1hOaWz1apV0h2RWFql7koJogHGrp0XL4BfZVYVJXjlYoI97esN38bsw8=
o7/SVAwcfos50ns4IE1rGNamLx0qg5aofR4egem5bCLvxkYpK03pFfc6gN23KDtLwXuOaG1TtCb4M9meyznnjhMeV5H2M52Iivm0QluZOkiADSKzNA==
pll5/7OyurDNH5Sxt8MwBANb46QZaifRtohk71ngC6zpqABhtaQmNk/2aXdIVoXB6jd5CCZox3o6lJzeAZ3VONR1o/WKKLcXLJc/O7Mv
OmD85l2gtqIg1KsMlqNirCd520KauNn8/erqN0E23p6Vgl0lc7mEVqiZ+VKPMkHC3KfFRhI4V8wFoYgEYX9ivcVu9iqTlAKOkOhhb5FmPN8/czqKQ1l0bRMtsz0=
XaTLN/A2XLYT+CylQY7e2EsrJmoGK255WOOIpEQZP/a5/q9VJuzMOxk0I8j5rAh1lfDuch8SwePIwi0lunOxXAZ8z34q8LQKQUl9XETxK2EqfH9TfHMXL7M7
RptgFImgifFw6a1dLXSVfE4lKhXshMDFx7AyUVmcyaeSajis/TII5sydqtaJnJbmqFJ/ZUNRcz0O6h3yPAnR+ZudFf7aza3MeSNzjzQoV6eGTrrXQw6R/QWGYSqtMYyHb0Do/a6SAf24oDJ5GLMO
o7/SVAwcfos50ns4IE1rGNamLx0qg5aofR4egem5bCLvxkYpK03pFfc6gN23KDtLwXuOaG1TtCb4M9meyznnjhMeV5H2M52Iivm0QluZOkiADSKzNA==
GscHBIkKLJQy74fK8AaskE4lKhXshMDFx7AyUVmcyaeRajis/TII5sydqtaJnJbmqFJ/ZUNRcz0O6h3yPAnR+ZudFf7aza3MeSNzjzQoV6eGTrrXQw6R/QWGYSqtMYyHb0Do/a6SAf24oDJ5GLMO
OSFkgeRXv6oZmSECkCAd3DcZ9RpZyf/W+riNoQ698OdhBrWIvT0IkMkzspndktYeW/iyCug0oTt5aiw7Z8/a/sv1BKkrMbMp
Okj2kM/FvyLCvIm11el39/Pm13ZZz/rkF0ob9q2YYfkwGz+XAty9rQZJ0Nu5QmUkFamIDHGXQtUVprbiQ/yiZgBg4ecBjpy377t6QpMxVIUDJbM1
+gxdzxc/X4oyJBAIxD4IwmC0dttL79cd94kJZa+atQRuFlvb09HDXV8qptsqDIcErYFCVAwYaNfb8aOvRCinh9YOCjfTjuFd1UZRSr0xnKcfADgdHhKRXUhgYhkosz4=
V7oe+9gU6h6jnIma0c4ZTS6Xiq5BSr3nh0UxEmiHhOwpmCM5LIjCaEbL1clN8wro6ds4toSrff4vgbt+X1aT0bL70bhWgZBiP4EGWIwFJrMw
+gxdzxc/X4oyJBAIxD4IwmC0dttL79cd94kJZa+atQRuFlvb09HDXV8qptsqDIcErYFCVAwYaNfb8aOvRCinh9YOCjfTjuFd1UZRSr0xnKcfADgdHhKRXUhgYhkosz4=
OWRIFUllXHuXyoFPGIUd9AhocyxUb2otSfiIoElWcLz/tKtUJqfFPRxyPs6lqwJTwKWVYA0SwePIwi0lunOxXAZ8z34q8LQKQUl9XETxK2EqfH9TfHMXL7M7
WVlYHYHRRDVHHzEbPjD8cZxQ2ScSwGoQsbNoEjWJ+piFAgEHG821gsx/yKzloEcpKIDeSDoDEbnpa4ZoZUOcRsDjgd4zib9uu27fEX6DdSjSCQwCg0lCaGgdKrM8
QuJv6vfMiAsJS10VTyBXgeZjfHAtwAPckN7Hw6AuWEq9pM2zScZc3gJChtXjNilBXdjY5+6uwNS/nFtsRv8V1ZwabhZFk3J7AE0lGK3KEcvI6v39GgsBtMZUv0bKKORiwaGtBCTJ20lqFM+r3CtHB7MT
1VZwAXP2/vO0dtLuvw7JUuzf5+Xj9tFgDCbBrPwibwbfwr7NedO80NpozXGuLXB3wdb1WJ0tCIDp4/JJfQJWjvso8trIJKErWbps68dfWm5rJUR5CyGzOQ==
V7oe+9gU6h6jnIma0c4ZTS6Xiq5BSr3nh0UxEmiHhOwpmCM5LIjCaEbL1clN8wro6ds4toSrff4vgbt+X1aT0bL70bhWgZBiP4EGWIwFJrMw
h0gusRdjKwvvCrEQcZFcXGG0dttL79cd94kJZa+atQRuFlvb09HDXV8qptsqDIcErYFCVAwYaNfb8aOvRCinh9YOCjfTjuFd1UZRSr0xnKcfADgdHhKRXUhgYhkosz4=
+QHJ/yL4Hi0fQxthwZVW9+ZjfHAtwAPckN7Hw6AuW0q+pM2zScZc3gJChtXjNilBXdjY5+6uwNS/nFtsRv8V1ZwabhZFk3J7AE0lGK3KEcvI6v39GgsBtMZUv0bKKORiwaGtBCTJ20lqFM+r3CtHB7MT
WVlYHYHRRDVHHzEbPjD8cZxQ2ScSwGoQsbNoEjWJ+piFAgEHG821gsx/yKzloEcpKIDeSDoDEbnpa4ZoZUOcRsDjgd4zib9uu27fEX6DdSjSCQwCg0lCaGgdKrM8
1VZwAXP2/vO0dtLuvw7JUuzf5+Xj9tFgDCbBrPwibwbfwr7NedO80NpozXGuLXB3wdb1WJ0tCIDp4/JJfQJWjvso8trIJKErWbps68dfWm5rJUR5CyGzOQ==
ZW52WTaPbr01dbk+E57GGzcZ9RpZyf/W+riNoQ698OdhBbWIvT0IkMkzspndktYeW/iyCug0oTt5aiw7Z8/a/sv1BKkrMbMp
cfMbIyt3NChc9hAgXYhmC/Pm13ZZz/rkF0ob9q2YYfkwGz+XAty9rQZJ0Nu5QWUkFamIDHGXQtUVprbiQ/yiZgBg4ecBjpy377t6QpMxVIUDJbM1
AQdtzxRi0cQgzWDHKFIYxWC0dttL79cd94kJZa+atQRuFlvb09HDXV8qptsqDIcErYFCVAwYaNfY8aOvRCinh9YOCjfTjuFd1UZRSr0xnKcfADgdHhKRXUhgYhkosz4=
2oNwNxkd2Y8fD8NK4Gvum+ZjfHAtwAPckN7Hw6AuWEq+pM2zScZc3gJChtXjNilBXdjY5+6uwNS/nFtsRv8V1ZwabhZFk3J7AE0lG63KEcvI6v39GgsBtMZUv0bKKORiwaGtBCTJ20lqFM+r3CtHB7MT
dCU3k5DXVOPQK82doOPPMezf5+Xj9tFgDCbBrPwibwbfwr7NedO80NpozXGuLXB3wdX1WJ0tCIDp4/JJfQJWjvso8trIJKErWbps68dfWm5rJUR5CyGzOQ==
AOG+oF2rzt8rjov+aRyBYDcZ9RpZyf/W+riNoQ698OdhB7WIvT0IkMkzspndktYeW/iyCug0oTt5aiw7Z8/a/sv1BKkrMbMp
u+47qctlfuD5LebE+EUea/Pm13ZZz/rkF0ob9q2YYfkwGz+XAty9rQZJ0Nu5Q2UkFamIDHGXQtUVprbiQ/yiZgBg4ecBjpy377t6QpMxVIUDJbM1
ofsK0XvyPNRGcVzO6koEemC0dttL79cd94kJZa+atQRuFlvb09HDXV8qptsqDIcErYFCVAwYaNfa8aOvRCinh9YOCjfTjuFd1UZRSr0xnKcfADgdHhKRXUhgYhkosz4=
KEUJstNLAloSQvk6tzqd6uZjfHAtwAPckN7Hw6AuW0q/pM2zScZc3gJChtXjNilBXdjY5+6uwNS/nFtsRv8V1ZwabhZFk3J7AE0lGa3KEcvI6v39GgsBtMZUv0bKKORiwaGtBCTJ20lqFM+r3CtHB7MT
97I173AFfAz/vx9Kter+y5xQ2ScSwGoQsbNoEjWJ+piFAgEHG821gsx/yKzloEcpKIDeSDoDELnpa4ZoZUOcRsDjgd4zib9uu27fEX6DdSjSCQwCg0lCaGgdKrM8
j4KdPhf0B/EKREX5hlp6I+zf5+Xj9tFgDCbBrPwibwbfwr7NedO80NpozXGuLXB3wdf1WJ0tCIDp4/JJfQJWjvso8trIJKErWbps68dfWm5rJUR5CyGzOQ==
ZW52WTaPbr01dbk+E57GGzcZ9RpZyf/W+riNoQ698OdhBbWIvT0IkMkzspndktYeW/iyCug0oTt5aiw7Z8/a/sv1BKkrMbMp
cfMbIyt3NChc9hAgXYhmC/Pm13ZZz/rkF0ob9q2YYfkwGz+XAty9rQZJ0Nu5QWUkFamIDHGXQtUVprbiQ/yiZgBg4ecBjpy377t6QpMxVIUDJbM1
pQP4g5DHTKJDpavsjY0qERfTBAVhpeB5P5ff6ML9KJ2Tmon8WmZvM/+x77WLevID9kzb3HnRFvzguAR/LEHXF7io2z8ivn6fPy6N9QGWBRJh8cD/y9BsdTLyvTV8kFZhFLMC
pNCEw0AaNJWQU+sVali/8t7BFUZzsjVvGWKe02v4hHJSGwYVuQZnyolIGKdxawAdGx4iIuGKneenhZGSyEek7ElYw7lMSCJoJgs2SS0z6uiJm9g25Oud/k/BW/4/FnPRkrtxOPbBsGIfwabYLEUGsxA=
dCU3k5DXVOPQK82doOPPMezf5+Xj9tFgDCbBrPwibwbfwr7NedO80NpozXGuLXB3wdX1WJ0tCIDp4/JJfQJWjvso8trIJKErWbps68dfWm5rJUR5CyGzOQ==
wiyfx2VPeFMkM6SWO9Tz4EUPYaPd1bDIaeVfZEKL2gt9DMN9WDq54gOpfqZ7zgltzaYZGkWxJHdXICBtNtL5zfAAqikwsyY=
+YZqjHFEFbCBU9Hco1cMrUUPYaPd1bDIaeFdakKL2gt9DMN9WDq54gOpfqZ7zgltzaYZGkWxJHdXICBtNtL5zfAAqikwsyY=
DS6zKdSeQO2F8HlI4noNoshCtLFhWjkUqL/lNcHK6Nms/cp1Xg61nS/57Kd0Oxg1yPO3uKA7jRkppzLJSnK4AaJtgIe8jYp8TCm1iLciPgLiLFQkjtVqCOtcg/qSoq+mZVhqH5PO3+g6JCZohBv0HaMREmoamFjz/OiPSSxVoKGIrUts807wREbkn1aKWIQywXFN9OTZ+/nqZK+7nJvn17PD
j20uVNAS06s8xZIJFFJoXFERc8gl73rb7OgTBIOgaT0WlcoBFLYbI2E2NnKjjGJWIHDh9yG+XMcPK/rS88EUtSM1syU=
1yATRnTpVEbC5O0yobwmi3Z+e78sVCRqKAD8FSxmCyLyrBIdBxR0tKKzRHgynvaFUSwX4uon30Gp29Z6XpwIW++1lqE93Cuy55KZ8nKAmWPfHW82zR1fJSNc8r/ZxekiN0hNcCS2VFO6dPeGH9KCVAsxPGiacviotl1h/3kKZT7XUZPeBybbUfrLCVi+USgiJ/FueLSV7rP4
rVIJPDDwTc4Kfb7F110BMlfdnnpul4RU+OeacarC4VOETvYKU/SCLtAIYY/Rxry//1M6qgO59M3TTbNd
w6jrdxEW7ikhRYO2cLQbV6r2Cve4nUup3QF9VxNGBT53kbNeZ+Y7UVqLKdhekUgihzGO+NTVTrNY
DySSj8ihxMCE3P/iNZEvtDadfrKQeWFs98+mklOvqa2wqapy3Auv4cskIoVVVO1M5GlY358Xco0Q8n8CjUd1BkZqZi4B/ZzX0/RIn1p0cHnLhmS0qIsz1HVzreOd3H6Zc/Y8fC+73l8iVaXRMXqjoa/sM4LaWZ0ehUmEkqQD2d2aWmEOxQBuR7ncFupzgHKdCuy5LV27Tem4SKueyI6oAOII+vvgp5HJE1YHb38k7yA+6ooYHQ6DQvDVYWzO/EQszeT/9o1HuI/b5YQHEKCk1xdi+DGMb9c3Rel34cc/au4nzAwIKCIPgTwqqxPs3G6053aHcFl2pmpr+FK+825aqnO5LKOOkZp+tVPF7qATBktDNB+qtx12iMmYm7xQACEsyVzZh7otyvMuFVx6iXSpp6yOmIobJSslvwhcsOwYJiOK5FaMzv4vVKgXaC6vCZcWl1Gl7Gtb6szMWRVY9xLeEuI8NBROhcr4a+xjqtJSj7ZlSErv054/WLrUhjhEK5QNowHyWlpI+IN8WO+Z7CWAsYi9axwznpD0xpQ/hspoZCLBYS3EJIlbCWrUT+vca8fHs9M=
C3XxG5VJmRHvuTzbNLwJG43I6O7gGZkXNucFmdNEN26wuwC2nA3kJ2xi83aq1clZGoYosfuns8dtPtLl/R3it1nvYAIXtIPUkC4KCb8Z9BcLfvFdsOKXzhNyJ6kieRKf4W/pGA83L3aH7DLrwdjVY2CMnAHV67ogtcCN0tIhSVaSFOsinsvKNs0DdclR76iij8AwzOT2grJudWg17W+jHMNRJ8bDNj7wvvZ1PF8EIH8F8nZ+yJptHqu4RRWEaavvgHkIgsgBVzgMnySdS7HVg9M/v/2mmMf2GAYgMPOnDODvrTS+wiJn7DMescT6rDvStqDLbFacU8P4bcZDJhhF2UEQOLHqHYPua4Sfb2qO2XK/4qhCbdqp5k0JMr+2VZ5fmETRloWxrJSsZHMX92NvojguVJqqlSoeAsIGrBOy2B1sULcr+8DXC1FCw6l2SlwzsYaP0BJkAgYgGkaXNt5bJicUCjAjIOXS/oE7LGOe6v5iJnwpmDuDeyaUEppE5YzSa2d0h2znSGcfMhvsjPLWfhvYMioo1KHbuUqsGyev2p6L1YSJ69GzyQ==
TfynFhnAdu9MpUivpBp25MdGuPhtTXcBtZaqL8uDq4bp2f0baF37wHqntLhwd0Q1x+eho807mBs4pRGleXa/HLdwm5q5kL9GQy23kqEXeRu9MmIfkIg+Kd9sq5mgjI+eSgwcCLP38ek4aiVpihrORcUhXDkUmlT/gOiYGiJYlaSbuxhW2wHyREbkn1aKWII2wXdM9OTZ+/nqZK+7nJvn17PD
O2aP5vrg3mfOLI26mIeYcZo1L/jD5Yo8PyioWR5qEWlGf8Kl3npP6HM1PuWOhOw0OiPsGIpuPcYf98/CghcnQdHrPloGzMCbp8UuQZVMszJ/AvFSijDRIxfNN1bl7WclG6za34EVIWJ/+LXQTCbM0yLkX2anosqUw2FkSHJCgKhObQnfodotfh+hK76vsEfRZFrh+Mbh4OJvobaYnOXWs8A=
Xx3o2ysaMZC+7r+uUpbAEbxvcTwbbTMJJZBETd672F4JI7Z6aLjZ5UaSKR5bmbdOQzhjkQBSTUjaGSTC6/nKCLAtMrMk
9l0MRanKODlEsaEdd6zrSNGm2ZWQpV2KzkhFrrV5nNeMyQt2W+Ey5EaE33YKuEKWwdcMlGT5OxnqxO/bHLsnN7Mj
J8gFCwcNSwkbkYeZvYA8f8dGuPhtTXcBtZaqL8uDq4bp2f0baF37wHqntLhwd0Q1x+eho807mBs4pRGleXa/HLdwm5q5kL9GQy23kqEXeRu9MmIfkIg+Kd9sq5mgjI+eSgwcCLP38ek4aiVpihrORcUhXDkUmlT/gOiYGiJYlaSbuxhW2wHyREbkn1aKWII2wXdJ9OXZ+/nqZK+7nJvn17PD
N7iNlxJu0xq31st9XnjXB5o1L/jD5Yo8PyioWR5qEWlGf8Kl3npP6HM1PuWOhOw0OiPsGIpuPcYf98/CghcnQdHrPloGzMCbp8UuQZVMszJ/AvFSijDRIxfNN1bl7WclG6za34EVIWJ/+LXQTCbM0yLkX2anosqUw2FkSHJCgKhObQnfodotfh+hK76vsEfRZF/h+cbh4OJvobaYnOXWs8A=
RR/dm7XFYEcJCdh1ruUROLxvcTwbbTMJJZBETd672F4JI7Z6aLjZ5UaSKR5bmbdOQzhjkQBXTUnaGSTC6/nKCLAtMrMk
1B+N+txfd2lCJ20iy4ghMdGm2ZWQpV2KzkhFrrV5nNeMyQt2W+Ey5EaE33YKuEKWwdcJlGX5OxnqxO/bHLsnN7Mj
QFK9BxsMMJlEXwa5qFSklsdGuPhtTXcBtZaqL8uDq4bp2f0baF37wHqntLhwd0Q1x+eho807mBs4pRGleXa/HLdwm5q5kL9GQy23kqEXeRu9MmIfkIg+Kd9sq5mgjI+eSgwcCLP38ek4aiVpihrORcUhXDkUmlT/gOiYGiJYlaSbuxhW2wHyREbkn1aKWII2wXdI9OXZ+/nqZK+7nJvn17PD
D60uBwLzddpEx9JNtJEBMZo1L/jD5Yo8PyioWR5qEWlGf8Kl3npP6HM1PuWOhOw0OiPsGIpuPcYf98/CghcnQdHrPloGzMCbp8UuQZVMszJ/AvFSijDRIxfNN1bl7WclG6za34EVIWJ/+LXQTCbM0yLkX2anosqUw2FkSHJCgKhObQnfodotfh+hK76vv0fRZF7h+cbh4OJvobaYnOXWs8A=
mH3SwCqAXEnNKNjaLeQwg7xvcTwbbTMJJZBETd672F4JI7Z6aLjZ5UaSKR5bmbdOQzdjkQBWTUnaGSTC6/nKCLAtMrMk
FW6NROfWc5IcxeAJYx1Xo9Gm2ZWQpV2KzkhFrrV5nNeMyQt2W+Ey5EaE33YKuE2WwdcIlGX5OxnqxO/bHLsnN7Mj
QIeGgiCI8EjNU4Hzl+DRVMdGuPhtTXcBtZaqL8uDq4bp2f0baF37wHqntLhwd0Q1x+eho807mBs4pRGleXa/HLdwm5q5kL9GQy23kqEXeRu9MmIfkIg+Kd9sq5mgjI+eSgwcCLP38ek4aiVpihrORcUhXDkUmlT/gOiYGiJYlaSbuxhW2wHyREbkn1aKWI02wXdL9OXZ+/nqZK+7nJvn17PD
EABjPEZbVJ/f+Cu/KZXKU5o1L/jD5Yo8PyioWR5qEWlGf8Kl3npP6HM1PuWOhOw0OiPsGIpuPcYf98/CghcnQdHrPloGzMCbp8UuQZVMszJ/AvFSijDRIxfNN1bl7WclG6za34EVIWJ/+LXQTCbM0yLkX2anosqUw2FkSHJCgKhObQnfodotfh+hK76vv0fRZF3h+cbh4OJvobaYnOXWs8A=
UMqce4f8mScdM7PTO0CCLbxvcTwbbTMJJZBETd672F4JI7Z6aLjZ5UaSKR5bmbdOQzdjkQBVTUnaGSTC6/nKCLAtMrMk
PsZ3P+77nq+mxXMP9AldGdGm2ZWQpV2KzkhFrrV5nNeMyQt2W+Ey5EaE33YKuE2WwdcLlGX5OxnqxO/bHLsnN7Mj
osSuIx7KLxN4VpzLTbYxysdGuPhtTXcBtZaqL8uDq4bp2f0baF37wHqntLhwd0Q1x+eho807mBs4pRGleXa/HLdwm5q5kL9GQy23kqEXeRu9MmIfkIg+Kd9sq5mgjI+eSgwcCLP38ek4aiVpihrORcUhXDkUmlT/gOiYGiJYlaSbuxhW2wHyREbkn1aKWI02wXBL9OXZ+/nqZK+7nJvn17PD
vp0ju6R8ohKlnHcSOclIlZo1L/jD5Yo8PyioWR5qEWlGf8Kl3npP6HM1PuWOhOw0OiPsGIpuPcYf98/CghcnQdHrPloGzMCbp8UuQZVMszJ/AvFSijDRIxfNN1bl7WclG6za34EVIWJ/+LXQTCbM0yLkX2anosqUw2FkSHJCgKhObQnfodotfh+hK76vv0fRY13h+cbh4OJvobaYnOXWs8A=
ciZZ2xUKNjNttPORhWnhfbxvcTwbbTMJJZBETd672F4JI7Z6aLjZ5UaSKR5bmbdOQzdjkQdVTUnaGSTC6/nKCLAtMrMk
qPQ0LU//bpWcpNYGB7yWPdGm2ZWQpV2KzkhFrrV5nNeMyQt2W+Ey5EaE33YKuE2WwdALlGX5OxnqxO/bHLsnN7Mj
ESU1BIQkMdh2i2Bw8yRnEMdGuPhtTXcBtZaqL8uDq4bp2f0baF37wHqntLhwd0Q1x+eho807mBs4pRGleXa/HLdwm5q5kL9GQy23kqEXeRu9MmIfkIg+Kd9sq5mgjI+eSgwcCLP38ek4aiVpihrORcUhXDkUmlT/gOiYGiJYlaSbuxhW2wHyREbkn1aKWI02wXBK9OXZ+/nqZK+7nJvn17PD
Tn5AAT4fc5m3gVl+YkOofpo1L/jD5Yo8PyioWR5qEWlGf8Kl3npP6HM1PuWOhOw0OiPsGIpuPcYf98/CghcnQdHrPloGzMCbp8UuQZVMszJ/AvFSijDRIxfNN1bl7WclG6za34EVIWJ/+LXQTCbM0yLkX2anosqUw2FkSHJCgKhObQnfodotfh+hK76vv0fRY1zh+cbh4OJvobaYnOXWs8A=
zaT5DEMcKkkSbkB07NUyTbxvcTwbbTMJJZBETd672F4JI7Z6aLjZ5UaSKR5bmbdOQzdjkQdUTUnaGSTC6/nKCLAtMrMk
HmXGBXvoHS6IqtT9xJQzZdGm2ZWQpV2KzkhFrrV5nNeMyQt2W+Ey5EaE33YKuE2WwdAKlGX5OxnqxO/bHLsnN7Mj
hSEJ4PNMD+2DlQ7UyeVfhsdGuPhtTXcBtZaqL8uDq4bp2f0baF37wHqntLhwd0Q1x+eho807mBs4pRGleXa/HLdwm5q5kL9GQy23kqEXeRu9MmIfkIg+Kd9sq5mgjI+eSgwcCLP38ek4aiVpihrORcUhXDkUmlT/gOiYGiJYlaSbuxhW2wHyREbkn1aKWIIzwXVJ9OfZ+/nqZK+7nJvn17PD
k0UgHN1FQpov3OmZCnTVcJo1L/jD5Yo8PyioWR5qEWlGf8Kl3npP6HM1PuWOhOw0OiPsGIpuPcYf98/CghcnQdHrPloGzMCbp8UuQZVMszJ/AvFSijDRIxfNN1bl7WclG6za34EVIWJ/+LXQTCbM0yLkX2anosqUw2FkSHJCgKhObQnfodotfh+hK76vv0LRZl/h+8bh4OJvobaYnOXWs8A=
tV1npIEObBxVNPtY5sWr1bxvcTwbbTMJJZBETd672F4JI7Z6aLjZ5UaSKR5bmbdOQzdmkQJXTUvaGSTC6/nKCLAtMrMk
cYQICAAgmSuoGXuxeAX52dGm2ZWQpV2KzkhFrrV5nNeMyQt2W+Ey5EaE33YKuE2TwdUJlGf5OxnqxO/bHLsnN7Mj
u7ZeHFBhDQutba/i3cw788dGuPhtTXcBtZaqL8uDq4bp2f0baF37wHqntLhwd0Q1x+eho807mBs4pRGleXa/HLdwm5q5kL9GQy23kqEXeRu9MmIfkIg+Kd9sq5mgjI+eSgwcCLP38ek4aiVpihrORcUhXDkUmlT/gOiYGiJYlaSbuxhW2wHyREbkn1aKWIc2wX9J9OfZ+/nqZK+7nJvn17PD
flXbFQrjJ1nuh9eFI2dYF5o1L/jD5Yo8PyioWR5qEWlGf8Kl3npP6HM1PuWOhOw0OiPsGIpuPcYf98/CghcnQdHrPloGzMCbp8UuQZVMszJ/AvFSijDRIxfNN1bl7WclG6za34EVIWJ/+LXQTCbM0yLkX2anosqUw2FkSHJCgKhObQnfodotfh+hK76vtUfRbF/h+8bh4OJvobaYnOXWs8A=
FpMqTKkd6PUOlTrC6i1DQLxvcTwbbTMJJZBETd672F4JI7Z6aLjZ5UaSKR5bmbdOQz1jkQhXTUvaGSTC6/nKCLAtMrMk
aSb/IRzuhFdkVBgHe+eh8tGm2ZWQpV2KzkhFrrV5nNeMyQt2W+Ey5EaE33YKuEeWwd8JlGf5OxnqxO/bHLsnN7Mj
4fQ6rwzqZCXYs3XqS30LxbxvcTwbbTMJJZBETd672F4JI7Z6aLjZ5UaSKR5bmbdOQztgkQNWTUvaGSTC6/nKCLAtMrMk
7agf2KCYSb9upOSrGC5ISdGm2ZWQpV2KzkhFrrV5nNeMyQt2W+Ey5EaE33YKuEGVwdQIlGf5OxnqxO/bHLsnN7Mj
JjL50eRFmYhdrU54q+eV+lfdnnpul4RU+OeacarC4VOETvYKU/SCLtUPYYrUxr+//1M6qgO59M3TTbNd
l6TSkQkJTNmEh/SiSuYUi6r2Cve4nUup3QF9VxNGBT53kbNeZ+M8UV+OKdtekUgihzGO+NTVTrNY
/flEg27m4QZE2Z7FM/BUsrJjNC3i6qXt4IO5N+QSTEB9KOMfJGimIKBsa27Xj6j9q8EEQ/CmAaUI/3KPGglsGbO9Z8UDv3Spa1jmNbPaJHAf1waTQtk9vYG2+42vwGtOajUFkuWFXP6UD8HxWvb5gnVstovZ0A6GQ0wqMYpA4eFt11Xl2IRz8ngCMKwiJOL30MtJBXPanwPP6LcMPsbS1K1iG86QGbkA/vBcAA1IZ3o9K2BDu+mcayBs/HuXzqD9vAPPOyUlr413s/JC5+AUBBhO101cpjN/XBA2mOda37zpGj7mCzSK0sNiQoazFbQvPv1CstVf3YKQ317nw5hHZodxboSpVEPQ4Iy5gAlwwYuKQRI/TpnEFjm48YusosBGq0mzqd/EhNzcFD4PSkjOAH6S95jIG3BCn8XPuhf9/SBbN/LArJXNNEeeRr4iECwYfukSNAtg+8ZinteaZWQSI2Pyp9TaGF5UdCeMIWOtatbqJCBPHFT39dzp2B0IETPQA/KI+KZY5+p65PmJAUgwyBflg8UKWNeHbKef67P/
R+dqMeWezQi6pStx312JdWZpaBfsBcHsnYpSC6i86jE63CFXjTb+vqAer2VFJeWJEYTebzPBe4CgewdI9gcDfhDxdPde53x/3nfIWSYrzn6ud0UAHsOT5s9rcugA2linKi1bTfZvOVkhTiAbke2UNtloMoc6il+bHeHpOHhhsbRxDwH86upZ8+5p4qvGsLW5tSTflseSrWCIZC7nVqsbxVQjxcE3Pv+g+0k3RQ1YSBPnQo3ai50hxaVpbq5ww8hmXCxh6mC3F3Ky+PZxWI3UJQrrLpTpFylWO+xruV5EpylocH0AY6cjbVNNj6Blg6Vgdb/fhM3jPFYwKvhMwe2+5/VcEgi8IwHV6QPEECdB5QkXPNGfazl5w3S+JDzsFtgewVUVBzAsGzLpz5xt6pcVrrvg6TgEWqHsX6pXuSswugr1E0hZIbekr++fQswjhOTHM1uDoJVSWe6nCkz8p5PhYVHOc2HhpZ0gTEfnudfSCTRziBrK6rMECEl+oa68pDVNApCkDsZoCCHfB8d2285pLa0mOV/iscGyt6MALZbSmY3QgIrp0LPG
dYcmgFS++FW2R8WpqVJDk0UPYaPd1bDIaeVfZEKL2gt9DMN9WDq54gOpfqZ7zgltzaYZGkWxIXJXIyBtNtL5zfAAqikwsyY=
dkjwkqojEyiUKWWy0855/7PC14CN2p4DENvasrVJs5c2Va7+fsnR4uGkV7zvmNMnZdY2JqKI3NBe4QIMy5hrTgLW54JlfCJrA3o3LBogTlxU73y54zUansosMHdcLGd9PCHoBQgJAxjjehiA5mD34lqsjBaB0MAAN+2T/cqgRw8M76/zs+c=
xNjnlx+GlFKjFSDvt72gz8kDm2ZLk2oW/q4rCj+FuJ/EQkkVF478n89/h/WqvEstLYD4GyBPT+TBSYJ6Y1aBQczigd4zib9uu27fEXuGdSvSCQwCg0lCaGgdKrM8
WqSTUpEgx2dyJAEz/NyFZxzaCKY+1/g90bx0KqmKvQEyF07W24WFGhY3pdtlVcgYoYVHVCpLcpuFrIuNQDqhkssJBjbTjuFd1UZRSr0xmaIfAzgdHhKRXUhgYhkosz4=
j1PFN7B9yFFXhn+AXCI3qjXpJ4MP5dkn5rx0KqmKvQEyF07W24WFGhY3pdtlVcgYoYVHVCpLcpuFrIuNQDqhkssJBjbTjuFd1UZRSr0xmaIfAzgdHhKRXUhgYhkosz4=
yVJnIPnD82VJSedW596R6fPGpB74sXgirYq5CT4HUs6/pWEiagdpkyGVDFDtdfssjqvWAxk8BwXEuiUaR5marnfuRaVpNp2C+XFdalMzxCV6MnVFVHBuESyzOg==
CXFGqrQ8vGg5zfuQkXeuyGlQ+nOiUBFXUVbMIWexH8Gx71zakYqF8Rp3FgYTxc2q7pfNS/3VUIgJZf8kYou6y92MY704Olmioyne5pvOKa1tJvnaJbEBMvejQK3W0tkNkIBKaRCzBg==
n0/Fg/KRFPF6i241BYVm5fCPIV6ptDoKvAqOEe3OGgGBGRxSSsSz3bMrSEgNBJChyxi9zoUBWv5RknpJc4OhgqCGm1taeECETcPIYOZAt0LazMw2gfAA4LdNU93KwAdvjE9vE7MH
MeoyO8HspBOfh1FiY1qpfl1CptHn0QtegbUwXyd8fgOvGO0eOBkDTwAJn7GShi5NvISudHFNWInwevo4Bd5wg43lgalvRxm5kLkrMA3SwX5PqjRMb9OpsYmuW5HZpaXQZCc/aZ+SwYQLKPJacjOcmOGeGd50ZH0d2rDMPj5ocBE3J5+mE44h3RVGkcp9MVki3wP4nd4SUd2IYKKZ6LP+
1/+Y4KGZ9r48ChUOWPTD8mQzkgzGpN3m+/+XeEcm1pvJg0goe+3CEeGE+lLAaw7e0KfTTC52AuM7gd5WdHtWqtJu9iqTlAKOkOhhapRmP98/czqKQ1l0bRMtsz0=
mAxLrOch7bt4eIXq21E5OUYRMosOV8bNaSvqVF9/ptIvj5Xms47BHTXG8YrdMbni/4OY3X4SsR2o4MLZSLNe
mAxLrOch7bt4eIXq21E5OUYRMosOV8bNaSvqVF9/ptIvj5Xms47BHTXG8YrdMbni/4OY3X4SsR2o4MLZSLNe
7p5sUNpV3M/9ErbsDypcxq/8FaDXq+LgijqGiKmOoU0siZH69YBKFT2wkUgpJlutS+ZrEJ3x2gIxcjEvFvrcg9E2T+ByVAI2QCqGJ1Zu25ZHpMoAQxDl4p6x+5wDLmpOApa8GfgLg0tGpNIqJFUMYgvXtLcM10hXfwLbXOxCVs57aPIaSOSh7tx6b6tHH1ou62VEuYvhs/k=
