da07MgGsqei7fjFfH7f6KzOQLlIxbXIBtzoDMwdZ2rr8JWlnMTqKk00+0kOfs0rtg8+zf1C6bY+f7YRsUwR0Z2MbU4CFUkkO90qcHDcTUYHhjkOB0aWtwHwHV1lnUpnUo8hKKvqzFCiZPvEOLCRF7fLQ1C42aHgBL8e31itO+Y195mlz8LHT1mdoU00GUintYEC6ieCz9g==
F6dg8GllWsX/0mAaaS+i4jFPz3B6mIMu2dT1ucz2tEJFccOxTcc2NfFmbduSZM4evt/j3Y+1QTdXZX4BpayjMm8iAZLaUGGjh21HFjUNVyUrTAqf8bWx4s+Y5RC8BtzTMgRvJvcCOhRTAdSIomLwqL5NWZ8ROr3+bwH7fp/fVtF1epGwFQFQYv8BRljMheaz8A==
5tVauYa/japlFk524cri4T1/ZGKCRr6AaaDrPYv/VTGy/kU5BTYcN8WUWbqP7DMtsQUPZVBCKKY31MFdwmwDErL7VHSI3XrBcT9yVXW+Mct7qaieWpePzVPtxdeTHULxCSQH8gsq7SKm6KWDg7WbhpnFcyUPhKYPLW21wgsgmaBQDrgTlozD1st6/vTXWQiYzioUKNqFtY9N4jmeK/nHDjNX8pGRcv0A6bkUQvtZGshgzcKz1A==
NuSx5FWX7VBRCgTHpwK+9WzPkqGtQAtdUB16vK167dfdIlgon9Qydv5FSW5RCM/Qj/SLi9Ua7upiRAQcbs1aYKv0c2Iy2v+OZXA6ZzNWL0B6TBZwZCOkdSP5wlJ6gGgbPED/0YytcImIhZuUU9aA7IYMr07qYF3fQR4czAzCy5GqzF8jPOO3/7Pr
GgCC8py9RNsLpzRIQ86X1Uz4//a0/9AqtIK7vcJdICO0mbONkNxOgd1m1cs9/mB074GL6n7Z8TIhVPcMb+izl6UG1jaimLyAHlHi/Esoyz5ChseSZWwCO0MKl5ya0K7sFL8cqeMl+k4KnFAH3JzHjfzxyBUIGSPII4q4MGYQl1KafGUDgcKkUHxecw1KEOd/TL+P47P3
XR5htqlvI4pKJlUpDhXpQ0z4//a0/9AqtIK7vcJdICO0iLuDltNP091m1cs9/mB074CL6n7Z8TIhVPcMb+izl6UG1jaimLyAHlHi/Esoyz5ChseSZWwCO0MKl5ya0K7sFL8cqeMl+k4KnFAH3JzHjfzxyBUIGSPII4q4MGYQl1KafGUDgcKkUHxecw1KEOd/TL+P47P3
dgiYjjO8U9GeyUbazZEb4c5/VdH6vwWnRcskKzf0hVzzcJkTvMSHyrTDqBZALs1HIuVTHQW0hvgELmNvLdqt993CGEgfP/NW/mWJjtFojzCP1MsrVbquimKkxLzubZpAq5SzgrK6v65lUHoHs7bvIHps1tDkg2SVI5mC8vogKDs8oL+xDE2wqYilW3TTtsAMhizv7mrAHb9B/txsjGILsaqsn8O8g/ffs8s=
EHKVKr7BBvT8zNuSNLum3EVML2VzVtcwB9cmDqunqJIWJzV0AW1+QZF/UlVV/pFLHelLnjpXb03zLeXXs90icelkZ/Irak2iBqhFg+N1ewY5BVMlL0QGj82t1cLrYDkg8E6YE/bMI1arut7095moGC7qdCg6xdUP7aIZngu5J45TlxKRsbJdgEl5dEIbGXpIwI3is/Q=
gYQHQeoeKwZ9BCfYremlKja6o1x67IjivLrIJodzpYSkdeKfyNXoWkEVQ59tig1nXVL4mF8JE2b+VWm+kbhvoA9Ea3sVSo76YlTkzC69OtArBNPScorfnmVgGjdz5o+w+vx2ACTzRGUj6aICunCIq7wwX2FMfVCZiJW7RJNmIJwGvE++KjA9z0EO/BxMsqshKjz/k3yzl++z+w==
6E9uRiau3VIEHWWXI08GxW6DJEItZXFSrTgdIxQexpn8KGkIV1TjiUQpy0ughWeKy4PhLQneeJOVhalZVwdBaXgZU4CFUkkO90qcHDcTUYHhjkOB0aWtwHwHV1lnUpnUo8hKKvqzFCiZPvEOLCRF7fLQ1C42aHgBL8e31itO+Y195mlz8LHT1mdoU00GUintYEC6ieCz9g==
IrplShkPiPEbbAggJ2O5xL2y2F6nq1VM5D1SRzdnNoCE1tMnDdK9r50aiMB/8wNu/l15RrHgH+jPjNsjdfIecuLcdHTOZYqYa8wjClLyz5ZlaApPUz5/eLq0xtjES9Tto2EyutooOGN8eC85bIVAkYidq7yzPlDUxnT/5kqIrUfBhmykrGobaWr0D0tcy4fns/M=
sTxJ0r2DPIBQM4+rZGs/pWXx/IBGst30pbmAof6vZ+E5r5qVHY75awQYU54iJ3dtG90tl/uNitER9N9yU/r1Qu54DcOrRVPmITVLJTd0Hm/lnZ2Co7DRwEje4JNOXNv2A+qWtD9pQDg2mmwoIjXNL4XSUV7DaY8uKweqEUki5eAhKbyC0ylSKNi9+rPs
srAzxqz5deEknVrMyNIF2opwFy5CnpAIObSdu//qkm+WepS+29SG2tQDPA1EGotLPd6lg/02UAzPnZriftHhKgEsx8SvoMMvRZ5GviIQLBh+6RI0C2D7xmKe15plZBIjY/Kn1NoYXlR0J4whY61q1uokIE8cVPf13OnYHQgRM9AD8oj4pljn6nrk9YsBSjTIHOaDxQpY14dsp5/rs/8=
RBQZ7LxeTZnjWL35zNZ8e0lNI2hqF554GMB/A+f49MAUPnR0AW1+QZF/UlVV/pFLGuhLnjpXb03zLeXXs90icelkZ/Irak2iBqhFg+N1ewY5BVMlL0QGj82t1cLrYDkg8E6YE/bMI1arut7095moGC7qdCg6xdUP7aIZngu5J45TlxKRsbJdgEl5dEIbGXpIwI3is/Q=
AIRw64nrazNWMcYR6JCs9+h7FFRgCp5osOnFGvd0nrXXuFNp6Wx4h8OhrhQUMC3Xermf+z2vISI19qPrzIVnkhB3TIZ8aqIc9/thCiFzDgTDpaXDwKI/22x+P4WwCKvSxSwo8KE63fQe0C4+XPlfY5wlu+I/8zY0xF40i8F13bELp31B7Emn+AkSRbZDmoj0S/MNKVW+lxkdpWFYqDfj8Tuy5Ty3GP6S9vOYUG1uZSYQhBkFhiCANnrotBn7t0O+9+7Fpek2HYt8cd9u0zhHJfoy9UXUcO4RrLO6
dmnC6/k+Ttcf21VsOOt8RsBGuLlkbmoOpoKqJduDi9v/x/Zbbxumjyy8qrhieFI1wOe8m81i3T8diiiwPy3iX/5tmZbxkL94Txy7k7UiPgLiLFQkjtVqCOtcg/qSoq+mZVhqH5PO3+g6JCZohBv0HaMREmoamFjz/OiPSSxVoKGIrUts807wREbkn1aKWI03wXZM9Oza+/nqZK+7nJvn17PD
W03oT+wY0Bls9/pweh5S5yYtYLsqXiNlf06jCBEpCDr6hkIQQlkw4IOAWBEll471KVYFu6Nzxh62z9s9Z4UZd++1lqE93Cuy55KZ8nKAmWPfHW82zR1fJSNc8r/ZxekiN0hNcCS2VFO6dPeGH9KCVAsxPGiacviotl1h/3kKZT7XUZPeBy/eUf3KCVC9USgiJ/FueLSV7rP4
6BSvHMnVOu8SiGjapyX/Hpa/9OqGPvGXTbnVNwtdCIOG4aHkumn1DIn9zSxUOre6QSI+m7WM6Z5LWj9aZ3kdXLqQQnoYHnb7fgr7ur+w2nxLFOXuhsXLgOsKCiI6QmwlsE9Dh54QonaMsazOc0MkS4RTyNvn9mvAhOa2IsM8oqaJJeGggE6UdG97egITcVTFg+Wz9Q==
fg9f0OpXDzfMUdLdCzq6pvLZxu/qr1BsB+nFAIGJ7RCM/mcV6ba+Bw0oGVKDbl8mf30NsFJEAiZgesZ39v5bBuf0ilBjAOXyvuG7zKO+6t6ixvxJ2BuDW2b0knqExYzyq4f05yzHSEdfUpsMTNLWXts4skph8aH8+Cok+OeP2r5LNQTpq/Gz6Q==
UKD/qSSfoZVesSrj8dswkkxyTXsoPBNpdGm7KxAF92obw7dLF95oc0VF+TnHh/GJiNlj4PVSeS4Hiiy8R5PBITFOk6HBpb3grMeH+ffS6XQTCLoKyrNkSKn+Ae6cpNWNohAEziZoaGF/h2c2u85J7Q2mWZMAseP2Fyjj7fbSuU0wAOqp8LPm
QNNLGyXqck1Lwa6LcJf2BPDZxv7ouVRsB+nFAIGJ7RCM/mcT6ba+Bw0oGVKDbl8mf30NsFJEAiZgesZ39v5bBuf0ilBjAOXyvuG7zKO+6t6ixvxJ2BuDW2b0knqExYzyq4f05yzHSEdfUpsMTNLWXts4skph8aH8+Cok+OeP2r5LNQTpq/Gz6Q==
k9RRmowmW8vL9rMxjfPf30xyS200IRNpdGm7KxAF92obw7FLF95oc0VF+TnHh/GJiNlj4PVSeS4Hiiy8R5PBITFOk6HBpb3grMeH+ffS6XQTCLoKyrNkSKn+Ae6cpNWNohAEziZoaGF/h2c2u85J7Q2mWZMAseP2Fyjj7fbSuU0wAOqp8LPm
DomgvIloFE7KYli8sDAAhkxySnsmJBNpdGm7KxAF92obw7JLF95oc0VF+TnHh/GJiNlj4PVSeS4Hiiy8R5PBITFOk6HBpb3grMeH+ffS6XQTCLoKyrNkSKn+Ae6cpNWNohAEziZoaGF/h2c2u85J7Q2mWZMAseP2Fyjj7fbSuU0wAOqp8LPm
EBtdzZPC2DvzZZ8IWt2edtWfwGcQNF6P0BkkudqjrMP5RHNb44F0u7LhbzFPPOOLhUHlCPHRLfgcRgdc3q++L11Qudpzth9Ob0XteOLcgo6wguZ/hqab7ndM6hhTGOXa7pkbRFNmqray/hyBaIMD87YMsnL0nUwaOz+UrxzfSG8PKjuEvAqWNssAUoLRaSFUKNIE8JfXGlbbjWShm+mzwQ==
RDSyA51mEV9zFvxymyxfs5aFsMYaQN+rPFxpaGkC4RSvUyohOXxXejLFqOyBTYbiSp0EEbAU9nBhowfmAWtK7Mh5szlLbXoRQZTvcqPapQJe2P1DOyUDJtEVWyUnVO6vtf0NAlMQYYAY/hCTfjyLNvMKJjSvyZD4Bvp8KDLV/W/VcsHecwn/bvvnmhE5AjUgkYnMAkPJgmioneqz/A==
upEBU8WEXz76rYUSW3USEpaFsMYaQN+rPFxpaGkC4RSvUyohOXxXejLFqOyBTYbiSp0EEbAU9nBhowfmAWtK7Mh5szlLbXoRQZTvcqPapQJe2P1DOyUDJtEVWyUnVO6vtf0NAlMQYYAY/hCTfjyLNvMKJjSvyZD4Bvp8KDLV/W/VcsHecwn/bvvnmRE5AjUgkYnMAkPJgmioneqz/A==
9R5dSUW92iMSFKtozCrjR5aFsMYaQN+rPFxpaGkC4RSvUyohOXxXejLFqOyBTYbiSp0EEbAU9nBhowfmAWtK7Mh5szlLbXoRQZTvcqPapQJe2P1DOyUDJtEVWyUnVO6vtf0NAlMQYYAY/hCTfjyLNvMKJjSvyZD4Bvp8KDLV/W/VcsHecwn/bvvumBE5AjUgkYnMAkPJgmioneqz/A==
edjcjPbwDfk6sVeH9HAWipaFsMYaQN+rPFxpaGkC4RSvUyohOXxXejLFqOyBTYbiSp0EEbAU9nBhowfmAWtK7Mh5szlLbXoRQZTvcqPapQJe2P1DOyUDJtEVWyUnVO6vtf0NAlMQYYAY/hCTfjyLNvMKJjSvyZD4Bvp8KDLV/W/VcsHecwn/bvvnmBE5AjUgkYnMAkPJgmioneqz/A==
1eChFZSGlofmQXPblOwGZJaFsMYaQN+rPFxpaGkC4RSvUyohOXxXejLFqOyBTYbiSp0EEbAU9nBhowfmAWtK7Mh5szlLbXoRQZTvcqPapQJe2P1DOyUDJtEVWyUnVO6vtf0NAlMQYYAY/hCTfjyLNvMKJjSvyZD4Bvp8KDLV/W/VcsHecwn/bvvvnxE5AjUgkYnMAkPJgmioneqz/A==
eJyayiUG6b5vqaONo4dEM5aFsMYaQN+rPFxpaGkC4RSvUyohOXxXejLFqOyBTYbiSp0EEbAU9nBhowfmAWtK7Mh5szlLbXoRQZTvcqPapQJe2P1DOyUDJtEVWyUnVO6vtf0NAlMQYYAY/hCTfjyLNvMKJjSvyZD4Bvp8KDLV/W/VcsHecwn/bvvmnxE5AjUgkYnMAkPJgmioneqz/A==
+T51oIp5u3LVEQKS9sqRjq/8FaDXq+LgijqGiKmOoU0siZH69YBKFT2wkUgpJlutS+ZrEJ3x2gIxcjEvFvrcg9E2T+ByVAI2QCqGJ1Zu25ZHpMoAQxDl4p6x+5wDLmpOApa8GfgLg0tGpNIqJFUMYgvXtLcM10hXfwLbXOxCVs57aPIaTeCh7dh6ZKhHH1ou62VEuYvhs/k=
