YRR2memQOMWQBjPL4+Rv6DOQLlIxbXIBtzoDMwdZ2rr8JWlnMTqKk00+0kOfs0rtg8+zf1C6bY+f7YRsUwR0Z2MbU4CFUkkO90qcHDcTUYHhjkOB0aWtwHwHV1lnUpnUo8hKKvqzFCiZPvEOLCRF7fLQ1C42aHgBL8e31itO+Y195ml+9bHU0mdpU00FUintYEC6ieCn9w==
C5fLQGX78/q/gNABzBp5VzFPz3B6mIMu2dT1ucz2tEJFccOxTcc2NfFmbduSZM4evt/j3Y+1QTdXZX4BpayjMm8iAZLaUGGjh21HFjUNVyUrTAqf8bWx4s+Y5RC8BtzTMgRvJvcCOhRTAdSIomLwqL5NWZ8ROr3+bwH7fp/SU9FyfpGxFQFTYv8BRljMhean8Q==
/Wjg3Zt/fDUWo9njhmXAij1/ZGKCRr6AaaDrPYv/VTGy/kU5BTYcN8WUWbqP7DMtsQUPZVBCKKY31MFdwmwDErL7VHSI3XrBcT9yVXW+Mct7qaieWpePzVPtxdeTHULxCSQH8gsq7SKm6KWDg7WbhpnFcyUPhKYPLW21wgsgmaBQDrgTlozD1st6/vTXWQiYzioUKNqFtY9N4jmeK/nHDjNa95GWdv0B6bkXQvtZGshgzcKn1Q==
wDqUEt82/aWvxTKgPuUAuGzPkqGtQAtdUB16vK167dfdIlgon9Qydv5FSW5RCM/Qj/SLi9Ua7upiRAQcbs1aYKv0c2Iy2v+OZXA6ZzNWL0B6TBZwZCOkdSP5wlJ6gGgbPED/0YytcImIhZuUU9aA7IYMr07qYFDaQRkYzA3Cy5KqzF8jPOO3/6fq
wdiS46E94Qn0q9kcYn3HyEz4//a0/9AqtIK7vcJdICO0mbONkNxOgd1m1cs9/mB074GL6n7Z8TIhVPcMb+izl6UG1jaimLyAHlHi/Esoyz5ChseSZWwCO0MKl5ya0K7sFL8cqeMl+k4KnFAH3JzHjfzxyBUIGSPII4q4MGYQl1KafGgGgcWgUH1ecw5KEOd/TL+P46f2
UXk39a6+q0RSzU/Df9wmjUz4//a0/9AqtIK7vcJdICO0iLuDltNP091m1cs9/mB074CL6n7Z8TIhVPcMb+izl6UG1jaimLyAHlHi/Esoyz5ChseSZWwCO0MKl5ya0K7sFL8cqeMl+k4KnFAH3JzHjfzxyBUIGSPII4q4MGYQl1KafGgGgcWgUH1ecw5KEOd/TL+P46f2
MlZN6i2valQHw4Oykl/q9s5/VdH6vwWnRcskKzf0hVzzcJkTvMSHyrTDqBZALs1HIuVTHQW0hvgELmNvLdqt993CGEgfP/NW/mWJjtFojzCP1MsrVbquimKkxLzubZpAq5SzgrK6v65lUHoHs7bvIHps1tDkg2SVI5mC8vogKDs8oL+xDE2wqYilW3TTtsAMhizv7mrAELpB+dhsjWILsqqsn8O8g/ffp8o=
8nf7NXXE47dUZ0KtDbVz60VML2VzVtcwB9cmDqunqJIWJzV0AW1+QZF/UlVV/pFLHelLnjpXb03zLeXXs90icelkZ/Irak2iBqhFg+N1ewY5BVMlL0QGj82t1cLrYDkg8E6YE/bMI1arut7095moGC7qdCg6xdUP7aIZngu5J45TmheRtrZdgUl5d0IbGXpIwI3ip/U=
7fJe58HiebDbtOY7Wli9wza6o1x67IjivLrIJodzpYSkdeKfyNXoWkEVQ59tig1nXVL4mF8JE2b+VWm+kbhvoA9Ea3sVSo76YlTkzC69OtArBNPScorfnmVgGjdz5o+w+vx2ACTzRGUj6aICunCIq7wwX2FMfVCZiJW7RJNmIJwGvE++KjAwykEJ+BxNsqsiKjz/k3yzl++n+g==
/QJyAbQPSFVdJPcOAtPCXW6DJEItZXFSrTgdIxQexpn8KGkIV1TjiUQpy0ughWeKy4PhLQneeJOVhalZVwdBaXgZU4CFUkkO90qcHDcTUYHhjkOB0aWtwHwHV1lnUpnUo8hKKvqzFCiZPvEOLCRF7fLQ1C42aHgBL8e31itO+Y195ml+9bHU0mdpU00FUintYEC6ieCn9w==
7zWx7xG2q9Gv7RiFonsu4b2y2F6nq1VM5D1SRzdnNoCE1tMnDdK9r50aiMB/8wNu/l15RrHgH+jPjNsjdfIecuLcdHTOZYqYa8wjClLyz5ZlaApPUz5/eLq0xtjES9Tto2EyutooOGN8eC85bIVAkYidq7yzPlDUxnT/5kqIoELBgWikrWobamr0D0tcy4fnp/I=
bM0AJ1fbNn4ZvMVCgoKI42Xx/IBGst30pbmAof6vZ+E5r5qVHY75awQYU54iJ3dtG90tl/uNitER9N9yU/r1Qu54DcOrRVPmITVLJTd0Hm/lnZ2Co7DRwEje4JNOXNv2A+qWtD9pQDg2mmwoIjXNL4XSUV7DaY8uKwqvEU4m5eEhKb+C0ylSKNi9+qft
Z1wRFkPg7PoT+bflPhoW0CGvXvdWePCYnMfUlyA93vgwFC40amJDtn2CpAZxCJXPEr6sDtgUN86Zvtdwc5yAUpVgunuXgPJ9aZ1slX/3WN0ddF8T3Vi/y/5QLgo6j+NVU6ZQUAfkmOay0jjt19hHgCSepHTRDY4BYR+i1YWeAQsKSPueivd/jWPNtVfDPVKxmYQ38nvKfWK2iHUDM1XrRilloyXfJBbPXY0FQttAieDA7sgTpixTlttarnSneTjYPkrEKIplxU99wske+9nXzqP6x5FmFm3B+VlHwks56ojQbZKnhQ==
YzLFelKiDgP8BEqkoBMsPElNI2hqF554GMB/A+f49MAUPnR0AW1+QZF/UlVV/pFLGuhLnjpXb03zLeXXs90icelkZ/Irak2iBqhFg+N1ewY5BVMlL0QGj82t1cLrYDkg8E6YE/bMI1arut7095moGC7qdCg6xdUP7aIZngu5J45TmheRtrZdgUl5d0IbGXpIwI3ip/U=
NCkiwxRtOjQP6c9602ZPd+h7FFRgCp5osOnFGvd0nrXXuFNp6Wx4h8OhrhQUMC3Xermf+z2vISI19qPrzIVnkhB3TIZ8aqIc9/thCiFzDgTDpaXDwKI/22x+P4WwCKvSxSwo8KE63fQe0C4+XPlfY5wlu+I/8zY0xF40i8F13bELp31B7Emn+AkSRbZDmoj0S/MNKVW+lxkdpWFYqDfj8Tuy5Ty3GP6S9vOYUG1uZSYQhBkFhiCANnrotBn7t0O+9+7Fpek2HYZ5cdhq0zlHJfky9UXUcO4RrKe7
+yEtytimpaT0S0Y5QtW8r8BGuLlkbmoOpoKqJduDi9v/x/Zbbxumjyy8qrhieFI1wOe8m81i3T8diiiwPy3iX/5tmZbxkL94Txy7k7UiPgLiLFQkjtVqCOtcg/qSoq+mZVhqH5PO3+g6JCZohBv0HaMREmoamFjz/OiPSSxVoKGIrUts807wREbkn1aKWIAywXFI9O3a+/rqZK+7nJvn16fC
4WSuwAIiLIgp+WDU8zucHkIyXMiAgnDtNLpCaoZmgjHLl4Pf/8P+T38PjmsM2IJsMiya8YAjdM+dtnVbvW6AJK+5att+6RECYQQXnO94E0fldvbGouiccN4BQmzLuKvugranomVcYguD2vcMGkAOvNRPPNnj1do+Skzwl1wMJ928wSglCCnD+GPaWKDmgDeC2gxI9oG1gKC9DtOeyoCHr4yP79Onxg==
ezTThXbmV/YoP5HdE6U9LwoyjMxVMHPCeqA3POEe/wjORxIFXH9CfMj78gDwhFH44665LAIQsuZ46RvrMAWXKrtDHAx43oiz5cVZ+SeH0ckoWYOglVJZ7qcKTPynk+FhUc5zYeGlnSBMR+e519IJNHOIGsrqswQISX6hrrykNU0CkKQOxmgIId8Hx3bbzmktrSY5XuWxxLK3qQMtldKZjdCAiunQp8c=
dtgGMTB0ahhS70dpmSxNoLz+pxwy5aDsTAcsrLZYlniOS8ORh93/zeJFR3maeXzmbnYayr6TYA0I5UXgQantMEwe53+umb4nTUiZskNOXwa/nY3QEmQCBiAaRpc23lsmJxQKMCMg5dL+gTssY57q/mImfCmYO4N7JpQSmkTljNJrZ3SHbOdIZx8yG+yM8tZ+G9gyKizUodu8SqUYJ6zanovVhInr0afI
X3/w7KzKkKiRqJNG5aZU+SYtYLsqXiNlf06jCBEpCDr6hkIQQlkw4IOAWBEll471KVYFu6Nzxh62z9s9Z4UZd++1lqE93Cuy55KZ8nKAmWPfHW82zR1fJSNc8r/ZxekiN0hNcCS2VFO6dPeGH9KCVAsxPGiacviotl1h/3kKZT7XUZPeByLbUfrOCVG9USsiJ/FueLSV7qf5
z15zI5xyjTPIpYyXV5X+RZa/9OqGPvGXTbnVNwtdCIOG4aHkumn1DIn9zSxUOre6QSI+m7WM6Z5LWj9aZ3kdXLqQQnoYHnb7fgr7ur+w2nxLFOXuhsXLgOsKCiI6QmwlsE9Dh54QonaMsazOc0MkS4RTyNvn9mvAhOa2IsM8oqaEIOGnhE6VdG94egITcVTFg+Wn9A==
jhjLBiTxjJl8syYfv3QLl/LZxu/qr1BsB+nFAIGJ7RCM/mcV6ba+Bw0oGVKDbl8mf30NsFJEAiZgesZ39v5bBuf0ilBjAOXyvuG7zKO+6t6ixvxJ2BuDW2b0knqExYzyq4f05yzHSEdfUpsMTNLWXts4skps9KH7/Col+OeM2r5LNQTpq/Gn6A==
kptwrJoCxGPpF/N4KYA5o0xyTXsoPBNpdGm7KxAF92obw7dLF95oc0VF+TnHh/GJiNlj4PVSeS4Hiiy8R5PBITFOk6HBpb3grMeH+ffS6XQTCLoKyrNkSKn+Ae6cpNWNohAEziZoaGF/h2c2u85J7Q2mWZ4FseTyFynj7fXSuU0wAOqp8Kfn
s2S+Mr5gAZ8Nrb0pgsVZMPDZxv7ouVRsB+nFAIGJ7RCM/mcT6ba+Bw0oGVKDbl8mf30NsFJEAiZgesZ39v5bBuf0ilBjAOXyvuG7zKO+6t6ixvxJ2BuDW2b0knqExYzyq4f05yzHSEdfUpsMTNLWXts4skps9KH7/Col+OeM2r5LNQTpq/Gn6A==
zkuToTVsEz4GTWQ7ErONY0xyS200IRNpdGm7KxAF92obw7FLF95oc0VF+TnHh/GJiNlj4PVSeS4Hiiy8R5PBITFOk6HBpb3grMeH+ffS6XQTCLoKyrNkSKn+Ae6cpNWNohAEziZoaGF/h2c2u85J7Q2mWZ4FseTyFynj7fXSuU0wAOqp8Kfn
LaeO8RgQkumA3TEV+v2jeExySnsmJBNpdGm7KxAF92obw7JLF95oc0VF+TnHh/GJiNlj4PVSeS4Hiiy8R5PBITFOk6HBpb3grMeH+ffS6XQTCLoKyrNkSKn+Ae6cpNWNohAEziZoaGF/h2c2u85J7Q2mWZ4FseTyFynj7fXSuU0wAOqp8Kfn
kd+gRUaL9j+pimUaIX0p8nl0M6ggQCRgaQftDA0vTjz6iBJDVFEr84KHehEll471KVYFu6JyyB62z9s9Z4UZd++1lqE93Cuy55KZ8nKAmWPfHW82zR1fJSNc8r/ZxekiN0hNcCS2VFO6dPeGH9KCVAsxPGiacviotl1h/3kKZT7XUZPeBy/bUfrOCVG9USsiJ/FueLSV7qf5
ZUqJXhdIOgs1pWbLGtKEB4mwykxetSGWZIO9Hdswtk41YgVpX3XcxYdhod1eIZbH7QVxJlDZPQEhn+LVxR5BC0rLtJ5Kd7+No011VwO9krHZBHfyO0o9YvYINQNz1StG6eVjJR+k1s+dDUVCm8DJ4IBuiBPmrBOWG9pudGf5+Nj+ygQoyuWFTz1CiR67WZfOY3cHkaaWrcE52YfCi7mqiJDt0qfF
bTWSj8rKk5hZnUUXvtnRUQj5EC3iVCd3GCs8440wnXPQbdcah25JqoiL9Bi9GhVtWFthq4rW8mugiFUWP+nRWlcEJSspnq1A9x/HEexkfHXtMyMjyEClNAKrhYPFbEMyT+KhEnqQQaOnreeWlc13JQuMqh9RdZHi71hFkBzG/NPSxA+mF8JaFLPBtAhCopCoXg05H/F63f6PQZv+f58z0VI+MTG1QXNi30Hm2GzFxqfR
bTWSj8rKk5hZnUUXvtnRUQj5EC3iVCd3GCs8440wnXPQbdcah25JqoiL9Bi9GhVtWFthq4rW8mugiFUWP+nRWlcEJSspnq1A9x/HEexkfHXtMyMjyEClNAKrhYPFbEMyT+KhEnqQQaOnreeWlc13JQuMqh9RdZHi71hFkBzG/NPSxA+mF8JaFLPBtAhCopCoXg05H/F63f6PQZv+f58z0VI+MTG1QXNi30Hm2GzFxqfR
Cl2COAOneQqfMMJ6JDKTNMVaqJQOOJqrCVAKrlWYKoiru56OjSYQ/NsbE3r/SicVyjIl46GDezzQBeeZq5QqpPemBEHUJpzJnfdqLHHmenPRV+DH/CRfqPsszvorOA2iNX1BoPAu9zuazcv3Trs9N8BoaZSOA1HT0XSfcpN6NUKu+E3Da8UT5mG1iyX39F5vpR1dguMwkcCIXiCTDtwb9sNq1rR/6YA4dhosKOK1DS/FUpFeA+nPLmuPbhEOpqXh4al/gpOpkigYPbqnrQ==
HTOn64YJTwrrNzjpn851wiTmxeJ1ECiq6hkGtFic/OFppypZ94hSwgJVLAL1XbbQxAfw2g0omoqA6GETjLZrLBGcYGHDrKmO7jWg/kgnGSlkKyX8QfGs5EwVp2gJE+/V1liU6krlKm7issbc88JYbYwgd1sbsNd7sTID2ZY63ENR9k+g8hQCdsBqhufWrttWx2TKQMNQ5aIe8ftcg+5qjoJWvFl4S4MLxuTS6qSVDKKLF7T3jJdIF/9C25xsglYO+6jyWsmloatcOmVox9xa7mulRPkLoae4
PTWU8BR3SY90Y5le5fhmrwOxLgHJoTFXKGJvSuYF7VIbMOBkYTRcec/d4Zjw9BKM1S38EWzpcrGCXvQLAXUdMcunvcEsSed4SRIFNgOayHQL802plb5Xmd2lodhoNyNxe7KlvPcYvhK289jQLW6lptCE2YVGIEC2uuj0mbu3Az637oUlqTbdA7hxGOoTOYelOTI1xZRwrpHsp/s=
TfnDM6tf4w7HZaLEyjgYA6G2XuaEq/nuzH+JkuCOqEsawNC707JtMk65iF1OEGWHX702RcuvvhcteFkCI/7ftt8tTeByVAI2QCqGJ1Zu25ZHpMoAQxDl4p6x+5wDLmpOApa8GfgLg0tGpNIqJFUMYgvXtLcM10hXfwLbXOxCVs57aPIaSeWh69x6ZahHHFou62VEuYvhp/g=
CaRoU5YoGcjxQd7LrslLrpkV9ADVUfEypus+c5GcX/Xcuj1qnzkSXh8ubbVhFqVSgPHgOqtZzzUR8t313BC2ITSnIw==
TNZtGEPB8F1bdJH9PztvRshCtLFhWjkUqL/lNcHK6Nms/cp1Xg61nS/57Kd0Oxg1yPO3uKA7jRkppzLJSnK4AaJtgIe8jYp8TCm1iLciPgLiLFQkjtVqCOtcg/qSoq+mZVhqH5PO3+g6JCZohBv0HaMREmoamFjz/OiPSSxVoKGIrUts807wREbkn1aKWIQzwXFI9O3a+/rqZK+7nJvn16fC
53PcYj1pyzvXUcJsU10+qamjla2fmYCS0ug6FqKY2bZz38xiFHyt7LOLfS6/4KxP8W/AdTYn/Dsbblnv7ac1QxaQWD9yZTWmQ+qJPlaWjmB2xES0PGVAgDxqJFFTaExa/CZDwJSfM5uHBU7BNQxTMl/CkdIqcDEjNw1X1kWthyX77Hpf4dUBYp+4FVAs5uzTwqT/5sdi6pQjIcTIEoKgqG4t6V8BGk1+P+HLPg91ItFCHgFxZSGD4k/hVhg8JbanoQ==
P1LXrBNyTB/d3GZC79D3qXxxwDbP/nh9lIKDNMJQSnekZUKBupoEgh5oLnFLuCptpP5NJtSKyabowixsjVpPKAIf6xeWS3AudFjYfLo5d8DgNVCywS5CkrFAqUnUKwv/JFgMWFXrfPHPd+IBvTN3SLX8Qzl2kBY2eOWO3MJvuWX2ZGty9LIo56Rq2lGsRIw0mmMMmKquWMG2vS9CotdHQTGrHtpmDGCbR4UOwfWMEzKfQtHS6vBxI/eNF9aFLcclu2y6X6FVwWLfONVQbGYs04IkP+aH4iqUY6EEyFICYKgurSlfQZqNfn9hCz5P9eLRAp7BcSWhQ+IPYZYYfKV2p2E=
24Bq/44Ztn8DvwR+qaLDqEVJMSJ3E586E8ckXKKRqYkQJXYmRCc7Pc46fnJpw4sWS7ce1zp7YwD0MOXXndsxeNwPMPEnSWH6R8wgpN1UaysUJGQWcypOtOmaw8TOTD4i8EWOE/bQL06Qg47ruMC+HSTQJz0x3+42p64Zngu5J45TnRaRtrZdgUl5d0IbGXpIwI3ip/U=
/jrJHRKcdYUwgtoP0QHEziJgaxzLKi/LKnuh4dDVtUAeFEgn9vCwGnwV+0i1ShjzlQHjDyRSfPgiS+WxlKkPyMGSjcarOrDE0zN1+c2ev4nVpanIgBd7IUNyfQyPuBbiPnNQYMWOHdaIRCFVHkBoprLo/ImTV9tuz65d1RFWtbEw8ZCau5l/FWFyDRVMUMaB5Kfz
mhddGkRvcsaDkj31FyefzTOfOUk0eGM8tzoDMwRf2rr8JWkIWlSM7ypA3ELY9R/w2dqkexGBZ4eYwpBARitBaXgZU4CFUkkO90qcHDcTUYHhjkOB0aWtwHwHV1lnUpnUo8hKKvqzFCiZPvEOLCRF7fLQ1C42aHgBL8e31itO+Y195ml59LHU0mdpU00FUintYEC6ieCn9w==
53PcYj1pyzvXUcJsU10+qamjla2fmYCS0ug6FqKY2bZz38xiFHyt7LOLfS6/4KxP8W/AdTYn/Dsbblnv7ac1QxaQWD9yZTWmQ+qJPlaWjmB2xES0PGVAgDxqJFFTaExa/CZDwJSfM5uHBU7BNQxTMl/CkdIqcDEjNw1X1kWthyX77Hpf4dUBYp+4FVAs5uzTwqT/5sdi6pQjIcTIEoKgqG4t6V8BGk1+P+HLPg91ItFCHgFxZSGD4k/hVhg8JbanoQ==
rZGLp98D7GxqK1rj4bnOiFa9xaft6pkwvp69v9dTAHO53P7JxP19vbRx3LNNhhpmtsHd8iHG5T9mbe4dQ+izl6UG1jaimLyAHlHi/Esoyz5ChseSZWwCO0MKl5ya0K7sFL8cqeMl+k4KnFAH3JzHjfzxyBUIGSPII4q4MGYQl1KafG8HgcWgUH1ecw5KEOd/TL+P46f2
djCH6CYtp/sTENKrAgALWQj5HiXmCiJwBXxo7MJJvFvqReQ1tEdJq4TKux/4CQx6RVphooWf8m+sthp9P+TcNEoDPFg6jq5F6VyfArJ3N0HBCw4a1mywGzelnoHFbEMyT+KhEnqQQaOnreeWlc13JQuMqh9RdZHi71hFkBzG/NPSxA+mF8JaFLPBtAhCopCoXg05H/F63f6PQZv+f5Uy0VI+MTG1QXNi30Hm2GzFxqfR
X/DECU+6JrQ+09i2+PjDKtEvIuTF6IsgLWunTQ4jBnVYbpHi1X9C7zwWar3vhOw0OiPsGIpuPsUZ/M/CghcnQdHrPloGzMCbp8UuQZVMszJ/AvFSijDRIxfNN1bl7WclG6za34EVIWJ/+LXQTCbM0yLkX2anosqUw2FkSHJCgKhObQnfodotfh+hK76vtULRYl7h8cXh4+JvobaYnOXWp8E=
hKEm4HSZmqufOGX3XbaqWVMf7ZyuyQFT1b8hWTx4awyvGusDfB8CalRF0fjS1ARf0uC0EgA1J4DxOrxrGYFvl4CiuLB+axm5kLkrMA3SwX5PqjRMb9OpsYmuW5HZpaXQZCc/aZ+SwYQLKPJacjOcmOGeGd50ZH0d2rDMPj5ocBE3J5+mE44h3RVGkcl8MVwi3wn7nd0SUd2IYKKZ6Kf/
8sUu4L7y3CmgQVCpfHpPDR4599h9RI+9Xts7Pm4gNoIEeCOl7H827rn+JG1wSuEex27VBTn2zaEIcWiKA/kXRemyBaXkMJ4xPKcr
B0UP0BVEqr7ayhYrb18jf39+ycktmnpqTnBqfUz3yalDERI1mcvLkHDFQ/lLvqTF5GekC2Aed6/Dr2AOHlGnqz7gCLimGGeqeqR/zwGNsAgdJgMGCphXR2xnHyunPg==
xZTNIPDhlyKqfWOSud+MZxAgWMWSm/eGOvBCaljYnw14D8J2NX6o9QS6dbZ7zgltzaYZGUSxJHJXKSNtNdL5zfAAqikwpyc=
7Q+TQui7bDtmfX4EBES7nxEgWMWSm/eGOvBCaljYnw14D8J2NX6o9QS6dbZ7zgltzaYZGUSxJHJXKSNtNdL5zfAAqikwpyc=
d64YoyqUEPJU8kog/WK7vT/9u6dlFRmiumbDdRobf3aiUOo6oJhHPVDvumY9fqDl/NpdhiMOcb1lBoFpzDGsws/JS72NkiG9GCCSOTinLw==
pPbAfeI3BJ5EEBQxZh4LCmzyx+BdPC3O1G9SkIdLK1AYT3zB0MmwYFu1y5mEXF6f+wHGZpxaFkarkBKye70ho8zCxUC3hJomux0kkTs5pzA=
9SRqK9iE6S/ITJZ+SGuz62zl2+xdPC3O1G9SkIdLK1AYT3zB0MmwYFu1y5mEXF6f+wHGZpxaFkarkBKye70ho8zCxUC3hJomux0kkTs5pzA=
cIUdiKOJnh60PPRmry3fNBa3s4YkG/vlhx4kHl3JhPshynwoNIb+aBmBjpdk2mO+/tkiooO6ff4vgbt+X1WS0bL+0bFVgZNiP4EGWIwFJqcx
Yvkd4lUhRsZUq5HWok5dQTxofKU3WyNpax25Ag0vCi/0phIdBxR0tKKzRHgynvaFUSwX4uon30Gp29Z6XpwIW++1lqE93Cuy55KZ8nKAmWPfHW82zR1fJSNc8r/ZxekiN0hNcCS2VFO6dPeGH9KCVAsxPGiacviotl1h/3kKZT7XUZPeByXaUfrOCVG9USsiJ/FueLSV7qf5
Imenjo3ItTXUxZ1b3w1Tiw3xb0adtDZMLH9vDqMK9xsYP+ZSKHUdMJaUwJeekAjqpFWDGG2qMOOdAesfDDIkKNqLvcEsSed4SRIFNgOayHQL802plb5Xmd2lodhoNyNxe7KlvPcYvhK289jQLW6lptCE2YVGIEC2uuj0mbu3Az637oUlqTbdAbhxGOoTOYelOTI1xZRwrpHsp/s=
k2PpJUC2pduYZUXEBE0+wdZmBDBSidI3eKLAof7ssyieZo33l5vwy9lEbkFEde0lVMms+41OKh6W2c36Ic71J0YV3tWDoMMvRZ5GviIQLBh+6RI0C2D7xmKe15plZBIjY/Kn1NoYXlR0J4whY61q1uokIE8cVPf13OnYHQgRM9AD8oj4pljn6nrk/48BTTDIHeaDxgpY14dsp5/rp/4=
Wdh9WyUXMXzOgfn+wAMqjXPNeZbdFyWInKvo4qcmlnyR4YdpxLXhrkInZFcJCzzzUM39HP7AzpMBPGGMsemOT4IDUxK3kb00KhjC8oh21hOuQrvyb1j6FFsc5eaWretoO0JKauqqzE0gx8MPDngCnlz57IajqwQjlFvI0/eeSyhUrvZqE9QCzhOpYS8UJjWcvzA6SsOZdK2T7af8
4vVMnYTXaFU5n7aAO1zDP0UPYaPd1bDIaeVfZEKL2gt9DMN9WDq54gOpfqZ7zgltzaYZGUSxJHJXKSNtNdL5zfAAqikwpyc=
vtlejbPXzWrnw4DAFQgdoEUPYaPd1bDIaeFdakKL2gt9DMN9WDq54gOpfqZ7zgltzaYZGUSxJHJXKSNtNdL5zfAAqikwpyc=
ji/TSxBgTh5Qub+PP3YUoshCtLFhWjkUqL/lNcHK6Nms/cp1Xg61nS/57Kd0Oxg1yPO3uKA7jRkppzLJSnK4AaJtgIe8jYp8TCm1iLciPgLiLFQkjtVqCOtcg/qSoq+mZVhqH5PO3+g6JCZohBv0HaMREmoamFjz/OiPSSxVoKGIrUts807wREbkn1aKWIczwXFI9O3a+/rqZK+7nJvn16fC
Wn2s929Dnw5+UuuYVfHfjlERc8gl73rb7OgTBIOgaT0WlcoBFLYbI2E2NnKjjGJWI3Hh9yS+VcQPKPrS88EUtSM1pyQ=
euAkbH7U5KekSUIKu72VOXZ+e78sVCRqKAD8FSxmCyLyrBIdBxR0tKKzRHgynvaFUSwX4uon30Gp29Z6XpwIW++1lqE93Cuy55KZ8nKAmWPfHW82zR1fJSNc8r/ZxekiN0hNcCS2VFO6dPeGH9KCVAsxPGiacviotl1h/3kKZT7XUZPeByXaUfrOCVG9USsiJ/FueLSV7qf5
tH3WyxKcoZzAQpHKTIgY7DdHmeJJCRN9gJC/WKEBzWWtMVHN04hfFR6K3zVUliMyNP52uvMkwv6z+WF/tBb1bF/guhqj6TSdMz2nLA==
zYQuPTxwyH9HTGFiWa4SivCPIV6ptDoKvAqOEe3OGgGBGRxSSsSz3bMrSEgNBJChyxi9zoUBWv5VkHRJc4OhgqCGm1taeECETcPIYOZAt0LazM83gfUA4L1OU97KwAdvjE9vE6cG
o8ifqA5MoqiG6pS8un2xCmlQ+nOiUBFXUVbMIWexH8Gx71zakYqF8Rp3FgYTxc2q7pfNS/3VUIgJYf0qYou6y92MY704Olmioyne5pvOKa1tJvnZJLEEMvepQ63V0tkNkIBKaRCnBw==
dOmcOg8UcWq3Ao9+kHOe4/PGpB74sXgirYq5CT4HUs6/pWEiagdpkyGVDFDtcfkijqvWAxk8BwXEuiUaR5marnfuRaVpNp2B+HFYalM5xyV5MnVFVHBuESynOw==
HcGxNonNPSsrMgbtGq/3fDXpJ4MP5dkn5rx0KqmKvQEyF07W24WFGhY3pdtlVcgYoYFFWipLcpuFrIuNQDqhkssJBjbTjuFd1UZRSbwxnKIfCTsdHRKRXUhgYhkopz8=
tOMgsDgkbn8TPxhlkYS4VBzaCKY+1/g90bx0KqmKvQEyF07W24WFGhY3pdtlVcgYoYFFWipLcpuFrIuNQDqhkssJBjbTjuFd1UZRSbwxnKIfCTsdHRKRXUhgYhkopz8=
hfd1SuaI23kEBKLnDYvC9skDm2ZLk2oW/q4rCj+FuJ/EQkkVF478n89/h/WqvEspL474GyBPT+TBSYJ6Y1aBQczigd4zib9uu2zeEX6GdSHRCQ8Cg0lCaGgdKqc9
J5xKtjyR8iAg7vLm1knEQAj5EC3iVCd3GCs8440wnXPQbdcah25JqoiL9Bi9GhVtWFthq4rW8mugiFUWP+nRWlcEJSspnq1A9x/HEexkfHXtMyMjyEClNAKrhYPFbEMyT+KhEnqQQaOnreeWlc13JQuMqh9RdZHi71hFkBzG/NPSxA+mF8JaFLPBtAhCopCoXg05H/F63f6PQZv+f5Qy0VI+MTG1QXNi30Hm2GzFxqfR
cC+6koUNW/Znc7Xm5O672jdHmeNJCRN9gJC/WKEBzWWtMVHN04hfFR6K3zVUliMyNP52uvMkwv6y+WF/tBb1bF/guhqj6TSdMz2nLA==
LnLtoecSEiK7HRpGuRaBV6Jhi8Z8dje0YUtkJ7+jWhuH5sXFKF4Szvm18eA8OsEBDHQ/1RTwGaXQvqZuM/uXupBNQYZvYfBDYaZV2ozf1DiU8+Avvmu4va/5eTnybyGqM3o3bikwLpl8LFeq3OtHGxb3gAyLMH3ACJot1Ev6o9E3kAYioeM8QW03aLcb75bknyT4L0eLl5gZElWWM1p4VDtznYkF/kf5LaVRuHh3s1GrMpWcR9iOsubziDBdrtVGoASJZdbgUBYK6EQ5q/eTXmdudUVZdi1gaHHISiN5N4UJsmXlBLC+cZyniw==
6i+j1YvpQPskK13ndOp8bU8QLkdnGIK/qEh85YiP0L6m0abvkneIr7wzJoNizKWYupeYWVCHf37n59eZey7WirnuFcsGquWCRvS4E3sxpj+beYVJ9xXLPEmIq30btCTI4r4UrrzTH/+s1igjb8JlnX95hhxM8Fb7Crym5G5Wf6zor7hGT6EnzpeJFUSLMzp0jKFF8Fd6Lkpi5ET87i0agKtUM0Ky+j/uZRD6R7N2b+B6rFaQ5MPk1SNZAjL64Kh7POA/8QyNMGmIZdu00/ZATIZsby5qAJZ7QblYLI0ii3KqbB8DvMN3n6eK
sFcqydrZAo7WBt/chzZipTg3l4u0I/2spe6JeJZw+XfoTTtu76Rfg1z+uI3nXz1zutTULgXmpWcH+VX7QO6wVBB2xDZ15YHfXCx36nxrJ1v29+vJLLDdACiazRQrekORF5AmYgFjXAGNNwh3+282JL8k2O8nC3fYeRJ11pPa2BTbc/1J5X7nOQ2lcXjY91ORyzJ13OdYLvLG8+hwvS61hoAEqaV2YLDWauikect3Mx5HblUFufZNoIhx6IqD+ZdFabKFpWQwHjG8p6s=
Ob8GEhA8sz+TYeOK5UGaE+f9eiUV+BpZJkQTQrFZRWksvp1WN3ZS59ZVDYZfbibgh3qMc7anrxIdxiecVhqWQdqXcHCkgUyBeL0QnmxC1uqe94idMJ0A3EaCGqdnWikyf7PT9lie0lTwkKShE/mszBxME++na686w0L0IrpdqsYyaubUwzqYBRy4lxNriNdT4WqjUSZCnKtB7i9oAqyC3hCypu/mVhs+V/wqCLNo5YpOqVvUM5YqZpJO3JGI8wOjFjzy4pRtzMobj1S//K9IP68aexTc+hbm67CSkjodIQOM4kVg9ySahvs9pLF7maeQ
oXv07pXHGZDmMzASGQ+U0ef9eiUV+BpZJkQTQrFZRWksvp1WN3ZS59ZVDYZfbibgh3qMc7anrxIaxCecVhqWQdqXcXCkgUyBeL0QnmxC1uqe94idMJ0A3EaCGqdnWikyf7PT9lie0lTwkKShE/mszBxME++na686w0L0IrpdqsYyaubUwzqYBRy4lxNriNdT4WqjUSZCnKtB7i9oAqyC3hCypu/mVhs+V/wqCLNo5YpOqVvUM5YqZpJO3JGI8wOjFjzy4pRtzMobj1S//K9IP68aexTc+hbm67CSkjodIQOM4kVg9ySahvs9pLF7maeQ
TZCprn0eqmGiNxef5ru30Of9eiUV+BpZJkQTQrFZRWksvp1WN3ZS59ZVDYZfbibgh3qMc7anrxIdxiecVhqWQdqXfnCkgUyBeL0QnmxC1uqe94idMJ0A3EaCGqdnWikyf7PT9lie0lTwkKShE/mszBxME++na686w0L0IrpdqsYyaubUwzqYBRy4lxNriNdT4WqjUSZCnKtB7i9oAqyC3hCypu/mVhs+V/wqCLNo5YpOqVvUM5YqZpJO3JGI8wOjFjzy4pRtzMobj1S//K9IP68aexTc+hbm67CSkjodIQOM4kVg9ySahvs9pLF7maeQ
bR3OAcEaXv7uL9gtJURSSuf9eiUV+BpZJkQTQrFZRWksvp1WN3ZS59ZVDYZfbibgh3qMc7anrxIaxCecVhqWQdqXf3CkgUyBeL0QnmxC1uqe94idMJ0A3EaCGqdnWikyf7PT9lie0lTwkKShE/mszBxME++na686w0L0IrpdqsYyaubUwzqYBRy4lxNriNdT4WqjUSZCnKtB7i9oAqyC3hCypu/mVhs+V/wqCLNo5YpOqVvUM5YqZpJO3JGI8wOjFjzy4pRtzMobj1S//K9IP68aexTc+hbm67CSkjodIQOM4kVg9ySahvs9pLF7maeQ
pPcONH9a4DrRjwYmIFJEoef9eiUV+BpZJkQTQrFZRWksvp1WN3ZS59ZVDYZfbibgh3qMc7anrxIdxiecVhqWQdqXfHCkgUyBeL0QnmxC1uqe94idMJ0A3EaCGqdnWikyf7PT9lie0lTwkKShE/mszBxME++na686w0L0IrpdqsYyaubUwzqYBRy4lxNriNdT4WqjUSZCnKtB7i9oAqyC3hCypu/mVhs+V/wqCLNo5YpOqVvUM5YqZpJO3JGI8wOjFjzy4pRtzMobj1S//K9IP68aexTc+hbm67CSkjodIQOM4kVg9ySahvs9pLF7maeQ
IuxRznUMne+OG/j6wdrlHuf9eiUV+BpZJkQTQrFZRWksvp1WN3ZS59ZVDYZfbibgh3qMc7anrxIaxCecVhqWQdqXfXCkgUyBeL0QnmxC1uqe94idMJ0A3EaCGqdnWikyf7PT9lie0lTwkKShE/mszBxME++na686w0L0IrpdqsYyaubUwzqYBRy4lxNriNdT4WqjUSZCnKtB7i9oAqyC3hCypu/mVhs+V/wqCLNo5YpOqVvUM5YqZpJO3JGI8wOjFjzy4pRtzMobj1S//K9IP68aexTc+hbm67CSkjodIQOM4kVg9ySahvs9pLF7maeQ
4ul7qACPxhKVyMNRZsjk1uf9eiUV+BpZJkQTQrFZRWksvp1WN3ZS59ZVDYZfbibgh3qMc7anrxIdxiecVhqWQdqXenCkgUyBeL0QnmxC1uqe94idMJ0A3EaCGqdnWikyf7PT9lie0lTwkKShE/mszBxME++na686w0L0IrpdqsYyaubUwzqYBRy4lxNriNdT4WqjUSZCnKtB7i9oAqyC3hCypu/mVhs+V/wqCLNo5YpOqVvUM5YqZpJO3JGI8wOjFjzy4pRtzMobj1S//K9IP68aexTc+hbm67CSkjodIQOM4kVg9ySahvs9pLF7maeQ
XAZpBesmZ1nLhdKTuxJUQef9eiUV+BpZJkQTQrFZRWksvp1WN3ZS59ZVDYZfbibgh3qMc7anrxIaxCecVhqWQdqXe3CkgUyBeL0QnmxC1uqe94idMJ0A3EaCGqdnWikyf7PT9lie0lTwkKShE/mszBxME++na686w0L0IrpdqsYyaubUwzqYBRy4lxNriNdT4WqjUSZCnKtB7i9oAqyC3hCypu/mVhs+V/wqCLNo5YpOqVvUM5YqZpJO3JGI8wOjFjzy4pRtzMobj1S//K9IP68aexTc+hbm67CSkjodIQOM4kVg9ySahvs9pLF7maeQ
egz8hj/PtKBP6xgB0N91Ref9eiUV+BpZJkQTQrFZRWksvp1WN3ZS59ZVDYZfbibgh3qMc7anrxIdxiecVhqWQdqXeHCkgUyBeL0QnmxC1uqe94idMJ0A3EaCGqdnWikyf7PT9lie0lTwkKShE/mszBxME++na686w0L0IrpdqsYyaubUwzqYBRy4lxNriNdT4WqjUSZCnKtB7i9oAqyC3hCypu/mVhs+V/wqCLNo5YpOqVvUM5YqZpJO3JGI8wOjFjzy4pRtzMobj1S//K9IP68aexTc+hbm67CSkjodIQOM4kVg9ySahvs9pLF7maeQ
hxCykV99EXzQxz911jBLSuf9eiUV+BpZJkQTQrFZRWksvp1WN3ZS59ZVDYZfbibgh3qMc7anrxIaxCecVhqWQdqXeXCkgUyBeL0QnmxC1uqe94idMJ0A3EaCGqdnWikyf7PT9lie0lTwkKShE/mszBxME++na686w0L0IrpdqsYyaubUwzqYBRy4lxNriNdT4WqjUSZCnKtB7i9oAqyC3hCypu/mVhs+V/wqCLNo5YpOqVvUM5YqZpJO3JGI8wOjFjzy4pRtzMobj1S//K9IP68aexTc+hbm67CSkjodIQOM4kVg9ySahvs9pLF7maeQ
jM57w/3hHbv3tkOpoGKZN+f9eiUV+BpZJkQTQrFZRWksvp1WN3ZS59ZVDYZfbibgh3qMc7anrxIdxiecVhqWQdqXcHGkgUyBeL0QnmxC1uqe94idMJ0A3EaCGqdnWikyf7PT9lie0lTwkKShE/mszBxME++na686w0L0IrpdqsYyaubUwzqYBRy4lxNriNdT4WqjUSZCnKtB7i9oAqyC3hCypu/mVhs+V/wqCLNo5YpOqVvUM5YqZpJO3JGI8wOjFjzy4pRtzMobj1S//K9IP68aexTc+hbm67CSkjodIQOM4kVg9ySahvs9pLF7maeQ
zFP0BELIgw7iNZE6jd+Ikef9eiUV+BpZJkQTQrFZRWksvp1WN3ZS59ZVDYZfbibgh3qMc7anrxIaxCecVhqWQdqXcXGkgUyBeL0QnmxC1uqe94idMJ0A3EaCGqdnWikyf7PT9lie0lTwkKShE/mszBxME++na686w0L0IrpdqsYyaubUwzqYBRy4lxNriNdT4WqjUSZCnKtB7i9oAqyC3hCypu/mVhs+V/wqCLNo5YpOqVvUM5YqZpJO3JGI8wOjFjzy4pRtzMobj1S//K9IP68aexTc+hbm67CSkjodIQOM4kVg9ySahvs9pLF7maeQ
S1ZJKyzC/polxSl6zz81Uef9eiUV+BpZJkQTQrFZRWksvp1WN3ZS59ZVDYZfbibgh3qMc7anrxIdxiecVhqWQdqXfnGkgUyBeL0QnmxC1uqe94idMJ0A3EaCGqdnWikyf7PT9lie0lTwkKShE/mszBxME++na686w0L0IrpdqsYyaubUwzqYBRy4lxNriNdT4WqjUSZCnKtB7i9oAqyC3hCypu/mVhs+V/wqCLNo5YpOqVvUM5YqZpJO3JGI8wOjFjzy4pRtzMobj1S//K9IP68aexTc+hbm67CSkjodIQOM4kVg9ySahvs9pLF7maeQ
k6TfcjaFHYiEmS2BoWqe+uf9eiUV+BpZJkQTQrFZRWksvp1WN3ZS59ZVDYZfbibgh3qMc7anrxIaxCecVhqWQdqXf3GkgUyBeL0QnmxC1uqe94idMJ0A3EaCGqdnWikyf7PT9lie0lTwkKShE/mszBxME++na686w0L0IrpdqsYyaubUwzqYBRy4lxNriNdT4WqjUSZCnKtB7i9oAqyC3hCypu/mVhs+V/wqCLNo5YpOqVvUM5YqZpJO3JGI8wOjFjzy4pRtzMobj1S//K9IP68aexTc+hbm67CSkjodIQOM4kVg9ySahvs9pLF7maeQ
zIgDKjbsFTsQBGprebnkCuf9eiUV+BpZJkQTQrFZRWksvp1WN3ZS59ZVDYZfbibgh3qMc7anrxIdxiecVhqWQdqXfHGkgUyBeL0QnmxC1uqe94idMJ0A3EaCGqdnWikyf7PT9lie0lTwkKShE/mszBxME++na686w0L0IrpdqsYyaubUwzqYBRy4lxNriNdT4WqjUSZCnKtB7i9oAqyC3hCypu/mVhs+V/wqCLNo5YpOqVvUM5YqZpJO3JGI8wOjFjzy4pRtzMobj1S//K9IP68aexTc+hbm67CSkjodIQOM4kVg9ySahvs9pLF7maeQ
jbpiFPypvEVU8VV6bDxo5uf9eiUV+BpZJkQTQrFZRWksvp1WN3ZS59ZVDYZfbibgh3qMc7anrxIaxCecVhqWQdqXfXGkgUyBeL0QnmxC1uqe94idMJ0A3EaCGqdnWikyf7PT9lie0lTwkKShE/mszBxME++na686w0L0IrpdqsYyaubUwzqYBRy4lxNriNdT4WqjUSZCnKtB7i9oAqyC3hCypu/mVhs+V/wqCLNo5YpOqVvUM5YqZpJO3JGI8wOjFjzy4pRtzMobj1S//K9IP68aexTc+hbm67CSkjodIQOM4kVg9ySahvs9pLF7maeQ
77bV0FcJa5EBBVRye1XAkuf9eiUV+BpZJkQTQrFZRWksvp1WN3ZS59ZVDYZfbibgh3qMc7anrxIdxiecVhqWQdqXenGkgUyBeL0QnmxC1uqe94idMJ0A3EaCGqdnWikyf7PT9lie0lTwkKShE/mszBxME++na686w0L0IrpdqsYyaubUwzqYBRy4lxNriNdT4WqjUSZCnKtB7i9oAqyC3hCypu/mVhs+V/wqCLNo5YpOqVvUM5YqZpJO3JGI8wOjFjzy4pRtzMobj1S//K9IP68aexTc+hbm67CSkjodIQOM4kVg9ySahvs9pLF7maeQ
FxTzLy1Z+fFVwpHXVgRbbef9eiUV+BpZJkQTQrFZRWksvp1WN3ZS59ZVDYZfbibgh3qMc7anrxIaxCecVhqWQdqXe3GkgUyBeL0QnmxC1uqe94idMJ0A3EaCGqdnWikyf7PT9lie0lTwkKShE/mszBxME++na686w0L0IrpdqsYyaubUwzqYBRy4lxNriNdT4WqjUSZCnKtB7i9oAqyC3hCypu/mVhs+V/wqCLNo5YpOqVvUM5YqZpJO3JGI8wOjFjzy4pRtzMobj1S//K9IP68aexTc+hbm67CSkjodIQOM4kVg9ySahvs9pLF7maeQ
D4Cskt1fvrH1NyCu8jzs7+f9eiUV+BpZJkQTQrFZRWksvp1WN3ZS59ZVDYZfbibgh3qMc7anrxIdxiecVhqWQdqXeHGkgUyBeL0QnmxC1uqe94idMJ0A3EaCGqdnWikyf7PT9lie0lTwkKShE/mszBxME++na686w0L0IrpdqsYyaubUwzqYBRy4lxNriNdT4WqjUSZCnKtB7i9oAqyC3hCypu/mVhs+V/wqCLNo5YpOqVvUM5YqZpJO3JGI8wOjFjzy4pRtzMobj1S//K9IP68aexTc+hbm67CSkjodIQOM4kVg9ySahvs9pLF7maeQ
LBNJOQmcXcwhENIqdmcrsef9eiUV+BpZJkQTQrFZRWksvp1WN3ZS59ZVDYZfbibgh3qMc7anrxIaxCecVhqWQdqXeXGkgUyBeL0QnmxC1uqe94idMJ0A3EaCGqdnWikyf7PT9lie0lTwkKShE/mszBxME++na686w0L0IrpdqsYyaubUwzqYBRy4lxNriNdT4WqjUSZCnKtB7i9oAqyC3hCypu/mVhs+V/wqCLNo5YpOqVvUM5YqZpJO3JGI8wOjFjzy4pRtzMobj1S//K9IP68aexTc+hbm67CSkjodIQOM4kVg9ySahvs9pLF7maeQ
BBoUfAUMiqhc9/0HmhT2THeER1H5HvqjOTDN2cxigS4MLas/HMy6iwn9Ti2T0LNSzdoRROucLm4CYTMYoucc3YPm0PA4y0CaouaioW2QR8C6PRrQp0MmBlrp3iDEKp96cZU0DEgrTOBr++AYkx7QDQd5kck6TxmaazpP/rGQ5kmULL96FEvfi2632DyzELUw4BqFZAOa26Fv0L6yOQP0kUU3QOdTjw50J+Qg379rXyixkj3me3pAZOOzZRmdXg+pRaU56DDXK8FT8k2sf/jGwo5zIICVTi22eMQx9U6AGEYi6GzpYxcLzt8uLTUhFmXQwPEguutZD7VR8h11nBB2oXSnYw==
8ZSZslb0LfS1m5oMCe78Pef9eiUV+BpZJkQTQrFZRWksvp1WN3ZS59ZVDYZfbibgh3qMc7anrxIaxCecVhqWQdqXcH6kgUyBeL0QnmxC1uqe94idMJ0A3EaCGqdnWikyf7PT9lie0lTwkKShE/mszBxME++na686w0L0IrpdqsYyaubUwzqYBRy4lxNriNdT4WqjUSZCnKtB7i9oAqyC3hCypu/mVhs+V/wqCLNo5YpOqVvUM5YqZpJO3JGI8wOjFjzy4pRtzMobj1S//K9IP68aexTc+hbm67CSkjodIQOM4kVg9ySahvs9pLF7maeQ
MG7e4XtTYQBk8024t7AEK1KE/PEQihHP8vp62At5LUlul/CuYgr9mBI9QhFBZiFrxj4vM3Bb9gaIsZfd9vIMlw+VjAI5GmmdgB5V894wtgiiur1zwuDes8pMzUumVLUGxgFxGeeFbBe/Fu2K6VJ3SDClYixJlsKTGSfIB16wFUjjfJZ682gVgv3tKWAYHr+bYn2z97YLRZcIWAHUZpMZ88mkx/JLqi0iZmjlg0M1W4bZRbMlzwTmD+3tdcJLoFmgkI74E1YMA9aL+j70F9lImA6q1CiaBfWPjWJ5nmt5Bw5z3LaRVva9Aak510K72VrIoE2Cp5U=
BBoUfAUMiqhc9/0HmhT2THeER1H5HvqjOTDN2cxigS4MLas/HMy6iwn9Ti2T0LNSzdoRROucLm4CYTMYoucc3YPm0PA4y0CaouaioW2QR8C6PRrQp0MmBlrp3iDEKp96cZU0DEgrTOBr++AYkx7QDQd5kck6TxmaazpP/rGQ5kmULL96FEvfi2632DyzELUw4BqFZAOa26Fv0L6yOQP0kUU3QOdTjw50J+Qg379rXyixkj3me3pAZOOzZRmdXg+pRaU56DDXK8FT8k2sf/jGwo5zIICVTi22eMQx9U6AGEYi6GzpYxcLzt8uLTUhFmXQwPEguutZD7VR8h11nBB2oXSnYw==
MG7e4XtTYQBk8024t7AEK1KE/PEQihHP8vp62At5LUlul/CuYgr9mBI9QhFBZiFrxj4vM3Bb9gaIsZfd9vIMlw+VjAI5GmmdgB5V894wtgiiur1zwuDes8pMzUumVLUGxgFxGeeFbBe/Fu2K6VJ3SDClYixJlsKTGSfIB16wFUjjfJZ682gVgv3tKWAYHr+bYn2z97YLRZcIWAHUZpMZ88mkx/JLqi0iZmjlg0M1W4bZRbMlzwTmD+3tdcJLoFmgkI74E1YMA9aL+j70F9lImA6q1CiaBfWPjWJ5nmt5Bw5z3LaRVva9Aak510K72VrIoE2Cp5U=
BBoUfAUMiqhc9/0HmhT2THeER1H5HvqjOTDN2cxigS4MLas/HMy6iwn9Ti2T0LNSzdoRROucLm4CYTMYoucc3YPm0PA4y0CaouaioW2QR8C6PRrQp0MmBlrp3iDEKp96cZU0DEgrTOBr++AYkx7QDQd5kck6TxmaazpP/rGQ5kmULL96FEvfi2632DyzELUw4BqFZAOa26Fv0L6yOQP0kUU3QOdTjw50J+Qg379rXyixkj3me3pAZOOzZRmdXg+pRaU56DDXK8FT8k2sf/jGwo5zIICVTi22eMQx9U6AGEYi6GzpYxcLzt8uLTUhFmXQwPEguutZD7VR8h11nBB2oXSnYw==
MG7e4XtTYQBk8024t7AEK1KE/PEQihHP8vp62At5LUlul/CuYgr9mBI9QhFBZiFrxj4vM3Bb9gaIsZfd9vIMlw+VjAI5GmmdgB5V894wtgiiur1zwuDes8pMzUumVLUGxgFxGeeFbBe/Fu2K6VJ3SDClYixJlsKTGSfIB16wFUjjfJZ682gVgv3tKWAYHr+bYn2z97YLRZcIWAHUZpMZ88mkx/JLqi0iZmjlg0M1W4bZRbMlzwTmD+3tdcJLoFmgkI74E1YMA9aL+j70F9lImA6q1CiaBfWPjWJ5nmt5Bw5z3LaRVva9Aak510K72VrIoE2Cp5U=
BBoUfAUMiqhc9/0HmhT2THeER1H5HvqjOTDN2cxigS4MLas/HMy6iwn9Ti2T0LNSzdoRROucLm4CYTMYoucc3YPm0PA4y0CaouaioW2QR8C6PRrQp0MmBlrp3iDEKp96cZU0DEgrTOBr++AYkx7QDQd5kck6TxmaazpP/rGQ5kmULL96FEvfi2632DyzELUw4BqFZAOa26Fv0L6yOQP0kUU3QOdTjw50J+Qg379rXyixkj3me3pAZOOzZRmdXg+pRaU56DDXK8FT8k2sf/jGwo5zIICVTi22eMQx9U6AGEYi6GzpYxcLzt8uLTUhFmXQwPEguutZD7VR8h11nBB2oXSnYw==
MG7e4XtTYQBk8024t7AEK1KE/PEQihHP8vp62At5LUlul/CuYgr9mBI9QhFBZiFrxj4vM3Bb9gaIsZfd9vIMlw+VjAI5GmmdgB5V894wtgiiur1zwuDes8pMzUumVLUGxgFxGeeFbBe/Fu2K6VJ3SDClYixJlsKTGSfIB16wFUjjfJZ682gVgv3tKWAYHr+bYn2z97YLRZcIWAHUZpMZ88mkx/JLqi0iZmjlg0M1W4bZRbMlzwTmD+3tdcJLoFmgkI74E1YMA9aL+j70F9lImA6q1CiaBfWPjWJ5nmt5Bw5z3LaRVva9Aak510K72VrIoE2Cp5U=
BBoUfAUMiqhc9/0HmhT2THeER1H5HvqjOTDN2cxigS4MLas/HMy6iwn9Ti2T0LNSzdoRROucLm4CYTMYoucc3YPm0PA4y0CaouaioW2QR8C6PRrQp0MmBlrp3iDEKp96cZU0DEgrTOBr++AYkx7QDQd5kck6TxmaazpP/rGQ5kmULL96FEvfi2632DyzELUw4BqFZAOa26Fv0L6yOQP0kUU3QOdTjw50J+Qg379rXyixkj3me3pAZOOzZRmdXg+pRaU56DDXK8FT8k2sf/jGwo5zIICVTi22eMQx9U6AGEYi6GzpYxcLzt8uLTUhFmXQwPEguutZD7VR8h11nBB2oXSnYw==
MG7e4XtTYQBk8024t7AEK1KE/PEQihHP8vp62At5LUlul/CuYgr9mBI9QhFBZiFrxj4vM3Bb9gaIsZfd9vIMlw+VjAI5GmmdgB5V894wtgiiur1zwuDes8pMzUumVLUGxgFxGeeFbBe/Fu2K6VJ3SDClYixJlsKTGSfIB16wFUjjfJZ682gVgv3tKWAYHr+bYn2z97YLRZcIWAHUZpMZ88mkx/JLqi0iZmjlg0M1W4bZRbMlzwTmD+3tdcJLoFmgkI74E1YMA9aL+j70F9lImA6q1CiaBfWPjWJ5nmt5Bw5z3LaRVva9Aak510K72VrIoE2Cp5U=
BBoUfAUMiqhc9/0HmhT2THeER1H5HvqjOTDN2cxigS4MLas/HMy6iwn9Ti2T0LNSzdoRROucLm4CYTMYoucc3YPm0PA4y0CaouaioW2QR8C6PRrQp0MmBlrp3iDEKp96cZU0DEgrTOBr++AYkx7QDQd5kck6TxmaazpP/rGQ5kmULL96FEvfi2632DyzELUw4BqFZAOa26Fv0L6yOQP0kUU3QOdTjw50J+Qg379rXyixkj3me3pAZOOzZRmdXg+pRaU56DDXK8FT8k2sf/jGwo5zIICVTi22eMQx9U6AGEYi6GzpYxcLzt8uLTUhFmXQwPEguutZD7VR8h11nBB2oXSnYw==
MG7e4XtTYQBk8024t7AEK1KE/PEQihHP8vp62At5LUlul/CuYgr9mBI9QhFBZiFrxj4vM3Bb9gaIsZfd9vIMlw+VjAI5GmmdgB5V894wtgiiur1zwuDes8pMzUumVLUGxgFxGeeFbBe/Fu2K6VJ3SDClYixJlsKTGSfIB16wFUjjfJZ682gVgv3tKWAYHr+bYn2z97YLRZcIWAHUZpMZ88mkx/JLqi0iZmjlg0M1W4bZRbMlzwTmD+3tdcJLoFmgkI74E1YMA9aL+j70F9lImA6q1CiaBfWPjWJ5nmt5Bw5z3LaRVva9Aak510K72VrIoE2Cp5U=
BBoUfAUMiqhc9/0HmhT2THeER1H5HvqjOTDN2cxigS4MLas/HMy6iwn9Ti2T0LNSzdoRROucLm4CYTMYoucc3YPm0PA4y0CaouaioW2QR8C6PRrQp0MmBlrp3iDEKp96cZU0DEgrTOBr++AYkx7QDQd5kck6TxmaazpP/rGQ5kmULL96FEvfi2632DyzELUw4BqFZAOa26Fv0L6yOQP0kUU3QOdTjw50J+Qg379rXyixkj3me3pAZOOzZRmdXg+pRaU56DDXK8FT8k2sf/jGwo5zIICVTi22eMQx9U6AGEYi6GzpYxcLzt8uLTUhFmXQwPEguutZD7VR8h11nBB2oXSnYw==
MG7e4XtTYQBk8024t7AEK1KE/PEQihHP8vp62At5LUlul/CuYgr9mBI9QhFBZiFrxj4vM3Bb9gaIsZfd9vIMlw+VjAI5GmmdgB5V894wtgiiur1zwuDes8pMzUumVLUGxgFxGeeFbBe/Fu2K6VJ3SDClYixJlsKTGSfIB16wFUjjfJZ682gVgv3tKWAYHr+bYn2z97YLRZcIWAHUZpMZ88mkx/JLqi0iZmjlg0M1W4bZRbMlzwTmD+3tdcJLoFmgkI74E1YMA9aL+j70F9lImA6q1CiaBfWPjWJ5nmt5Bw5z3LaRVva9Aak510K72VrIoE2Cp5U=
BBoUfAUMiqhc9/0HmhT2THeER1H5HvqjOTDN2cxigS4MLas/HMy6iwn9Ti2T0LNSzdoRROucLm4CYTMYoucc3YPm0PA4y0CaouaioW2QR8C6PRrQp0MmBlrp3iDEKp96cZU0DEgrTOBr++AYkx7QDQd5kck6TxmaazpP/rGQ5kmULL96FEvfi2632DyzELUw4BqFZAOa26Fv0L6yOQP0kUU3QOdTjw50J+Qg379rXyixkj3me3pAZOOzZRmdXg+pRaU56DDXK8FT8k2sf/jGwo5zIICVTi22eMQx9U6AGEYi6GzpYxcLzt8uLTUhFmXQwPEguutZD7VR8h11nBB2oXSnYw==
MG7e4XtTYQBk8024t7AEK1KE/PEQihHP8vp62At5LUlul/CuYgr9mBI9QhFBZiFrxj4vM3Bb9gaIsZfd9vIMlw+VjAI5GmmdgB5V894wtgiiur1zwuDes8pMzUumVLUGxgFxGeeFbBe/Fu2K6VJ3SDClYixJlsKTGSfIB16wFUjjfJZ682gVgv3tKWAYHr+bYn2z97YLRZcIWAHUZpMZ88mkx/JLqi0iZmjlg0M1W4bZRbMlzwTmD+3tdcJLoFmgkI74E1YMA9aL+j70F9lImA6q1CiaBfWPjWJ5nmt5Bw5z3LaRVva9Aak510K72VrIoE2Cp5U=
BBoUfAUMiqhc9/0HmhT2THeER1H5HvqjOTDN2cxigS4MLas/HMy6iwn9Ti2T0LNSzdoRROucLm4CYTMYoucc3YPm0PA4y0CaouaioW2QR8C6PRrQp0MmBlrp3iDEKp96cZU0DEgrTOBr++AYkx7QDQd5kck6TxmaazpP/rGQ5kmULL96FEvfi2632DyzELUw4BqFZAOa26Fv0L6yOQP0kUU3QOdTjw50J+Qg379rXyixkj3me3pAZOOzZRmdXg+pRaU56DDXK8FT8k2sf/jGwo5zIICVTi22eMQx9U6AGEYi6GzpYxcLzt8uLTUhFmXQwPEguutZD7VR8h11nBB2oXSnYw==
MG7e4XtTYQBk8024t7AEK1KE/PEQihHP8vp62At5LUlul/CuYgr9mBI9QhFBZiFrxj4vM3Bb9gaIsZfd9vIMlw+VjAI5GmmdgB5V894wtgiiur1zwuDes8pMzUumVLUGxgFxGeeFbBe/Fu2K6VJ3SDClYixJlsKTGSfIB16wFUjjfJZ682gVgv3tKWAYHr+bYn2z97YLRZcIWAHUZpMZ88mkx/JLqi0iZmjlg0M1W4bZRbMlzwTmD+3tdcJLoFmgkI74E1YMA9aL+j70F9lImA6q1CiaBfWPjWJ5nmt5Bw5z3LaRVva9Aak510K72VrIoE2Cp5U=
YulSeC6y3WskTrk6loIseglfU3p/bRBn5GXAwp7uuS64iUkexkRgZ/VRJIpAdQxdGip0MtI2FVn3OV+cJ+zW3c0RqWyqZyHYwoPPPmv79mCsuvRv7l1/tcpvBaEFPuTTPY04vl34ll9myoNDefHtMBRBXXw1v+VElmqlS4rZJuOqkFmxsTQ7zptScTgs9Kpv+ku3jRDT4bkLPsPY37lzDaG45Jtj0imCV119nUF5aqac46QumJwFUpw3a8pWSLK5tK24LQ77Skw1V3WOn3zvMfIkC+GsAFn4X6cflXc9S2jJ4wno8S97XJGj4I5UOvxErc1SL7Hs9rDAo/1tjbMAWEthCQETLDXHN/mlm9AuoLRA9nRWhaUxfwwsJ0rNP9glRne5Jj9wTWDYmv20u7pTsccQ1kIxoyzh3TfYFwsvBgTPpIjPN0vneEkSBTYDmsh0C/NNqZW+V5ndpaHYaDcjcXuypbz3GL4StvPY0C1upabQhNmFRiBAtrro9Jm7twM+t+6FJak23QC4cRjqEzmHpTkyNcWUcK6R7Kf7
SYrB/4QEdG8J24/QnVbe37JjNC3i6qXt4IO5N+QSTEB9KOMfJGimIKBsa27Xj6j9q8EEQ/CmAaUI/3KPGwlsGbO9Z8UDv3Spa1jmNbPaJHAf1waTQtk9vYG2+42vwGtOajUFkuWFXP6UD8HxWvb5gnVstovZ0A6GQ0wqMYpA4eFt11Xl2IRz8ngCMKwiJOL30MtJBXPanwPP6LcMPsbS1K1iG86QGbkA/vBcAA1IZ3o9K2BDu+mcayBs/HuXzqD9vAPPOyUlr413s/JC5+AUBBhO101cpjN/XBA2mOda37zpGj7mCzSK0sNiQoazFbQvPv1CstVf3YKQ317nw5hHZodxboSpVEPQ4Iy5gAlwwYuKQRI/TpnEFjm48YusosBGq0mzqd/EhNzcFD4PSkjOAH6S95jIG3BCn8XPuhf9/SBbN/LArJXNNEeeRr4iECwYfukSNAtg+8ZinteaZWQSI2Pyp9TaGF5UdCeMIWOtatbqJCBPHFT39dzp2B0IETPQA/KI+KZY5+p65P6PAU0wyB3mg8YKWNeHbKef66f+
60yCPsPzeMuW1gFBBjeOh6WNAjnSB4wbU1tftW3YPyceZBMJtWdOD+D9WoTKe8Zh6MZGFZ36B4sK5KYGRZentvgbuf0qZ0ZsWiB44NOSGCslwlHEJJm9jSgTPukLzMijherJc0SE5uoea5x1veFg76/1xxaW19fdclrvcDSLLOqJV1s5X1Se0Tc4x5fnULwqD98IcdSnwIBT1YP8mVoR8jvsDvyYi7AbXQlieyPtIT7pjB0RAYlL6K5/UdoLVh399wnjsVjClvPOamo0h8Y2d0HeVGBA/d49Mkm8M2hYP3c/Wj30XdW4dOHl3iibrPUntcG1FTlsI7NDDEOn2Yjbg+qadvJOICddOGtDxPSk6uNX+Q8b8hwhcQNlIeSXU71Z70/yJpJQCqae0vcN8ysmLA0eD5eqoawn88INeG+0kjp3IBlyYdXNALwGwwuudXd38gMJB/RApTQCq4WDxWxDMk/ioRJ6kEGjp63nlpXNdyULjKofUXWR4u9YRZAcxvzT0sQPphfCWhSzwbQIQqKQqF4NOR/xet3+j0Gb/n+UMtFSPjExtUFzYt9B5thsxcan0Q==
95jdkIXQHi7jx9PZq/4pfjadfrKQeWFs98+mklOvqa2wqapy3Auv4cskIoVVVO1M5GlY358Xco0Q8n8CjUd1BkZqZi4B/ZzX0/RIn1p0cHnLhmS0qIsz1HVzreOd3H6Zc/Y8fC+73l8iVaXRMXqjoa/sM4LaWZ0ehUmEkqQD2d2aWmEOxQBuR7ncFupzgHKdCuy5LV27Tem4SKueyI6oAOII+vvgp5HJE1YHb38k7yA+6ooYHQ6DQvDVYWzO/EQszeT/9o1HuI/b5YQHEKCk1xdi+DGMb9c3Rel34cc/au4nzAwIKCIPgTwqqxPs3G6053aHcFl2pmpr+FK+825aqnO5LKOOkZp+tVPF7qATBktDNB+qtx12iMmYm7xQACEsyVzZh7otyvMuFVx6iXSpp6yOmIobJSslvwhcsOwYJiOK5FaMzv4vVKgXaC6vCZcWl1Gl7Gtb6szMWRVY9xLeEuI8NBROhcr4a+xjqtJSj7ZlSErv054/WLrUhjhEK5QNowHyWlpI+IN8WO+Z7CWAsYi9axwznpD0xpQ/hspoZiPBYSjELYpbCmrUT+vca8fHp9I=
95jdkIXQHi7jx9PZq/4pfjadfrKQeWFs98+mklOvqa2wqapy3Auv4cskIoVVVO1M5GlY358Xco0Q8n8CjUd1BkZqZi4B/ZzX0/RIn1p0cHnLhmS0qIsz1HVzreOd3H6Zc/Y8fC+73l8iVaXRMXqjoa/sM4LaWZ0ehUmEkqQD2d2aWmEOxQBuR7ncFupzgHKdCuy5LV27Tem4SKueyI6oAOII+vvgp5HJE1YHb38k7yA+6ooYHQ6DQvDVYWzO/EQszeT/9o1HuI/b5YQHEKCk1xdi+DGMb9c3Rel34cc/au4nzAwIKCIPgTwqqxPs3G6053aHcFl2pmpr+FK+825aqnO5LKOOkZp+tVPF7qATBktDNB+qtx12iMmYm7xQACEsyVzZh7otyvMuFVx6iXSpp6yOmIobJSslvwhcsOwYJiOK5FaMzv4vVKgXaC6vCZcWl1Gl7Gtb6szMWRVY9xLeEuI8NBROhcr4a+xjqtJSj7ZlSErv054/WLrUhjhEK5QNowHyWlpI+IN8WO+Z7CWAsYi9axwznpD0xpQ/hspoZiPBYSjELYpbCmrUT+vca8fHp9I=
tGoOG14HhyRGR4wAAd8vrY3I6O7gGZkXNucFmdNEN26wuwC2nA3kJ2xi83aq1clZGoYosfuns8dtPtLl/R3it1nvYAIXtIPUkC4KCb8Z9BcLfvFdsOKXzhNyJ6kieRKf4W/pGA83L3aH7DLrwdjVY2CMnAHV67ogtcCN0tIhSVaSFOsinsvKNs0DdclR76iij8AwzOT2grJudWg17W+jHMNRJ8bDNj7wvvZ1PF8EIH8F8nZ+yJptHqu4RRWEaavvgHkIgsgBVzgMnySdS7HVg9M/v/2mmMf2GAYgMPOnDODvrTS+wiJn7DMescT6rDvStqDLbFacU8P4bcZDJhhF2UEQOLHqHYPua4Sfb2qO2XK/4qhCbdqp5k0JMr+2VZ5fmETRloWxrJSsZHMX92NvojguVJqqlSoeAsIGrBOy2B1sULcr+8DXC1FCw6l2SlwzsYaP0BJkAgYgGkaXNt5bJicUCjAjIOXS/oE7LGOe6v5iJnwpmDuDeyaUEppE5YzSa2d0h2znSGcfMhvsjPLWfhvYMioq1aHbvEqlGCes2p6L1YSJ69GnyA==
aV66f4gVQZYmS8ea4Z7jIXYhz4R25fLDoKoqKGwmf2o2/1ZTrZeLj8dg7qFsBO699EdjVVzTgsb/js6tirDY37PkcrP6BDujiGSH6NPzXjpwRrFqH3gwVpF5dxBm8FeyGpytJ4Hq4DD9PjNuSjCn38wfTwOnFg==
mjP+4KT3iOZpVjleQVn3sR481jZy3rCM4auLsTLP6rgrXeuhlFReh9ooqpPdktYeW/iyCuk1oTR8aiU4Z8za/sv1BKkrMaco
4EsdBYwNbc9OnD6+BdmXYb4sbI5KS53R0jSQ3+GGkv5h1QXvw7vSI7wzRbrrI7erbDFQDRtYLD5VxdXV2bHs6zK1WwfXDY7UE+2x+9iA35SZk0s/G1ZLvV5t+Z7reYcO8982kdn2PQEpOVdCO9nayCBNAqcV
ZHtVJ0e0eY/7oAvru/7/wHA3XK2PgLPPdudKWBbCnw14D8J2NX6o5AW2eKd7zgltzaYZG0SxK3JXKSNtNdL5zfAAqikwpyc=
HLRdmvTjGVYS0ZQD0hG/MEp6IHCJwnvYyhLOpIQfjxicQgTs+f/WjZGNwLvvExdoICMRhMD2CK5w6Vtu3KZPSj0LRjxB7Mcvlf/FahXFQFHnbvVF2XatY+hxR0qjebeFibLl5YSwPnEcpws=
SQeXwrm8J7zdCSVEO29jbDHp1aV6PrfPQw8g7h6x9gqyjdmYpvgnCvrEve8BovDonYbDZgq4F6fsx99Lp14=
UYYiK6Xm9vZI8KNIT4ULjL4sbI5KS57R0jSQ3+GGkv5h1QXvw7vSI7wzRbrrI7erbDFQDRtYLD5VxdXV2bHs6zKiRwvXDY7UE+2x+9iA35SZk0s/G1ZLvV5t+Z7reYcO8982kdn2PQEpOVdCO9nayCBNAqcV
lM00u2dtAdZ0L07APepcKHAgQKGPgLPPdudKWBbCnw14D8J2NX6o5AW2eKd7zgltzaYZG0SxK3JXKSNtNdL5zfAAqikwpyc=
mFwKPMJ7v7V0dbAerlrD8Up6IHCJwnvYyhLOpIQfjxicQgTs+P/WjZGNwLjvExdoICMRhMD2CK5w6Vtu3KZPSj0LRjxB7Mcvlf/FahXFQFHnbvVF2XatY+hxR0qjebeFibLl5YSwPnEcpws=
mCNJO4ZSeqA6yuPvlK7XcTDp1aV6PrfPQw8g7h6x9gqyjdmYpvgnCvrEve8BovDonYbDZgq4F6fsx99Lp14=
tSh4N0A2DjRjAJD0g+Y7PoLKJzMlI3dizSsmQyDenwi6g1gAbmfnWW4d36xNDziyq4eJSxFzbRUfOywXefDBF8wWW+bffSDO256joer0qLx9rN86dCjZM0vGtgKDnCLGwUHhyMQuFdQvWHoi09HUJUMFpxQ=
MdRiweT65EsKhuVUckON3s+q35eYoS7ZmkJPs7Nz2JKezQ52QvEh5EaE33YKuEWTwd4IlG36OxrqxO/bHLsnN6ci
LHy4XZNg+b9UjJp5H/4bwmyT13zQYp1B02eGfTrm5ycj51AWHkmG4tJliUDmIHeiWmwNV4EaQEA9LhM+yuDHzwyvLzOnJg==
iTKR4b73z9Nkw0ClfMCuDmIaPKz68U6+s7uPQiaMhHKxbcWgqfs1rTwRZRjZ5zSsguoQLFbe14n3HK5p6Gcw0Q/T7x7lXh+0f9cUWI0+AVsCqKz/BsGiSN1OhiP4ciroO3jtYmpFpRFK3ODM/ILsJIEoY+gZQahdz5QRGuc5HRw6UEK6mF52u/5K+3o/cNq8y1TlrgYFy0BrygpiugJsZTCPQ0ceUKI2DPGsDvODJIsEE8ibZzZrAAQmtmJDfKLmAeHhaAQOlTTvOHrCk7FUBQOlp7Q=
zYBsJK4XtVr0YPH6ekwYPCQc5e7WOA7n1CvdZh96oTD1rV0HTEuyNZGP4O8VwDn26xXbBZYN1aKIA98Ke325pBWB//mP/MFA955jISRKeTAZoQ6urP0CP6pCIViW0exc0vIXns1AjhuN+xbqEJ7ITLQeTW4jKl3/YBdzQkGoM1elxlb2otg8wB4RYjxL6Ev+QsZH0mUsgntDyhdcmhAurBT/nOnj5XqOClzQR9zcR838MUjVCNmjCCPKOHBmUBeSmrztx4GKIBB9HvPOStBnv0z/D6Ontg==
J+uuC7ze5ph423uQWhc5SjK9RxRvrFaG7XR3n9Pu9lu9kKUG6whEXXGKfr2hohbG2HpYcOSbcXgtV75M2hDRnC+OaB+PV82LCelYrMEHtZ3ejC8sfoRCJsVb0Q6qYsmmfYXvfdP4thGMvHN4NVYpEIEvz8NJ+yIMsKkr+XNd4nGp5Cfya+qNosYohYOj9TsGeYWTJe/ERo+NLZXCK+D5IDDO2BO2TGNWazoe9DcZ6BhuajQo+kUVDy0iWZ5LOWeOkx/WkXk2HYEJ+TdC25m6SAANoqe1
6QHpzVSCCMhmnzUwCPEFUTK9RxRvrFaG7XR3n9Pu9lu9kKUG6whEW3GKfr2nohbG2HpYcOSbcXgtV75M9gfRlTOAfx+PV82LCelYrMEHtZ3ejC8sfoRCJsVb0Q6qYsmmfYXvfdP4thGMvHN4NVYpEIEvz8NJ+yIMsKkr+XNd4nGp5Cfya+qNosYohYOj9TsGeYWTJe/ERo+NLZXCK+D5IDDO2BO2TGNWazoe9DcZ6BhuajQo+kUVDy0iWZ5LOWeOkx/WkXk2HYEJ+TdC25m6SAANoqe1
19EUEposhjDH/UsRLS0uksp5w0uvgp1AvhFly8VFMkhl9kf4bu/2+uMl4j5CfAPdmFGlvY8ZYDxM6uN7mtG1MQveH2EIP20z92MT3aq88/OvlSSILSx8gLgu36/jHlhW005H4Q1dsRyMeVaIAagHIvPY++sNg4s/WMRq3ZkpAek4GRMARVKJjjdKXJx3ExEBoY6DARGlbUC8BxfZJ1LZVGPIiqo6s9So2T6xjmwkhW0y0BSu9mg4gW/H91ZrTjkNveap+7Sxm1InaRPNxVLpbaBA+gmgp7c=
IwX+nPr3tNqE7MVu8IUXdDK9RxRvrFaG7XR3n9Pu9lu9kKUG6whEW3GKfr2nohbG2HpYcOSbcXgtV75M2hDRgjKPYh+PV82LCelYrMEHtZ3ejC8sfoRCJsVb0Q6qYsmmfYXvfdP4thGMvHN4NVYpEIEvz8NJ+yIMsKkr+XNd4nGp5Cfya+qNosYohYOj9TsGeYWTJe/ERo+NLZXCK+D5IDDO2BO2TGNWazoe9DcZ6BhuajQo+kUVDy0iWZ5LOWeOkx/WkXk2HYEJ+TdC25m6SAANoqe1
IuI0g+F/IiAuvdce1IbdW8p5w0uvgp1AvhFly8VFMkhl9kf4bu/2/OMl4j5EfAPdmFGlvY8ZYDxM6uN7i9e3JA/KH2EIP20z92MT3aq88/OvlSSILSx8gLgu36/jHlhW005H4Q1dsRyMeVaIAagHIvPY++sNg4s/WMRq3ZkpAek4GRMARVKJjjdKXJx3ExEBoY6DARGlbUC8BxfZJ1LZVGPIiqo6s9So2T6xjmwkhW0y0BSu9mg4gW/H91ZrTjkNveap+7Sxm1InaRPNxVLpbaBA+gmgp7c=
53ay0tM5olX/FCb8GM2bB2IaPKz68U6+s7uPQiaMhHKxbcWgqfs1qy1JPQjP7GDzhekFBRC9kMvgRLkp7FU3xxrO7x7lXh+0f9cUWI0+AVsCqKz/BsGiSN1OhiP4ciroO3jtYmpFpRFK3ODM/ILsJIEoY+gZQahdz5QRGuc5HRw6UEK6mF52u/5K+3o/cNq8y1TlrgYFy0BrygpiugJsZTCPQ0ceUKI2DPGsDvODJIsEE8ibZzZrAAQmtmJDfKLmAeHhaAQOlTTvOHrCk7FUBQOlp7Q=
YyRYtMlbu+OWJ1q/WAyswGIaPKz68U6+s7uPQiaMhHKxbcWgqfs1qy1JPQjP7GDzhekFBRC9kMvgRLkp5UY92hrM7x7lXh+0f9cUWI0+AVsCqKz/BsGiSN1OhiP4ciroO3jtYmpFpRFK3ODM/ILsJIEoY+gZQahdz5QRGuc5HRw6UEK6mF52u/5K+3o/cNq8y1TlrgYFy0BrygpiugJsZTCPQ0ceUKI2DPGsDvODJIsEE8ibZzZrAAQmtmJDfKLmAeHhaAQOlTTvOHrCk7FUBQOlp7Q=
T6MYpxLuODM8PNcSjZJ4RXwS0hp1dOectEMWv/ZG1hJlATAVrCRTFO4Hvuk3qjhJITOmmU6wBepR21luOzJMuhn+a8ShQ7myT7CZjMfyuw1EZmFcKa0WoqzxGjOaLjl09v00MOI+T9INDNbXPZfORnAyUCAEktXio6bFc9B76+4hBOs7FQoOumKUZAwufboQK8RTknLKX95lIJp3c6YPcPo89sAkM8SlI6kiQrowCOu8cN+hTL3QWYhVO4STpqDcBvzP/ipwtYtBxnjcTXIr4ir8f9N88xevp7o=
l72nI8KElC/rAfTeEx/H6BAgWMWSm/eGOvBCaljYnw14D8J2NX6o9QS6dbZ7zgltzaYZG0GxKnJXKSNtNdL5zfAAqikwpyc=
4K9DijON62y7bYOP6Iu78HoBue9EE+bxVMt0c3R1GLNKYiOl7H827rn+JH5/Tvsex27VBTn2zaMNcWaKA/kXRemyBaXkMJ4xPKcr
N4UQV5ch0r3zBK24EvobIxEgWMWSm/eGOvBCaljYnw14D8J2NX6o9QS6dbZ7zgltzaYZGEGxKnJXKSNtNdL5zfAAqikwpyc=
fP0ZpZkqCz2JfVuKhXpb0HoBue9EE+bxVMt0c3R0GLNKYiOl7H827rn+JH5/Tvsex27VBTn2zaANcWaKA/kXRemyBaXkMJ4xPKcr
anIdz3ybBBKZ+LqdeHXGEx4599h9RI+9Xts7Pm4gNoIEeCOl7H827rn+JG1wSuEex27VBTn2zaMMcWaKA/kXRemyBaXkMJ4xPKcr
RULHrVAKctS5MRKBAaTdF27M3/tUUKah1AQzH2GEy79piTIkLrSwchmBjpdk2mO+/sotppm6ff4vgbt+X1eW0bz+0bFVgZNiP4EGWIwFJqcx
If5OOEpPS1xODGMnlJWP2Ep6IHCJwnqDnwjZr54OohiqVzGtj5y2xZ2Nif2TAwx5bmEAidrBGbVl6g8t1YMbEwkIRjxB7McrnOjCahXFQFHnbvVF2XatauxxRkqjebeFibLl5YSwPnEcpws=
/201WyPN9VQ78gBxCt1GMkp6IHCJwnvYyhLOpIQfjxicQgTs+P/WjZGNwLjvExdoICMRhMD2CK5w6Vtu3KZPSj0LRjxB7McrnOjCahXFQFHnbvVF2XatZ+9xRkqjebeFibLl5YSwPnEcpws=
4fKhcPtgb6yz6je0ctA0CkUz14VrNhDOKRG4u92SyPhAblLI9ekaJ/Ai/z5iobYSF1IRXoPpTy7rjegRgKYl4WGp/4ITqRIomD06py0=
/5CZz9AGnnp3Szwm9LWqVuyBbQs7gIy+DlFKza/0ZSbikV0gIUv8T+AM1JK9GXIH6FLnPnpCoTblItmeyznnjhMdUJH4Np2Bifm3QluZOkiADSKnNQ==
ycRXbLVoMToTtaf4sd69vuZ9eH0/wgbbjcCGk/x8Dwz40Jf4HrFS3FMQ0s/nAHtKTZnI4+LgkZixgTN/XPg9ms9AcxdYkG9Mc1c2TuDyPeeI+7jiAQ0ftMZUv0bKKOViwa+oBC3K20pqFM+r3CtHB6cS
tKEjF3kbmZOUenSggomORFfdnnpul4RU+OeacarC4VOETvYKU/SCLtAIYYnXxrW8/1A6qgO59M3TTadc
qrUkZvmnI1Hnq0OIVTIqZ6r2Cve4nUup3QF9VxNGBT53kbNeZ+Y7UVyNKdFdkUsihzGO+NTVTqdZ
b8WjBRpXMSJjlfeFvztUYjbLddHaATKz2Kf6/4FVnnub7IV07f+poRBvJ3k9MVW9HJGoS73H0YALZneOp+iBdpsscyO7kKkBbQGd7L5NyE76Y4/CRzvIOnskyrLgustRFUNIJOmrwkwan6U/QCsMnFD1kIa0+AouoV7bxaSkY2dWrvZqE9QCzhOpYSoXJjWcvzA6SsOZdK2T7af8
bvd0XrNl7OUICzsEbJh1lJo1L/jD5Yo8PyioWR5qEWlGf8Kl3npP6HM1PuWOhOw0OiPsGIpuPcYf98/CghcnQdHrPloGzMCbp8UuQZVMszJ/AvFSijDRIxfNN1bl7WclG6za34EVIWJ/+LXQTCbM0yLkX2anosqUw2FkSHJCgKhObQnfodotfh+hK76vtULRZ13h8cXh4+JvobaYnOXWp8E=
Mqs9JtcATtIevRnge0lIarxvcTwbbTMJJZBETd672F4JI7Z6aLjZ5UaSKR5bmbdOQz1mkQNVTUHZGSfC6/nKCLAtMqcl
PaD7xate+jTdge4C+yX/UdGm2ZWQpV2KzkhFrrV5nNeMyQt2W+Ey5EaE33YKuEeTwdQLlG36OxrqxO/bHLsnN6ci
kLYx6oqRmosgjB4tQQ3GV7xvcTwbbTMJJZBETd672F4JI7Z6aLjZ5UaSKR5bmbdOQz5nkQJVTUHZGSfC6/nKCLAtMqcl
OceFMFgQYki/UqBA40t42NGm2ZWQpV2KzkhFrrV5nNeMyQt2W+Ey5EaE33YKuESSwdULlG36OxrqxO/bHLsnN6ci
OINQdIZrvR/Bn5mg0uYTB1fdnnpul4RU+OeacarC4VOETvYKU/SCLtAIYYvXxrW8/1A6qgO59M3TTadc
9bMlp9/bR2cuVgpuN3nSWqr2Cve4nUup3QF9VxNGBT53kbNeZ+Y7UV6NKdFdkUsihzGO+NTVTqdZ
f5QJfWGpVuLLchmQ9h64MrJjNC3i6qXt4IO5N+QSTEB9KOMfJGimIKBsa27Xj6j9q8EEQ/CmAaUI/3KPGglsGbO9Z8UDv3Spa1jmNbPaJHAf1waTQtk9vYG2+42vwGtOajUFkuWFXP6UD8HxWvb5gnVstovZ0A6GQ0wqMYpA4eFt11Xl2IRz8ngCMKwiJOL30MtJBXPanwPP6LcMPsbS1K1iG86QGbkA/vBcAA1IZ3o9K2BDu+mcayBs/HuXzqD9vAPPOyUlr413s/JC5+AUBBhO101cpjN/XBA2mOda37zpGj7mCzSK0sNiQoazFbQvPv1CstVf3YKQ317nw5hHZodxboSpVEPQ4Iy5gAlwwYuKQRI/TpnEFjm48YusosBGq0mzqd/EhNzcFD4PSkjOAH6S95jIG3BCn8XPuhf9/SBbN/LArJXNNEeeRr4iECwYfukSNAtg+8ZinteaZWQSI2Pyp9TaGF5UdCeMIWOtatbqJCBPHFT39dzp2B0IETPQA/KI+KZY5+p65P+OAUkzyB3mg8YKWNeHbKef66f+
a7jaJuNtC5s1x/9agl9yYnwzHmTrjZqxbKy4q64FRNdnH9J+r76gFctSUHn6YiXr3k9L4p6l+pM7ICXAXkvouS4znKe+u4Q/Mu10+xwKFJ8fpPxj8UJVA8gckkrKE1Clwcl077vdu8ZarwN9BsJjAKgjWCq9P0cJU0yqseMAi0dbOCiqmze0IRiflGBnzY/MhbIlss9EkgwUE0S7CfEuK9/FNT79pOFBTXEfSFrn3SqX/um9w+H/gVTaohOaUqZkOy6i99W26LAMxQpdBlGwA3QwC7dL8qGE0U3M1DWdEvjnhOEnoenJxfUU9xM3lM/XRSCvQ97yasJCOBM97FMPFEjMfmPDEbNLPiR1kTd9LdSLu4kZG+du1h7I/gbKKrtdDwMyLBk288fmWfiHB1qBiPMcZnpDyAVCbc354Og+D1sSneP3Zmu117h4cVQ2s4mz2QR38jtKPWL2CDUDc9UrRunlYyUfpNbPnQ1FQpvAyeCAbogT5qwTlhvabnRn+fjY/soEKMrlhU89Qokeu1mXzmN9B5Gila3BOdmHwou5qoiQ7dKnxQ==
pSdpZmAbKl5381mmFFhxx0UPYaPd1bDIaeVfZEKL2gt9DMN9WDq54gOpfqZ7zgltzaYZE0WxIHFXKSNtNdL5zfAAqikwpyc=
qhif3bsWNVsoMjrIs9GDQbPC14CN2p4DENvasrVJs5c2Va7+fsnR4uGkV7zvmNMnZdY2JqKI3NBe4QIMy5hrTgLW54JlfCJrA3o3LBogTlxU73y54zUansosMHdcLGd9PCHoBQgJAxjjehiA5mD34lqshRaB0cMAPe6T/sqgRw8M76/zp+Y=
RJsloFKKGUy+vW3QoHzxwckDm2ZLk2oW/q4rCj+FuJ/EQkkVF478n89/h/WqvEstLYD4GyBPT+TBSYJ6Y1aBQczigd4zib9uu2ffEXqFdSHRCQ8Cg0lCaGgdKqc9
3ywv/7JiuKFyGZQWUyqzTBzaCKY+1/g90bx0KqmKvQEyF07W24WFGhY3pdtlVcgYoYVHVCpLcpuFrIuNQDqhkssJBjbTjuFd1UZRQ70xmKEfCTsdHRKRXUhgYhkopz8=
WlttIWdIHE57l3zToOsPwzXpJ4MP5dkn5rx0KqmKvQEyF07W24WFGhY3pdtlVcgYoYVHVCpLcpuFrIuNQDqhkssJBjbTjuFd1UZRQ70xmKEfCTsdHRKRXUhgYhkopz8=
etrsQ5GBnOrG8sZWRlPhQfPGpB74sXgirYq5CT4HUs6/pWEiagdpkyGVDFDtdfssjqvWAxk8BwXEuiUaR5marnfuRaVpNp2L+XFcaVM5xyV5MnVFVHBuESynOw==
P37FJh2i5bWbdYUcfT4O5mlQ+nOiUBFXUVbMIWexH8Gx71zakYqF8Rp3FgYTxc2q7pfNS/3VUIgJZf8kYou6y92MY704Olmioyne5pvOKa1tJvnTJbEAMfepQ63V0tkNkIBKaRCnBw==
NcFbhuoV8awt7FAgJrTFrfCPIV6ptDoKvAqOEe3OGgGBGRxSSsSz3bMrSEgNBJChyxi9zoUBWv5RknpJc4OhgqCGm1taeECETcPIYOZAt0LazMU2gfED4L1OU97KwAdvjE9vE6cG
fjbhDwyFaEGg3OcEzzR/CV1CptHn0QtegbUwXyd8fgOvGO0eOBkDTwAJn7GShi5NvISudHFNWInwevo4Bd5wg43lgalvRxm5kLkrMA3SwX5PqjRMb9OpsYmuW5HZpaXQZCc/aZ+SwYQLKPJacjOcmOGeGd50ZH0d2rDMPj5ocBE3J5+mE44h3RVGkcN9MVgh3wn7nd0SUd2IYKKZ6Kf/
LbeOkGP9CCoPjcOuYt9ncWQzkgzGpN3m+/+XeEcm1pvJg0goe+3CEeGE+lLAaw7e0KfTTC52AuM7gd5WdHtWqtJu9iqTlAKOmehha5dmNdw/cDqKQ1l0bRMtpzw=
