GN9+fd1f7QkE1vIXyNoVizOQLlIxbXIBtzoDMwdZ2rr8JWlnMTqKk00+0kOfs0rtg8+zf1C6bY+f7YRsUwR0Z2MbU4CFUkkO90qcHDcTUYHhjkOB0aWtwHwHV1lnUpnUo8hKKvqzFCiZPvEOLCRF7fLQ1C42aHgBL8e31itO+Y195mly8rHT1mdoU00GUintYEC6ieCz9g==
lFq56KeSFNYiIO6rzI4nuTFPz3B6mIMu2dT1ucz2tEJFccOxTcc2NfFmbduSZM4evt/j3Y+1QTdXZX4BpayjMm8iAZLaUGGjh21HFjUNVyUrTAqf8bWx4s+Y5RC8BtzTMgRvJvcCOhRTAdSIomLwqL5NWZ8ROr3+bwH7fp/eVNF1epGwFQFQYv8BRljMheaz8A==
2eDqSBitGpksPycd5PwEEz1/ZGKCRr6AaaDrPYv/VTGy/kU5BTYcN8WUWbqP7DMtsQUPZVBCKKY31MFdwmwDErL7VHSI3XrBcT9yVXW+Mct7qaieWpePzVPtxdeTHULxCSQH8gsq7SKm6KWDg7WbhpnFcyUPhKYPLW21wgsgmaBQDrgTlozD1st6/vTXWQiYzioUKNqFtY9N4jmeK/nHDjNW8JGRcv0A6bkUQvtZGshgzcKz1A==
SC8cvUCd9NRGETByt0YkZmzPkqGtQAtdUB16vK167dfdIlgon9Qydv5FSW5RCM/Qj/SLi9Ua7upiRAQcbs1aYKv0c2Iy2v+OZXA6ZzNWL0B6TBZwZCOkdSP5wlJ6gGgbPED/0YytcImIhZuUU9aA7IYMr07qYFzdQR4czAzCy5GqzF8jPOO3/7Pr
rKTUHDClxA0T7BDSLo2QRUz4//a0/9AqtIK7vcJdICO0mbONkNxOgd1m1cs9/mB074GL6n7Z8TIhVPcMb+izl6UG1jaimLyAHlHi/Esoyz5ChseSZWwCO0MKl5ya0K7sFL8cqeMl+k4KnFAH3JzHjfzxyBUIGSPII4q4MGYQl1KafGQBgcKkUHxecw1KEOd/TL+P47P3
zpCiWQOs4F58Z02hiR17QEz4//a0/9AqtIK7vcJdICO0iLuDltNP091m1cs9/mB074CL6n7Z8TIhVPcMb+izl6UG1jaimLyAHlHi/Esoyz5ChseSZWwCO0MKl5ya0K7sFL8cqeMl+k4KnFAH3JzHjfzxyBUIGSPII4q4MGYQl1KafGQBgcKkUHxecw1KEOd/TL+P47P3
m/kA7JTKW6BZixKIKp4azM5/VdH6vwWnRcskKzf0hVzzcJkTvMSHyrTDqBZALs1HIuVTHQW0hvgELmNvLdqt993CGEgfP/NW/mWJjtFojzCP1MsrVbquimKkxLzubZpAq5SzgrK6v65lUHoHs7bvIHps1tDkg2SVI5mC8vogKDs8oL+xDE2wqYilW3TTtsAMhizv7mrAHL1B/txsjGILsaqsn8O8g/ffs8s=
DdJAYC5eAew4fMWzeoQv70VML2VzVtcwB9cmDqunqJIWJzV0AW1+QZF/UlVV/pFLHelLnjpXb03zLeXXs90icelkZ/Irak2iBqhFg+N1ewY5BVMlL0QGj82t1cLrYDkg8E6YE/bMI1arut7095moGC7qdCg6xdUP7aIZngu5J45TlhCRsbJdgEl5dEIbGXpIwI3is/Q=
3A5MxdnC0uOP3xbNpT8gTTa6o1x67IjivLrIJodzpYSkdeKfyNXoWkEVQ59tig1nXVL4mF8JE2b+VWm+kbhvoA9Ea3sVSo76YlTkzC69OtArBNPScorfnmVgGjdz5o+w+vx2ACTzRGUj6aICunCIq7wwX2FMfVCZiJW7RJNmIJwGvE++KjA8zUEO/BxMsqshKjz/k3yzl++z+w==
qe1bNNJ89OanqMKVHJ/eGG6DJEItZXFSrTgdIxQexpn8KGkIV1TjiUQpy0ughWeKy4PhLQneeJOVhalZVwdBaXgZU4CFUkkO90qcHDcTUYHhjkOB0aWtwHwHV1lnUpnUo8hKKvqzFCiZPvEOLCRF7fLQ1C42aHgBL8e31itO+Y195mly8rHT1mdoU00GUintYEC6ieCz9g==
hcZcLblHfFbSNO289S6U5r2y2F6nq1VM5D1SRzdnNoCE1tMnDdK9r50aiMB/8wNu/l15RrHgH+jPjNsjdfIecuLcdHTOZYqYa8wjClLyz5ZlaApPUz5/eLq0xtjES9Tto2EyutooOGN8eC85bIVAkYidq7yzPlDUxnT/5kqIrEXBhmykrGobaWr0D0tcy4fns/M=
982rm4/sR4STpb+s6uhRY2Xx/IBGst30pbmAof6vZ+E5r5qVHY75awQYU54iJ3dtG90tl/uNitER9N9yU/r1Qu54DcOrRVPmITVLJTd0Hm/lnZ2Co7DRwEje4JNOXNv2A+qWtD9pQDg2mmwoIjXNL4XSUV7DaY8uKwaoEUki5eAhKbyC0ylSKNi9+rPs
DQ+xqZ/adqc5jTgp97ioRf8llod6PDW5cn5kKK+mVQCJ/47uPkBajq+p8fs8DpNeCnY/1Fv3XOKC7vYIOfaXotkAXYBuavs8dLtZ3JzFhwHC5fFr1mWT6PHzcwTxczCMYHoUUw1tPbpeUAn49t5cDhadmQSJOGrCCpR/kQC574MspSsC77NkFDVeRKsRtY3RmyfNIVyJl5gZElWWM1p4VDtznYkF/kf5LaVRuHh3s1GrMpWcR9iOsubziDBdrtVGoASJZdbgUBYK6EQ5q/eTXmdudUVZdi1qbnHPTiN4N4UKsmXlBLC+cZyzig==
3+LKyBx8pi7qSkFydWJmwklNI2hqF554GMB/A+f49MAUPnR0AW1+QZF/UlVV/pFLGuhLnjpXb03zLeXXs90icelkZ/Irak2iBqhFg+N1ewY5BVMlL0QGj82t1cLrYDkg8E6YE/bMI1arut7095moGC7qdCg6xdUP7aIZngu5J45TlhCRsbJdgEl5dEIbGXpIwI3is/Q=
V0cokuvr6GJwWL3cX/vrQOh7FFRgCp5osOnFGvd0nrXXuFNp6Wx4h8OhrhQUMC3Xermf+z2vISI19qPrzIVnkhB3TIZ8aqIc9/thCiFzDgTDpaXDwKI/22x+P4WwCKvSxSwo8KE63fQe0C4+XPlfY5wlu+I/8zY0xF40i8F13bELp31B7Emn+AkSRbZDmoj0S/MNKVW+lxkdpWFYqDfj8Tuy5Ty3GP6S9vOYUG1uZSYQhBkFhiCANnrotBn7t0O+9+7Fpek2HYp+cd9u0zhHJfoy9UXUcO4RrLO6
YjIarkm1+OwReUSB6libecBGuLlkbmoOpoKqJduDi9v/x/Zbbxumjyy8qrhieFI1wOe8m81i3T8diiiwPy3iX/5tmZbxkL94Txy7k7UiPgLiLFQkjtVqCOtcg/qSoq+mZVhqH5PO3+g6JCZohBv0HaMREmoamFjz/OiPSSxVoKGIrUts807wREbkn1aKWIw1wXZM9Oza+/nqZK+7nJvn17PD
NSDifFgSjQq5l92wU3Fb7EIyXMiAgnDtNLpCaoZmgjHLl4Pf/8P+T38PjmsM2IJsMiya8YAjdM+dtnVbvW6AJK+5att+6RECYQQXnO94E0fldvbGouiccN4BQmzLuKvugranomVcYguD2vcMGkAOvNRPPNnj1do+Skzwl1wMJ928wSglCCnD+GPaWKDmgDeC2gxE8YGyhKC8DtOdyoCHr4yP79Ozxw==
xZZfzHVSjSV9c0HD9gDCywoyjMxVMHPCeqA3POEe/wjORxIFXH9CfMj78gDwhFH44665LAIQsuZ46RvrMAWXKrtDHAx43oiz5cVZ+SeH0ckoWYOglVJZ7qcKTPynk+FhUc5zYeGlnSBMR+e519IJNHOIGsrqswQISX6hrrykNU0CkKQOxmgIId8Hx3bbzmktrSY5UuKxw7a3qAMtltKZjdCAiunQs8Y=
I3mY6d8wEEaZk60PFCGxHrz+pxwy5aDsTAcsrLZYlniOS8ORh93/zeJFR3maeXzmbnYayr6TYA0I5UXgQantMEwe53+umb4nTUiZskNOXwa/nY3QEmQCBiAaRpc23lsmJxQKMCMg5dL+gTssY57q/mImfCmYO4N7JpQSmkTljNJrZ3SHbOdIZx8yG+yM8tZ+G9gyKiDTody4SqQYJ6/anovVhInr0bPJ
XGjMKimfC6sVPXcMkT7jAyYtYLsqXiNlf06jCBEpCDr6hkIQQlkw4IOAWBEll471KVYFu6Nzxh62z9s9Z4UZd++1lqE93Cuy55KZ8nKAmWPfHW82zR1fJSNc8r/ZxekiN0hNcCS2VFO6dPeGH9KCVAsxPGiacviotl1h/3kKZT7XUZPeBy7cUf3KCVC9USgiJ/FueLSV7rP4
pb6Kk+kFpngpUS0LQyxNxJa/9OqGPvGXTbnVNwtdCIOG4aHkumn1DIn9zSxUOre6QSI+m7WM6Z5LWj9aZ3kdXLqQQnoYHnb7fgr7ur+w2nxLFOXuhsXLgOsKCiI6QmwlsE9Dh54QonaMsazOc0MkS4RTyNvn9mvAhOa2IsM8oqaIJ+GggE6UdG97egITcVTFg+Wz9Q==
Di+iVnOECC6HX+67WZyjfPLZxu/qr1BsB+nFAIGJ7RCM/mcV6ba+Bw0oGVKDbl8mf30NsFJEAiZgesZ39v5bBuf0ilBjAOXyvuG7zKO+6t6ixvxJ2BuDW2b0knqExYzyq4f05yzHSEdfUpsMTNLWXts4skpg86H8+Cok+OeP2r5LNQTpq/Gz6Q==
wtfccLDSvWMMaXq1H+Pq7UxyTXsoPBNpdGm7KxAF92obw7dLF95oc0VF+TnHh/GJiNlj4PVSeS4Hiiy8R5PBITFOk6HBpb3grMeH+ffS6XQTCLoKyrNkSKn+Ae6cpNWNohAEziZoaGF/h2c2u85J7Q2mWZICseP2Fyjj7fbSuU0wAOqp8LPm
qI9DNbVkemi9nHz5y60HlvDZxv7ouVRsB+nFAIGJ7RCM/mcT6ba+Bw0oGVKDbl8mf30NsFJEAiZgesZ39v5bBuf0ilBjAOXyvuG7zKO+6t6ixvxJ2BuDW2b0knqExYzyq4f05yzHSEdfUpsMTNLWXts4skpg86H8+Cok+OeP2r5LNQTpq/Gz6Q==
4YrMKZmpiUTVScfdJbkOEExyS200IRNpdGm7KxAF92obw7FLF95oc0VF+TnHh/GJiNlj4PVSeS4Hiiy8R5PBITFOk6HBpb3grMeH+ffS6XQTCLoKyrNkSKn+Ae6cpNWNohAEziZoaGF/h2c2u85J7Q2mWZICseP2Fyjj7fbSuU0wAOqp8LPm
nzAZ2A0BlrOHkUGRDvtZh0xySnsmJBNpdGm7KxAF92obw7JLF95oc0VF+TnHh/GJiNlj4PVSeS4Hiiy8R5PBITFOk6HBpb3grMeH+ffS6XQTCLoKyrNkSKn+Ae6cpNWNohAEziZoaGF/h2c2u85J7Q2mWZICseP2Fyjj7fbSuU0wAOqp8LPm
K8YfqRDzDlZ2baqYy8FaxHl0M6ggQCRgaQftDA0vTjz6iBJDVFEr84KHehEll471KVYFu6JyyB62z9s9Z4UZd++1lqE93Cuy55KZ8nKAmWPfHW82zR1fJSNc8r/ZxekiN0hNcCS2VFO6dPeGH9KCVAsxPGiacviotl1h/3kKZT7XUZPeByfbUf3KCVC9USgiJ/FueLSV7rP4
g+IVK1rib9QhPV7hFge7womwykxetSGWZIO9Hdswtk41YgVpX3XcxYdhod1eIZbH7QVxJlDZPQEhn+LVxR5BC0rLtJ5Kd7+No011VwO9krHZBHfyO0o9YvYINQNz1StG6eVjJR+k1s+dDUVCm8DJ4IBuiBPmrBOWG9pudGf5+Nj+ygQoyuWFTz1CiR67WZfOY38HkaGSrcA52YTCi7mqiJDt0rPE
7Ecq5ICG9Qk8lpklpZjJ4wj5EC3iVCd3GCs8440wnXPQbdcah25JqoiL9Bi9GhVtWFthq4rW8mugiFUWP+nRWlcEJSspnq1A9x/HEexkfHXtMyMjyEClNAKrhYPFbEMyT+KhEnqQQaOnreeWlc13JQuMqh9RdZHi71hFkBzG/NPSxA+mF8JaFLPBtAhCopCoXg05H/F63f6PQZv+f5cz0VU6MTC1QXBi30Hm2GzFxrPQ
7Ecq5ICG9Qk8lpklpZjJ4wj5EC3iVCd3GCs8440wnXPQbdcah25JqoiL9Bi9GhVtWFthq4rW8mugiFUWP+nRWlcEJSspnq1A9x/HEexkfHXtMyMjyEClNAKrhYPFbEMyT+KhEnqQQaOnreeWlc13JQuMqh9RdZHi71hFkBzG/NPSxA+mF8JaFLPBtAhCopCoXg05H/F63f6PQZv+f5cz0VU6MTC1QXBi30Hm2GzFxrPQ
zCQeF38rYFuaGic/p5E6+8VaqJQOOJqrCVAKrlWYKoiru56OjSYQ/NsbE3r/SicVyjIl46GDezzQBeeZq5QqpPemBEHUJpzJnfdqLHHmenPRV+DH/CRfqPsszvorOA2iNX1BoPAu9zuazcv3Trs9N8BoaZSOA1HT0XSfcpN6NUKu+E3Da8UT5mG1iyX39F5vpR1dguMwkcCIXiCTDtwb9sNq1rR/6YA4dhosKOK1DS/FUpFeA+nPLmuObxEJoqXg4al8gpOpkigYPbqzrA==
0khMpMqsIVi0xwk4FIhj7CTmxeJ1ECiq6hkGtFic/OFppypZ94hSwgJVLAL1XbbQxAfw2g0omoqA6GETjLZrLBGcYGHDrKmO7jWg/kgnGSlkKyX8QfGs5EwVp2gJE+/V1liU6krlKm7issbc88JYbYwgd1sbsNd7sTID2ZY63ENR9k+g8hQCdsBqhufWrttWx2TKQMNQ5aIe8ftcg+5qjoJWvFl4S4MLxuTS6qSVDKKLF7T3jJdIF/9C25xsglYO+6jyWsikoaxYOmRox99a7mulRPkLobO5
8HjtUy4jAk6HDyn2dL2VeQOxLgHJoTFXKGJvSuYF7VIbMOBkYTRcec/d4Zjw9BKM1S38EWzpcrGCXvQLAXUdMcunvcEsSed4SRIFNgOayHQL802plb5Xmd2lodhoNyNxe7KlvPcYvhK289jQLW6lptCE2YVGIEC2uuj0mbu3Az637oUlqTbdArlxH+4TOIelOjI1xZRwrpHss/o=
AIceQ9kcQ/MnXBcMTmmZbaG2XuaEq/nuzH+JkuCOqEsawNC707JtMk65iF1OEGWHX702RcuvvhcteFkCI/7ftt8tTeByVAI2QCqGJ1Zu25ZHpMoAQxDl4p6x+5wDLmpOApa8GfgLg0tGpNIqJFUMYgvXtLcM10hXfwLbXOxCVs57aPIaSOSh7Nh6ZKhHH1ou62VEuYvhs/k=
Mw46PeXF8O7r9NrHBBx+qpkV9ADVUfEypus+c5GcX/Xcuj1qnzkSXh8ubbVhFqVRgfHnPqtYzzUS8t313BC2ITSzIg==
sDUdExT2c0HqTmPnB44G/8hCtLFhWjkUqL/lNcHK6Nms/cp1Xg61nS/57Kd0Oxg1yPO3uKA7jRkppzLJSnK4AaJtgIe8jYp8TCm1iLciPgLiLFQkjtVqCOtcg/qSoq+mZVhqH5PO3+g6JCZohBv0HaMREmoamFjz/OiPSSxVoKGIrUts807wREbkn1aKWIcywXZM9Oza+/nqZK+7nJvn17PD
Nb97p6HCSJR6/H5y51dybamjla2fmYCS0ug6FqKY2bZz38xiFHyt7LOLfS6/4KxP8W/AdTYn/Dsbblnv7ac1QxaQWD9yZTWmQ+qJPlaWjmB2xES0PGVAgDxqJFFTaExa/CZDwJSfM5uHBU7BNQxTMl/CkdIqcDEjNw1X1kWthyX77Hpf4dUBYp+4FVAs5uzTwqT/5sdi6pQjIcTIEoKgqG4t6V8BGk1+P+HLPg91I9FFGgFwZSGA4k/hVhg8JbazoA==
mNyN3A/beFBU7Z9zhzu7K5LMtZt/jwAXVMdVft/LJTU29BSTgrdmr5tEibMjsihkKGld1EwNwpIbfpLGfxZebor0G9bJqISTfY8w58aewhSeJOxVEaCGWUaqxyJ0oodsj5EC580/4pTagPNHykF5+2SZK18RKNOQFWEw3CAGTsmoxNRjv2XwaH1q0p4e15ImnAn6KOpU/A+aACwi7nEAEYmadBuBgfdnyAJAIFarcYkI2ePgdVL5LoeKrLzHk0EhsU4ToUGlPeAsxwf5d9JpdJMIOgpKs+RIKf6B7hykVY0iEITOpmjoYf+H5zY7zsntjabZmYWxY/aXKGPtdtI5TbAAaqlws2Y=
CIq8d5tcva9irLUQGLQNbVf0cAGMoDFfPUtlA+AE+gAZNOxCaTFaf9fb/76khUCm8ALHX2WuJevQF/QnDTgaLMunk8c/QNITHhEJFS/CiRBu1HOIhZN6uOqW/bYgDAdGbbSAkPAavhmg89jMIXaen4CbltxQJUqM6f3/g4COSTK37oUlqTbdAblxH+4TOIelOjI1xZRwrpHss/o=
tDNklV7TSgY5L1EDp17UPSJgaxzLKi/LKnuh4dDVtUAeFEgn9vCwGnwV+0i1ShjzlQHjDyRSfPgiS+WxlKkPyMGSjcarOrDE0zN1+c2ev4nVpanIgBd7IUNyfQyPuBbiPnNQYMWOHdaIRCFVHkBoprLo/ImTV9tuz65d1RFWtbEx8Zeeu5h/FWJyDRVMUMaB5LPy
OfZG1996yWp/rN1dicBYVDOfOUk0eGM8tzoDMwRf2rr8JWkIWlSM7ypA3ELY9R/w2dqkexGBZ4eYwpBARitBaXgZU4CFUkkO90qcHDcTUYHhjkOB0aWtwHwHV1lnUpnUo8hKKvqzFCiZPvEOLCRF7fLQ1C42aHgBL8e31itO+Y195ml49bHT1mdoU00GUintYEC6ieCz9g==
oPomNKNsl2QGWIsHzAUQ5amjla2fmYCS0ug6FqKY2bZz38xiFHyt7LOLfS6/4KxP8W/AdTYn/Dsbblnv7ac1QxaQWD9yZTWmQ+qJPlaWjmB2xES0PGVAgDxqJFFTaExa/CZDwJSfM5uHBU7BNQxTMl/CkdIqcDEjNw1X1kWthyX77Hpf4dUBYp+4FVAs5uzTwqT/5sdi6pQjIcTIEoKgqG4t6V8BGk1+P+HLPg90I9FFGgFwZSGA4k/hVhg8JbazoA==
PqgRe5D4oKJTe545F/s0ZVa9xaft6pkwvp69v9dTAHO53P7JxP19vbRx3LNNhhpmtsHd8iHG5T9mbe4dQ+izl6UG1jaimLyAHlHi/Esoyz5ChseSZWwCO0MKl5ya0K7sFL8cqeMl+k4KnFAH3JzHjfzxyBUIGSPII4q4MGYQl1KafG4GgcKkUHxecw1KEOd/TL+P47P3
iOfZQVH8WXRayn7HRedIOwj5HiXmCiJwBXxo7MJJvFvqReQ1tEdJq4TKux/4CQx6RVphooWf8m+sthp9P+TcNEoDPFg6jq5F6VyfArJ3N0HBCw4a1mywGzelnoHFbEMyT+KhEnqQQaOnreeWlc13JQuMqh9RdZHi71hFkBzG/NPSxA+mF8JaFLPBtAhCopCoXg05H/F63f6PQZv+f5Qz0VU6MTC1QXBi30Hm2GzFxrPQ
TYK2SBNIH5D2XaWwSODsg9EvIuTF6IsgLWunTQ4jBnVYbpHi1X9C7zwWar3vhOw0OiPsGIpuPsUZ/M/CghcnQdHrPloGzMCbp8UuQZVMszJ/AvFSijDRIxfNN1bl7WclG6za34EVIWJ/+LXQTCbM0yLkX2anosqUw2FkSHJCgKhObQnfodotfh+hK76vtEPRZVrh8MXh4OJvobaYnOXWs8A=
nZYdfsghDl9ekRGUmvFcs1Mf7ZyuyQFT1b8hWTx4awyvGusDfB8CalRF0fjS1ARf0uC0EgA1J4DxOrxrGYFvl4CiuLB+axm5kLkrMA3SwX5PqjRMb9OpsYmuW5HZpaXQZCc/aZ+SwYQLKPJacjOcmOGeGd50ZH0d2rDMPj5ocBE3J5+mE44h3RVGkch9MVsm3wj7nd4SUd2IYKKZ6LP+
SQIpfn3xTu9XqGQPadOOZzt/0vBLLHrCsPcj6UuuRPWktwR74K4XfwPfQB4eQYfb/jBoCCZox3o6lJ7eAZrUONx2o/WKKLcXLJc/O7Mv
GSBcc39WmABenzi5Jn5jK39+ycktmnpqTnBqfUz3yalDERI1mcvLkHDFQ/lLvqTF5GekC2Aed6/Dr2AOHlGnqz7gCLimGGeqeqR+zgGKtAgcJgMFCphXR2xnHyuzPw==
VrIHs4JQXdHHlnPJK4pFhTt/0vFRKnreqPYj6UuuRPWktwR74K4XfwPfQB4eQYfb/jBoCCZox3o6lJ7eAZrUONx2o/WKKLcXLJc/O7Mv
aEy1OZjoVmmSU+0qYZ3k8Dt/0vNLLHrCsPcj6UuuRPWktwR74K4XfwPfQB4eQYfb/jBoCCZox3o6lJ7eAZrUONx2o/WKKLcXLJc/O7Mv
h/JqYPOMpGd/4LWkJmGfy3PP2ocsIKTpjRw/DF3JhPshynwoNIb+aBmBjpdk2mO+/tkiooO6ff4vgbt+X1ST0bX60bBVgZBiP4EGWIwFJrMw
35JiHeM2vtx1btIj19EKpXPM2ocsIKTpjRw/DF3JhPshynwoNIb+aBmBjpdk2mO+/tkiooO6ff4vgbt+X1ST0bX60bBVgZBiP4EGWIwFJrMw
ec6K1iFPZyuGD4fCZxF2oHPN2ocsIKTpjRw/DF3JhPshynwoNIb+aBmBjpdk2mO+/tkiooO6ff4vgbt+X1ST0bX60bBVgZBiP4EGWIwFJrMw
qycdp2bMhC7KSLDQN1dcXHPP2ocsIKbzixwjFFzJhPshynwoNIb+aBmBjpdk2mO+/tkiooO6ff4vgbt+X1ST0bX60bBVgZBiP4EGWIwFJrMw
XfoiROlf8Tuww3oowmWzjHPM2ocsIKbzixwjFFzJhPshynwoNIb+aBmBjpdk2mO+/tkiooO6ff4vgbt+X1ST0bX60bBVgZBiP4EGWIwFJrMw
M0z6pEV/qy3WRJn8mcIBNnPN2ocsIKbzixwjFFzJhPshynwoNIb+aBmBjpdk2mO+/tkiooO6ff4vgbt+X1ST0bX60bBVgZBiP4EGWIwFJrMw
jeHIRxOghVe6GC1Zkp5i8nPK2ocsIKbzixwjFFzJhPshynwoNIb+aBmBjpdk2mO+/tkiooO6ff4vgbt+X1ST0bX60bBVgZBiP4EGWIwFJrMw
ZeXzs69qbf1OzDbgPLOznCD+tvhEMCWe5UDAdRobf3aiUOo6oJhHPVDvumY9fqDl/NpdhiMOcb1lBoFozTGrxs/IS72OkiG9GCCSOTizLg==
8FtOrXNuyyA4TYIEo71hajt/0ux2AEnlmvYj6UuuRPWktwR74K4XfwPfQB4eQYfb/jBoCCZox3o6lJ7eAZrUONx2o/WKKLcXLJc/O7Mv
oyE6DLksw4txz/LZSN3za0s64PY/eSJfz4/rDOAbzG24LRDcw8FbFQzY3gNDlTYKNP52uvMkwv6y+GF4sBb0bF/juhqj6TSdMz2zLQ==
DQVKztET++M4Ba2LCJt7czt/0ux1DEf5nuEj6UuuRPWktwR74K4XfwPfQB4eQYfb/jBoCCZox3o6lJ7eAZrUONx2o/WKKLcXLJc/O7Mv
fBOwyvT+nUgER3CdVSEQwDkM8cxRFTHuMBG4u92SyPhAblLI9ekaJ/Ai/z5iobYSF1IRXoPpTy7rjO8RiaIl4GGp/IITqRIomD06syw=
6JtzGwhxtcOOJfVSu8UdREs64IQ7aiZfz4/rDOAbzG24LRDcw8FbFQzY3gNDlTYKNP52uvMkwv6y+GF4sBb0bF/juhqj6TSdMz2zLQ==
Yfc2qrJaczwp7VC5lv5JyDkM8cxGCTTqPhG4u92SyPhAblLI9ekaJ/Ai/z5iobYSF1IRXoPpTy7rjO8RiaIl4GGp/IITqRIomD06syw=
bURblxDhJD9w6aolgUlZFjQC66hBDiP5PBG4u92SyPhAblLI9ekaJ/Ai/z5iobYSF1IRXoPpTy7rjO8RiaIl4GGp/IITqRIomD06syw=
cp1woci735qFYb0/1qh/rTt/0p52BUH5nugj6UuuRPWktwR74K4XfwPfQB4eQYfb/jBoCCZox3o6lJ7eAZrUONx2o/WKKLcXLJc/O7Mv
y8Ljtg/q7Mbn0sIfLA4l0TkM8cxHDif5MxG4u92SyPhAblLI9ekaJ/Ai/z5iobYSF1IRXoPpTy7rjO8RiaIl4GGp/IITqRIomD06syw=
Z1PRmDcBPbP08w0vF65ibEs64PY7eihdz4/rDOAbzG24LRDcw8FbFQzY3gNDlTYKNP52uvMkwv6y+GF4sBb0bF/juhqj6TSdMz2zLQ==
YtmMprcGmaGSwbYcdv1syiD+tvhFOD6bnE3RdRobf3aiUOo6oJhHPVDvumY9fqDl/NpdhiMOcb1lBoFozTGrxs/IS72OkiG9GCCSOTizLg==
5zoq51t/L6ngWjaLwtBu3xWAp+hiGhbo7l92k4dLK1AYT3zB0MmwYFu1y5mEXF6f+wHGZpxaFkarkBKyerwhpMjCxEC3h5omux0kkTs5szE=
PUCsSt7cfALTUckzQ/1m2Bazu+YuIMHQrzwFLkvJhPshynwoNIb+aBmBjpdk2mO+/tkiooO6ff4vgbt+X1ST0bX60bBVgZBiP4EGWIwFJrMw
DloM3l8aVqNxbFCaLCgYh0s64PY0aDVJz4/rDOAbzG24LRDcw8FbFQzY3gNDlTYKNP52uvMkwv6y+GF4sBb0bF/juhqj6TSdMz2zLQ==
sBLBVEC96oH1d0iooc2iwGIc3YFVfZ29Xts7Pm4gNoIEeCOl7H827rn+JG1wSuEex27VBTn2zaAJcW+OA/gXReqyBaXkMJ4xPLMq
QXKLQfjobtvcz5HzDBz5Sra2kTYHldPdfh8B4L6YcMR/F2uUUIOstQh10ITzGTsNPMDeG3ONVtIEprbiQ/yiZgJg4eAAjpS077t6QpMxVIUDJbM1
jm/NF8Nm9s/e1AV9KOQF8zt/0p52G0f6nvcj6UuuRPWktwR74K4XfwPfQB4eQYfb/jBoCCZox3o6lJ7eAZrUONx2o/WKKLcXLJc/O7Mv
jcCfcGIsmYNodDhkxRFO3jt/0ux4Gkf4k+Aj6UuuRPWktwR74K4XfwPfQB4eQYfb/jBoCCZox3o6lJ7eAZrUONx2o/WKKLcXLJc/O7Mv
g304d1vY2x1wmgZNrAEw3jkM8cxDCTDqNxG4u92SyPhAblLI9ekaJ/Ai/z5iobYSF1IRXoPpTy7rjO8RiaIl4GGp/IITqRIomD06syw=
rDL3yrIy+Y1Gl0AzSI3DXXD8xolhEgHz41N4iYdLK1AYT3zB0MmwYFu1y5mEXF6f+wHGZpxaFkarkBKyerwhpMjCxEC3h5omux0kkTs5szE=
/PMM5jzaF7N7BOh8iMef+oq0kSUqBr2vo0JxrP+b4C3mW8Ou1oBeUkw469XEXy4eof48HWhqye6Prh1V0VZ1MHHx1x77mL+VonJNlQxQhgEkszI=
Fr3FEP/MJkepCa92t6LYwBCokHtKZ/ySjUdzKeM4G7WL8vwp1Gu8JwAyr+NzQ/iCnt0/R46s0JTGNH+mSkgmgsHG7OSsqpupajSPC1yLByezMw==
N78dIvbLBTVi2gYRnvjlZRWAp+hiGmTi7FhliodLK1AYT3zB0MmwYFu1y5mEXF6f+wHGZpxaFkarkBKyerwhpMjCxEC3h5omux0kkTs5szE=
OyOt5UzWOXRlsLip9YO/H0WC15lHOF2Vm0zCdRobf3aiUOo6oJhHPVDvumY9fqDl/NpdhiMOcb1lBoFozTGrxs/IS72OkiG9GCCSOTizLg==
HUuo5IX8ooOrPVVPeiivGxCokHtKZ46SkFt5P+E4G7WL8vwp1Gu8JwAyr+NzQ/iCnt0/R46s0JTGNH+mSkgmgsHG7OSsqpupajSPC1yLByezMw==
tDNIzRBc1LxDdILAydgqL7a1kTYHldPdfh8B4L6YcMR/F2uUUIOstQh10ITzGTsNPMDeG3ONVtIEprbiQ/yiZgJg4eAAjpS077t6QpMxVIUDJbM1
FklbYkrftCff0AW4dIZ31n5+ycktmnpqTnBqfUz3yalDERI1mcvLkHDFQ/lLvqTF5GekC2Aed6/Dr2AOHlGnqz7gCLimGGeqeqR+zgGKtAgcJgMFCphXR2xnHyuzPw==
OXV4stwmAOpoET0Q98t6ba/oynpX3t6wUktJ7L6fcsd/F2uUUIOstQh10ITzGTsNPMDeG3ONVtIEprbiQ/yiZgJg4eAAjpS077t6QpMxVIUDJbM1
8Mh+QItognVaNc7DVwasUh4h+9hkUpC9Xts7Pm4gNoIEeCOl7H827rn+JG1wSuEex27VBTn2zaAJcW+OA/gXReqyBaXkMJ4xPLMq
lCvyilgnJ4MT21uifzBTxh8h+9hkUpC9Xts7Pm4gNoIEeCOl7H827rn+JG1wSuEex27VBTn2zaAJcW+OA/gXReqyBaXkMJ4xPLMq
3w53m3Pp2ywiEZsYH2eOfiV3zZN8Gi71mvIj6UuuRPWktwR74K4XfwPfQB4eQYfb/jBoCCZox3o6lJ7eAZrUONx2o/WKKLcXLJc/O7Mv
R0aLwT/mEA79SXlDldc5Xba2kTYFldPdfh0b5r6EaMV/F2uUUIOstQh10ITzGTsNPMDeG3ONVtIEprbiQ/yiZgJg4eAAjpS077t6QpMxVIUDJbM1
akVc2tAmERLu9HgzJa+kLUT9anzw0fVBLB+KzPJZW1D51CvlopsH5gowMoroWA9tqM+SliV+uJXU+iVW6065DT3mKfg1sRNWp2iTzUZSaW0gQHoJILM2
BhkDF+a1dPCQsN11XvuTgBWAp5VdPC3O1G9SkIdLK1AYT3zB0MmwYFu1y5mEXF6f+wHGZpxaFkarkBKyerwhpMjCxEC3h5omux0kkTs5szE=
y1x3J0RWNHupgG76bmn2Be/I8FNJa6ewrzwZsvmB7S3mW8Ou1oBeUkw469XEXy4eof48HWhqye6Prh1V0VZ1MHHx1x77mL+VonJNlQxQhgEkszI=
+xTF/lGXC9BXTo/rtRKvtra2kTYFldPdfnAmz4W/Rtp/F2uUUIOstQh10ITzGTsNPMDeG3ONVtIEprbiQ/yiZgJg4eAAjpS077t6QpMxVIUDJbM1
lIlAZQNX+Y+wk0GtTOX6tBCokB42Bu+QkDh3OOArG7WL8vwp1Gu8JwAyr+NzQ/iCnt0/R46s0JTGNH+mSkgmgsHG7OSsqpupajSPC1yLByezMw==
xRg+/ZFy+iz3zEBVZcaYW5HgaFBv3rKWFFw/6ITfXgWDgUA7ZQKwWOg+moi9GXIH6FLnPnpRrjL/ItmeyznnjhMcV5HxMp2Aifm0QluZOkiADSKzNA==
WPOGEAJZON/E4tmioRW9BCV3zZN8Gi7kkeEj6UuuRPWktwR74K4XfwPfQB4eQYfb/jBoCCZox3o6lJ7eAZrUONx2o/WKKLcXLJc/O7Mv
kNrD6ZrYnGu8KkxkRrskDn1+ycktmnpqTnBqfUz3yalDERI1mcvLkHDFQ/lLvqTF5GekC2Aed6/Dr2AOHlGnqz7gCLimGGeqeqR+zgGKtAgcJgMFCphXR2xnHyuzPw==
sxnqSgCSsTe2YvGMy5i/rT72qYdPIlCEi0vUdRobf3aiUOo6oJhHPVDvumY9fqDl/NpdhiMOcb1lBoFozTGrxs/IS72OkiG9GCCSOTizLg==
tHvZU6keSfyeH8SYkTdKgTxofKU3WyNpax25Ag0vCi/0phIdBxR0tKKzRHgynvaFUSwX4uon30Gp29Z6XpwIW++1lqE93Cuy55KZ8nKAmWPfHW82zR1fJSNc8r/ZxekiN0hNcCS2VFO6dPeGH9KCVAsxPGiacviotl1h/3kKZT7XUZPeByTbUf3KCVC9USgiJ/FueLSV7rP4
PVaOnf5GuOCA6e9aXU0rrA3xb0adtDZMLH9vDqMK9xsYP+ZSKHUdMJaUwJeekAjqpFWDGG2qMOOdAesfDDIkKNqLvcEsSed4SRIFNgOayHQL802plb5Xmd2lodhoNyNxe7KlvPcYvhK289jQLW6lptCE2YVGIEC2uuj0mbu3Az637oUlqTbdALlxH+4TOIelOjI1xZRwrpHss/o=
K+YfXoab5kYK+F19r5GUNtZmBDBSidI3eKLAof7ssyieZo33l5vwy9lEbkFEde0lVMms+41OKh6W2c36Ic71J0YV3tWDoMMvRZ5GviIQLBh+6RI0C2D7xmKe15plZBIjY/Kn1NoYXlR0J4whY61q1uokIE8cVPf13OnYHQgRM9AD8oj4pljn6nrk/o4BSjTIHOaDxQpY14dsp5/rs/8=
sPqu1oRxYsG88Y29fsNMsHPNeZbdFyWInKvo4qcmlnyR4YdpxLXhrkInZFcJCzzzUM39HP7AzpMBPGGMsemOT4IDUxK3kb00KhjC8oh21hOuQrvyb1j6FFsc5eaWretoO0JKauqqzE0gx8MPDngCnlz57IajqwQjlFvI0/eeSyhUrvZqE9QCzhKoYSgQJjScvzM6SsOZdK2T7bP9
fduQcuTnJonnY86R1f+R6vctPS4bZ3pDJ5oQXceIiwsxG55rfbPE5kiTKR5bmbdOQzxnkQFSTUDZGSTC6/nKCLAtMrMk
ehpIs1+Ftz6YN6M6W0XYcTafnKIMG/H1zg0kDmmAjeFuiWZuK4LkPROwx9tN8wrr6ds4toSrff4vgbt+X1ST0bX60bBVgZBiP4EGWIwFJrMw
y/KQf/Ljv8TKeIYKxwxQ21cy5/lbXLkU2rTt7fTq/ws5Ai6y/aa9eSttVBrgXTkuN8bxrnRDZdqKrMdAjSULuJnLEhEtypb2S8BSQlqsIZSoEgQwFxcalltNZGEbKbMB
A6Z4AlSSK6032ZrkubCDEF9cu0BwAn+f0HznjX5p6vk+hXIG6kGsg9FvEEpc16TvlrKriBkKZzE26CQPWYDLTGnIwIG1hOaWz1apV0t2RWFql7koJogHGrp0Xr4BepRYXJbjlYoI97esN38bsw8=
A6Z4AlSSK6032ZrkubCDEF9cu0BwAn+f0HznjX5p6vk+hXIG6kGsg9FvEEpc16TvlrKriBkKZzE26CQPWYDLTGnIwIG1hOaWz1apV0t2RWFql7koJogHGrp0Xr4BepRYXJbjlYoI97esN38bsw8=
fduQcuTnJonnY86R1f+R6vctPS4bZ3pDJ5oQXceIiwsxG55rfbPE5kiTKR5bmbdOQzxnkQFSTUDZGSTC6/nKCLAtMrMk
ehpIs1+Ftz6YN6M6W0XYcTafnKIMG/H1zg0kDmmAjeFuiWZuK4LkPROwx9tN8wrr6ds4toSrff4vgbt+X1ST0bX60bBVgZBiP4EGWIwFJrMw
y/KQf/Ljv8TKeIYKxwxQ21cy5/lbXLkU2rTt7fTq/ws5Ai6y/aa9eSttVBrgXTkuN8bxrnRDZdqKrMdAjSULuJnLEhEtypb2S8BSQlqsIZSoEgQwFxcalltNZGEbKbMB
ougfz8l3zw3fGR1BQNDVVdamLx0qg5aofR4egem5bCLvxkYpK03pFfc6gN23KDtLwXuOa21TtCb4M9meyznnjhMcV5HxMp2Aifm0QluZOkiADSKzNA==
V99ymuEhq9CaLrlA2zmyPQNb46QZaifRtohk71ngC6zpqABhtaQmNk/2aXdLVoXB6jd5CCZox3o6lJ7eAZrUONx2o/WKKLcXLJc/O7Mv
y/KQf/Ljv8TKeIYKxwxQ21cy5/lbXLkU2rTt7fTq/ws5Ai6y/aa9eSttVBrgXTkuN8bxrnRDZdqKrMdAjSULuJnLEhEtypb2S8BSQlqsIZSoEgQwFxcalltNZGEbKbMB
A6Z4AlSSK6032ZrkubCDEF9cu0BwAn+f0HznjX5p6vk+hXIG6kGsg9FvEEpc16TvlrKriBkKZzE26CQPWYDLTGnIwIG1hOaWz1apV0t2RWFql7koJogHGrp0Xr4BepRYXJbjlYoI97esN38bsw8=
A6Z4AlSSK6032ZrkubCDEF9cu0BwAn+f0HznjX5p6vk+hXIG6kGsg9FvEEpc16TvlrKriBkKZzE26CQPWYDLTGnIwIG1hOaWz1apV0t2RWFql7koJogHGrp0Xr4BepRYXJbjlYoI97esN38bsw8=
V99ymuEhq9CaLrlA2zmyPQNb46QZaifRtohk71ngC6zpqABhtaQmNk/2aXdLVoXB6jd5CCZox3o6lJ7eAZrUONx2o/WKKLcXLJc/O7Mv
y/KQf/Ljv8TKeIYKxwxQ21cy5/lbXLkU2rTt7fTq/ws5Ai6y/aa9eSttVBrgXTkuN8bxrnRDZdqKrMdAjSULuJnLEhEtypb2S8BSQlqsIZSoEgQwFxcalltNZGEbKbMB
SQhgI/anJAoe+k6G2isGzh6/Jyemnb1SdDrn6qwRGw32ylWipIlJqVN9LY7yDQVc4YO7v0wrr5fO7iJH6065DT3mKfg1sRNWp2iTzUZSaW0gQHoJILM2
V99ymuEhq9CaLrlA2zmyPQNb46QZaifRtohk71ngC6zpqABhtaQmNk/2aXdLVoXB6jd5CCZox3o6lJ7eAZrUONx2o/WKKLcXLJc/O7Mv
y/KQf/Ljv8TKeIYKxwxQ21cy5/lbXLkU2rTt7fTq/ws5Ai6y/aa9eSttVBrgXTkuN8bxrnRDZdqKrMdAjSULuJnLEhEtypb2S8BSQlqsIZSoEgQwFxcalltNZGEbKbMB
A6Z4AlSSK6032ZrkubCDEF9cu0BwAn+f0HznjX5p6vk+hXIG6kGsg9FvEEpc16TvlrKriBkKZzE26CQPWYDLTGnIwIG1hOaWz1apV0t2RWFql7koJogHGrp0Xr4BepRYXJbjlYoI97esN38bsw8=
fduQcuTnJonnY86R1f+R6vctPS4bZ3pDJ5oQXceIiwsxG55rfbPE5kiTKR5bmbdOQzxnkQFSTUDZGSTC6/nKCLAtMrMk
ehpIs1+Ftz6YN6M6W0XYcTafnKIMG/H1zg0kDmmAjeFuiWZuK4LkPROwx9tN8wrr6ds4toSrff4vgbt+X1ST0bX60bBVgZBiP4EGWIwFJrMw
XuiW/U0eD39ZI+2pWLbK4iZ520KauNn8/erqN0E23p6Vgl0lc7mEVqiZ+VKPMkHC3KfFRhI4V8wFoYsEYX9ivcVu9iqTlAKOkuhhaJBmNNw/czqKQ1l0bRMtsz0=
2LpnFQ2bfM8FBu7G7GWM5k4lKhXshMDFx7AyUVmcyaeQajis/TII5sydqtaJnJbmqFJ/ZUNRcz0O6h3yPAnR+ZudFf7aza3MeSNzjzQrV6eGTrrXQw6R/QWGYSitMYuGb0jr/a6SAf24oDJ5GLMO
V99ymuEhq9CaLrlA2zmyPQNb46QZaifRtohk71ngC6zpqABhtaQmNk/2aXdLVoXB6jd5CCZox3o6lJ7eAZrUONx2o/WKKLcXLJc/O7Mv
XuiW/U0eD39ZI+2pWLbK4iZ520KauNn8/erqN0E23p6Vgl0lc7mEVqiZ+VKPMkHC3KfFRhI4V8wFoYsEYX9ivcVu9iqTlAKOkuhhaJBmNNw/czqKQ1l0bRMtsz0=
ougfz8l3zw3fGR1BQNDVVdamLx0qg5aofR4egem5bCLvxkYpK03pFfc6gN23KDtLwXuOa21TtCb4M9meyznnjhMcV5HxMp2Aifm0QluZOkiADSKzNA==
V99ymuEhq9CaLrlA2zmyPQNb46QZaifRtohk71ngC6zpqABhtaQmNk/2aXdLVoXB6jd5CCZox3o6lJ7eAZrUONx2o/WKKLcXLJc/O7Mv
XuiW/U0eD39ZI+2pWLbK4iZ520KauNn8/erqN0E23p6Vgl0lc7mEVqiZ+VKPMkHC3KfFRhI4V8wFoYsEYX9ivcVu9iqTlAKOkuhhaJBmNNw/czqKQ1l0bRMtsz0=
GTQowZ32epWjQ+80hmqmUksrJmoGK255WOOIpEQZP/a5/q9VJuzMOxk0I8j5rAh1lfDuch8SwePLwi0lunOxXAZ8z34q8LYKQU58XEzyK2EqfH9TfHMXL7M7
Jty5kA8mPaWDPLG0b+CLBPctPS4bZ3pDJ5oQXceIiwsxG55ofbPE5kiTKR5bmbdOQzxnkQFSTUDZGSTC6/nKCLAtMrMk
bMCbgVYgQSkt7xHTi9QwfzafnKIMG/H1zg0kDmmAjeFuiWZuK4LkPROwx9tN8wro6ds4toSrff4vgbt+X1ST0bX60bBVgZBiP4EGWIwFJrMw
KJDF+o8+sRWhabl/BSgjciZ520KauNn8/erqN0E23p6Vgl0lc7mEVqiZ+VKPMkHC3KfFRhI4V8wFoYgEYX9ivcVu9iqTlAKOkuhhaJBmNNw/czqKQ1l0bRMtsz0=
DPNuiNlzOw2NskukDBjG+k4lKhXshMDFx7AyUVmcyqeQajis/TII5sydqtaJnJbmqFJ/ZUNRcz0O6h3yPAnR+ZudFf7aza3MeSNzjzQoV6eGTrrXQw6R/QWGYSitMYuGb0jr/a6SAf24oDJ5GLMO
noxcksewpGhOj5j6jNgXhNamLx0qg5aofR4egem5bCLvxkYpK03pFfc6gN23KDtLwXuOaG1TtCb4M9meyznnjhMcV5HxMp2Aifm0QluZOkiADSKzNA==
ahR9G0P0ZC2Qzs4CEKJNn0srJmoGK255WOOIpEQZP/a5/q9VJuzMOxk0I8j5rAh1lfDuch8SwePIwi0lunOxXAZ8z34q8LYKQU58XEzyK2EqfH9TfHMXL7M7
Jty5kA8mPaWDPLG0b+CLBPctPS4bZ3pDJ5oQXceIiwsxG55ofbPE5kiTKR5bmbdOQzxnkQFSTUDZGSTC6/nKCLAtMrMk
bMCbgVYgQSkt7xHTi9QwfzafnKIMG/H1zg0kDmmAjeFuiWZuK4LkPROwx9tN8wro6ds4toSrff4vgbt+X1ST0bX60bBVgZBiP4EGWIwFJrMw
N+AFibE5ahfbHScGSMKWmVcy5/lbXLkU2rTt7fTq/ws5Ai6y/aa9eSttVBrgXTkuN8bxrnRDZdqKrMdAjSUIuJnLEhEtypb2S8BSQlqsIZSoEgQwFxcalltNZGEbKbMB
508gP+HCiHrP45PTl4t82V9cu0BwAn+f0HznjX5p6vk9hXIG6kGsg9FvEEpc16TvlrKriBkKZzE26CQPWYDLTGnIwIG1hOaWz1apV0h2RWFql7koJogHGrp0Xr4BepRYXJbjlYoI97esN38bsw8=
noxcksewpGhOj5j6jNgXhNamLx0qg5aofR4egem5bCLvxkYpK03pFfc6gN23KDtLwXuOaG1TtCb4M9meyznnjhMcV5HxMp2Aifm0QluZOkiADSKzNA==
8LtHeqerqvgkf+zn8HA3hgNb46QZaifRtohk71ngC6zpqABhtaQmNk/2aXdIVoXB6jd5CCZox3o6lJ7eAZrUONx2o/WKKLcXLJc/O7Mv
C1wtBwpOYFZjYFHgtKYEIyd520KauNn8/erqN0E23p6Vgl0lc7mEVqiZ+VKPMkHC3KfFRhI4V8wFoYgEYX9ivcVu9iqTlAKOkuhhaJBmNNw/czqKQ1l0bRMtsz0=
ahR9G0P0ZC2Qzs4CEKJNn0srJmoGK255WOOIpEQZP/a5/q9VJuzMOxk0I8j5rAh1lfDuch8SwePIwi0lunOxXAZ8z34q8LYKQU58XEzyK2EqfH9TfHMXL7M7
yZpcHFcCw5YnNEZXrpAuzE4lKhXshMDFx7AyUVmcyaeSajis/TII5sydqtaJnJbmqFJ/ZUNRcz0O6h3yPAnR+ZudFf7aza3MeSNzjzQoV6eGTrrXQw6R/QWGYSitMYuGb0jr/a6SAf24oDJ5GLMO
noxcksewpGhOj5j6jNgXhNamLx0qg5aofR4egem5bCLvxkYpK03pFfc6gN23KDtLwXuOaG1TtCb4M9meyznnjhMcV5HxMp2Aifm0QluZOkiADSKzNA==
sdJZFPeH6lM+rZOsn0za0E4lKhXshMDFx7AyUVmcyaeRajis/TII5sydqtaJnJbmqFJ/ZUNRcz0O6h3yPAnR+ZudFf7aza3MeSNzjzQoV6eGTrrXQw6R/QWGYSitMYuGb0jr/a6SAf24oDJ5GLMO
kT6Ybt9owlmRTXqB/8f+SDcZ9RpZyf/W+riNoQ698OdhBrWIvT0IkMkzspndktYeW/iyCuo0oTx4aiQ4Z8/a/sv1BKkrMbMp
CifxyjowAgcsFxFzpzavoPPm13ZZz/rkF0ob9q2YYfkwGz+XAty9rQZJ0Nu5QmUkFamIDHGXQtUVprbiQ/yiZgJg4eAAjpS077t6QpMxVIUDJbM1
8YkeRYfyVFk1EhVo8n95KWC0dttL79cd94kJZa+atQRuFlvb09HDXV8qptsqDIcErYFCVAwYaNfb8aOvRCinh9YOCjfTjuFd1UZRSL0xm6YfCDsdHhKRXUhgYhkosz4=
mn9IdhIk7XWGOYs8WoI/Hi6Xiq5BSr3nh0UxEmiHhOwpmCM5LIjCaEbL1clN8wro6ds4toSrff4vgbt+X1ST0bX60bBVgZBiP4EGWIwFJrMw
8YkeRYfyVFk1EhVo8n95KWC0dttL79cd94kJZa+atQRuFlvb09HDXV8qptsqDIcErYFCVAwYaNfb8aOvRCinh9YOCjfTjuFd1UZRSL0xm6YfCDsdHhKRXUhgYhkosz4=
qqd872uhA26TfcSno9XgpAhocyxUb2otSfiIoElWcLz/tKtUJqfFPRxyPs6lqwJTwKWVYA0SwePIwi0lunOxXAZ8z34q8LYKQU58XEzyK2EqfH9TfHMXL7M7
LK/nrvxrrgNbAglzlZllYJxQ2ScSwGoQsbNoEjWJ+piFAgEHG821gsx/yKzloEcpKIDeSDoDEbnpa4ZoZUOcRsDjgd4zib9uu2zfEXmCdSDRCQwCg0lCaGgdKrM8
egJkxs4P94S13/sKS6r4c+ZjfHAtwAPckN7Hw6AuWEq9pM2zScZc3gJChtXjNilBXdjY5+6uwNS/nFtsRv8V1ZwabhZFk3J7AE0lGK3KEcvI6v39GgsBtMZUv0bKKOZiwaasBCzK20lqFM+r3CtHB7MT
iaa7Q1Gr5adM7R26hP9kK+zf5+Xj9tFgDCbBrPwibwbfwr7NedO80NpozXGuLXB3wdb1WJ0tCIDp4/JJfQJWjvso8trKJKEsWLpk6MdfWm5rJUR5CyGzOQ==
mn9IdhIk7XWGOYs8WoI/Hi6Xiq5BSr3nh0UxEmiHhOwpmCM5LIjCaEbL1clN8wro6ds4toSrff4vgbt+X1ST0bX60bBVgZBiP4EGWIwFJrMw
AyuzLZYFg5pTPkWR6mgcbmG0dttL79cd94kJZa+atQRuFlvb09HDXV8qptsqDIcErYFCVAwYaNfb8aOvRCinh9YOCjfTjuFd1UZRSL0xm6YfCDsdHhKRXUhgYhkosz4=
imgDucQA6TV6J5POWIaKyOZjfHAtwAPckN7Hw6AuW0q+pM2zScZc3gJChtXjNilBXdjY5+6uwNS/nFtsRv8V1ZwabhZFk3J7AE0lGK3KEcvI6v39GgsBtMZUv0bKKOZiwaasBCzK20lqFM+r3CtHB7MT
LK/nrvxrrgNbAglzlZllYJxQ2ScSwGoQsbNoEjWJ+piFAgEHG821gsx/yKzloEcpKIDeSDoDEbnpa4ZoZUOcRsDjgd4zib9uu2zfEXmCdSDRCQwCg0lCaGgdKrM8
iaa7Q1Gr5adM7R26hP9kK+zf5+Xj9tFgDCbBrPwibwbfwr7NedO80NpozXGuLXB3wdb1WJ0tCIDp4/JJfQJWjvso8trKJKEsWLpk6MdfWm5rJUR5CyGzOQ==
4u+PLhvH3h/5jF5ZJ7dC9TcZ9RpZyf/W+riNoQ698OdhBbWIvT0IkMkzspndktYeW/iyCuo0oTx4aiQ4Z8/a/sv1BKkrMbMp
x/7N8RQrd67Gzl4/2ECsevPm13ZZz/rkF0ob9q2YYfkwGz+XAty9rQZJ0Nu5QWUkFamIDHGXQtUVprbiQ/yiZgJg4eAAjpS077t6QpMxVIUDJbM1
Ko6Qtxe4JEzQgVITc1/MNGC0dttL79cd94kJZa+atQRuFlvb09HDXV8qptsqDIcErYFCVAwYaNfY8aOvRCinh9YOCjfTjuFd1UZRSL0xm6YfCDsdHhKRXUhgYhkosz4=
9IhGC47mqMdOVorgvAPkHuZjfHAtwAPckN7Hw6AuWEq+pM2zScZc3gJChtXjNilBXdjY5+6uwNS/nFtsRv8V1ZwabhZFk3J7AE0lG63KEcvI6v39GgsBtMZUv0bKKOZiwaasBCzK20lqFM+r3CtHB7MT
+nE8peLx4D9HuULS2lW4/uzf5+Xj9tFgDCbBrPwibwbfwr7NedO80NpozXGuLXB3wdX1WJ0tCIDp4/JJfQJWjvso8trKJKEsWLpk6MdfWm5rJUR5CyGzOQ==
0FOTnwvu2D5Uf/0WsdBF1zcZ9RpZyf/W+riNoQ698OdhB7WIvT0IkMkzspndktYeW/iyCuo0oTx4aiQ4Z8/a/sv1BKkrMbMp
qKTnU9HI5D9ZfYeenJVg+PPm13ZZz/rkF0ob9q2YYfkwGz+XAty9rQZJ0Nu5Q2UkFamIDHGXQtUVprbiQ/yiZgJg4eAAjpS077t6QpMxVIUDJbM1
u4RLII/ab7kuHmWjGdv7omC0dttL79cd94kJZa+atQRuFlvb09HDXV8qptsqDIcErYFCVAwYaNfa8aOvRCinh9YOCjfTjuFd1UZRSL0xm6YfCDsdHhKRXUhgYhkosz4=
k2viiRFFaOnChtg6LNz7TeZjfHAtwAPckN7Hw6AuW0q/pM2zScZc3gJChtXjNilBXdjY5+6uwNS/nFtsRv8V1ZwabhZFk3J7AE0lGa3KEcvI6v39GgsBtMZUv0bKKOZiwaasBCzK20lqFM+r3CtHB7MT
7DVMiXWqDhKGe33GqxV3O5xQ2ScSwGoQsbNoEjWJ+piFAgEHG821gsx/yKzloEcpKIDeSDoDELnpa4ZoZUOcRsDjgd4zib9uu2zfEXmCdSDRCQwCg0lCaGgdKrM8
pkHajolslDiv2At4xQFiMOzf5+Xj9tFgDCbBrPwibwbfwr7NedO80NpozXGuLXB3wdf1WJ0tCIDp4/JJfQJWjvso8trKJKEsWLpk6MdfWm5rJUR5CyGzOQ==
4u+PLhvH3h/5jF5ZJ7dC9TcZ9RpZyf/W+riNoQ698OdhBbWIvT0IkMkzspndktYeW/iyCuo0oTx4aiQ4Z8/a/sv1BKkrMbMp
x/7N8RQrd67Gzl4/2ECsevPm13ZZz/rkF0ob9q2YYfkwGz+XAty9rQZJ0Nu5QWUkFamIDHGXQtUVprbiQ/yiZgJg4eAAjpS077t6QpMxVIUDJbM1
ONhD/ccIQn6qJAJvEPiHRRfTBAVhpeB5P5ff6ML9KJ2Tmon8WmZvM/+x77WLevID9kzb3HnRFvzguAR/LEHXF7io2z8ivn6fPy6N9QGWBRBh8cf+y9hvdTLyvTV8kFZhFLMC
L9u791x8K5KCy0f/gw9Owd7BFUZzsjVvGWKe02v4hHJSGwYVuQZnyolIGKdxawAdGx4iIuGKneenhZGSyEek7ElYw7lMSCJoJgs2SS0z6uiJm9g25Oud/k/BW/4/FHPRlbpxMPXBsGIfwabYLEUGsxA=
+nE8peLx4D9HuULS2lW4/uzf5+Xj9tFgDCbBrPwibwbfwr7NedO80NpozXGuLXB3wdX1WJ0tCIDp4/JJfQJWjvso8trKJKEsWLpk6MdfWm5rJUR5CyGzOQ==
zkGhbB/JWJnlWGWozXIuKkUPYaPd1bDIaeVfZEKL2gt9DMN9WDq54gOpfqZ7zgltzaYZGEWxI3ZXKCNtNtL5zfAAqikwsyY=
zHovuqzRpt+WBtWX+7TtMUUPYaPd1bDIaeFdakKL2gt9DMN9WDq54gOpfqZ7zgltzaYZGEWxI3ZXKCNtNtL5zfAAqikwsyY=
NEoi2rfU40ATYYYDUx4UishCtLFhWjkUqL/lNcHK6Nms/cp1Xg61nS/57Kd0Oxg1yPO3uKA7jRkppzLJSnK4AaJtgIe8jYp8TCm1iLciPgLiLFQkjtVqCOtcg/qSoq+mZVhqH5PO3+g6JCZohBv0HaMREmoamFjz/OiPSSxVoKGIrUts807wREbkn1aKWIYywXZM9Oza+/nqZK+7nJvn17PD
yKBH0R6/W8P4kDZ5SjfLzlERc8gl73rb7OgTBIOgaT0WlcoBFLYbI2E2NnKjjGJWInDh8CC+VMQPK/rS88EUtSM1syU=
gTrdoJu0JrV2vZyjcWXNp3Z+e78sVCRqKAD8FSxmCyLyrBIdBxR0tKKzRHgynvaFUSwX4uon30Gp29Z6XpwIW++1lqE93Cuy55KZ8nKAmWPfHW82zR1fJSNc8r/ZxekiN0hNcCS2VFO6dPeGH9KCVAsxPGiacviotl1h/3kKZT7XUZPeByTbUf3KCVC9USgiJ/FueLSV7rP4
8zOQ9J3I7cm97pdoEqc+hDZHmeJJCRN9gJC/WKEBzWWtMVHN04hfFR6K3zVUliMyNP52uvMkwv6y+GF4sBb0bF/juhqj6TSdMz2zLQ==
xdqWyLVsOv1Ob6kXpnY4DvCPIV6ptDoKvAqOEe3OGgGBGRxSSsSz3bMrSEgNBJChyxi9zoUBWv5VkHRJc4OhgqCGm1taeECETcPIYOZAt0LazM42gfIE4LxOU93KwAdvjE9vE7MH
mDn1iK7lMfuG6ymYXPsEcWlQ+nOiUBFXUVbMIWexH8Gx71zakYqF8Rp3FgYTxc2q7pfNS/3VUIgJYf0qYou6y92MY704Olmioyne5pvOKa1tJvnYJbEDNveoQ63W0tkNkIBKaRCzBg==
8DBAdClkj1tKCSlW74WZmfPGpB74sXgirYq5CT4HUs6/pWEiagdpkyGVDFDtcfkijqvWAxk8BwXEuiUaR5marnfuRaVpNp2A+XFfblM4xyV6MnVFVHBuESyzOg==
13L/VecIwku35js0VoOKHDXpJ4MP5dkn5rx0KqmKvQEyF07W24WFGhY3pdtlVcgYoYFFWipLcpuFrIuNQDqhkssJBjbTjuFd1UZRSL0xm6YfCDsdHhKRXUhgYhkosz4=
V3YYdqcRY0TrRdFbQ8k4rxzaCKY+1/g90bx0KqmKvQEyF07W24WFGhY3pdtlVcgYoYFFWipLcpuFrIuNQDqhkssJBjbTjuFd1UZRSL0xm6YfCDsdHhKRXUhgYhkosz4=
u1EEN6sS5OrrMTUSaGYdrskDm2ZLk2oW/q4rCj+FuJ/EQkkVF478n89/h/WqvEspL474GyBPT+TBSYJ6Y1aBQczigd4zib9uu2vfEXmCdSDRCQwCg0lCaGgdKrM8
qPd4rdVTC2/kcUssyEnBCQj5EC3iVCd3GCs8440wnXPQbdcah25JqoiL9Bi9GhVtWFthq4rW8mugiFUWP+nRWlcEJSspnq1A9x/HEexkfHXtMyMjyEClNAKrhYPFbEMyT+KhEnqQQaOnreeWlc13JQuMqh9RdZHi71hFkBzG/NPSxA+mF8JaFLPBtAhCopCoXg05H/F63f6PQZv+f5Mz0VU6MTC1QXBi30Hm2GzFxrPQ
pEJm1gYLuwGBU60/mfqrfjZHmeNJCRN9gJC/WKEBzWWtMVHN04hfFR6K3zVUliMyNP52uvMkwv61+GF4sBb0bF/juhqj6TSdMz2zLQ==
yjTSU9of7J3IIQ6F8bqRzaJhi8Z8dje0YUtkJ7+jWhuH5sXFKF4Szvm18eA8OsEBDHQ/1RTwGaXQvqZuM/uXupBNQYZvYfBDYaZV2ozf1DiU8+Avvmu4va/5eTnybyGqM3o3bikwLpl8LFeq3OtHGxb3gAyLMH3ACJot1Ev6o9E3kAYioeM8QW03aLcb75bknyT4L0eLl5gZElWWM1p4VDtznYkF/kf5LaVRuHh3s1GrMpWcR9iOsubziDBdrtVGoASJZdbgUBYK6EQ5q/eTXmdudUVZdi1naXHPTiN4N4UKsmXlBLC+cZyzig==
egNnay6JYVjgLyr/c0fajU8QLkdnGIK/qEh85YiP0L6m0abvkneIr7wzJoNizKWYupeYWVCHf37n59eZey7WirnuFcsGquWCRvS4E3sxpj+beYVJ9xXLPEmIq30btCTI4r4UrrzTH/+s1igjb8JlnX95hhxM8Fb7Crym5G5Wf6zor7hGT6EnzpeJFUSLMzp0jKFF8Fd6Lkpi5ET87i0agKtUM0Ky+j/uZRD6R7N2b+B6rFaQ5MPk1SNZAjL64Kh7POA/8QyNMGmIZdu00/ZATIZsby5qAJF6Qb5cLIwii3GqbB8DvMN3n7OL
Q0rRdOF8pXCU+Jr6jIr9IQlfU3p/bRBn5GXAwp7uuS64iUkexkRgZ/VRJIpAdQxdGip0MtI2FVn3OV+cJ+zW3c0RqWyqZyHYwoPPPmv79mCsuvRv7l1/tcpvBaEFPuTTPY04vl34ll9myoNDefHtMBRBXXw1v+VElmqlS4rZJuOqkFmxsTQ7zptScTgs9Kpv+ku3jRDT4bkLPsPY37lzDaG45Jtj0imCV119nUF5aqac46QumJwFUpw3a8pWSLK5tK24LQ77Skw1V3WOn3zvMfIkC+GsAFn4X6cflXc9S2jJ4wno8S97XJGj4I5UOvxErc1SL7Hs9rDAo/1tjbMAWEthCQETLDXHN/mlm9AuoLRA9nRWhaUxfwwsJ0rNP9glRne5Jj9wTWDYmv20u7pTsccQ1kIxoyzh3TfYFwsvBgTPpIjPN0vneEkSBTYDmsh0C/NNqZW+V5ndpaHYaDcjcXuypbz3GL4StvPY0C1upabQhNmFRiBAtrro9Jm7twM+t+6FJak23Qe5cR/uEziHpToyNcWUcK6R7LP6
VFbh7a/k+TjnxxCoiRWHJbJjNC3i6qXt4IO5N+QSTEB9KOMfJGimIKBsa27Xj6j9q8EEQ/CmAaUI/3KPGwlsGbO9Z8UDv3Spa1jmNbPaJHAf1waTQtk9vYG2+42vwGtOajUFkuWFXP6UD8HxWvb5gnVstovZ0A6GQ0wqMYpA4eFt11Xl2IRz8ngCMKwiJOL30MtJBXPanwPP6LcMPsbS1K1iG86QGbkA/vBcAA1IZ3o9K2BDu+mcayBs/HuXzqD9vAPPOyUlr413s/JC5+AUBBhO101cpjN/XBA2mOda37zpGj7mCzSK0sNiQoazFbQvPv1CstVf3YKQ317nw5hHZodxboSpVEPQ4Iy5gAlwwYuKQRI/TpnEFjm48YusosBGq0mzqd/EhNzcFD4PSkjOAH6S95jIG3BCn8XPuhf9/SBbN/LArJXNNEeeRr4iECwYfukSNAtg+8ZinteaZWQSI2Pyp9TaGF5UdCeMIWOtatbqJCBPHFT39dzp2B0IETPQA/KI+KZY5+p65PmOAUo0yBzmg8UKWNeHbKef67P/
0RZ5zwlqKG+W4YQZpl3pH6WNAjnSB4wbU1tftW3YPyceZBMJtWdOD+D9WoTKe8Zh6MZGFZ36B4sK5KYGRZentvgbuf0qZ0ZsWiB44NOSGCslwlHEJJm9jSgTPukLzMijherJc0SE5uoea5x1veFg76/1xxaW19fdclrvcDSLLOqJV1s5X1Se0Tc4x5fnULwqD98IcdSnwIBT1YP8mVoR8jvsDvyYi7AbXQlieyPtIT7pjB0RAYlL6K5/UdoLVh399wnjsVjClvPOamo0h8Y2d0HeVGBA/d49Mkm8M2hYP3c/Wj30XdW4dOHl3iibrPUntcG1FTlsI7NDDEOn2Yjbg+qadvJOICddOGtDxPSk6uNX+Q8b8hwhcQNlIeSXU71Z70/yJpJQCqae0vcN8ysmLA0eD5eqoawn88INeG+0kjp3IBlyYdXNALwGwwuudXd38gMJB/RApTQCq4WDxWxDMk/ioRJ6kEGjp63nlpXNdyULjKofUXWR4u9YRZAcxvzT0sQPphfCWhSzwbQIQqKQqF4NOR/xet3+j0Gb/n+TM9FVOjEwtUFwYt9B5thsxcaz0A==
7hQg0+Ct7+qt7VPRfNadzzadfrKQeWFs98+mklOvqa2wqapy3Auv4cskIoVVVO1M5GlY358Xco0Q8n8CjUd1BkZqZi4B/ZzX0/RIn1p0cHnLhmS0qIsz1HVzreOd3H6Zc/Y8fC+73l8iVaXRMXqjoa/sM4LaWZ0ehUmEkqQD2d2aWmEOxQBuR7ncFupzgHKdCuy5LV27Tem4SKueyI6oAOII+vvgp5HJE1YHb38k7yA+6ooYHQ6DQvDVYWzO/EQszeT/9o1HuI/b5YQHEKCk1xdi+DGMb9c3Rel34cc/au4nzAwIKCIPgTwqqxPs3G6053aHcFl2pmpr+FK+825aqnO5LKOOkZp+tVPF7qATBktDNB+qtx12iMmYm7xQACEsyVzZh7otyvMuFVx6iXSpp6yOmIobJSslvwhcsOwYJiOK5FaMzv4vVKgXaC6vCZcWl1Gl7Gtb6szMWRVY9xLeEuI8NBROhcr4a+xjqtJSj7ZlSErv054/WLrUhjhEK5QNowHyWlpI+IN8WO+Z7CWAsYi9axwznpD0xpQ/hspoYSLBZizELIpbCWrUT+vca8fHs9M=
7hQg0+Ct7+qt7VPRfNadzzadfrKQeWFs98+mklOvqa2wqapy3Auv4cskIoVVVO1M5GlY358Xco0Q8n8CjUd1BkZqZi4B/ZzX0/RIn1p0cHnLhmS0qIsz1HVzreOd3H6Zc/Y8fC+73l8iVaXRMXqjoa/sM4LaWZ0ehUmEkqQD2d2aWmEOxQBuR7ncFupzgHKdCuy5LV27Tem4SKueyI6oAOII+vvgp5HJE1YHb38k7yA+6ooYHQ6DQvDVYWzO/EQszeT/9o1HuI/b5YQHEKCk1xdi+DGMb9c3Rel34cc/au4nzAwIKCIPgTwqqxPs3G6053aHcFl2pmpr+FK+825aqnO5LKOOkZp+tVPF7qATBktDNB+qtx12iMmYm7xQACEsyVzZh7otyvMuFVx6iXSpp6yOmIobJSslvwhcsOwYJiOK5FaMzv4vVKgXaC6vCZcWl1Gl7Gtb6szMWRVY9xLeEuI8NBROhcr4a+xjqtJSj7ZlSErv054/WLrUhjhEK5QNowHyWlpI+IN8WO+Z7CWAsYi9axwznpD0xpQ/hspoYSLBZizELIpbCWrUT+vca8fHs9M=
wjzEuYU1Pxlnku3ADFbu5o3I6O7gGZkXNucFmdNEN26wuwC2nA3kJ2xi83aq1clZGoYosfuns8dtPtLl/R3it1nvYAIXtIPUkC4KCb8Z9BcLfvFdsOKXzhNyJ6kieRKf4W/pGA83L3aH7DLrwdjVY2CMnAHV67ogtcCN0tIhSVaSFOsinsvKNs0DdclR76iij8AwzOT2grJudWg17W+jHMNRJ8bDNj7wvvZ1PF8EIH8F8nZ+yJptHqu4RRWEaavvgHkIgsgBVzgMnySdS7HVg9M/v/2mmMf2GAYgMPOnDODvrTS+wiJn7DMescT6rDvStqDLbFacU8P4bcZDJhhF2UEQOLHqHYPua4Sfb2qO2XK/4qhCbdqp5k0JMr+2VZ5fmETRloWxrJSsZHMX92NvojguVJqqlSoeAsIGrBOy2B1sULcr+8DXC1FCw6l2SlwzsYaP0BJkAgYgGkaXNt5bJicUCjAjIOXS/oE7LGOe6v5iJnwpmDuDeyaUEppE5YzSa2d0h2znSGcfMhvsjPLWfhvYMiot1KHcuEqkGCev2p6L1YSJ69GzyQ==
EMPtrp/PLvsJWhHILjdBSDg3l4u0I/2spe6JeJZw+XfoTTtu76Rfg1z+uI3nXz1zutTULgXmpWcH+VX7QO6wVBB2xDZ15YHfXCx36nxrJ1v29+vJLLDdACiazRQrekORF5AmYgFjXAGNNwh3+282JL8k2O8nC3fYeRJ11pPa2BTbc/1J5X7nOQ2lcXjY91ORyzJ13OdYLvLG8+hwvS61hoAEqaV2YLDWauikect3Mx5HblUFufZNp4lx746D+JdFarKFpWQwHjG8s6o=
mVyAKwC/Ufj8ztyn4VYdYuf9eiUV+BpZJkQTQrFZRWksvp1WN3ZS59ZVDYZfbibgh3qMc7anrxIdxiecVhqWQdqXcHCkgUyBeL0QnmxC1uqe94idMJ0A3EaCGqdnWikyf7PT9lie0lTwkKShE/mszBxME++na686w0L0IrpdqsYyaubUwzqYBRy4lxNriNdT4WqjUSZCnKtB7i9oAqyC3hCypu/mVhs+V/wqCLNo5YpOqVvUM5YqZpJO3JGI8wOjFjzy4pRtzMobj1S//K9IP68aexTc+hbm67CSkj0cIQSI4kRg9yeahvs9pLF7mbOR
5RgBnuC3Mwhj2qT3Ev2Uk+f9eiUV+BpZJkQTQrFZRWksvp1WN3ZS59ZVDYZfbibgh3qMc7anrxIaxCecVhqWQdqXcXCkgUyBeL0QnmxC1uqe94idMJ0A3EaCGqdnWikyf7PT9lie0lTwkKShE/mszBxME++na686w0L0IrpdqsYyaubUwzqYBRy4lxNriNdT4WqjUSZCnKtB7i9oAqyC3hCypu/mVhs+V/wqCLNo5YpOqVvUM5YqZpJO3JGI8wOjFjzy4pRtzMobj1S//K9IP68aexTc+hbm67CSkj0cIQSI4kRg9yeahvs9pLF7mbOR
to7y7A1AFKXn+Cr/howXKuf9eiUV+BpZJkQTQrFZRWksvp1WN3ZS59ZVDYZfbibgh3qMc7anrxIdxiecVhqWQdqXfnCkgUyBeL0QnmxC1uqe94idMJ0A3EaCGqdnWikyf7PT9lie0lTwkKShE/mszBxME++na686w0L0IrpdqsYyaubUwzqYBRy4lxNriNdT4WqjUSZCnKtB7i9oAqyC3hCypu/mVhs+V/wqCLNo5YpOqVvUM5YqZpJO3JGI8wOjFjzy4pRtzMobj1S//K9IP68aexTc+hbm67CSkj0cIQSI4kRg9yeahvs9pLF7mbOR
O5eF096y1fo3UFJErLdCFuf9eiUV+BpZJkQTQrFZRWksvp1WN3ZS59ZVDYZfbibgh3qMc7anrxIaxCecVhqWQdqXf3CkgUyBeL0QnmxC1uqe94idMJ0A3EaCGqdnWikyf7PT9lie0lTwkKShE/mszBxME++na686w0L0IrpdqsYyaubUwzqYBRy4lxNriNdT4WqjUSZCnKtB7i9oAqyC3hCypu/mVhs+V/wqCLNo5YpOqVvUM5YqZpJO3JGI8wOjFjzy4pRtzMobj1S//K9IP68aexTc+hbm67CSkj0cIQSI4kRg9yeahvs9pLF7mbOR
g6Xdv4Chtb7yurw2ldTKWef9eiUV+BpZJkQTQrFZRWksvp1WN3ZS59ZVDYZfbibgh3qMc7anrxIdxiecVhqWQdqXfHCkgUyBeL0QnmxC1uqe94idMJ0A3EaCGqdnWikyf7PT9lie0lTwkKShE/mszBxME++na686w0L0IrpdqsYyaubUwzqYBRy4lxNriNdT4WqjUSZCnKtB7i9oAqyC3hCypu/mVhs+V/wqCLNo5YpOqVvUM5YqZpJO3JGI8wOjFjzy4pRtzMobj1S//K9IP68aexTc+hbm67CSkj0cIQSI4kRg9yeahvs9pLF7mbOR
Qy2D/aei1pJs37b06NaU6+f9eiUV+BpZJkQTQrFZRWksvp1WN3ZS59ZVDYZfbibgh3qMc7anrxIaxCecVhqWQdqXfXCkgUyBeL0QnmxC1uqe94idMJ0A3EaCGqdnWikyf7PT9lie0lTwkKShE/mszBxME++na686w0L0IrpdqsYyaubUwzqYBRy4lxNriNdT4WqjUSZCnKtB7i9oAqyC3hCypu/mVhs+V/wqCLNo5YpOqVvUM5YqZpJO3JGI8wOjFjzy4pRtzMobj1S//K9IP68aexTc+hbm67CSkj0cIQSI4kRg9yeahvs9pLF7mbOR
LaeNP2OaTqv17kgblaMir+f9eiUV+BpZJkQTQrFZRWksvp1WN3ZS59ZVDYZfbibgh3qMc7anrxIdxiecVhqWQdqXenCkgUyBeL0QnmxC1uqe94idMJ0A3EaCGqdnWikyf7PT9lie0lTwkKShE/mszBxME++na686w0L0IrpdqsYyaubUwzqYBRy4lxNriNdT4WqjUSZCnKtB7i9oAqyC3hCypu/mVhs+V/wqCLNo5YpOqVvUM5YqZpJO3JGI8wOjFjzy4pRtzMobj1S//K9IP68aexTc+hbm67CSkj0cIQSI4kRg9yeahvs9pLF7mbOR
Qg0fJbwWpkEyR2wAWQ11KOf9eiUV+BpZJkQTQrFZRWksvp1WN3ZS59ZVDYZfbibgh3qMc7anrxIaxCecVhqWQdqXe3CkgUyBeL0QnmxC1uqe94idMJ0A3EaCGqdnWikyf7PT9lie0lTwkKShE/mszBxME++na686w0L0IrpdqsYyaubUwzqYBRy4lxNriNdT4WqjUSZCnKtB7i9oAqyC3hCypu/mVhs+V/wqCLNo5YpOqVvUM5YqZpJO3JGI8wOjFjzy4pRtzMobj1S//K9IP68aexTc+hbm67CSkj0cIQSI4kRg9yeahvs9pLF7mbOR
TLOt92j9M+8H7QkgPbAB0ef9eiUV+BpZJkQTQrFZRWksvp1WN3ZS59ZVDYZfbibgh3qMc7anrxIdxiecVhqWQdqXeHCkgUyBeL0QnmxC1uqe94idMJ0A3EaCGqdnWikyf7PT9lie0lTwkKShE/mszBxME++na686w0L0IrpdqsYyaubUwzqYBRy4lxNriNdT4WqjUSZCnKtB7i9oAqyC3hCypu/mVhs+V/wqCLNo5YpOqVvUM5YqZpJO3JGI8wOjFjzy4pRtzMobj1S//K9IP68aexTc+hbm67CSkj0cIQSI4kRg9yeahvs9pLF7mbOR
weHBXCAwYWgpCwEG+QwD1+f9eiUV+BpZJkQTQrFZRWksvp1WN3ZS59ZVDYZfbibgh3qMc7anrxIaxCecVhqWQdqXeXCkgUyBeL0QnmxC1uqe94idMJ0A3EaCGqdnWikyf7PT9lie0lTwkKShE/mszBxME++na686w0L0IrpdqsYyaubUwzqYBRy4lxNriNdT4WqjUSZCnKtB7i9oAqyC3hCypu/mVhs+V/wqCLNo5YpOqVvUM5YqZpJO3JGI8wOjFjzy4pRtzMobj1S//K9IP68aexTc+hbm67CSkj0cIQSI4kRg9yeahvs9pLF7mbOR
ysGpCR7++mT03gvNN456pef9eiUV+BpZJkQTQrFZRWksvp1WN3ZS59ZVDYZfbibgh3qMc7anrxIdxiecVhqWQdqXcHGkgUyBeL0QnmxC1uqe94idMJ0A3EaCGqdnWikyf7PT9lie0lTwkKShE/mszBxME++na686w0L0IrpdqsYyaubUwzqYBRy4lxNriNdT4WqjUSZCnKtB7i9oAqyC3hCypu/mVhs+V/wqCLNo5YpOqVvUM5YqZpJO3JGI8wOjFjzy4pRtzMobj1S//K9IP68aexTc+hbm67CSkj0cIQSI4kRg9yeahvs9pLF7mbOR
el/hwTdIBzhvlB8+pxnSaOf9eiUV+BpZJkQTQrFZRWksvp1WN3ZS59ZVDYZfbibgh3qMc7anrxIaxCecVhqWQdqXcXGkgUyBeL0QnmxC1uqe94idMJ0A3EaCGqdnWikyf7PT9lie0lTwkKShE/mszBxME++na686w0L0IrpdqsYyaubUwzqYBRy4lxNriNdT4WqjUSZCnKtB7i9oAqyC3hCypu/mVhs+V/wqCLNo5YpOqVvUM5YqZpJO3JGI8wOjFjzy4pRtzMobj1S//K9IP68aexTc+hbm67CSkj0cIQSI4kRg9yeahvs9pLF7mbOR
ox0VI9eXEc3Ongeh9VLpoef9eiUV+BpZJkQTQrFZRWksvp1WN3ZS59ZVDYZfbibgh3qMc7anrxIdxiecVhqWQdqXfnGkgUyBeL0QnmxC1uqe94idMJ0A3EaCGqdnWikyf7PT9lie0lTwkKShE/mszBxME++na686w0L0IrpdqsYyaubUwzqYBRy4lxNriNdT4WqjUSZCnKtB7i9oAqyC3hCypu/mVhs+V/wqCLNo5YpOqVvUM5YqZpJO3JGI8wOjFjzy4pRtzMobj1S//K9IP68aexTc+hbm67CSkj0cIQSI4kRg9yeahvs9pLF7mbOR
G1DyznzkGgoX/58PE3Bymuf9eiUV+BpZJkQTQrFZRWksvp1WN3ZS59ZVDYZfbibgh3qMc7anrxIaxCecVhqWQdqXf3GkgUyBeL0QnmxC1uqe94idMJ0A3EaCGqdnWikyf7PT9lie0lTwkKShE/mszBxME++na686w0L0IrpdqsYyaubUwzqYBRy4lxNriNdT4WqjUSZCnKtB7i9oAqyC3hCypu/mVhs+V/wqCLNo5YpOqVvUM5YqZpJO3JGI8wOjFjzy4pRtzMobj1S//K9IP68aexTc+hbm67CSkj0cIQSI4kRg9yeahvs9pLF7mbOR
wy1dKVdLr2+ip+2yhllUXef9eiUV+BpZJkQTQrFZRWksvp1WN3ZS59ZVDYZfbibgh3qMc7anrxIdxiecVhqWQdqXfHGkgUyBeL0QnmxC1uqe94idMJ0A3EaCGqdnWikyf7PT9lie0lTwkKShE/mszBxME++na686w0L0IrpdqsYyaubUwzqYBRy4lxNriNdT4WqjUSZCnKtB7i9oAqyC3hCypu/mVhs+V/wqCLNo5YpOqVvUM5YqZpJO3JGI8wOjFjzy4pRtzMobj1S//K9IP68aexTc+hbm67CSkj0cIQSI4kRg9yeahvs9pLF7mbOR
3J9OS/eyKg82FV716T9QZ+f9eiUV+BpZJkQTQrFZRWksvp1WN3ZS59ZVDYZfbibgh3qMc7anrxIaxCecVhqWQdqXfXGkgUyBeL0QnmxC1uqe94idMJ0A3EaCGqdnWikyf7PT9lie0lTwkKShE/mszBxME++na686w0L0IrpdqsYyaubUwzqYBRy4lxNriNdT4WqjUSZCnKtB7i9oAqyC3hCypu/mVhs+V/wqCLNo5YpOqVvUM5YqZpJO3JGI8wOjFjzy4pRtzMobj1S//K9IP68aexTc+hbm67CSkj0cIQSI4kRg9yeahvs9pLF7mbOR
ewm3ZIDw+5uivpiiJm+yc+f9eiUV+BpZJkQTQrFZRWksvp1WN3ZS59ZVDYZfbibgh3qMc7anrxIdxiecVhqWQdqXenGkgUyBeL0QnmxC1uqe94idMJ0A3EaCGqdnWikyf7PT9lie0lTwkKShE/mszBxME++na686w0L0IrpdqsYyaubUwzqYBRy4lxNriNdT4WqjUSZCnKtB7i9oAqyC3hCypu/mVhs+V/wqCLNo5YpOqVvUM5YqZpJO3JGI8wOjFjzy4pRtzMobj1S//K9IP68aexTc+hbm67CSkj0cIQSI4kRg9yeahvs9pLF7mbOR
dmyMCHK0FFkxVtZzdpX28Of9eiUV+BpZJkQTQrFZRWksvp1WN3ZS59ZVDYZfbibgh3qMc7anrxIaxCecVhqWQdqXe3GkgUyBeL0QnmxC1uqe94idMJ0A3EaCGqdnWikyf7PT9lie0lTwkKShE/mszBxME++na686w0L0IrpdqsYyaubUwzqYBRy4lxNriNdT4WqjUSZCnKtB7i9oAqyC3hCypu/mVhs+V/wqCLNo5YpOqVvUM5YqZpJO3JGI8wOjFjzy4pRtzMobj1S//K9IP68aexTc+hbm67CSkj0cIQSI4kRg9yeahvs9pLF7mbOR
4B0LsDlQ9qzkAKVupEZi/uf9eiUV+BpZJkQTQrFZRWksvp1WN3ZS59ZVDYZfbibgh3qMc7anrxIdxiecVhqWQdqXeHGkgUyBeL0QnmxC1uqe94idMJ0A3EaCGqdnWikyf7PT9lie0lTwkKShE/mszBxME++na686w0L0IrpdqsYyaubUwzqYBRy4lxNriNdT4WqjUSZCnKtB7i9oAqyC3hCypu/mVhs+V/wqCLNo5YpOqVvUM5YqZpJO3JGI8wOjFjzy4pRtzMobj1S//K9IP68aexTc+hbm67CSkj0cIQSI4kRg9yeahvs9pLF7mbOR
2sZHU44OAZXjtAW4H5kmY+f9eiUV+BpZJkQTQrFZRWksvp1WN3ZS59ZVDYZfbibgh3qMc7anrxIaxCecVhqWQdqXeXGkgUyBeL0QnmxC1uqe94idMJ0A3EaCGqdnWikyf7PT9lie0lTwkKShE/mszBxME++na686w0L0IrpdqsYyaubUwzqYBRy4lxNriNdT4WqjUSZCnKtB7i9oAqyC3hCypu/mVhs+V/wqCLNo5YpOqVvUM5YqZpJO3JGI8wOjFjzy4pRtzMobj1S//K9IP68aexTc+hbm67CSkj0cIQSI4kRg9yeahvs9pLF7mbOR
68ujtBu5r8TjeKiIoutdPcZgtjIjwTCRtDMF6+ruRqcONZAV0floQXSpJpX7oqyaP/qbQQCig2kOeT1mAfSkWtvKMhoy/BeTUmkYW0i4R5IbbI+sbR3ojVwDgbFGuU78GBA1k6Ltl/dKwmN/jn7qI//26QZXr8OSINKywHgsFGXLFaw49JHXRAHnD2eKPoQmonHqcpr2djA79ngRFISnVzPkVyeJNvN1Hk68f4kS3+yaAELqOK62i54ae6rfQJrMa4TlfqZ1i3CLGooy2jKslZDfQxe+oGIGbKEs3hOzZPukw8hLx0YrMOT2NjIjTGIWpbDhMKD+VASPa/oSc4EUdaN1s2U=
02B4Y+fydgkFg5NAidYFnef9eiUV+BpZJkQTQrFZRWksvp1WN3ZS59ZVDYZfbibgh3qMc7anrxIaxCecVhqWQdqXcH6kgUyBeL0QnmxC1uqe94idMJ0A3EaCGqdnWikyf7PT9lie0lTwkKShE/mszBxME++na686w0L0IrpdqsYyaubUwzqYBRy4lxNriNdT4WqjUSZCnKtB7i9oAqyC3hCypu/mVhs+V/wqCLNo5YpOqVvUM5YqZpJO3JGI8wOjFjzy4pRtzMobj1S//K9IP68aexTc+hbm67CSkj0cIQSI4kRg9yeahvs9pLF7mbOR
SDOGMr5wq2c9H4INxypSrVKE/PEQihHP8vp62At5LUlul/CuYgr9mBI9QhFBZiFrxj4vM3Bb9gaIsZfd9vIMlw+VjAI5GmmdgB5V894wtgiiur1zwuDes8pMzUumVLUGxgFxGeeFbBe/Fu2K6VJ3SDClYixJlsKTGSfIB16wFUjjfJZ682gVgv3tKWAYHr+bYn2z97YLRZcIWAHUZpMZ88mkx/JLqi0iZmjlg0M1W4bZRbMlzwTmD+3tdcJLoFmgkI74E1YMA9aL+j70F9lImA6q1CiaBfWPjWJ5nmt5Bw5z27eRUfK9AKk51EK72VrIoE2Cs5Q=
W5eAP40E/vyl6Sjj3aGA6neER1H5HvqjOTDN2cxigS4MLas/HMy6iwn9Ti2T0LNSzdoRROucLm4CYTMYoucc3YPm3fA4y0CaouaioW2VQc+5PxfVqkQmBlrp3iDEKp96cZU0DEgrTOBr++AYkx7QDQd5kck6TxmaazpP/rGQ5kmULL96FEvfi2632DyzELUw4BqFZAOa26Fv0L6yOQP0kUU3QOdTjw50J+Qg379rXyixkj3me3pAZOOzZRmdXg+pRaU56DDXK8FT8k2sf/jGwo5zIICVTi22eMQx9U6AGEYi6GzpYxcLzt8uLTUhFmXXwfEnvutYD7VS8h11nBB2oXSzYg==
SDOGMr5wq2c9H4INxypSrVKE/PEQihHP8vp62At5LUlul/CuYgr9mBI9QhFBZiFrxj4vM3Bb9gaIsZfd9vIMlw+VjAI5GmmdgB5V894wtgiiur1zwuDes8pMzUumVLUGxgFxGeeFbBe/Fu2K6VJ3SDClYixJlsKTGSfIB16wFUjjfJZ682gVgv3tKWAYHr+bYn2z97YLRZcIWAHUZpMZ88mkx/JLqi0iZmjlg0M1W4bZRbMlzwTmD+3tdcJLoFmgkI74E1YMA9aL+j70F9lImA6q1CiaBfWPjWJ5nmt5Bw5z27eRUfK9AKk51EK72VrIoE2Cs5Q=
p0MtJhYp8pyQ9OC9YeIMFcZgtjIjwTCRtDMF6+ruRqcONZAV0floQXSpJpX7oqyaP/qbQQCig2kOeT1mAfSkWtvKMhoy/BeTUmkYW0i6RJcZaY+gaBLojVwDgbFGuU78GBA1k6Ltl/dKwmN/jn7qI//26QZXr8OSINKywHgsFGXLFaw49JHXRAHnD2eKPoQmonHqcpr2djA79ngRFISnVzPkVyeJNvN1Hk68f4kS3+yaAELqOK62i54ae6rfQJrMa4TlfqZ1i3CLGooy2jKslZDfQxe+oGIGbKEs3hOzZPukw8hLx0YrMOT2NjIjTGIWpbDhMKD+VASPa/oSc4EUdaN1s2U=
SDOGMr5wq2c9H4INxypSrVKE/PEQihHP8vp62At5LUlul/CuYgr9mBI9QhFBZiFrxj4vM3Bb9gaIsZfd9vIMlw+VjAI5GmmdgB5V894wtgiiur1zwuDes8pMzUumVLUGxgFxGeeFbBe/Fu2K6VJ3SDClYixJlsKTGSfIB16wFUjjfJZ682gVgv3tKWAYHr+bYn2z97YLRZcIWAHUZpMZ88mkx/JLqi0iZmjlg0M1W4bZRbMlzwTmD+3tdcJLoFmgkI74E1YMA9aL+j70F9lImA6q1CiaBfWPjWJ5nmt5Bw5z27eRUfK9AKk51EK72VrIoE2Cs5Q=
sShI4EbSGWJYIwK8B5yW93eER1H5HvqjOTDN2cxigS4MLas/HMy6iwn9Ti2T0LNSzdoRROucLm4CYTMYoucc3YPm3fA4y0CaouaioW2bSM6wOBjQqEcmBlrp3iDEKp96cZU0DEgrTOBr++AYkx7QDQd5kck6TxmaazpP/rGQ5kmULL96FEvfi2632DyzELUw4BqFZAOa26Fv0L6yOQP0kUU3QOdTjw50J+Qg379rXyixkj3me3pAZOOzZRmdXg+pRaU56DDXK8FT8k2sf/jGwo5zIICVTi22eMQx9U6AGEYi6GzpYxcLzt8uLTUhFmXXwfEnvutYD7VS8h11nBB2oXSzYg==
SDOGMr5wq2c9H4INxypSrVKE/PEQihHP8vp62At5LUlul/CuYgr9mBI9QhFBZiFrxj4vM3Bb9gaIsZfd9vIMlw+VjAI5GmmdgB5V894wtgiiur1zwuDes8pMzUumVLUGxgFxGeeFbBe/Fu2K6VJ3SDClYixJlsKTGSfIB16wFUjjfJZ682gVgv3tKWAYHr+bYn2z97YLRZcIWAHUZpMZ88mkx/JLqi0iZmjlg0M1W4bZRbMlzwTmD+3tdcJLoFmgkI74E1YMA9aL+j70F9lImA6q1CiaBfWPjWJ5nmt5Bw5z27eRUfK9AKk51EK72VrIoE2Cs5Q=
SoaICZru5+RxW2GU9CWt4cZgtjIjwTCRtDMF6+ruRqcONZAV0floQXSpJpX7oqyaP/qbQQCig2kOeT1mAfSkWtvKMhoy/BeTUmkYW0i6R5odao2pYx3ojVwDgbFGuU78GBA1k6Ltl/dKwmN/jn7qI//26QZXr8OSINKywHgsFGXLFaw49JHXRAHnD2eKPoQmonHqcpr2djA79ngRFISnVzPkVyeJNvN1Hk68f4kS3+yaAELqOK62i54ae6rfQJrMa4TlfqZ1i3CLGooy2jKslZDfQxe+oGIGbKEs3hOzZPukw8hLx0YrMOT2NjIjTGIWpbDhMKD+VASPa/oSc4EUdaN1s2U=
SDOGMr5wq2c9H4INxypSrVKE/PEQihHP8vp62At5LUlul/CuYgr9mBI9QhFBZiFrxj4vM3Bb9gaIsZfd9vIMlw+VjAI5GmmdgB5V894wtgiiur1zwuDes8pMzUumVLUGxgFxGeeFbBe/Fu2K6VJ3SDClYixJlsKTGSfIB16wFUjjfJZ682gVgv3tKWAYHr+bYn2z97YLRZcIWAHUZpMZ88mkx/JLqi0iZmjlg0M1W4bZRbMlzwTmD+3tdcJLoFmgkI74E1YMA9aL+j70F9lImA6q1CiaBfWPjWJ5nmt5Bw5z27eRUfK9AKk51EK72VrIoE2Cs5Q=
Eu9CPHcHx9z5rZUEo5HvxsZgtjIjwTCRtDMF6+ruRqcONZAV0floQXSpJpX7oqyaP/qbQQCig2kOeT1mAfSkWtvKMhoy/BeTUmkYW0i4TpYdaYiubRLojVwDgbFGuU78GBA1k6Ltl/dKwmN/jn7qI//26QZXr8OSINKywHgsFGXLFaw49JHXRAHnD2eKPoQmonHqcpr2djA79ngRFISnVzPkVyeJNvN1Hk68f4kS3+yaAELqOK62i54ae6rfQJrMa4TlfqZ1i3CLGooy2jKslZDfQxe+oGIGbKEs3hOzZPukw8hLx0YrMOT2NjIjTGIWpbDhMKD+VASPa/oSc4EUdaN1s2U=
SDOGMr5wq2c9H4INxypSrVKE/PEQihHP8vp62At5LUlul/CuYgr9mBI9QhFBZiFrxj4vM3Bb9gaIsZfd9vIMlw+VjAI5GmmdgB5V894wtgiiur1zwuDes8pMzUumVLUGxgFxGeeFbBe/Fu2K6VJ3SDClYixJlsKTGSfIB16wFUjjfJZ682gVgv3tKWAYHr+bYn2z97YLRZcIWAHUZpMZ88mkx/JLqi0iZmjlg0M1W4bZRbMlzwTmD+3tdcJLoFmgkI74E1YMA9aL+j70F9lImA6q1CiaBfWPjWJ5nmt5Bw5z27eRUfK9AKk51EK72VrIoE2Cs5Q=
IYWTb/IkGXpGfj52+GkKTHeER1H5HvqjOTDN2cxigS4MLas/HMy6iwn9Ti2T0LNSzdoRROucLm4CYTMYoucc3YPm3fA4y0CaouaioW2RQcG8Px7Wr0YmBlrp3iDEKp96cZU0DEgrTOBr++AYkx7QDQd5kck6TxmaazpP/rGQ5kmULL96FEvfi2632DyzELUw4BqFZAOa26Fv0L6yOQP0kUU3QOdTjw50J+Qg379rXyixkj3me3pAZOOzZRmdXg+pRaU56DDXK8FT8k2sf/jGwo5zIICVTi22eMQx9U6AGEYi6GzpYxcLzt8uLTUhFmXXwfEnvutYD7VS8h11nBB2oXSzYg==
SDOGMr5wq2c9H4INxypSrVKE/PEQihHP8vp62At5LUlul/CuYgr9mBI9QhFBZiFrxj4vM3Bb9gaIsZfd9vIMlw+VjAI5GmmdgB5V894wtgiiur1zwuDes8pMzUumVLUGxgFxGeeFbBe/Fu2K6VJ3SDClYixJlsKTGSfIB16wFUjjfJZ682gVgv3tKWAYHr+bYn2z97YLRZcIWAHUZpMZ88mkx/JLqi0iZmjlg0M1W4bZRbMlzwTmD+3tdcJLoFmgkI74E1YMA9aL+j70F9lImA6q1CiaBfWPjWJ5nmt5Bw5z27eRUfK9AKk51EK72VrIoE2Cs5Q=
ufX8R5ftuuRFK69YeXAfcneER1H5HvqjOTDN2cxigS4MLas/HMy6iwn9Ti2T0LNSzdoRROucLm4CYTMYoucc3YPm3fA4y0CaouaioW2VR8q9Ox3Uq0AmBlrp3iDEKp96cZU0DEgrTOBr++AYkx7QDQd5kck6TxmaazpP/rGQ5kmULL96FEvfi2632DyzELUw4BqFZAOa26Fv0L6yOQP0kUU3QOdTjw50J+Qg379rXyixkj3me3pAZOOzZRmdXg+pRaU56DDXK8FT8k2sf/jGwo5zIICVTi22eMQx9U6AGEYi6GzpYxcLzt8uLTUhFmXXwfEnvutYD7VS8h11nBB2oXSzYg==
SDOGMr5wq2c9H4INxypSrVKE/PEQihHP8vp62At5LUlul/CuYgr9mBI9QhFBZiFrxj4vM3Bb9gaIsZfd9vIMlw+VjAI5GmmdgB5V894wtgiiur1zwuDes8pMzUumVLUGxgFxGeeFbBe/Fu2K6VJ3SDClYixJlsKTGSfIB16wFUjjfJZ682gVgv3tKWAYHr+bYn2z97YLRZcIWAHUZpMZ88mkx/JLqi0iZmjlg0M1W4bZRbMlzwTmD+3tdcJLoFmgkI74E1YMA9aL+j70F9lImA6q1CiaBfWPjWJ5nmt5Bw5z27eRUfK9AKk51EK72VrIoE2Cs5Q=
HFlt5b8WrBK5tAbhAY+s2neER1H5HvqjOTDN2cxigS4MLas/HMy6iwn9Ti2T0LNSzdoRROucLm4CYTMYoucc3YPm3fA4y0CaouaioW2USM+/Oh/dp0AmBlrp3iDEKp96cZU0DEgrTOBr++AYkx7QDQd5kck6TxmaazpP/rGQ5kmULL96FEvfi2632DyzELUw4BqFZAOa26Fv0L6yOQP0kUU3QOdTjw50J+Qg379rXyixkj3me3pAZOOzZRmdXg+pRaU56DDXK8FT8k2sf/jGwo5zIICVTi22eMQx9U6AGEYi6GzpYxcLzt8uLTUhFmXXwfEnvutYD7VS8h11nBB2oXSzYg==
SDOGMr5wq2c9H4INxypSrVKE/PEQihHP8vp62At5LUlul/CuYgr9mBI9QhFBZiFrxj4vM3Bb9gaIsZfd9vIMlw+VjAI5GmmdgB5V894wtgiiur1zwuDes8pMzUumVLUGxgFxGeeFbBe/Fu2K6VJ3SDClYixJlsKTGSfIB16wFUjjfJZ682gVgv3tKWAYHr+bYn2z97YLRZcIWAHUZpMZ88mkx/JLqi0iZmjlg0M1W4bZRbMlzwTmD+3tdcJLoFmgkI74E1YMA9aL+j70F9lImA6q1CiaBfWPjWJ5nmt5Bw5z27eRUfK9AKk51EK72VrIoE2Cs5Q=
+xZMNWzn8rjU9LV0JD7d5bxvcTwbbTMJJZBETd672F4JI7Z6aLjZ5UaSKR5bmbdOQzdnkQFSTUDZGSTC6/nKCLAtMrMk
g8qKcF9ZttxcQyRom6taKtGm2ZWQpV2KzkhFrrV5nNeMyQt2W+Ey5EaE33YKuE2SwdYMlGz6OxnqxO/bHLsnN7Mj
J2BypxzlTbAkL6EmuX+tq1fdnnpul4RU+OeacarC4VOETvYKU/SCLtkIYYjQxrS8/1M6qgO59M3TTbNd
noLUUXL9FnupqfDmtK8j2ar2Cve4nUup3QF9VxNGBT53kbNeZ+87UV2KKdBdkUgihzGO+NTVTrNY
ipwYHUlRRdsFXU73LPiPx7JjNC3i6qXt4IO5N+QSTEB9KOMfJGimIKBsa27Xj6j9q8EEQ/CmAaUI/3KPGglsGbO9Z8UDv3Spa1jmNbPaJHAf1waTQtk9vYG2+42vwGtOajUFkuWFXP6UD8HxWvb5gnVstovZ0A6GQ0wqMYpA4eFt11Xl2IRz8ngCMKwiJOL30MtJBXPanwPP6LcMPsbS1K1iG86QGbkA/vBcAA1IZ3o9K2BDu+mcayBs/HuXzqD9vAPPOyUlr413s/JC5+AUBBhO101cpjN/XBA2mOda37zpGj7mCzSK0sNiQoazFbQvPv1CstVf3YKQ317nw5hHZodxboSpVEPQ4Iy5gAlwwYuKQRI/TpnEFjm48YusosBGq0mzqd/EhNzcFD4PSkjOAH6S95jIG3BCn8XPuhf9/SBbN/LArJXNNEeeRr4iECwYfukSNAtg+8ZinteaZWQSI2Pyp9TaGF5UdCeMIWOtatbqJCBPHFT39dzp2B0IETPQA/KI+KZY5+p65PSOAUo0yBzmg8UKWNeHbKef67P/
sUhB5xt+9jswBMkfQ27xanYE3SD07GfTyshaDgTPZRCIMvT69QnHXbhKiwI+7Pakd4aiStvK7QxV7Kccu2Hof9pn+PdC52ShgktqpsLHuUhaA1eu85tesOT6PJ/GPUdF8m89UT1ezCP1zXBu9ZgOz/5KG9PhUYXg3AEVTN2fnXRuat17cvlO02JQEeFZlKNeA9LpqLQUAj8yi//9ODPZyTM++6jnWVt96Xgsy8sysRLP3eUN2dmC9tQjbB7wvP1i5DeT+i5oWon87XD9ZlvS3K3X7R4HHEfhumTDEYRgYQhnpydlT11jmAGjQThZT+PMCSN4HsyalJRljRofWcyOgDijhV11k2hog6FBUfuMrVeveT0LSM4I5Ig2PCatRQkPNCwfOvXf8FUOt3F2l5DV8EAaZSQjGrvhj9AeclmD1NGlNyAncw/uNIfkQB9f63/o0ZKdppv6YKRDs4VZvd5vaeWlmShQVwuBs/LtbF94JoIuc0BAtc7NdhjEkbWuADiGQuiMqUOXaw5/Ls11QZZFmiHxh36L2C/18vJ9tbyQluHUs8I=
KqK0hsx+KlEBEXYp/BdVlEUPYaPd1bDIaeVfZEKL2gt9DMN9WDq54gOpfqZ7zgltzaYZHkSxI3ZXKCNtNtL5zfAAqikwsyY=
YHY2xJ26da1N8nkNrLnGg7PC14CN2p4DENvasrVJs5c2Va7+fsnR4uGkV7zvmNMnZdY2JqKI3NBe4QIMy5hrTgLW54JlfCJrA3o3LBogTlxU73y54zUansosMHdcLGd9PCHoBQgJAxjjehiA5mD34lqsiBeB0sQAPO6T/cqgRw8M76/zs+c=
qDXW0dju2foamqi1c4JaockDm2ZLk2oW/q4rCj+FuJ/EQkkVF478n89/h/WqvEstLYD4GyBPT+TBSYJ6Y1aBQczigd4zib9uu2reEXmCdSDRCQwCg0lCaGgdKrM8
yLPLGvOZiQ37PW4RiHg1zRzaCKY+1/g90bx0KqmKvQEyF07W24WFGhY3pdtlVcgYoYVHVCpLcpuFrIuNQDqhkssJBjbTjuFd1UZRTrwxm6YfCDsdHhKRXUhgYhkosz4=
0gkdRqhGcqpUHKUJOpqMJDXpJ4MP5dkn5rx0KqmKvQEyF07W24WFGhY3pdtlVcgYoYVHVCpLcpuFrIuNQDqhkssJBjbTjuFd1UZRTrwxm6YfCDsdHhKRXUhgYhkosz4=
OCYN7mxiI7s2CMYvy/Wvx/PGpB74sXgirYq5CT4HUs6/pWEiagdpkyGVDFDtdfssjqvWAxk8BwXEuiUaR5marnfuRaVpNp2G+HFfblM4xyV6MnVFVHBuESyzOg==
RxY6fXvPrWMSyWCQjUeDJmlQ+nOiUBFXUVbMIWexH8Gx71zakYqF8Rp3FgYTxc2q7pfNS/3VUIgJZf8kYou6y92MY704Olmioyne5pvOKa1tJvneJLEDNveoQ63W0tkNkIBKaRCzBg==
3nTYfkFT3hyLBlb73ewOA/CPIV6ptDoKvAqOEe3OGgGBGRxSSsSz3bMrSEgNBJChyxi9zoUBWv5RknpJc4OhgqCGm1taeECETcPIYOZAt0LazMg3gfIE4LxOU93KwAdvjE9vE7MH
JbI9HL5SWIriaQx+0eYmHV1CptHn0QtegbUwXyd8fgOvGO0eOBkDTwAJn7GShi5NvISudHFNWInwevo4Bd5wg43lgalvRxm5kLkrMA3SwX5PqjRMb9OpsYmuW5HZpaXQZCc/aZ+SwYQLKPJacjOcmOGeGd50ZH0d2rDMPj5ocBE3J5+mE44h3RVGkc58MVsm3wj7nd4SUd2IYKKZ6LP+
Em3981R9y5/Qz7vX84q1jWQzkgzGpN3m+/+XeEcm1pvJg0goe+3CEeGE+lLAaw7e0KfTTC52AuM7gd5WdHtWqtJu9iqTlAKOl+lhaJBmNNw/czqKQ1l0bRMtsz0=
