23peMYKcCVY18PaV8w8YQjOQLlIxbXIBtzoDMwdZ2rr8JWlnMTqKk00+0kOfs0rtg8+zf1C6bY+f7YRsUwR0Z2MbU4CFUkkO90qcHDcTUYHhjkOB0aWtwHwHV1lnUpnUo8hKKvqzFCiZPvEOLCRF7fLQ1C42aHgBL8e31itO+Y195ml99bHW12doU00FUintYEC6ieCn9w==
kypAyS1unwAO3dCdQFn42DFPz3B6mIMu2dT1ucz2tEJFccOxTcc2NfFmbduSZM4evt/j3Y+1QTdXZX4BpayjMm8iAZLaUGGjh21HFjUNVyUrTAqf8bWx4s+Y5RC8BtzTMgRvJvcCOhRTAdSIomLwqL5NWZ8ROr3+bwH7fp/RU9Fwe5GwFQFTYv8BRljMhean8Q==
g/0tfDDi+cMtXkw+pSQ5YD1/ZGKCRr6AaaDrPYv/VTGy/kU5BTYcN8WUWbqP7DMtsQUPZVBCKKY31MFdwmwDErL7VHSI3XrBcT9yVXW+Mct7qaieWpePzVPtxdeTHULxCSQH8gsq7SKm6KWDg7WbhpnFcyUPhKYPLW21wgsgmaBQDrgTlozD1st6/vTXWQiYzioUKNqFtY9N4jmeK/nHDjNZ95GUc/0A6bkXQvtZGshgzcKn1Q==
MpuyeMQLw2p23NTtIXkF9GzPkqGtQAtdUB16vK167dfdIlgon9Qydv5FSW5RCM/Qj/SLi9Ua7upiRAQcbs1aYKv0c2Iy2v+OZXA6ZzNWL0B6TBZwZCOkdSP5wlJ6gGgbPED/0YytcImIhZuUU9aA7IYMr07qYFPaQRsdzAzCy5KqzF8jPOO3/6fq
Rx3fXBAbH4TjIyecBCrOnkz4//a0/9AqtIK7vcJdICO0mbONkNxOgd1m1cs9/mB074GL6n7Z8TIhVPcMb+izl6UG1jaimLyAHlHi/Esoyz5ChseSZWwCO0MKl5ya0K7sFL8cqeMl+k4KnFAH3JzHjfzxyBUIGSPII4q4MGYQl1KafGsGgcelUHxecw5KEOd/TL+P46f2
zd5chUFGuiJYIG5VmqjhNUz4//a0/9AqtIK7vcJdICO0iLuDltNP091m1cs9/mB074CL6n7Z8TIhVPcMb+izl6UG1jaimLyAHlHi/Esoyz5ChseSZWwCO0MKl5ya0K7sFL8cqeMl+k4KnFAH3JzHjfzxyBUIGSPII4q4MGYQl1KafGsGgcelUHxecw5KEOd/TL+P46f2
bFEIZX6vt6yO7WBRefJjoc5/VdH6vwWnRcskKzf0hVzzcJkTvMSHyrTDqBZALs1HIuVTHQW0hvgELmNvLdqt993CGEgfP/NW/mWJjtFojzCP1MsrVbquimKkxLzubZpAq5SzgrK6v65lUHoHs7bvIHps1tDkg2SVI5mC8vogKDs8oL+xDE2wqYilW3TTtsAMhizv7mrAE7pB+91sjGILsqqsn8O8g/ffp8o=
bFEIZX6vt6yO7WBRefJjoc5/VdH6vwWnRcskKzf0hVzzcJkTvMSHyrTDqBZALs1HIuVTHQW0hvgELmNvLdqt993CGEgfP/NW/mWJjtFojzCP1MsrVbquimKkxLzubZpAq5SzgrK6v65lUHoHs7bvIHps1tDkg2SVI5mC8vogKDs8oL+xDE2wqYilW3TTtsAMhizv7mrAE7pB+91sjGILsqqsn8O8g/ffp8o=
mjv6vINHD3ZGPhGlossfVUVML2VzVtcwB9cmDqunqJIWJzV0AW1+QZF/UlVV/pFLHelLnjpXb03zLeXXs90icelkZ/Irak2iBqhFg+N1ewY5BVMlL0QGj82t1cLrYDkg8E6YE/bMI1arut7095moGC7qdCg6xdUP7aIZngu5J45TmReRtLNdgEl5d0IbGXpIwI3ip/U=
mjv6vINHD3ZGPhGlossfVUVML2VzVtcwB9cmDqunqJIWJzV0AW1+QZF/UlVV/pFLHelLnjpXb03zLeXXs90icelkZ/Irak2iBqhFg+N1ewY5BVMlL0QGj82t1cLrYDkg8E6YE/bMI1arut7095moGC7qdCg6xdUP7aIZngu5J45TmReRtLNdgEl5d0IbGXpIwI3ip/U=
5elpAw4n5jSMl/WPKXdP1za6o1x67IjivLrIJodzpYSkdeKfyNXoWkEVQ59tig1nXVL4mF8JE2b+VWm+kbhvoA9Ea3sVSo76YlTkzC69OtArBNPScorfnmVgGjdz5o+w+vx2ACTzRGUj6aICunCIq7wwX2FMfVCZiJW7RJNmIJwGvE++KjAzykEL/RxMsqsiKjz/k3yzl++n+g==
FCTmYYFq5H+VTxHWYPZR0G6DJEItZXFSrTgdIxQexpn8KGkIV1TjiUQpy0ughWeKy4PhLQneeJOVhalZVwdBaXgZU4CFUkkO90qcHDcTUYHhjkOB0aWtwHwHV1lnUpnUo8hKKvqzFCiZPvEOLCRF7fLQ1C42aHgBL8e31itO+Y195ml99bHW12doU00FUintYEC6ieCn9w==
R5ygTyNAZYdXqf7YyfxZhr2y2F6nq1VM5D1SRzdnNoCE1tMnDdK9r50aiMB/8wNu/l15RrHgH+jPjNsjdfIecuLcdHTOZYqYa8wjClLyz5ZlaApPUz5/eLq0xtjES9Tto2EyutooOGN8eC85bIVAkYidq7yzPlDUxnT/5kqIo0LBg22krGobamr0D0tcy4fnp/I=
R5ygTyNAZYdXqf7YyfxZhr2y2F6nq1VM5D1SRzdnNoCE1tMnDdK9r50aiMB/8wNu/l15RrHgH+jPjNsjdfIecuLcdHTOZYqYa8wjClLyz5ZlaApPUz5/eLq0xtjES9Tto2EyutooOGN8eC85bIVAkYidq7yzPlDUxnT/5kqIo0LBg22krGobamr0D0tcy4fnp/I=
011aIPK1McTiAJt0EocHnWXx/IBGst30pbmAof6vZ+E5r5qVHY75awQYU54iJ3dtG90tl/uNitER9N9yU/r1Qu54DcOrRVPmITVLJTd0Hm/lnZ2Co7DRwEje4JNOXNv2A+qWtD9pQDg2mmwoIjXNL4XSUV7DaY8uKwmvEUwj5eAhKb+C0ylSKNi9+qft
jgPV4dfa743I7DDadd9kRElNI2hqF554GMB/A+f498AUPnR0AW1+QZF/UlVV/pFLGuhLnjpXb03zLeXXs90icelkZ/Irak2iBqhFg+N1ewY5BVMlL0QGj82t1cLrYDkg8E6YE/bMI1arut7095moGC7qdCg6xdUP7aIZngu5J45TmReRtLNdgEl5d0IbGXpIwI3ip/U=
64zXoaMcDx1QtpYenUadUeh7FFRgCp5osOnFGvd0nrXXuFNp6Wx4h8OhrhQUMC3Xermf+z2vISI19qPrzIVnkhB3TIZ8aqIc9/thCiFzDgTDpaXDwKI/22x+P4WwCKvSxSwo8KE63fQe0C4+XPlfY5wlu+I/8zY0xF40i8F13bELp31B7Emn+AkSRbZDmoj0S/MNKVW+lxkdpWFYqDfj8Tuy5Ty3GP6S9vOYUG1uZSYQhBkFhiCANnrotBn7t0O+9+7Fpek2HYV5cdpv0zhHJfky9UXUcO4RrKe7
1Xax4rxnMXzLuc0YayBTK8BGuLlkbmoOpoKqJduDi9v/x/Zbbxumjyy8qrhieFI1wOe8m81i3T8diiiwPy3iX/5tmZbxkL94Txy7k7UiPgLiLFQkjtVqCOtcg/qSoq+mZVhqH5PO3+g6JCZohBv0HaMREmoamFjz/OiPSSxVoKGIrUts807wREbkn1aKWIMywXNN9Oza+/rqZK+7nJvn16fC
9CjekwEWZyaqvvm3QWnOPkIyXMiAgnDtNLpCaoZmgjHLl4Pf/8P+T38PjmsM2IJsMiya8YAjdM+dtnVbvW6AJK+5att+6RECYQQXnO94E0fldvbGouiccN4BQmzLuKvugranomVcYguD2vcMGkAOvNRPPNnj1do+Skzwl1wMJ928wSglCCnD+GPaWKDmgDeC2gxL9oG3haC8DtOeyoCHr4yP79Onxg==
/oE86Hxsrvn3QeEp2SlgwQoyjMxVMHPCeqA3POEe/wjORxIFXH9CfMj78gDwhFH44665LAIQsuZ46RvrMAWXKrtDHAx43oiz5cVZ+SeH0ckoWYOglVJZ7qcKTPynk+FhUc5zYeGlnSBMR+e519IJNHOIGsrqswQISX6hrrykNU0CkKQOxmgIId8Hx3bbzmktrSY5XeWxxre3qAMtldKZjdCAiunQp8c=
4KWzvM9kRjMxAUnPuyE8Lrz+pxwy5aDsTAcsrLZYlniOS8ORh93/zeJFR3maeXzmbnYayr6TYA0I5UXgQantMEwe53+umb4nTUiZskNOXwa/nY3QEmQCBiAaRpc23lsmJxQKMCMg5dL+gTssY57q/mImfCmYO4N7JpQSmkTljNJrZ3SHbOdIZx8yG+yM8tZ+G9gyKi/Uodm5SqQYJ6zanovVhInr0afI
4KWzvM9kRjMxAUnPuyE8Lrz+pxwy5aDsTAcsrLZYlniOS8ORh93/zeJFR3maeXzmbnYayr6TYA0I5UXgQantMEwe53+umb4nTUiZskNOXwa/nY3QEmQCBiAaRpc23lsmJxQKMCMg5dL+gTssY57q/mImfCmYO4N7JpQSmkTljNJrZ3SHbOdIZx8yG+yM8tZ+G9gyKi/Uodm5SqQYJ6zanovVhInr0afI
sjK5RV9k9wI9kwQXJsS8sCYtYLsqXiNlf06jCBEpCDr6hkIQQlkw4IOAWBEll471KVYFu6Nzxh62z9s9Z4UZd++1lqE93Cuy55KZ8nKAmWPfHW82zR1fJSNc8r/ZxekiN0hNcCS2VFO6dPeGH9KCVAsxPGiacviotl1h/3kKZT7XUZPeByHbUfjLCVC9USsiJ/FueLSV7qf5
sjK5RV9k9wI9kwQXJsS8sCYtYLsqXiNlf06jCBEpCDr6hkIQQlkw4IOAWBEll471KVYFu6Nzxh62z9s9Z4UZd++1lqE93Cuy55KZ8nKAmWPfHW82zR1fJSNc8r/ZxekiN0hNcCS2VFO6dPeGH9KCVAsxPGiacviotl1h/3kKZT7XUZPeByHbUfjLCVC9USsiJ/FueLSV7qf5
yeEL+dykUICMCsGQ6o+3Apa/9OqGPvGXTbnVNwtdCIOG4aHkumn1DIn9zSxUOre6QSI+m7WM6Z5LWj9aZ3kdXLqQQnoYHnb7fgr7ur+w2nxLFOXuhsXLgOsKCiI6QmwlsE9Dh54QonaMsazOc0MkS4RTyNvn9mvAhOa2IsM8oqaHIOGlgU6UdG94egITcVTFg+Wn9A==
yeEL+dykUICMCsGQ6o+3Apa/9OqGPvGXTbnVNwtdCIOG4aHkumn1DIn9zSxUOre6QSI+m7WM6Z5LWj9aZ3kdXLqQQnoYHnb7fgr7ur+w2nxLFOXuhsXLgOsKCiI6QmwlsE9Dh54QonaMsazOc0MkS4RTyNvn9mvAhOa2IsM8oqaHIOGlgU6UdG94egITcVTFg+Wn9A==
jhKVhvNIZTQuxAoOi1xywfLZxu/qr1BsB+nFAIGJ7RCM/mcV6ba+Bw0oGVKDbl8mf30NsFJEAiZgesZ39v5bBuf0ilBjAOXyvuG7zKO+6t6ixvxJ2BuDW2b0knqExYzyq4f05yzHSEdfUpsMTNLWXts4skpv9KH5+Sok+OeM2r5LNQTpq/Gn6A==
jhKVhvNIZTQuxAoOi1xywfLZxu/qr1BsB+nFAIGJ7RCM/mcV6ba+Bw0oGVKDbl8mf30NsFJEAiZgesZ39v5bBuf0ilBjAOXyvuG7zKO+6t6ixvxJ2BuDW2b0knqExYzyq4f05yzHSEdfUpsMTNLWXts4skpv9KH5+Sok+OeM2r5LNQTpq/Gn6A==
t2pUlSZC7SkPErx2vOX4y0xyTXsoPBNpdGm7KxAF92obw7dLF95oc0VF+TnHh/GJiNlj4PVSeS4Hiiy8R5PBITFOk6HBpb3grMeH+ffS6XQTCLoKyrNkSKn+Ae6cpNWNohAEziZoaGF/h2c2u85J7Q2mWZ0Fseb3Fyjj7fXSuU0wAOqp8Kfn
t2pUlSZC7SkPErx2vOX4y0xyTXsoPBNpdGm7KxAF92obw7dLF95oc0VF+TnHh/GJiNlj4PVSeS4Hiiy8R5PBITFOk6HBpb3grMeH+ffS6XQTCLoKyrNkSKn+Ae6cpNWNohAEziZoaGF/h2c2u85J7Q2mWZ0Fseb3Fyjj7fXSuU0wAOqp8Kfn
pl8RU+NHsaarIFzv5Q7k/PDZxv7ouVRsB+nFAIGJ7RCM/mcT6ba+Bw0oGVKDbl8mf30NsFJEAiZgesZ39v5bBuf0ilBjAOXyvuG7zKO+6t6ixvxJ2BuDW2b0knqExYzyq4f05yzHSEdfUpsMTNLWXts4skpv9KH5+Sok+OeM2r5LNQTpq/Gn6A==
pl8RU+NHsaarIFzv5Q7k/PDZxv7ouVRsB+nFAIGJ7RCM/mcT6ba+Bw0oGVKDbl8mf30NsFJEAiZgesZ39v5bBuf0ilBjAOXyvuG7zKO+6t6ixvxJ2BuDW2b0knqExYzyq4f05yzHSEdfUpsMTNLWXts4skpv9KH5+Sok+OeM2r5LNQTpq/Gn6A==
UXLs3C+NHuSbzWiUb7TQC0xyS200IRNpdGm7KxAF92obw7FLF95oc0VF+TnHh/GJiNlj4PVSeS4Hiiy8R5PBITFOk6HBpb3grMeH+ffS6XQTCLoKyrNkSKn+Ae6cpNWNohAEziZoaGF/h2c2u85J7Q2mWZ0Fseb3Fyjj7fXSuU0wAOqp8Kfn
UXLs3C+NHuSbzWiUb7TQC0xyS200IRNpdGm7KxAF92obw7FLF95oc0VF+TnHh/GJiNlj4PVSeS4Hiiy8R5PBITFOk6HBpb3grMeH+ffS6XQTCLoKyrNkSKn+Ae6cpNWNohAEziZoaGF/h2c2u85J7Q2mWZ0Fseb3Fyjj7fXSuU0wAOqp8Kfn
yMnIWYdk5Swpr9L9D4lSYUxySnsmJBNpdGm7KxAF92obw7JLF95oc0VF+TnHh/GJiNlj4PVSeS4Hiiy8R5PBITFOk6HBpb3grMeH+ffS6XQTCLoKyrNkSKn+Ae6cpNWNohAEziZoaGF/h2c2u85J7Q2mWZ0Fseb3Fyjj7fXSuU0wAOqp8Kfn
yMnIWYdk5Swpr9L9D4lSYUxySnsmJBNpdGm7KxAF92obw7JLF95oc0VF+TnHh/GJiNlj4PVSeS4Hiiy8R5PBITFOk6HBpb3grMeH+ffS6XQTCLoKyrNkSKn+Ae6cpNWNohAEziZoaGF/h2c2u85J7Q2mWZ0Fseb3Fyjj7fXSuU0wAOqp8Kfn
64h53f5qWLupDQ/QT+HQfnl0M6ggQCRgaQftDA0vTjz6iBJDVFEr84KHehEll471KVYFu6JyyB62z9s9Z4UZd++1lqE93Cuy55KZ8nKAmWPfHW82zR1fJSNc8r/ZxekiN0hNcCS2VFO6dPeGH9KCVAsxPGiacviotl1h/3kKZT7XUZPeByDbUfjLCVC9USsiJ/FueLSV7qf5
VtCuprYFB2FQOh/5tqtyYYmwykxetSGWZIO9Hdswtk41YgVpX3XcxYdhod1eIZbH7QVxJlDZPQEhn+LVxR5BC0rLtJ5Kd7+No011VwO9krHZBHfyO0o9YvYINQNz1StG6eVjJR+k1s+dDUVCm8DJ4IBuiBPmrBOWG9pudGf5+Nj+ygQoyuWFTz1CiR67WZfOY3gHkaSTrcA52YfCi7mqiJDt0qfF
Q7kranOXQbPgbc1TfHV90Aj5EC3iVCd3GCs8440wnXPQbdcah25JqoiL9Bi9GhVtWFthq4rW8mugiFUWP+nRWlcEJSspnq1A9x/HEexkfHXtMyMjyEClNAKrhYPFbEMyT+KhEnqQQaOnreeWlc13JQuMqh9RdZHi71hFkBzG/NPSxA+mF8JaFLPBtAhCopCoXg05H/F63f6PQZv+f5Az0VA7MTC1QXNi30Hm2GzFxqfR
Q7kranOXQbPgbc1TfHV90Aj5EC3iVCd3GCs8440wnXPQbdcah25JqoiL9Bi9GhVtWFthq4rW8mugiFUWP+nRWlcEJSspnq1A9x/HEexkfHXtMyMjyEClNAKrhYPFbEMyT+KhEnqQQaOnreeWlc13JQuMqh9RdZHi71hFkBzG/NPSxA+mF8JaFLPBtAhCopCoXg05H/F63f6PQZv+f5Az0VA7MTC1QXNi30Hm2GzFxqfR
JYIUSenF+Lyo76jtGyY3fnl0M6ggQCRgaQftDA0vTjz6iBJDVFEr84KHehEll471KVYFu6JyyB62z9s9Z4UZd++1lqE93Cuy55KZ8nKAmWPfHW82zR1fJSNc8r/ZxekiN0hNcCS2VFO6dPeGH9KCVAsxPGiacviotl1h/3kKZT7XUZPeBy/bUfjLCVC9USsiJ/FueLSV7qf5
NuqwFwJwspNh1J/H6Xf3DYmwykxetSGWZIO9Hdswtk41YgVpX3XcxYdhod1eIZbH7QVxJlDZPQEhn+LVxR5BC0rLtJ5Kd7+No011VwO9krHZBHfyO0o9YvYINQNz1StG6eVjJR+k1s+dDUVCm8DJ4IBuiBPmrBOWG9pudGf5+Nj+ygQoyuWFTz1CiR67WZfOY3cHkaSTrcA52YfCi7mqiJDt0qfF
muIzxvQccY/z3uKL4G6QvAj5EC3iVCd3GCs8440wnXPQbdcah25JqoiL9Bi9GhVtWFthq4rW8mugiFUWP+nRWlcEJSspnq1A9x/HEexkfHXtMyMjyEClNAKrhYPFbEMyT+KhEnqQQaOnreeWlc13JQuMqh9RdZHi71hFkBzG/NPSxA+mF8JaFLPBtAhCopCoXg05H/F63f6PQZv+f58z0VA7MTC1QXNi30Hm2GzFxqfR
muIzxvQccY/z3uKL4G6QvAj5EC3iVCd3GCs8440wnXPQbdcah25JqoiL9Bi9GhVtWFthq4rW8mugiFUWP+nRWlcEJSspnq1A9x/HEexkfHXtMyMjyEClNAKrhYPFbEMyT+KhEnqQQaOnreeWlc13JQuMqh9RdZHi71hFkBzG/NPSxA+mF8JaFLPBtAhCopCoXg05H/F63f6PQZv+f58z0VA7MTC1QXNi30Hm2GzFxqfR
nc06jRCIPRK08nE2PX9VbMVaqJQOOJqrCVAKrlWYKoiru56OjSYQ/NsbE3r/SicVyjIl46GDezzQBeeZq5QqpPemBEHUJpzJnfdqLHHmenPRV+DH/CRfqPsszvorOA2iNX1BoPAu9zuazcv3Trs9N8BoaZSOA1HT0XSfcpN6NUKu+E3Da8UT5mG1iyX39F5vpR1dguMwkcCIXiCTDtwb9sNq1rR/6YA4dhosKOK1DS/FUpFeA+nPLmuGbxEMo6Xg4al/gpOpkigYPbqnrQ==
wRN9WrO35U17G9CR+ZzoCyTmxeJ1ECiq6hkGtFic/OFppypZ94hSwgJVLAL1XbbQxAfw2g0omoqA6GETjLZrLBGcYGHDrKmO7jWg/kgnGSlkKyX8QfGs5EwVp2gJE+/V1liU6krlKm7issbc88JYbYwgd1sbsNd7sTID2ZY63ENR9k+g8hQCdsBqhufWrttWx2TKQMNQ5aIe8ftcg+5qjoJWvFl4S4MLxuTS6qSVDKKLF7T3jJdIF/9C25xsglYO+6jyWsCkoalZOmRox9xa7mulRPkLoae4
xN/c3BRiwi0umI3J+uLLiQOxLgHJoTFXKGJvSuYF7VIbMOBkYTRcec/d4Zjw9BKM1S38EWzpcrGCXvQLAXUdMcunvcEsSed4SRIFNgOayHQL802plb5Xmd2lodhoNyNxe7KlvPcYvhK289jQLW6lptCE2YVGIEC2uuj0mbu3Az637oUlqTbdCrlxGu8TOIelOTI1xZRwrpHsp/s=
xfUNirMs/RLoMEPtKGypO6G2XuaEq/nuzH+JkuCOqEsawNC707JtMk65iF1OEGWHX702RcuvvhcteFkCI/7ftt8tTeByVAI2QCqGJ1Zu25ZHpMoAQxDl4p6x+5wDLmpOApa8GfgLg0tGpNIqJFUMYgvXtLcM10hXfwLbXOxCVs57aPIaQOSh6dl6ZKhHHFou62VEuYvhp/g=
nc06jRCIPRK08nE2PX9VbMVaqJQOOJqrCVAKrlWYKoiru56OjSYQ/NsbE3r/SicVyjIl46GDezzQBeeZq5QqpPemBEHUJpzJnfdqLHHmenPRV+DH/CRfqPsszvorOA2iNX1BoPAu9zuazcv3Trs9N8BoaZSOA1HT0XSfcpN6NUKu+E3Da8UT5mG1iyX39F5vpR1dguMwkcCIXiCTDtwb9sNq1rR/6YA4dhosKOK1DS/FUpFeA+nPLmuGbxEMo6Xg4al/gpOpkigYPbqnrQ==
wRN9WrO35U17G9CR+ZzoCyTmxeJ1ECiq6hkGtFic/OFppypZ94hSwgJVLAL1XbbQxAfw2g0omoqA6GETjLZrLBGcYGHDrKmO7jWg/kgnGSlkKyX8QfGs5EwVp2gJE+/V1liU6krlKm7issbc88JYbYwgd1sbsNd7sTID2ZY63ENR9k+g8hQCdsBqhufWrttWx2TKQMNQ5aIe8ftcg+5qjoJWvFl4S4MLxuTS6qSVDKKLF7T3jJdIF/9C25xsglYO+6jyWsCkoalZOmRox9xa7mulRPkLoae4
xN/c3BRiwi0umI3J+uLLiQOxLgHJoTFXKGJvSuYF7VIbMOBkYTRcec/d4Zjw9BKM1S38EWzpcrGCXvQLAXUdMcunvcEsSed4SRIFNgOayHQL802plb5Xmd2lodhoNyNxe7KlvPcYvhK289jQLW6lptCE2YVGIEC2uuj0mbu3Az637oUlqTbdCrlxGu8TOIelOTI1xZRwrpHsp/s=
xfUNirMs/RLoMEPtKGypO6G2XuaEq/nuzH+JkuCOqEsawNC707JtMk65iF1OEGWHX702RcuvvhcteFkCI/7ftt8tTeByVAI2QCqGJ1Zu25ZHpMoAQxDl4p6x+5wDLmpOApa8GfgLg0tGpNIqJFUMYgvXtLcM10hXfwLbXOxCVs57aPIaQOSh6dl6ZKhHHFou62VEuYvhp/g=
Ni89LCJFISQ9xtwl/eCiLpkV9ADVUfEypus+c5GcX/Xcuj1qnzkSXh8ubbVhFqVTgPHiP6tYzzUR8t313BC2ITSnIw==
CX8xys8Z8ogSRXD6D3rzH8hCtLFhWjkUqL/lNcHK6Nms/cp1Xg61nS/57Kd0Oxg1yPO3uKA7jRkppzLJSnK4AaJtgIe8jYp8TCm1iLciPgLiLFQkjtVqCOtcg/qSoq+mZVhqH5PO3+g6JCZohBv0HaMREmoamFjz/OiPSSxVoKGIrUts807wREbkn1aKWIUzwXNN9Oza+/rqZK+7nJvn16fC
Ed3V3uBfkOcfE5mET+szpamjla2fmYCS0ug6FqKY2bZz38xiFHyt7LOLfS6/4KxP8W/AdTYn/Dsbblnv7ac1QxaQWD9yZTWmQ+qJPlaWjmB2xES0PGVAgDxqJFFTaExa/CZDwJSfM5uHBU7BNQxTMl/CkdIqcDEjNw1X1kWthyX77Hpf4dUBYp+4FVAs5uzTwqT/5sdi6pQjIcTIEoKgqG4t6V8BGk1+P+HLPg92ItFAGwFwZSGD4k/hVhg8JbanoQ==
ovHU/M4PJNBx80cvo2r7HTdHmeJJCRN9gJC/WKEBzWWtMVHN04hfFR6K3zVUliMyNP52uvMkwv6w+WF9sRb0bF/guhqj6TSdMz2nLA==
pRLbjji+/8vxgL1gVEN49zZHmeJJCRN9gJC/WKEBzWWtMVHN04hfFR6K3zVUliMyNP52uvMkwv6w+WF9sRb0bF/guhqj6TSdMz2nLA==
at94qBdh7G6OuTI9a7BV+vCPIV6ptDoKvAqOEe3OGgGBGRxSSsSz3bMrSEgNBJChyxi9zoUBWv5VkHRJc4OhgqCGm1taeECETcPIYOZAt0LazMw3gfcF4LxOU97KwAdvjE9vE6cG
JzEyD1fiLmaC9o8IXFRCIGlQ+nOiUBFXUVbMIWexH8Gx71zakYqF8Rp3FgYTxc2q7pfNS/3VUIgJYf0qYou6y92MY704Olmioyne5pvOKa1tJvnaJLEGN/eoQ63V0tkNkIBKaRCnBw==
4WwWsS40hW6lsndvddoKcPPGpB74sXgirYq5CT4HUs6/pWEiagdpkyGVDFDtcfkijqvWAxk8BwXEuiUaR5marnfuRaVpNp2C+HFab1M4xyV5MnVFVHBuESynOw==
TRReV3Es+cJHAEacFR/TeDXpJ4MP5dkn5rx0KqmKvQEyF07W24WFGhY3pdtlVcgYoYFFWipLcpuFrIuNQDqhkssJBjbTjuFd1UZRSrwxnqcfCDsdHRKRXUhgYhkopz8=
w8X0jSiCi0fa4hj1dYr+HRzaCKY+1/g90bx0KqmKvQEyF07W24WFGhY3pdtlVcgYoYFFWipLcpuFrIuNQDqhkssJBjbTjuFd1UZRSrwxnqcfCDsdHRKRXUhgYhkopz8=
5utqdgncVsdfETOCvMt8t8kDm2ZLk2oW/q4rCj+FuJ/EQkkVF478n89/h/WqvEspL474GyBPT+TBSYJ6Y1aBQczigd4zib9uu27eEXyDdSDRCQ8Cg0lCaGgdKqc9
5utqdgncVsdfETOCvMt8t8kDm2ZLk2oW/q4rCj+FuJ/EQkkVF478n89/h/WqvEspL474GyBPT+TBSYJ6Y1aBQczigd4zib9uu27eEXyDdSDRCQ8Cg0lCaGgdKqc9
zlYW24v9A24OPBHf4NJLigj5EC3iVCd3GCs8440wnXPQbdcah25JqoiL9Bi9GhVtWFthq4rW8mugiFUWP+nRWlcEJSspnq1A9x/HEexkfHXtMyMjyEClNAKrhYPFbEMyT+KhEnqQQaOnreeWlc13JQuMqh9RdZHi71hFkBzG/NPSxA+mF8JaFLPBtAhCopCoXg05H/F63f6PQZv+f5Uy0VA7MTC1QXNi30Hm2GzFxqfR
zlYW24v9A24OPBHf4NJLigj5EC3iVCd3GCs8440wnXPQbdcah25JqoiL9Bi9GhVtWFthq4rW8mugiFUWP+nRWlcEJSspnq1A9x/HEexkfHXtMyMjyEClNAKrhYPFbEMyT+KhEnqQQaOnreeWlc13JQuMqh9RdZHi71hFkBzG/NPSxA+mF8JaFLPBtAhCopCoXg05H/F63f6PQZv+f5Uy0VA7MTC1QXNi30Hm2GzFxqfR
TpLhAoCWDLMuFIUyIc/lLzdHmeNJCRN9gJC/WKEBzWWtMVHN04hfFR6K3zVUliMyNP52uvMkwv6z+WF9sRb0bF/guhqj6TSdMz2nLA==
zLMwtXeEG3PivHnp+qMjBjZHmeNJCRN9gJC/WKEBzWWtMVHN04hfFR6K3zVUliMyNP52uvMkwv6z+WF9sRb0bF/guhqj6TSdMz2nLA==
g3yLZT6j2cDOfcZy2MXfHKJhi8Z8dje0YUtkJ7+jWhuH5sXFKF4Szvm18eA8OsEBDHQ/1RTwGaXQvqZuM/uXupBNQYZvYfBDYaZV2ozf1DiU8+Avvmu4va/5eTnybyGqM3o3bikwLpl8LFeq3OtHGxb3gAyLMH3ACJot1Ev6o9E3kAYioeM8QW03aLcb75bknyT4L0eLl5gZElWWM1p4VDtznYkF/kf5LaVRuHh3s1GrMpWcR9iOsubziDBdrtVGoASJZdbgUBYK6EQ5q/eTXmdudUVZdi1haHHKTyN4N4UJsmXlBLC+cZyniw==
g3yLZT6j2cDOfcZy2MXfHKJhi8Z8dje0YUtkJ7+jWhuH5sXFKF4Szvm18eA8OsEBDHQ/1RTwGaXQvqZuM/uXupBNQYZvYfBDYaZV2ozf1DiU8+Avvmu4va/5eTnybyGqM3o3bikwLpl8LFeq3OtHGxb3gAyLMH3ACJot1Ev6o9E3kAYioeM8QW03aLcb75bknyT4L0eLl5gZElWWM1p4VDtznYkF/kf5LaVRuHh3s1GrMpWcR9iOsubziDBdrtVGoASJZdbgUBYK6EQ5q/eTXmdudUVZdi1haHHKTyN4N4UJsmXlBLC+cZyniw==
qtaZkyuKedIKfcUZO15/8k8QLkdnGIK/qEh85YiP0L6m0abvkneIr7wzJoNizKWYupeYWVCHf37n59eZey7WirnuFcsGquWCRvS4E3sxpj+beYVJ9xXLPEmIq30btCTI4r4UrrzTH/+s1igjb8JlnX95hhxM8Fb7Crym5G5Wf6zor7hGT6EnzpeJFUSLMzp0jKFF8Fd6Lkpi5ET87i0agKtUM0Ky+j/uZRD6R7N2b+B6rFaQ5MPk1SNZAjL64Kh7POA/8QyNMGmIZdu00/ZATIZsby5qAJd7QbtdLIwii3KqbB8DvMN3n6eK
sbipYNBzD5PJ8oe7Xtwk8glfU3p/bRBn5GXAwp7uuS64iUkexkRgZ/VRJIpAdQxdGip0MtI2FVn3OV+cJ+zW3c0RqWyqZyHYwoPPPmv79mCsuvRv7l1/tcpvBaEFPuTTPY04vl34ll9myoNDefHtMBRBXXw1v+VElmqlS4rZJuOqkFmxsTQ7zptScTgs9Kpv+ku3jRDT4bkLPsPY37lzDaG45Jtj0imCV119nUF5aqac46QumJwFUpw3a8pWSLK5tK24LQ77Skw1V3WOn3zvMfIkC+GsAFn4X6cflXc9S2jJ4wno8S97XJGj4I5UOvxErc1SL7Hs9rDAo/1tjbMAWEthCQETLDXHN/mlm9AuoLRA9nRWhaUxfwwsJ0rNP9glRne5Jj9wTWDYmv20u7pTsccQ1kIxoyzh3TfYFwsvBgTPpIjPN0vneEkSBTYDmsh0C/NNqZW+V5ndpaHYaDcjcXuypbz3GL4StvPY0C1upabQhNmFRiBAtrro9Jm7twM+t+6FJak23QG4cRrvEziHpTkyNcWUcK6R7Kf7
qGqNMhcY8R15ig7D4XR4iLJjNC3i6qXt4IO5N+QSTEB9KOMfJGimIKBsa27Xj6j9q8EEQ/CmAaUI/3KPGwlsGbO9Z8UDv3Spa1jmNbPaJHAf1waTQtk9vYG2+42vwGtOajUFkuWFXP6UD8HxWvb5gnVstovZ0A6GQ0wqMYpA4eFt11Xl2IRz8ngCMKwiJOL30MtJBXPanwPP6LcMPsbS1K1iG86QGbkA/vBcAA1IZ3o9K2BDu+mcayBs/HuXzqD9vAPPOyUlr413s/JC5+AUBBhO101cpjN/XBA2mOda37zpGj7mCzSK0sNiQoazFbQvPv1CstVf3YKQ317nw5hHZodxboSpVEPQ4Iy5gAlwwYuKQRI/TpnEFjm48YusosBGq0mzqd/EhNzcFD4PSkjOAH6S95jIG3BCn8XPuhf9/SBbN/LArJXNNEeeRr4iECwYfukSNAtg+8ZinteaZWQSI2Pyp9TaGF5UdCeMIWOtatbqJCBPHFT39dzp2B0IETPQA/KI+KZY5+p65P+PAU81yBzmg8YKWNeHbKef66f+
Ftdsd99uM39qpiwm3FSqfqWNAjnSB4wbU1tftW3YPyceZBMJtWdOD+D9WoTKe8Zh6MZGFZ36B4sK5KYGRZentvgbuf0qZ0ZsWiB44NOSGCslwlHEJJm9jSgTPukLzMijherJc0SE5uoea5x1veFg76/1xxaW19fdclrvcDSLLOqJV1s5X1Se0Tc4x5fnULwqD98IcdSnwIBT1YP8mVoR8jvsDvyYi7AbXQlieyPtIT7pjB0RAYlL6K5/UdoLVh399wnjsVjClvPOamo0h8Y2d0HeVGBA/d49Mkm8M2hYP3c/Wj30XdW4dOHl3iibrPUntcG1FTlsI7NDDEOn2Yjbg+qadvJOICddOGtDxPSk6uNX+Q8b8hwhcQNlIeSXU71Z70/yJpJQCqae0vcN8ysmLA0eD5eqoawn88INeG+0kjp3IBlyYdXNALwGwwuudXd38gMJB/RApTQCq4WDxWxDMk/ioRJ6kEGjp63nlpXNdyULjKofUXWR4u9YRZAcxvzT0sQPphfCWhSzwbQIQqKQqF4NOR/xet3+j0Gb/n+VMtFQOzEwtUFzYt9B5thsxcan0Q==
pB3nk6xn5DQ5ljLve8uxfzadfrKQeWFs98+mklOvqa2wqapy3Auv4cskIoVVVO1M5GlY358Xco0Q8n8CjUd1BkZqZi4B/ZzX0/RIn1p0cHnLhmS0qIsz1HVzreOd3H6Zc/Y8fC+73l8iVaXRMXqjoa/sM4LaWZ0ehUmEkqQD2d2aWmEOxQBuR7ncFupzgHKdCuy5LV27Tem4SKueyI6oAOII+vvgp5HJE1YHb38k7yA+6ooYHQ6DQvDVYWzO/EQszeT/9o1HuI/b5YQHEKCk1xdi+DGMb9c3Rel34cc/au4nzAwIKCIPgTwqqxPs3G6053aHcFl2pmpr+FK+825aqnO5LKOOkZp+tVPF7qATBktDNB+qtx12iMmYm7xQACEsyVzZh7otyvMuFVx6iXSpp6yOmIobJSslvwhcsOwYJiOK5FaMzv4vVKgXaC6vCZcWl1Gl7Gtb6szMWRVY9xLeEuI8NBROhcr4a+xjqtJSj7ZlSErv054/WLrUhjhEK5QNowHyWlpI+IN8WO+Z7CWAsYi9axwznpD0xpQ/hspoZyPBYy3ELIpbCmrUT+vca8fHp9I=
o2xMg1alafJM93umD5SzBTg3l4u0I/2spe6JeJZw+XfoTTtu76Rfg1z+uI3nXz1zutTULgXmpWcH+VX7QO6wVBB2xDZ15YHfXCx36nxrJ1v29+vJLLDdACiazRQrekORF5AmYgFjXAGNNwh3+282JL8k2O8nC3fYeRJ11pPa2BTbc/1J5X7nOQ2lcXjY91ORyzJ13OdYLvLG8+hwvS61hoAEqaV2YLDWauikect3Mx5HblUFufZNoYhx6o+D+JdFabKFpWQwHjG8p6s=
7v/a1zLepjiJGjDYF7Loyef9eiUV+BpZJkQTQrFZRWksvp1WN3ZS59ZVDYZfbibgh3qMc7anrxIdxiecVhqWQdqXcHCkgUyBeL0QnmxC1uqe94idMJ0A3EaCGqdnWikyf7PT9lie0lTwkKShE/mszBxME++na686w0L0IrpdqsYyaubUwzqYBRy4lxNriNdT4WqjUSZCnKtB7i9oAqyC3hCypu/mVhs+V/wqCLNo5YpOqVvUM5YqZpJO3JGI8wOjFjzy4pRtzMobj1S//K9IP68aexTc+hbm67CSkjsdIQGJ4kRg9ySahvs9pLF7maeQ
dhYUJUiMU3m1bOlJhre0X+f9eiUV+BpZJkQTQrFZRWksvp1WN3ZS59ZVDYZfbibgh3qMc7anrxIaxCecVhqWQdqXcXCkgUyBeL0QnmxC1uqe94idMJ0A3EaCGqdnWikyf7PT9lie0lTwkKShE/mszBxME++na686w0L0IrpdqsYyaubUwzqYBRy4lxNriNdT4WqjUSZCnKtB7i9oAqyC3hCypu/mVhs+V/wqCLNo5YpOqVvUM5YqZpJO3JGI8wOjFjzy4pRtzMobj1S//K9IP68aexTc+hbm67CSkjsdIQGJ4kRg9ySahvs9pLF7maeQ
dhYUJUiMU3m1bOlJhre0X+f9eiUV+BpZJkQTQrFZRWksvp1WN3ZS59ZVDYZfbibgh3qMc7anrxIaxCecVhqWQdqXcXCkgUyBeL0QnmxC1uqe94idMJ0A3EaCGqdnWikyf7PT9lie0lTwkKShE/mszBxME++na686w0L0IrpdqsYyaubUwzqYBRy4lxNriNdT4WqjUSZCnKtB7i9oAqyC3hCypu/mVhs+V/wqCLNo5YpOqVvUM5YqZpJO3JGI8wOjFjzy4pRtzMobj1S//K9IP68aexTc+hbm67CSkjsdIQGJ4kRg9ySahvs9pLF7maeQ
tXp/ER3yGVdkblPWCwLOV+f9eiUV+BpZJkQTQrFZRWksvp1WN3ZS59ZVDYZfbibgh3qMc7anrxIdxiecVhqWQdqXfnCkgUyBeL0QnmxC1uqe94idMJ0A3EaCGqdnWikyf7PT9lie0lTwkKShE/mszBxME++na686w0L0IrpdqsYyaubUwzqYBRy4lxNriNdT4WqjUSZCnKtB7i9oAqyC3hCypu/mVhs+V/wqCLNo5YpOqVvUM5YqZpJO3JGI8wOjFjzy4pRtzMobj1S//K9IP68aexTc+hbm67CSkjsdIQGJ4kRg9ySahvs9pLF7maeQ
tXp/ER3yGVdkblPWCwLOV+f9eiUV+BpZJkQTQrFZRWksvp1WN3ZS59ZVDYZfbibgh3qMc7anrxIdxiecVhqWQdqXfnCkgUyBeL0QnmxC1uqe94idMJ0A3EaCGqdnWikyf7PT9lie0lTwkKShE/mszBxME++na686w0L0IrpdqsYyaubUwzqYBRy4lxNriNdT4WqjUSZCnKtB7i9oAqyC3hCypu/mVhs+V/wqCLNo5YpOqVvUM5YqZpJO3JGI8wOjFjzy4pRtzMobj1S//K9IP68aexTc+hbm67CSkjsdIQGJ4kRg9ySahvs9pLF7maeQ
QZ4NLgJp18TDPx3mazJsFuf9eiUV+BpZJkQTQrFZRWksvp1WN3ZS59ZVDYZfbibgh3qMc7anrxIdxiecVhqWQdqXfHCkgUyBeL0QnmxC1uqe94idMJ0A3EaCGqdnWikyf7PT9lie0lTwkKShE/mszBxME++na686w0L0IrpdqsYyaubUwzqYBRy4lxNriNdT4WqjUSZCnKtB7i9oAqyC3hCypu/mVhs+V/wqCLNo5YpOqVvUM5YqZpJO3JGI8wOjFjzy4pRtzMobj1S//K9IP68aexTc+hbm67CSkjsdIQGJ4kRg9ySahvs9pLF7maeQ
SYeES/GxMfZUDfeqh1h8nOf9eiUV+BpZJkQTQrFZRWksvp1WN3ZS59ZVDYZfbibgh3qMc7anrxIaxCecVhqWQdqXf3CkgUyBeL0QnmxC1uqe94idMJ0A3EaCGqdnWikyf7PT9lie0lTwkKShE/mszBxME++na686w0L0IrpdqsYyaubUwzqYBRy4lxNriNdT4WqjUSZCnKtB7i9oAqyC3hCypu/mVhs+V/wqCLNo5YpOqVvUM5YqZpJO3JGI8wOjFjzy4pRtzMobj1S//K9IP68aexTc+hbm67CSkjsdIQGJ4kRg9ySahvs9pLF7maeQ
ulVkV8d3m6EeLO0RZ8jntef9eiUV+BpZJkQTQrFZRWksvp1WN3ZS59ZVDYZfbibgh3qMc7anrxIaxCecVhqWQdqXfXCkgUyBeL0QnmxC1uqe94idMJ0A3EaCGqdnWikyf7PT9lie0lTwkKShE/mszBxME++na686w0L0IrpdqsYyaubUwzqYBRy4lxNriNdT4WqjUSZCnKtB7i9oAqyC3hCypu/mVhs+V/wqCLNo5YpOqVvUM5YqZpJO3JGI8wOjFjzy4pRtzMobj1S//K9IP68aexTc+hbm67CSkjsdIQGJ4kRg9ySahvs9pLF7maeQ
QZ4NLgJp18TDPx3mazJsFuf9eiUV+BpZJkQTQrFZRWksvp1WN3ZS59ZVDYZfbibgh3qMc7anrxIdxiecVhqWQdqXfHCkgUyBeL0QnmxC1uqe94idMJ0A3EaCGqdnWikyf7PT9lie0lTwkKShE/mszBxME++na686w0L0IrpdqsYyaubUwzqYBRy4lxNriNdT4WqjUSZCnKtB7i9oAqyC3hCypu/mVhs+V/wqCLNo5YpOqVvUM5YqZpJO3JGI8wOjFjzy4pRtzMobj1S//K9IP68aexTc+hbm67CSkjsdIQGJ4kRg9ySahvs9pLF7maeQ
TwiVS/FX1BZ2hxmVK4VMLOf9eiUV+BpZJkQTQrFZRWksvp1WN3ZS59ZVDYZfbibgh3qMc7anrxIdxiecVhqWQdqXenCkgUyBeL0QnmxC1uqe94idMJ0A3EaCGqdnWikyf7PT9lie0lTwkKShE/mszBxME++na686w0L0IrpdqsYyaubUwzqYBRy4lxNriNdT4WqjUSZCnKtB7i9oAqyC3hCypu/mVhs+V/wqCLNo5YpOqVvUM5YqZpJO3JGI8wOjFjzy4pRtzMobj1S//K9IP68aexTc+hbm67CSkjsdIQGJ4kRg9ySahvs9pLF7maeQ
kFU1G6YousUbIUTAa0wQdOf9eiUV+BpZJkQTQrFZRWksvp1WN3ZS59ZVDYZfbibgh3qMc7anrxIaxCecVhqWQdqXe3CkgUyBeL0QnmxC1uqe94idMJ0A3EaCGqdnWikyf7PT9lie0lTwkKShE/mszBxME++na686w0L0IrpdqsYyaubUwzqYBRy4lxNriNdT4WqjUSZCnKtB7i9oAqyC3hCypu/mVhs+V/wqCLNo5YpOqVvUM5YqZpJO3JGI8wOjFjzy4pRtzMobj1S//K9IP68aexTc+hbm67CSkjsdIQGJ4kRg9ySahvs9pLF7maeQ
ulVkV8d3m6EeLO0RZ8jntef9eiUV+BpZJkQTQrFZRWksvp1WN3ZS59ZVDYZfbibgh3qMc7anrxIaxCecVhqWQdqXfXCkgUyBeL0QnmxC1uqe94idMJ0A3EaCGqdnWikyf7PT9lie0lTwkKShE/mszBxME++na686w0L0IrpdqsYyaubUwzqYBRy4lxNriNdT4WqjUSZCnKtB7i9oAqyC3hCypu/mVhs+V/wqCLNo5YpOqVvUM5YqZpJO3JGI8wOjFjzy4pRtzMobj1S//K9IP68aexTc+hbm67CSkjsdIQGJ4kRg9ySahvs9pLF7maeQ
Pi/JuVgodd648Iwu5bGmmOf9eiUV+BpZJkQTQrFZRWksvp1WN3ZS59ZVDYZfbibgh3qMc7anrxIdxiecVhqWQdqXeHCkgUyBeL0QnmxC1uqe94idMJ0A3EaCGqdnWikyf7PT9lie0lTwkKShE/mszBxME++na686w0L0IrpdqsYyaubUwzqYBRy4lxNriNdT4WqjUSZCnKtB7i9oAqyC3hCypu/mVhs+V/wqCLNo5YpOqVvUM5YqZpJO3JGI8wOjFjzy4pRtzMobj1S//K9IP68aexTc+hbm67CSkjsdIQGJ4kRg9ySahvs9pLF7maeQ
TwiVS/FX1BZ2hxmVK4VMLOf9eiUV+BpZJkQTQrFZRWksvp1WN3ZS59ZVDYZfbibgh3qMc7anrxIdxiecVhqWQdqXenCkgUyBeL0QnmxC1uqe94idMJ0A3EaCGqdnWikyf7PT9lie0lTwkKShE/mszBxME++na686w0L0IrpdqsYyaubUwzqYBRy4lxNriNdT4WqjUSZCnKtB7i9oAqyC3hCypu/mVhs+V/wqCLNo5YpOqVvUM5YqZpJO3JGI8wOjFjzy4pRtzMobj1S//K9IP68aexTc+hbm67CSkjsdIQGJ4kRg9ySahvs9pLF7maeQ
6dO0q3BJ+Xp95IuHslJqa+f9eiUV+BpZJkQTQrFZRWksvp1WN3ZS59ZVDYZfbibgh3qMc7anrxIaxCecVhqWQdqXeXCkgUyBeL0QnmxC1uqe94idMJ0A3EaCGqdnWikyf7PT9lie0lTwkKShE/mszBxME++na686w0L0IrpdqsYyaubUwzqYBRy4lxNriNdT4WqjUSZCnKtB7i9oAqyC3hCypu/mVhs+V/wqCLNo5YpOqVvUM5YqZpJO3JGI8wOjFjzy4pRtzMobj1S//K9IP68aexTc+hbm67CSkjsdIQGJ4kRg9ySahvs9pLF7maeQ
CqjlfspemI5HzMkC3ChRxef9eiUV+BpZJkQTQrFZRWksvp1WN3ZS59ZVDYZfbibgh3qMc7anrxIdxiecVhqWQdqXcHGkgUyBeL0QnmxC1uqe94idMJ0A3EaCGqdnWikyf7PT9lie0lTwkKShE/mszBxME++na686w0L0IrpdqsYyaubUwzqYBRy4lxNriNdT4WqjUSZCnKtB7i9oAqyC3hCypu/mVhs+V/wqCLNo5YpOqVvUM5YqZpJO3JGI8wOjFjzy4pRtzMobj1S//K9IP68aexTc+hbm67CSkjsdIQGJ4kRg9ySahvs9pLF7maeQ
+IYSzpTdWnSKALEflYimkef9eiUV+BpZJkQTQrFZRWksvp1WN3ZS59ZVDYZfbibgh3qMc7anrxIaxCecVhqWQdqXcXGkgUyBeL0QnmxC1uqe94idMJ0A3EaCGqdnWikyf7PT9lie0lTwkKShE/mszBxME++na686w0L0IrpdqsYyaubUwzqYBRy4lxNriNdT4WqjUSZCnKtB7i9oAqyC3hCypu/mVhs+V/wqCLNo5YpOqVvUM5YqZpJO3JGI8wOjFjzy4pRtzMobj1S//K9IP68aexTc+hbm67CSkjsdIQGJ4kRg9ySahvs9pLF7maeQ
Pi/JuVgodd648Iwu5bGmmOf9eiUV+BpZJkQTQrFZRWksvp1WN3ZS59ZVDYZfbibgh3qMc7anrxIdxiecVhqWQdqXeHCkgUyBeL0QnmxC1uqe94idMJ0A3EaCGqdnWikyf7PT9lie0lTwkKShE/mszBxME++na686w0L0IrpdqsYyaubUwzqYBRy4lxNriNdT4WqjUSZCnKtB7i9oAqyC3hCypu/mVhs+V/wqCLNo5YpOqVvUM5YqZpJO3JGI8wOjFjzy4pRtzMobj1S//K9IP68aexTc+hbm67CSkjsdIQGJ4kRg9ySahvs9pLF7maeQ
eAQcJGvhUsltx0RH7lye9uf9eiUV+BpZJkQTQrFZRWksvp1WN3ZS59ZVDYZfbibgh3qMc7anrxIdxiecVhqWQdqXfnGkgUyBeL0QnmxC1uqe94idMJ0A3EaCGqdnWikyf7PT9lie0lTwkKShE/mszBxME++na686w0L0IrpdqsYyaubUwzqYBRy4lxNriNdT4WqjUSZCnKtB7i9oAqyC3hCypu/mVhs+V/wqCLNo5YpOqVvUM5YqZpJO3JGI8wOjFjzy4pRtzMobj1S//K9IP68aexTc+hbm67CSkjsdIQGJ4kRg9ySahvs9pLF7maeQ
faoNq25oN2w1nSjGNrWxgef9eiUV+BpZJkQTQrFZRWksvp1WN3ZS59ZVDYZfbibgh3qMc7anrxIaxCecVhqWQdqXf3GkgUyBeL0QnmxC1uqe94idMJ0A3EaCGqdnWikyf7PT9lie0lTwkKShE/mszBxME++na686w0L0IrpdqsYyaubUwzqYBRy4lxNriNdT4WqjUSZCnKtB7i9oAqyC3hCypu/mVhs+V/wqCLNo5YpOqVvUM5YqZpJO3JGI8wOjFjzy4pRtzMobj1S//K9IP68aexTc+hbm67CSkjsdIQGJ4kRg9ySahvs9pLF7maeQ
6dO0q3BJ+Xp95IuHslJqa+f9eiUV+BpZJkQTQrFZRWksvp1WN3ZS59ZVDYZfbibgh3qMc7anrxIaxCecVhqWQdqXeXCkgUyBeL0QnmxC1uqe94idMJ0A3EaCGqdnWikyf7PT9lie0lTwkKShE/mszBxME++na686w0L0IrpdqsYyaubUwzqYBRy4lxNriNdT4WqjUSZCnKtB7i9oAqyC3hCypu/mVhs+V/wqCLNo5YpOqVvUM5YqZpJO3JGI8wOjFjzy4pRtzMobj1S//K9IP68aexTc+hbm67CSkjsdIQGJ4kRg9ySahvs9pLF7maeQ
CqjlfspemI5HzMkC3ChRxef9eiUV+BpZJkQTQrFZRWksvp1WN3ZS59ZVDYZfbibgh3qMc7anrxIdxiecVhqWQdqXcHGkgUyBeL0QnmxC1uqe94idMJ0A3EaCGqdnWikyf7PT9lie0lTwkKShE/mszBxME++na686w0L0IrpdqsYyaubUwzqYBRy4lxNriNdT4WqjUSZCnKtB7i9oAqyC3hCypu/mVhs+V/wqCLNo5YpOqVvUM5YqZpJO3JGI8wOjFjzy4pRtzMobj1S//K9IP68aexTc+hbm67CSkjsdIQGJ4kRg9ySahvs9pLF7maeQ
+JVkPnnsI4il9+9yBd5wwcZgtjIjwTCRtDMF6+ruRqcONZAV0floQXSpJpX7oqyaP/qbQQCig2kOeT1mAfSkWtvKNRsz8BaQUmkYW0i3QZUbboisbBPojVwDgbFGuU78GBA1k6Ltl/dKwmN/jn7qI//26QZXr8OSINKywHgsFGXLFaw49JHXRAHnD2eKPoQmonHqcpr2djA79ngRFISnVzPkVyeJNvN1Hk68f4kS3+yaAELqOK62i54ae6rfQJrMa4TlfqZ1i3CLGooy2jKslZDfQxe+oGIGbKEs3hOzZPukw8hLx0YrMOT2NjIjTGIWo7HhNaH+VASPaPoSc4EUdaN1p2Q=
dUpon1T1aao4TcJigFivvef9eiUV+BpZJkQTQrFZRWksvp1WN3ZS59ZVDYZfbibgh3qMc7anrxIaxCecVhqWQdqXfHGkgUyBeL0QnmxC1uqe94idMJ0A3EaCGqdnWikyf7PT9lie0lTwkKShE/mszBxME++na686w0L0IrpdqsYyaubUwzqYBRy4lxNriNdT4WqjUSZCnKtB7i9oAqyC3hCypu/mVhs+V/wqCLNo5YpOqVvUM5YqZpJO3JGI8wOjFjzy4pRtzMobj1S//K9IP68aexTc+hbm67CSkjsdIQGJ4kRg9ySahvs9pLF7maeQ
+IYSzpTdWnSKALEflYimkef9eiUV+BpZJkQTQrFZRWksvp1WN3ZS59ZVDYZfbibgh3qMc7anrxIaxCecVhqWQdqXcXGkgUyBeL0QnmxC1uqe94idMJ0A3EaCGqdnWikyf7PT9lie0lTwkKShE/mszBxME++na686w0L0IrpdqsYyaubUwzqYBRy4lxNriNdT4WqjUSZCnKtB7i9oAqyC3hCypu/mVhs+V/wqCLNo5YpOqVvUM5YqZpJO3JGI8wOjFjzy4pRtzMobj1S//K9IP68aexTc+hbm67CSkjsdIQGJ4kRg9ySahvs9pLF7maeQ
v9t7axrzOxXcyFOzh8hJhlKE/PEQihHP8vp62At5LUlul/CuYgr9mBI9QhFBZiFrxj4vM3Bb9gaIsZfd9vIMlw+VjAI5GmmdgB5V894wtgiiur1zwuDes8pMzUumVLUGxgFxGeeFbBe/Fu2K6VJ3SDClYixJlsKTGSfIB16wFUjjfJZ682gVgv3tKWAYHr+bYn2z97YLRZcIWAHUZpMZ88mkx/JLqi0iZmjlg0M1W4bZRbMlzwTmD+3tdcJLoFmgkI74E1YMA9aL+j70F9lImA6q1CiaBfWPjWJ5nmt5Bw5z3baRVPO9AKk510K72VrIoE2Cp5U=
eAQcJGvhUsltx0RH7lye9uf9eiUV+BpZJkQTQrFZRWksvp1WN3ZS59ZVDYZfbibgh3qMc7anrxIdxiecVhqWQdqXfnGkgUyBeL0QnmxC1uqe94idMJ0A3EaCGqdnWikyf7PT9lie0lTwkKShE/mszBxME++na686w0L0IrpdqsYyaubUwzqYBRy4lxNriNdT4WqjUSZCnKtB7i9oAqyC3hCypu/mVhs+V/wqCLNo5YpOqVvUM5YqZpJO3JGI8wOjFjzy4pRtzMobj1S//K9IP68aexTc+hbm67CSkjsdIQGJ4kRg9ySahvs9pLF7maeQ
faoNq25oN2w1nSjGNrWxgef9eiUV+BpZJkQTQrFZRWksvp1WN3ZS59ZVDYZfbibgh3qMc7anrxIaxCecVhqWQdqXf3GkgUyBeL0QnmxC1uqe94idMJ0A3EaCGqdnWikyf7PT9lie0lTwkKShE/mszBxME++na686w0L0IrpdqsYyaubUwzqYBRy4lxNriNdT4WqjUSZCnKtB7i9oAqyC3hCypu/mVhs+V/wqCLNo5YpOqVvUM5YqZpJO3JGI8wOjFjzy4pRtzMobj1S//K9IP68aexTc+hbm67CSkjsdIQGJ4kRg9ySahvs9pLF7maeQ
oWSQpMMdSUWIMfaEuBeGgneER1H5HvqjOTDN2cxigS4MLas/HMy6iwn9Ti2T0LNSzdoRROucLm4CYTMYoucc3YPm0PA4y0CaouaioW2QR8C6PRrQp0MmBlrp3iDEKp96cZU0DEgrTOBr++AYkx7QDQd5kck6TxmaazpP/rGQ5kmULL96FEvfi2632DyzELUw4BqFZAOa26Fv0L6yOQP0kUU3QOdTjw50J+Qg379rXyixkj3me3pAZOOzZRmdXg+pRaU56DDXK8FT8k2sf/jGwo5zIICVTi22eMQx9U6AGEYi6GzpYxcLzt8uLTUhFmXRwPEiv+tYD7VR8h11nBB2oXSnYw==
dUpon1T1aao4TcJigFivvef9eiUV+BpZJkQTQrFZRWksvp1WN3ZS59ZVDYZfbibgh3qMc7anrxIaxCecVhqWQdqXfHGkgUyBeL0QnmxC1uqe94idMJ0A3EaCGqdnWikyf7PT9lie0lTwkKShE/mszBxME++na686w0L0IrpdqsYyaubUwzqYBRy4lxNriNdT4WqjUSZCnKtB7i9oAqyC3hCypu/mVhs+V/wqCLNo5YpOqVvUM5YqZpJO3JGI8wOjFjzy4pRtzMobj1S//K9IP68aexTc+hbm67CSkjsdIQGJ4kRg9ySahvs9pLF7maeQ
v9t7axrzOxXcyFOzh8hJhlKE/PEQihHP8vp62At5LUlul/CuYgr9mBI9QhFBZiFrxj4vM3Bb9gaIsZfd9vIMlw+VjAI5GmmdgB5V894wtgiiur1zwuDes8pMzUumVLUGxgFxGeeFbBe/Fu2K6VJ3SDClYixJlsKTGSfIB16wFUjjfJZ682gVgv3tKWAYHr+bYn2z97YLRZcIWAHUZpMZ88mkx/JLqi0iZmjlg0M1W4bZRbMlzwTmD+3tdcJLoFmgkI74E1YMA9aL+j70F9lImA6q1CiaBfWPjWJ5nmt5Bw5z3baRVPO9AKk510K72VrIoE2Cp5U=
u3VXkN7LhWo6EXC4q1AmGMZgtjIjwTCRtDMF6+ruRqcONZAV0floQXSpJpX7oqyaP/qbQQCig2kOeT1mAfSkWtvKNRsz8BaQUmkYW0i8TpQZb4qgahjojVwDgbFGuU78GBA1k6Ltl/dKwmN/jn7qI//26QZXr8OSINKywHgsFGXLFaw49JHXRAHnD2eKPoQmonHqcpr2djA79ngRFISnVzPkVyeJNvN1Hk68f4kS3+yaAELqOK62i54ae6rfQJrMa4TlfqZ1i3CLGooy2jKslZDfQxe+oGIGbKEs3hOzZPukw8hLx0YrMOT2NjIjTGIWo7HhNaH+VASPaPoSc4EUdaN1p2Q=
v9t7axrzOxXcyFOzh8hJhlKE/PEQihHP8vp62At5LUlul/CuYgr9mBI9QhFBZiFrxj4vM3Bb9gaIsZfd9vIMlw+VjAI5GmmdgB5V894wtgiiur1zwuDes8pMzUumVLUGxgFxGeeFbBe/Fu2K6VJ3SDClYixJlsKTGSfIB16wFUjjfJZ682gVgv3tKWAYHr+bYn2z97YLRZcIWAHUZpMZ88mkx/JLqi0iZmjlg0M1W4bZRbMlzwTmD+3tdcJLoFmgkI74E1YMA9aL+j70F9lImA6q1CiaBfWPjWJ5nmt5Bw5z3baRVPO9AKk510K72VrIoE2Cp5U=
oWSQpMMdSUWIMfaEuBeGgneER1H5HvqjOTDN2cxigS4MLas/HMy6iwn9Ti2T0LNSzdoRROucLm4CYTMYoucc3YPm0PA4y0CaouaioW2QR8C6PRrQp0MmBlrp3iDEKp96cZU0DEgrTOBr++AYkx7QDQd5kck6TxmaazpP/rGQ5kmULL96FEvfi2632DyzELUw4BqFZAOa26Fv0L6yOQP0kUU3QOdTjw50J+Qg379rXyixkj3me3pAZOOzZRmdXg+pRaU56DDXK8FT8k2sf/jGwo5zIICVTi22eMQx9U6AGEYi6GzpYxcLzt8uLTUhFmXRwPEiv+tYD7VR8h11nBB2oXSnYw==
L3qosy1AdRUuT7TcbeLqU8ZgtjIjwTCRtDMF6+ruRqcONZAV0floQXSpJpX7oqyaP/qbQQCig2kOeT1mAfSkWtvKNRsz8BaQUmkYW0i9RJEZYYuvYhzojVwDgbFGuU78GBA1k6Ltl/dKwmN/jn7qI//26QZXr8OSINKywHgsFGXLFaw49JHXRAHnD2eKPoQmonHqcpr2djA79ngRFISnVzPkVyeJNvN1Hk68f4kS3+yaAELqOK62i54ae6rfQJrMa4TlfqZ1i3CLGooy2jKslZDfQxe+oGIGbKEs3hOzZPukw8hLx0YrMOT2NjIjTGIWo7HhNaH+VASPaPoSc4EUdaN1p2Q=
v9t7axrzOxXcyFOzh8hJhlKE/PEQihHP8vp62At5LUlul/CuYgr9mBI9QhFBZiFrxj4vM3Bb9gaIsZfd9vIMlw+VjAI5GmmdgB5V894wtgiiur1zwuDes8pMzUumVLUGxgFxGeeFbBe/Fu2K6VJ3SDClYixJlsKTGSfIB16wFUjjfJZ682gVgv3tKWAYHr+bYn2z97YLRZcIWAHUZpMZ88mkx/JLqi0iZmjlg0M1W4bZRbMlzwTmD+3tdcJLoFmgkI74E1YMA9aL+j70F9lImA6q1CiaBfWPjWJ5nmt5Bw5z3baRVPO9AKk510K72VrIoE2Cp5U=
v9t7axrzOxXcyFOzh8hJhlKE/PEQihHP8vp62At5LUlul/CuYgr9mBI9QhFBZiFrxj4vM3Bb9gaIsZfd9vIMlw+VjAI5GmmdgB5V894wtgiiur1zwuDes8pMzUumVLUGxgFxGeeFbBe/Fu2K6VJ3SDClYixJlsKTGSfIB16wFUjjfJZ682gVgv3tKWAYHr+bYn2z97YLRZcIWAHUZpMZ88mkx/JLqi0iZmjlg0M1W4bZRbMlzwTmD+3tdcJLoFmgkI74E1YMA9aL+j70F9lImA6q1CiaBfWPjWJ5nmt5Bw5z3baRVPO9AKk510K72VrIoE2Cp5U=
3597CP4p3+IZ8V3o634FrMZgtjIjwTCRtDMF6+ruRqcONZAV0floQXSpJpX7oqyaP/qbQQCig2kOeT1mAfSkWtvKNRsz8BaQUmkYW0i3RJYeYIerbx7ojVwDgbFGuU78GBA1k6Ltl/dKwmN/jn7qI//26QZXr8OSINKywHgsFGXLFaw49JHXRAHnD2eKPoQmonHqcpr2djA79ngRFISnVzPkVyeJNvN1Hk68f4kS3+yaAELqOK62i54ae6rfQJrMa4TlfqZ1i3CLGooy2jKslZDfQxe+oGIGbKEs3hOzZPukw8hLx0YrMOT2NjIjTGIWo7HhNaH+VASPaPoSc4EUdaN1p2Q=
v9t7axrzOxXcyFOzh8hJhlKE/PEQihHP8vp62At5LUlul/CuYgr9mBI9QhFBZiFrxj4vM3Bb9gaIsZfd9vIMlw+VjAI5GmmdgB5V894wtgiiur1zwuDes8pMzUumVLUGxgFxGeeFbBe/Fu2K6VJ3SDClYixJlsKTGSfIB16wFUjjfJZ682gVgv3tKWAYHr+bYn2z97YLRZcIWAHUZpMZ88mkx/JLqi0iZmjlg0M1W4bZRbMlzwTmD+3tdcJLoFmgkI74E1YMA9aL+j70F9lImA6q1CiaBfWPjWJ5nmt5Bw5z3baRVPO9AKk510K72VrIoE2Cp5U=
9SlJo4A7jdfkAjPBNzCRuXeER1H5HvqjOTDN2cxigS4MLas/HMy6iwn9Ti2T0LNSzdoRROucLm4CYTMYoucc3YPm2vE5x0GZouaioW2SRcu8OBncr0cmBlrp3iDEKp96cZU0DEgrTOBr++AYkx7QDQd5kck6TxmaazpP/rGQ5kmULL96FEvfi2632DyzELUw4BqFZAOa26Fv0L6yOQP0kUU3QOdTjw50J+Qg379rXyixkj3me3pAZOOzZRmdXg+pRaU56DDXK8FT8k2sf/jGwo5zIICVTi22eMQx9U6AGEYi6GzpYxcLzt8uLTUhFmXRwPEiv+tYD7VR8h11nBB2oXSnYw==
v9t7axrzOxXcyFOzh8hJhlKE/PEQihHP8vp62At5LUlul/CuYgr9mBI9QhFBZiFrxj4vM3Bb9gaIsZfd9vIMlw+VjAI5GmmdgB5V894wtgiiur1zwuDes8pMzUumVLUGxgFxGeeFbBe/Fu2K6VJ3SDClYixJlsKTGSfIB16wFUjjfJZ682gVgv3tKWAYHr+bYn2z97YLRZcIWAHUZpMZ88mkx/JLqi0iZmjlg0M1W4bZRbMlzwTmD+3tdcJLoFmgkI74E1YMA9aL+j70F9lImA6q1CiaBfWPjWJ5nmt5Bw5z3baRVPO9AKk510K72VrIoE2Cp5U=
oWSQpMMdSUWIMfaEuBeGgneER1H5HvqjOTDN2cxigS4MLas/HMy6iwn9Ti2T0LNSzdoRROucLm4CYTMYoucc3YPm0PA4y0CaouaioW2QR8C6PRrQp0MmBlrp3iDEKp96cZU0DEgrTOBr++AYkx7QDQd5kck6TxmaazpP/rGQ5kmULL96FEvfi2632DyzELUw4BqFZAOa26Fv0L6yOQP0kUU3QOdTjw50J+Qg379rXyixkj3me3pAZOOzZRmdXg+pRaU56DDXK8FT8k2sf/jGwo5zIICVTi22eMQx9U6AGEYi6GzpYxcLzt8uLTUhFmXRwPEiv+tYD7VR8h11nBB2oXSnYw==
v9t7axrzOxXcyFOzh8hJhlKE/PEQihHP8vp62At5LUlul/CuYgr9mBI9QhFBZiFrxj4vM3Bb9gaIsZfd9vIMlw+VjAI5GmmdgB5V894wtgiiur1zwuDes8pMzUumVLUGxgFxGeeFbBe/Fu2K6VJ3SDClYixJlsKTGSfIB16wFUjjfJZ682gVgv3tKWAYHr+bYn2z97YLRZcIWAHUZpMZ88mkx/JLqi0iZmjlg0M1W4bZRbMlzwTmD+3tdcJLoFmgkI74E1YMA9aL+j70F9lImA6q1CiaBfWPjWJ5nmt5Bw5z3baRVPO9AKk510K72VrIoE2Cp5U=
oWSQpMMdSUWIMfaEuBeGgneER1H5HvqjOTDN2cxigS4MLas/HMy6iwn9Ti2T0LNSzdoRROucLm4CYTMYoucc3YPm0PA4y0CaouaioW2QR8C6PRrQp0MmBlrp3iDEKp96cZU0DEgrTOBr++AYkx7QDQd5kck6TxmaazpP/rGQ5kmULL96FEvfi2632DyzELUw4BqFZAOa26Fv0L6yOQP0kUU3QOdTjw50J+Qg379rXyixkj3me3pAZOOzZRmdXg+pRaU56DDXK8FT8k2sf/jGwo5zIICVTi22eMQx9U6AGEYi6GzpYxcLzt8uLTUhFmXRwPEiv+tYD7VR8h11nBB2oXSnYw==
v9t7axrzOxXcyFOzh8hJhlKE/PEQihHP8vp62At5LUlul/CuYgr9mBI9QhFBZiFrxj4vM3Bb9gaIsZfd9vIMlw+VjAI5GmmdgB5V894wtgiiur1zwuDes8pMzUumVLUGxgFxGeeFbBe/Fu2K6VJ3SDClYixJlsKTGSfIB16wFUjjfJZ682gVgv3tKWAYHr+bYn2z97YLRZcIWAHUZpMZ88mkx/JLqi0iZmjlg0M1W4bZRbMlzwTmD+3tdcJLoFmgkI74E1YMA9aL+j70F9lImA6q1CiaBfWPjWJ5nmt5Bw5z3baRVPO9AKk510K72VrIoE2Cp5U=
oWSQpMMdSUWIMfaEuBeGgneER1H5HvqjOTDN2cxigS4MLas/HMy6iwn9Ti2T0LNSzdoRROucLm4CYTMYoucc3YPm0PA4y0CaouaioW2QR8C6PRrQp0MmBlrp3iDEKp96cZU0DEgrTOBr++AYkx7QDQd5kck6TxmaazpP/rGQ5kmULL96FEvfi2632DyzELUw4BqFZAOa26Fv0L6yOQP0kUU3QOdTjw50J+Qg379rXyixkj3me3pAZOOzZRmdXg+pRaU56DDXK8FT8k2sf/jGwo5zIICVTi22eMQx9U6AGEYi6GzpYxcLzt8uLTUhFmXRwPEiv+tYD7VR8h11nBB2oXSnYw==
v9t7axrzOxXcyFOzh8hJhlKE/PEQihHP8vp62At5LUlul/CuYgr9mBI9QhFBZiFrxj4vM3Bb9gaIsZfd9vIMlw+VjAI5GmmdgB5V894wtgiiur1zwuDes8pMzUumVLUGxgFxGeeFbBe/Fu2K6VJ3SDClYixJlsKTGSfIB16wFUjjfJZ682gVgv3tKWAYHr+bYn2z97YLRZcIWAHUZpMZ88mkx/JLqi0iZmjlg0M1W4bZRbMlzwTmD+3tdcJLoFmgkI74E1YMA9aL+j70F9lImA6q1CiaBfWPjWJ5nmt5Bw5z3baRVPO9AKk510K72VrIoE2Cp5U=
oWSQpMMdSUWIMfaEuBeGgneER1H5HvqjOTDN2cxigS4MLas/HMy6iwn9Ti2T0LNSzdoRROucLm4CYTMYoucc3YPm0PA4y0CaouaioW2QR8C6PRrQp0MmBlrp3iDEKp96cZU0DEgrTOBr++AYkx7QDQd5kck6TxmaazpP/rGQ5kmULL96FEvfi2632DyzELUw4BqFZAOa26Fv0L6yOQP0kUU3QOdTjw50J+Qg379rXyixkj3me3pAZOOzZRmdXg+pRaU56DDXK8FT8k2sf/jGwo5zIICVTi22eMQx9U6AGEYi6GzpYxcLzt8uLTUhFmXRwPEiv+tYD7VR8h11nBB2oXSnYw==
v9t7axrzOxXcyFOzh8hJhlKE/PEQihHP8vp62At5LUlul/CuYgr9mBI9QhFBZiFrxj4vM3Bb9gaIsZfd9vIMlw+VjAI5GmmdgB5V894wtgiiur1zwuDes8pMzUumVLUGxgFxGeeFbBe/Fu2K6VJ3SDClYixJlsKTGSfIB16wFUjjfJZ682gVgv3tKWAYHr+bYn2z97YLRZcIWAHUZpMZ88mkx/JLqi0iZmjlg0M1W4bZRbMlzwTmD+3tdcJLoFmgkI74E1YMA9aL+j70F9lImA6q1CiaBfWPjWJ5nmt5Bw5z3baRVPO9AKk510K72VrIoE2Cp5U=
oWSQpMMdSUWIMfaEuBeGgneER1H5HvqjOTDN2cxigS4MLas/HMy6iwn9Ti2T0LNSzdoRROucLm4CYTMYoucc3YPm0PA4y0CaouaioW2QR8C6PRrQp0MmBlrp3iDEKp96cZU0DEgrTOBr++AYkx7QDQd5kck6TxmaazpP/rGQ5kmULL96FEvfi2632DyzELUw4BqFZAOa26Fv0L6yOQP0kUU3QOdTjw50J+Qg379rXyixkj3me3pAZOOzZRmdXg+pRaU56DDXK8FT8k2sf/jGwo5zIICVTi22eMQx9U6AGEYi6GzpYxcLzt8uLTUhFmXRwPEiv+tYD7VR8h11nBB2oXSnYw==
74/rsgvejpcP4agKA8iGXMZgtjIjwTCRtDMF6+ruRqcONZAV0floQXSpJpX7oqyaP/qbQQCig2kOeT1mAfSkWtvKNRsz8BaQUmkYW0i9R5Eea42qYxvrjVwDgbFGuU78GBA1k6Ltl/dKwmN/jn7qI//26QZXr8OSINKywHgsFGXLFaw49JHXRAHnD2eKPoQmonHqcpr2djA79ngRFISnVzPkVyeJNvN1Hk68f4kS3+yaAELqOK62i54ae6rfQJrMa4TlfqZ1i3CLGooy2jKslZDfQxe+oGIGbKEs3hOzZPukw8hLx0YrMOT2NjIjTGIWo7HhNaH+VASPaPoSc4EUdaN1p2Q=
v9t7axrzOxXcyFOzh8hJhlKE/PEQihHP8vp62At5LUlul/CuYgr9mBI9QhFBZiFrxj4vM3Bb9gaIsZfd9vIMlw+VjAI5GmmdgB5V894wtgiiur1zwuDes8pMzUumVLUGxgFxGeeFbBe/Fu2K6VJ3SDClYixJlsKTGSfIB16wFUjjfJZ682gVgv3tKWAYHr+bYn2z97YLRZcIWAHUZpMZ88mkx/JLqi0iZmjlg0M1W4bZRbMlzwTmD+3tdcJLoFmgkI74E1YMA9aL+j70F9lImA6q1CiaBfWPjWJ5nmt5Bw5z3baRVPO9AKk510K72VrIoE2Cp5U=
v9t7axrzOxXcyFOzh8hJhlKE/PEQihHP8vp62At5LUlul/CuYgr9mBI9QhFBZiFrxj4vM3Bb9gaIsZfd9vIMlw+VjAI5GmmdgB5V894wtgiiur1zwuDes8pMzUumVLUGxgFxGeeFbBe/Fu2K6VJ3SDClYixJlsKTGSfIB16wFUjjfJZ682gVgv3tKWAYHr+bYn2z97YLRZcIWAHUZpMZ88mkx/JLqi0iZmjlg0M1W4bZRbMlzwTmD+3tdcJLoFmgkI74E1YMA9aL+j70F9lImA6q1CiaBfWPjWJ5nmt5Bw5z3baRVPO9AKk510K72VrIoE2Cp5U=
v9t7axrzOxXcyFOzh8hJhlKE/PEQihHP8vp62At5LUlul/CuYgr9mBI9QhFBZiFrxj4vM3Bb9gaIsZfd9vIMlw+VjAI5GmmdgB5V894wtgiiur1zwuDes8pMzUumVLUGxgFxGeeFbBe/Fu2K6VJ3SDClYixJlsKTGSfIB16wFUjjfJZ682gVgv3tKWAYHr+bYn2z97YLRZcIWAHUZpMZ88mkx/JLqi0iZmjlg0M1W4bZRbMlzwTmD+3tdcJLoFmgkI74E1YMA9aL+j70F9lImA6q1CiaBfWPjWJ5nmt5Bw5z3baRVPO9AKk510K72VrIoE2Cp5U=
v9t7axrzOxXcyFOzh8hJhlKE/PEQihHP8vp62At5LUlul/CuYgr9mBI9QhFBZiFrxj4vM3Bb9gaIsZfd9vIMlw+VjAI5GmmdgB5V894wtgiiur1zwuDes8pMzUumVLUGxgFxGeeFbBe/Fu2K6VJ3SDClYixJlsKTGSfIB16wFUjjfJZ682gVgv3tKWAYHr+bYn2z97YLRZcIWAHUZpMZ88mkx/JLqi0iZmjlg0M1W4bZRbMlzwTmD+3tdcJLoFmgkI74E1YMA9aL+j70F9lImA6q1CiaBfWPjWJ5nmt5Bw5z3baRVPO9AKk510K72VrIoE2Cp5U=
ze5H9ppGwIdk8RLSG2piKLxvcTwbbTMJJZBETd672F4JI7Z6aLjZ5UaSKR5bmbdOQzxhkQZTTUDZGSfC6/nKCLAtMqcl
iJMvy/sBmtcnpTfEPUsvKNGm2ZWQpV2KzkhFrrV5nNeMyQt2W+Ey5EaE33YKuEaUwdENlGz6OxrqxO/bHLsnN6ci
t0UV48Txa/oYvnMomgmXzVfdnnpul4RU+OeacarC4VOETvYKU/SCLtIOYY/RxrS8/1A6qgO59M3TTadc
AfoqBl4FgrkzPQNA/Nxf4Kr2Cve4nUup3QF9VxNGBT53kbNeZ+Q9UVqLKdBdkUsihzGO+NTVTqdZ
RuwkBV10rBuYPYoLTk90RrJjNC3i6qXt4IO5N+QSTEB9KOMfJGimIKBsa27Xj6j9q8EEQ/CmAaUI/3KPGglsGbO9Z8UDv3Spa1jmNbPaJHAf1waTQtk9vYG2+42vwGtOajUFkuWFXP6UD8HxWvb5gnVstovZ0A6GQ0wqMYpA4eFt11Xl2IRz8ngCMKwiJOL30MtJBXPanwPP6LcMPsbS1K1iG86QGbkA/vBcAA1IZ3o9K2BDu+mcayBs/HuXzqD9vAPPOyUlr413s/JC5+AUBBhO101cpjN/XBA2mOda37zpGj7mCzSK0sNiQoazFbQvPv1CstVf3YKQ317nw5hHZodxboSpVEPQ4Iy5gAlwwYuKQRI/TpnEFjm48YusosBGq0mzqd/EhNzcFD4PSkjOAH6S95jIG3BCn8XPuhf9/SBbN/LArJXNNEeeRr4iECwYfukSNAtg+8ZinteaZWQSI2Pyp9TaGF5UdCeMIWOtatbqJCBPHFT39dzp2B0IETPQA/KI+KZY5+p65P6IAU01yBzmg8YKWNeHbKef66f+
fi9s4s2hw2CGmFZybB3YMfacgV+7JWylPTRDhdrMSOWVDepnPXHHCpt+oybhqmxuM+RuCTJrJEWVz0HRp0nFi907B18Z55vfSysTtXCvc0r6K9OA8KZXlcpdMnPZG/kEBzMvep/4ApfpPLVPmLjM3R2veuztlH1uuoXpOirge74WT0q6VZfFNfmLSA73dOCQrDLC/rahGAkFS4Pw+yU32ssyPvym4kVAd+BAU/3GJqIA3q3S8+y1qezNC4M4jZgeQIXXtJQLlGHj1TUvq4tvoe5ch7rA0lAMG4MsDNfZJKLKJmfgKwqBuNJIW/5OlJuwntiTD6A5Nv9OvOW1+eSoLWKZA2LzEC+Twuo53sdWeB4lHumqld1Cg15xvrOgMMGKjbWsmLRwQ2vfhw+OwBoERmLR6tJalvYQexZ4cdSkJ7dzRFeHydZzVd4uvJ/JMl+MWqBCSvjONqve+nvKH2AaLCsk5d7mlQtQS3qK0poSLPVQf0O3fsDiJixBLL7Tk+Qb5GPI64emqxAkljbSY2zidmIW4ZdhntQkz4j6crOhlJXj1afE
LVKMYa0LCn5o2uDt9m83A0UPYaPd1bDIaeVfZEKL2gt9DMN9WDq54gOpfqZ7zgltzaYZG0KxJHdXKCNtNdL5zfAAqikwpyc=
I3KphKlC6S6o8Dhr45N+nbPC14CN2p4DENvasrVJs5c2Va7+fsnR4uGkV7zvmNMnZdY2JqKI3NBe4QIMy5hrTgLW54JlfCJrA3o3LBogTlxU73y54zUansosMHdcLGd9PCHoBQgJAxjjehiA5mD34lqsjRGB1cUAPO6T/sqgRw8M76/zp+Y=
4nvpmklvvnKlyIsmq6clgMkDm2ZLk2oW/q4rCj+FuJ/EQkkVF478n89/h/WqvEstLYD4GyBPT+TBSYJ6Y1aBQczigd4zib9uu2/YEX6DdSDRCQ8Cg0lCaGgdKqc9
BUDtREb7h+itw8WJriAClBzaCKY+1/g90bx0KqmKvQEyF07W24WFGhY3pdtlVcgYoYVHVCpLcpuFrIuNQDqhkssJBjbTjuFd1UZRS7oxnKcfCDsdHRKRXUhgYhkopz8=
GOMvJKcpUWEnqclkpwXJ9TXpJ4MP5dkn5rx0KqmKvQEyF07W24WFGhY3pdtlVcgYoYVHVCpLcpuFrIuNQDqhkssJBjbTjuFd1UZRS7oxnKcfCDsdHRKRXUhgYhkopz8=
fJ+x4zUIMgsXizCjG0AK0fPGpB74sXgirYq5CT4HUs6/pWEiagdpkyGVDFDtdfssjqvWAxk8BwXEuiUaR5marnfuRaVpNp2D/nFYb1M4xyV5MnVFVHBuESynOw==
RuSmweU4Qm1ArCBS7jTlfGlQ+nOiUBFXUVbMIWexH8Gx71zakYqF8Rp3FgYTxc2q7pfNS/3VUIgJZf8kYou6y92MY704Olmioyne5pvOKa1tJvnbIrEEN/eoQ63V0tkNkIBKaRCnBw==
4cp4GmB80kd4rDWvw+hw5fCPIV6ptDoKvAqOEe3OGgGBGRxSSsSz3bMrSEgNBJChyxi9zoUBWv5RknpJc4OhgqCGm1taeECETcPIYOZAt0LazM0xgfUF4LxOU97KwAdvjE9vE6cG
2Ib9jc4DAwhrTFTL3ICIhV1CptHn0QtegbUwXyd8fgOvGO0eOBkDTwAJn7GShi5NvISudHFNWInwevo4Bd5wg43lgalvRxm5kLkrMA3SwX5PqjRMb9OpsYmuW5HZpaXQZCc/aZ+SwYQLKPJacjOcmOGeGd50ZH0d2rDMPj5ocBE3J5+mE44h3RVGkct6MVwn3wj7nd0SUd2IYKKZ6Kf/
RP1lzk/us+ZnG1VBGdLB12QzkgzGpN3m+/+XeEcm1pvJg0goe+3CEeGE+lLAaw7e0KfTTC52AuM7gd5WdHtWqtJu9iqTlAKOke9hb5FmNNw/cDqKQ1l0bRMtpzw=
9xewcFEczVfI8RdzAn93PEYRMosOV8bNaSvqVF9/ptIvj5Xms47BHTXG8YvaMbzn/4ib3X0SsR2o4MLZSKdf
9xewcFEczVfI8RdzAn93PEYRMosOV8bNaSvqVF9/ptIvj5Xms47BHTXG8YvaMbzn/4ib3X0SsR2o4MLZSKdf
npNG4f+lJ6IE/pBemMvkBpcDo+BUVOsLXn8pbng757XlFSWhFGWIZ8XwAXyj8vcCPwwxKtMYk8+DlLk9habdoObpS9JyFy9uv4yYRlMwyr74rfuN3fcoO1EvUvByuGXzmA98gFgBsKrMvNrSCcpbSTxA0zsemhaGK9AS8vh9IWRIgsQAN0Sa5jtdJNG7+afw
f/Y2cw9ENbdr91zdhtRJzpo1L/jD5Yo8PyioWR5qEWlGf8Kl3npP6HM1PuWOhOw0OiPsGIpuPcYf98/CghcnQdHrPloGzMCbp8UuQZVMszJ/AvFSijDRIxfNN1bl7WclG6za34EVIWJ/+LXQTCbM0yLkX2anosqUw2FkSHJCgKhObQnfodotfh+hK76vtkLRZVrh8MXh4+JvobaYnOXWp8E=
I+ACvdrxxAPgQoOWWh5C07xvcTwbbTMJJZBETd672F4JI7Z6aLjZ5UaSKR5bmbdOQz5mkQFSTUDZGSfC6/nKCLAtMqcl
4oImKHLCAS/XHLVf5L6C39Gm2ZWQpV2KzkhFrrV5nNeMyQt2W+Ey5EaE33YKuESTwdYMlGz6OxrqxO/bHLsnN6ci
12Aodq1boMKbJaz+N7q/rWIaPKz68U6+s7uPQiaMhHKxbcWgqfs1rTwRZRjZ5zSsguoQLFbe14n3HK5p6Gcw0Q/T7x7lXh+0f9cUWI0+AVsCqKz/BsGiSN1OhiP4ciroO3jtYmpFpRFK3ODM/ILsJIEoY+gZQahdz5QRGuc5HRw6UEK6mF52u/5K+3o/cNq8y1TlrgYFy0BrygpiugJsZTCPQ0ceUKI2DPGsDvODJIsEE8ibZzZrAAQmtmJDfKLmCefhZAAOlDTvOHrCk7FUBQOlp7Q=
LUfi5YQA3UEMEUoxfJMlYyQc5e7WOA7n1CvdZh96oTD1rV0HTEuyNZGP4O8VwDn26xXbBZYN1aKIA98Ke325pBWB//mP/MFA955jISRKeTAZoQ6urP0CP6pCIViW0exc0vIXns1AjhuN+xbqEJ7ITLQeTW4jKl3/YBdzQkGoM1elxlb2otg8wB4RYjxL6Ev+QsZH0mUsgntDyhdcmhAurBT/nOnj5XqOClzQR9zcR838MUjVCNmjCCPKOHBmUBeSmrzlwYGGJBB8HvPOStBnv0z/D6Ontg==
wEgdH03QyqL4yMAfAMykODK9RxRvrFaG7XR3n9Pu9lu9kKUG6whEXXGKfr2hohbG2HpYcOSbcXgtV75M2hDRnC+OaB+PV82LCelYrMEHtZ3ejC8sfoRCJsVb0Q6qYsmmfYXvfdP4thGMvHN4NVYpEIEvz8NJ+yIMsKkr+XNd4nGp5Cfya+qNosYohYOj9TsGeYWTJe/ERo+NLZXCK+D5IDDO2BO2TGNWazoe9DcZ6BhuajQo+kUVDy0iWZ5LOWeOkxfQkXUyHYAJ+TdC25m6SAANoqe1
VSjgpr4/mCWNmEpEwOcD8jK9RxRvrFaG7XR3n9Pu9lu9kKUG6whEW3GKfr2nohbG2HpYcOSbcXgtV75M9gfRlTOAfx+PV82LCelYrMEHtZ3ejC8sfoRCJsVb0Q6qYsmmfYXvfdP4thGMvHN4NVYpEIEvz8NJ+yIMsKkr+XNd4nGp5Cfya+qNosYohYOj9TsGeYWTJe/ERo+NLZXCK+D5IDDO2BO2TGNWazoe9DcZ6BhuajQo+kUVDy0iWZ5LOWeOkxfQkXUyHYAJ+TdC25m6SAANoqe1
p1PP3I8NELC2E1wBse2BmMp5w0uvgp1AvhFly8VFMkhl9kf4bu/2+uMl4j5CfAPdmFGlvY8ZYDxM6uN7mtG1MQveH2EIP20z92MT3aq88/OvlSSILSx8gLgu36/jHlhW005H4Q1dsRyMeVaIAagHIvPY++sNg4s/WMRq3ZkpAek4GRMARVKJjjdKXJx3ExEBoY6DARGlbUC8BxfZJ1LZVGPIiqo6s9So2T6xjmwkhW0y0BSu9mg4gW/H91ZrTjkNveap87Kxl1YnaBPNxVLpbaBA+gmgp7c=
KyXY7lEO0qezr983SOhOozK9RxRvrFaG7XR3n9Pu9lu9kKUG6whEW3GKfr2nohbG2HpYcOSbcXgtV75M2hDRgjKPYh+PV82LCelYrMEHtZ3ejC8sfoRCJsVb0Q6qYsmmfYXvfdP4thGMvHN4NVYpEIEvz8NJ+yIMsKkr+XNd4nGp5Cfya+qNosYohYOj9TsGeYWTJe/ERo+NLZXCK+D5IDDO2BO2TGNWazoe9DcZ6BhuajQo+kUVDy0iWZ5LOWeOkxfQkXUyHYAJ+TdC25m6SAANoqe1
THZptfmtGezpqeHd8kfg78p5w0uvgp1AvhFly8VFMkhl9kf4bu/2/OMl4j5EfAPdmFGlvY8ZYDxM6uN7i9e3JA/KH2EIP20z92MT3aq88/OvlSSILSx8gLgu36/jHlhW005H4Q1dsRyMeVaIAagHIvPY++sNg4s/WMRq3ZkpAek4GRMARVKJjjdKXJx3ExEBoY6DARGlbUC8BxfZJ1LZVGPIiqo6s9So2T6xjmwkhW0y0BSu9mg4gW/H91ZrTjkNveap87Kxl1YnaBPNxVLpbaBA+gmgp7c=
ehlPucAF84U+PCwiKrwwn2IaPKz68U6+s7uPQiaMhHKxbcWgqfs1qy1JPQjP7GDzhekFBRC9kMvgRLkp7FU3xxrO7x7lXh+0f9cUWI0+AVsCqKz/BsGiSN1OhiP4ciroO3jtYmpFpRFK3ODM/ILsJIEoY+gZQahdz5QRGuc5HRw6UEK6mF52u/5K+3o/cNq8y1TlrgYFy0BrygpiugJsZTCPQ0ceUKI2DPGsDvODJIsEE8ibZzZrAAQmtmJDfKLmCefhZAAOlDTvOHrCk7FUBQOlp7Q=
EohB7rlSkLGPgNbNCi9nuGIaPKz68U6+s7uPQiaMhHKxbcWgqfs1qy1JPQjP7GDzhekFBRC9kMvgRLkp5UY92hrM7x7lXh+0f9cUWI0+AVsCqKz/BsGiSN1OhiP4ciroO3jtYmpFpRFK3ODM/ILsJIEoY+gZQahdz5QRGuc5HRw6UEK6mF52u/5K+3o/cNq8y1TlrgYFy0BrygpiugJsZTCPQ0ceUKI2DPGsDvODJIsEE8ibZzZrAAQmtmJDfKLmCefhZAAOlDTvOHrCk7FUBQOlp7Q=
/1Xttr8cBF3b+ffc7C2X8nwS0hp1dOectEMWv/ZG1hJlATAVrCRTFO4Hvuk3qjhJITOmmU6wBepR21luOzJMuhn+a8ShQ7myT7CZjMfyuw1EZmFcKa0WoqzxGjOaLjl09v00MOI+T9INDNbXPZfORnAyUCAEktXio6bFc9B76+4hBOs7FQoOumKUZAwufboQK8RTknLKX95lIJp3c6YPcPo89sAkM8SlI6kiQrowCOu8cN+hTL3QWYhVO4STpqDcBvzP/ipwvY1BynzcTHIr4ir8f9N88xevp7o=
AG7UGZqEJUfu7Y2GGA7CQR4599h9RI+9Xts7Pm4gNoIEeCOl7H827rn+JG1wSuEex27VBTn2zaIJcWuOA/gXRemyBaXkMJ4xPKcr
I+3QGSWJL32lq8gwCPh8gn9+ycktmnpqTnBqfUz3yalDERI1mcvLkHDFQ/lLvqTF5GekC2Aed6/Dr2AOHlGnqz7gCLimGGeqeqR8zgGOtAgcJgMGCphXR2xnHyunPg==
mBGl9qEnquwTRWiQ+G40CyNyl8ozjeGf4PMqOGA9aHYx02YAvrTc0P8joKR+M6G/oFc2QlDLlee3lOSwjaT8lo3ZQJf7Viailn2lrbq2BzdjV7AmHnlkXJpieBBm8FeyGpysJoHm5DD8PjNuSjCn38wfTwOnFg==
jhroLtwOIUQjMYTwNhTztm7M3/tUUKah1AQzH2GEy79piTIkLrSwchmBjpdk2mO+/sotppm6ff4vgbt+X1aT0bH60bBVgZNiP4EGWIwFJqcx
laviJk5ZIzSYxz1zNMUC3xAgWMWSm/eGOvBCaljYnw14D8J2NX6o9QS6dbZ7zgltzaYZEkOxJXZXKCNtNdL5zfAAqikwpyc=
ROEyuHPy6yyotl71G0pndnoBue9EE+bxVMt0c3R1GLNKYiOl7H827rn+JH5/Tvsex27VBTn2zaoPcWmOA/gXRemyBaXkMJ4xPKcr
CJTu2EkPHhnfwP2L/2/XNhEgWMWSm/eGOvBCaljYnw14D8J2NX6o9QS6dbZ7zgltzaYZHkKxJXZXKCNtNdL5zfAAqikwpyc=
5t0ZwLDQLlDg/gJ0MZLRbnoBue9EE+bxVMt0c3R0GLNKYiOl7H827rn+JH5/Tvsex27VBTn2zaYOcWmOA/gXRemyBaXkMJ4xPKcr
Vscfwj5M7E9yXZL0m33CvUp6IHCJwnvYyhLOpIQfjxicQgTs+f/WjZGNwLvvExdoICMRhMD2CK5w6Vtu3KZPSj0LRjxB7McrnOjCahXFQFHnbvVF2XatYulxSU6jeLeFibLl5YSwPnEcpws=
KZwW62EaNmkniFC85FuK0Ep6IHCJwnvYyhLOpIQfjxicQgTs+P/WjZGNwLjvExdoICMRhMD2CK5w6Vtu3KZPSj0LRjxB7McrnOjCahXFQFHnbvVF2XatZelxSU6jeLeFibLl5YSwPnEcpws=
BMo6p/zi/3TIyLmBftN/0EUz14VrNhDOKRG4u92SyPhAblLI9ekaJ/Ai/z5iobYSF1IRXoPpTy7rj+oRgaIl4GGp/4ITqRIomD06py0=
YfO2Mjz6EV7WTa/+GI8Gy+yBbQs7gIy+DlFKza/0ZSbikV0gIUv8T+AM1JK9GXIH6FLnPnpCoTblItmeyznnjhMfUpH5Mp2Aifm3QluZOkiADSKnNQ==
iGP8qVxBoYk7gLOTWehRnUUz14VrNhDOKRG4u92SyPhAblLI9ekaJ/Ai/z5iobYSF1IRXoPpTy7ri+oRgaIl4GGp/4ITqRIomD06py0=
rwql4yfuLL91p4HBTkLxX2npy0S+pigQJJzvuGl2OGGmypF//y8Ratq65IhcVkYowbHmd1zKa772yRrCa4olPpfRU97Hox5RNUpJUP3RayJncS54dBUupzk=
2N4wDURwO5B0+ZFeB2Gczdb4pfPy9ct2f2mV4LpvZgLSjOaDJ86wnMF7y2GSX2ooi42rcbREXpf49uJUbAJWjvso8trNIaEkWLpk6MdcWm5rJUR5CyGnOA==
1mgt33Mr13AA9gmxRIDKKkUz14VrNhDOKRG4u92SyPhAblLI9ekaJ/Ai/z5iobYSF1IRXoPpTy7riuoRgaIl4GGp/4ITqRIomD06py0=
LNNFh9rYJiM44MDGX0PsI2nqy0S+pigQJJzvuGl2OGGmypF//y8Ratq65IhcVkYowbHmd1zKa772yRrCa4olPpfRU97Hoh5RNUpJUP3RayJncS54dBUupzk=
X8ZYCJ9mp+38KoDqLnyLCtb4pfPy9ct2f2mV4LpvZgLSjOWDJ86wnMF7y2GSX2ooi42rcbREXpf49uJUbAJWjvso8trMIaEkWLpk6MdcWm5rJUR5CyGnOA==
1mgt33Mr13AA9gmxRIDKKkUz14VrNhDOKRG4u92SyPhAblLI9ekaJ/Ai/z5iobYSF1IRXoPpTy7riuoRgaIl4GGp/4ITqRIomD06py0=
0y8PubNNV17SSRsJKbk94mnry0S+pigQJJzvuGl2OGGmypF//y8Ratq65IhcVkYowbHmd1zKa772yRrCa4olPpfRU97Hoh5RNUpJUP3RayJncS54dBUupzk=
mWPverSPAXjzE+jk6mwjMdb4pfPy9ct2f2mV4LpvZgLSjOSDJ86wnMF7y2GSX2ooi42rcbREXpf49uJUbAJWjvso8trMIaEkWLpk6MdcWm5rJUR5CyGnOA==
TUUAB5qPiqoAQeFqexWejtHmzPP459BlXiz8rLB/KV+AyrPCYc66q4g33GmgEXAoi42rcbREXpfr+eZObAJWjvso8trBIqEkWLpk6MdcWm5rJUR5CyGnOA==
+4IqpIEGG31suP5AyBOTe0YCvyXYu9z8+f3cRAQ6y9jO1QF7aPbDFrmC+m/Aawzd2L2QTCNxG+UsyN4TY2V2utRu9iqTlAKOlu9hYJBmNNw/cDqKQ1l0bRMtpzw=
DK3I9cwye0E+Pb9/TNYJbkYVoynYu9z8+f3cRAQ6y9jO1gF7aPbDFrmC+m/Aawzd2L2QTCNxG+UsyN4TY2V2utRu9iqTlAKOkuhhYJBmNNw/cDqKQ1l0bRMtpzw=
HCx6nCAqDbS7WTuH0pJgR+ApqF5hkmAAubc6HAXG+Y+FCBtJQpK9j8Nn1aqe8hg4MI7iSGVJSufAQu8+ckGGUsfygd4zib9uu2/eEXGCdSDRCQ8Cg0lCaGgdKqc9
oDl7TEp4iW64beBJJR9GHJcDo+BUVOsLXn8pbng757XlFSWhFGWIZ8XwAXyj8vcCPwwxKtMYk8+DlLk9habdoObpS9JyFy9uv4yYRlMwyr74rfuN3fcoO1EvUvByuGXzmA98gFgBsKrMvNrSCcpbSTxA0zsemhaGK9AS8vh9IWRNgsUAN0Sa5jtdJNG7+afw
ig4uVe/K8cr1jFYao+nZA5o1L/jD5Yo8PyioWR5qEWlGf8Kl3npP6HM1PuWOhOw0OiPsGIpuPcYf98/CghcnQdHrPloGzMCbp8UuQZVMszJ/AvFSijDRIxfNN1bl7WclG6za34EVIWJ/+LXQTCbM0yLkX2anosqUw2FkSHJCgKhObQnfodotfh+hK76vtkLRZV/h8cXh4+JvobaYnOXWp8E=
8JNekZwrT7nroo8rJSbSwbxvcTwbbTMJJZBETd672F4JI7Z6aLjZ5UaSKR5bmbdOQz5mkQFXTUHZGSfC6/nKCLAtMqcl
NNIPw58xHQDA+bNGBiRdOdGm2ZWQpV2KzkhFrrV5nNeMyQt2W+Ey5EaE33YKuESTwdYJlG36OxrqxO/bHLsnN6ci
vN6/xqA/O+S9rn3XX/h1g4LKJzMlI3dizSsmQyDenwi6g1gAbmfnWW4d36xNDziyq4eJSxFzbRUfOywXefDBF8wWW+bffSDO256joer0qLx5pcg9dCjZM0vGtgKDnCLGwEDhxsUuFdQvWHoi09HUJUMFpxQ=
RxWBvUAhh9GlJuojQkxf8r4sbI5KS53R0jSQ3+GGkv5h1QXvw7vSI7wzRbrrI7erbDFQDRtYLD5VxdXV2bHs6zK1WwfXDY7UE+2x+9iA35SZl0IoHFZLvV5t+Z7reYcO89k3kdf3PQEpOVdCO9nayCBNAqcV
BbFoc5qd9Sf0bhYhbLZ3Z74sbI5KS57R0jSQ3+GGkv5h1QXvw7vSI7wzRbrrI7erbDFQDRtYLD5VxdXV2bHs6zKiRwvXDY7UE+2x+9iA35SZl0IoHFZLvV5t+Z7reYcO8902kdf3PQEpOVdCO9nayCBNAqcV
PzeEuxZFwmPzJQhRqxEgvXYhz4R25fLDoKoqKGwmf2o2/1ZTrZeLj8dg7qFsBO699EdjVVzTgsb/js6tirDY37PkcrP6BDujiGSH6NPzXjpwRrVjCH8wVpF5dxBm8FeyGpyqJ4Hk4TD9PjNuSjCn38wfTwOnFg==
xeA1yis7L1AkB2GGzpxFymmfOwgwaXQd8zQbKAVt2p+/YSpaEh6mhhZshQqdtwm3lMG3eU/ZZ4Cf36ZdRAV7bmQhbtnWSFMw21SfUwInIavBuWa679bsnTA4dGBGHozNosdZav6dAjWleqUoZkJP4ujflx0xOnocE+3sxitO+Y195ml/8rHb02dpU00FUintYEC6ieCn9w==
WcgCdOmYeJqaknfwMaBGxSi6jb4X67LEDTPrfxbYpvm+PItoV1LCUne2vp/2Cv4YBl8CFD+kgJWEe8KPdRSlgP4UaOdWcBDaXBXbiNXK+DP1AQNPRNKcuAJLxfE0Ka+I4ZLthku60AQzMxU5bR4fSfWliQggl9vhI3KdzO849qJec3AgZQ69lqhEARX+wAjmUuicSXPXu67vrn0VsdYVdxbxf1vbGZ9VAXLtVezQZsHEp9M=
fxTZJ6KAo8pi9aRuIqTrTE1uwV6nxzrjxk0HdqZzbDi+Lo598JLeFTFn/mmim9+BkrYoDwcx4zkR1LDCalOku5GPzE8YGd0QxiSez+mI4SBprb6zihez3s81LaiC7IKekHKmL2YWG37XPCrIMyjlys5pWxSz1iomEo7cUQizA+OW/PIiFC3MiptPVH9870h/L9p71Fy6FqZrcJJSvVshTA0iRaB3ZJrGe/2kcfvZp9A=
ybWXqJoulCyfooO8qXFtCrKCInrOHJPBDkP0tMITeKsWNefeFuvssC6WLhUAyh7dYZ+eQZKD34mCjgjnd+mjccGsUGrayyQzATdsJ+hBHdiW3P7n2ZDhKHmVnlv6z/OWH03NADJ0AhYAygZHlk7btofESuADMOXC3lF7/MMOam7C9jz5uCuDawZEUkrkdQxCy7c0V0z3SHc/4ls8LGJW7rsIcvoNw6HEnZrlyIc8Wg4rBcRZy8Gn2A==
6fpuyqbaL/WM4RC3bSIdXXtdZ/DfKwBoFiMDgYUBhsAOmSJjP7TqhQySCrAGD2w0bs91qaZLjo3fi4aIAN1797ODtbpIQOblBFHlUYR9xH8tCsIqhi2FXqFqvdNWITaRIySrm5XqTppitKRsrt16MCskE3Lyap++ZUBa1/NGT5D6HDZgpFMEhSOJYqI6kEjLvBAfwcwdkLmItXskE8ZgvAbcj16qkPGtQea5vM3S68IqHD8z/FPXz6fa
e7NpwyywS+HEiNvEoZ2TVBg2FbGaGH2F6dGSu19Meg2MGprI5lfc/C4HBXGGc56F34OWsCAFCz/zSwXiqDh2bYTZdankpXQ37UIycqYVlVahYq3rdnnG2eNsG0P1Et4S4jw0FE6Fyvhr7GOq0lKPtmVISu/Tnj9YutSGOEQrlA2jAfJaWkj4g3xY75nsJYCxiL1rHDOekPTGlD+GymhhJcFuKcQtilsKatRP69xrx8en0g==
QL6zDAVk6WSpD1ExWL34TmOzh7lH/7ffFCW4OAzDsey+PItoV1LCUne2vp/2Cv4YBl8CFD+kgJWEe8KPdRSlgP4UaOdWcBDaXBXbiNXK+DP1AQNPRNKcuAJLxfE0Ka+I4ZLthku60AQzMxU5bR4fSfWliQggl9vhI3KdzO849qJec3AgZQ69lqhEARX+wAjmUuicSXPXu67vrn0VsdYVdxbxf1vbGZ9VAXLtVezQZsHEp9M=
J9rzAmEPYtle9tzTp6bQyBg2CL2cCmaM2dGSu19Meg2MGprI5lfc/C4HBXGGc56F34OWsCAFCz/zSwXiqDh2bYTZdankpXQ37UIycqYVlVahYq3rdnnG2eNsG0P1Et4S4jw0FE6Fyvhr7GOq0lKPtmVISu/Tnj9YutSGOEQrlA2jAfJaWkj4g3xY75nsJYCxiL1rHDOekPTGlD+GymhhJcFuKcQtilsKatRP69xrx8en0g==
SMZBfqW1WMts9HfN0Yv/USLkZqEZJovzTpNWZ8fZeRxusvrP/kkXis6nLHRmSn7heCZ++UmjrlWKj9+NipIY00/Fg5WpUCC+ggdkd8lrvFMQLf18PmBOc0EcYazxCQ7vQmNT8vcxPVTqOMLSSBZWs+6iu5Kv+Hr0GzzlxtZNa8j7IkqKqgpMLeDnwy/OGII+HBns5mMLhMPUe8jzt37LiJTO9opTdIKu1Y9hANVGtTz/0DoqAzn0TdPNp9w=
QGgXcWHiVRCLu0Xc3YQFKH2/iM7ZrNIYCOQJJ2l1es+P+DLJzN7S/DYjNNgOI22FlkeWgd+HnoQw8WMb02/tlngMPqnEHT0dNNGck03mWoY2oR3SIeYlX+aNrn1DyPM3JaaW1qL4fCCe8SLcS8gLXsJmh7JlTELbw2pXfJrwbkyUH9zJ48W67oo8ECfc/IdtfJEINQg546ijavhQZjDX8hrcKeGBqmHw/f6zLkrwJx/MX8/Dp9Y=
KVfh9GlXPajisuVgDxFF3ny2ldnfr5sKWOoVLWw0ToGD4jrczN7S/DYjNNgOI22FlkeWgd+HnoQw8WMb02/tlngMPqnEHT0dNNGck03mWoY2oR3SIeYlX+aNrn1DyPM3JaaW1qL4fCCe8SLcS8gLXsJmh7JlTELbw2pXfJrwbkyUH9zJ48W67oo8ECfc/IdtfJEINQg546ijavhQZjDX8hrcKeGBqmHw/f6zLkrwJx/MX8/Dp9Y=
J6qrQFutw+ZA2HP/ZzLkyJdW/wLJQ/Agt/t9Y47JX//n+zo6kycYSx8ubbVhFqVXhvHvO6tZzzUR8t313BC2ITSnIw==
7+B88JT5XC+MKLTDNppB11fdnnpul4RU+OeacarC4VOETvYKU/SCLtUPYYDVxrW8/1A6qgO59M3TTadc
v7ugLCWKM4mXmrr9RqpbwKr2Cve4nUup3QF9VxNGBT53kbNeZ+M8UVWPKdFdkUsihzGO+NTVTqdZ
yRy4wAegb+nVduTOL5Db9zbLddHaATKz2Kf6/4FVnnub7IV07f+poRBvJ3k9MVW9HJGoS73H0YALZneOp+iBdpsscyO7kKkBbQGd7L5NyE76Y4/CRzvIOnskyrLgustRFUNIJOmrwkwan6U/QCsMnFD1kIa0+AouoV7bxaSkY2dWrvZqE9QCzhCpYSgUJjWcvzA6SsOZdK2T7af8
dBuD3tMBDKnZmMvGf2IKZ5o1L/jD5Yo8PyioWR5qEWlGf8Kl3npP6HM1PuWOhOw0OiPsGIpuPcYf98/CghcnQdHrPloGzMCbp8UuQZVMszJ/AvFSijDRIxfNN1bl7WclG6za34EVIWJ/+LXQTCbM0yLkX2anosqUw2FkSHJCgKhObQnfodotfh+hK76vtkLRZV7h8cXh4+JvobaYnOXWp8E=
OvwGLZsL0hk/PBV6Qipro7xvcTwbbTMJJZBETd672F4JI7Z6aLjZ5UaSKR5bmbdOQz5mkQFWTUHZGSfC6/nKCLAtMqcl
GMksE8MzDfYzQmYjXJMxDtGm2ZWQpV2KzkhFrrV5nNeMyQt2W+Ey5EaE33YKuESTwdYIlG36OxrqxO/bHLsnN6ci
98kuYTYX/lUbYtwN9tD36WmfOwgwaXQd8zQbKAVt2p+/YSpaEh6mhhZshQqdtwm3lMG3eU/ZZ4Cf36ZdRAV7bmQhbtnWSFMw21SfUwInIavBuWa679bsnTA4dGBGHozNosdZav6dAjWleqUoZkJP4ujflx0xOnocE+3sxitO+Y195ml78rHS0mdpU00FUintYEC6ieCn9w==
aX+KikfWAbhj3AeSYvNP0Si6jb4X67LEDTPrfxbYpvm+PItoV1LCUne2vp/2Cv4YBl8CFD+kgJWEe8KPdRSlgP4UaOdWcBDaXBXbiNXK+DP1AQNPRNKcuAJLxfE0Ka+I4ZLthku60AQzMxU5bR4fSfWliQggl9vhI3KdzO849qJec3AgZQ69lqhEARX+wAjmUuicSXPXu67vrn0VsdYVcxbxdlrbGZ9VAXLtVezQZsHEp9M=
e1dpAd33fgEv28+v/pUNLk1uwV6nxzrjxk0HdqZzbDi+Lo598JLeFTFn/mmim9+BkrYoDwcx4zkR1LDCalOku5GPzE8YGd0QxiSez+mI4SBprb6zihez3s81LaiC7IKekHKmL2YWG37XPCrIMyjlys5pWxSz1iomEo7cUQizA+OW/PIiFC3MiptPVH9870h/L9p71Fy6FqZrcJJSuVshRQwiRaB3ZJrGe/2kcfvZp9A=
ZvdG8Z8mb8d91Y6zU6QaQLKCInrOHJPBDkP0tMITeKsWNefeFuvssC6WLhUAyh7dYZ+eQZKD34mCjgjnd+mjccGsUGrayyQzATdsJ+hBHdiW3P7n2ZDhKHmVnlv6z/OWH03NADJ0AhYAygZHlk7btofESuADMOXC3lF7/MMOam7C9jz5uCuDawZEUkrkdQxCy7c0V0z3SHc/4ls8LGJW7rsIcvoJw6HNnJrlyIc8Wg4rBcRZy8Gn2A==
otSNJeclYIgdNrlvxa3Z93tdZ/DfKwBoFiMDgYUBhsAOmSJjP7TqhQySCrAGD2w0bs91qaZLjo3fi4aIAN1797ODtbpIQOblBFHlUYR9xH8tCsIqhi2FXqFqvdNWITaRIySrm5XqTppitKRsrt16MCskE3Lyap++ZUBa1/NGT5D6HDZgpFMEhSOJYqI6kEjLvBAfwcwdkLmItXskE8ZgvAbcj16qkPWtQe+4vM3S68IqHD8z/FPXz6fa
Xtekdqi2Y3Illgr4LwRXWRg2FbGaGH2F6dGSu19Meg2MGprI5lfc/C4HBXGGc56F34OWsCAFCz/zSwXiqDh2bYTZdankpXQ37UIycqYVlVahYq3rdnnG2eNsG0P1Et4S4jw0FE6Fyvhr7GOq0lKPtmVISu/Tnj9YutSGOEQrlA2jAfJaWkj4g3xY75nsJYCxiL1rHDOekPTGlD+GymhlJcFnKMQtilsKatRP69xrx8en0g==
JJbQIc1UsJWOfSkJjGH1BmOzh7lH/7ffFCW4OAzDsey+PItoV1LCUne2vp/2Cv4YBl8CFD+kgJWEe8KPdRSlgP4UaOdWcBDaXBXbiNXK+DP1AQNPRNKcuAJLxfE0Ka+I4ZLthku60AQzMxU5bR4fSfWliQggl9vhI3KdzO849qJec3AgZQ69lqhEARX+wAjmUuicSXPXu67vrn0VsdYVcxbxdlrbGZ9VAXLtVezQZsHEp9M=
4hW4gzAr66ag+kM0xoJejBg2CL2cCmaM2dGSu19Meg2MGprI5lfc/C4HBXGGc56F34OWsCAFCz/zSwXiqDh2bYTZdankpXQ37UIycqYVlVahYq3rdnnG2eNsG0P1Et4S4jw0FE6Fyvhr7GOq0lKPtmVISu/Tnj9YutSGOEQrlA2jAfJaWkj4g3xY75nsJYCxiL1rHDOekPTGlD+GymhlJcFnKMQtilsKatRP69xrx8en0g==
o98i3I60O2Xyp68f2lc2iyLkZqEZJovzTpNWZ8fZeRxusvrP/kkXis6nLHRmSn7heCZ++UmjrlWKj9+NipIY00/Fg5WpUCC+ggdkd8lrvFMQLf18PmBOc0EcYazxCQ7vQmNT8vcxPVTqOMLSSBZWs+6iu5Kv+Hr0GzzlxtZNa8j7IkqKqgpMLeDnwy/OGII+HBns5mMLhMPUe8jzt37LiJTO9opTdIKu0Y9hCdRGtTz/0DoqAzn0TdPNp9w=
tO2x0qVTZ2ijFZFlg+TbHH2/iM7ZrNIYCOQJJ2l1es+P+DLJzN7S/DYjNNgOI22FlkeWgd+HnoQw8WMb02/tlngMPqnEHT0dNNGck03mWoY2oR3SIeYlX+aNrn1DyPM3JaaW1qL4fCCe8SLcS8gLXsJmh7JlTELbw2pXfJrwbkyUH9zJ48W67oo8ECfc/IdtfJEINQg546ijavhQZjDX8hrcLeGBo2Dw/f6zLkrwJx/MX8/Dp9Y=
YeMYPFdIrxytrM0pr7cup3y2ldnfr5sKWOoVLWw0ToGD4jrczN7S/DYjNNgOI22FlkeWgd+HnoQw8WMb02/tlngMPqnEHT0dNNGck03mWoY2oR3SIeYlX+aNrn1DyPM3JaaW1qL4fCCe8SLcS8gLXsJmh7JlTELbw2pXfJrwbkyUH9zJ48W67oo8ECfc/IdtfJEINQg546ijavhQZjDX8hrcLeGBo2Dw/f6zLkrwJx/MX8/Dp9Y=
pFQ+8DN03IS5C4nIw5uyHFfdnnpul4RU+OeacarC4VOETvYKU/SCLtEPYYnUxrW8/1A6qgO59M3TTadc
Mbo7ZFFXdSm4oJPuhOzcm6r2Cve4nUup3QF9VxNGBT53kbNeZ+c8UVyOKdFdkUsihzGO+NTVTqdZ
fryitWQ6j24cElpiHO7KsZdW/wLJQ/Agt/t9Y47JX//n+zo6kycYSx8ubbVhFqVThvHmOqtZzzUR8t313BC2ITSnIw==
7F2f3ePvdI+NOnhvA0tUF7xvcTwbbTMJJZBETd672F4JI7Z6aLjZ5UaSKR5bmbdOQz9gkQBWTUHZGSfC6/nKCLAtMqcl
VMNSnokquhRm0bDfUl6Bb9Gm2ZWQpV2KzkhFrrV5nNeMyQt2W+Ey5EaE33YKuEWVwdcIlG36OxrqxO/bHLsnN6ci
pFQ+8DN03IS5C4nIw5uyHFfdnnpul4RU+OeacarC4VOETvYKU/SCLtEPYYnUxrW8/1A6qgO59M3TTadc
Mbo7ZFFXdSm4oJPuhOzcm6r2Cve4nUup3QF9VxNGBT53kbNeZ+c8UVyOKdFdkUsihzGO+NTVTqdZ
culTtekxv9qGP0c1cI2vQLJjNC3i6qXt4IO5N+QSTEB9KOMfJGimIKBsa27Xj6j9q8EEQ/CmAaUI/3KPGglsGbO9Z8UDv3Spa1jmNbPaJHAf1waTQtk9vYG2+42vwGtOajUFkuWFXP6UD8HxWvb5gnVstovZ0A6GQ0wqMYpA4eFt11Xl2IRz8ngCMKwiJOL30MtJBXPanwPP6LcMPsbS1K1iG86QGbkA/vBcAA1IZ3o9K2BDu+mcayBs/HuXzqD9vAPPOyUlr413s/JC5+AUBBhO101cpjN/XBA2mOda37zpGj7mCzSK0sNiQoazFbQvPv1CstVf3YKQ317nw5hHZodxboSpVEPQ4Iy5gAlwwYuKQRI/TpnEFjm48YusosBGq0mzqd/EhNzcFD4PSkjOAH6S95jIG3BCn8XPuhf9/SBbN/LArJXNNEeeRr4iECwYfukSNAtg+8ZinteaZWQSI2Pyp9TaGF5UdCeMIWOtatbqJCBPHFT39dzp2B0IETPQA/KI+KZY5+p65PyJAUswyB3mg8YKWNeHbKef66f+
y29EynfsbBAT0+th/96wBk7IlHrxPBdeGdwlcXFwuMJU/MVHty1qa9UDuYu0ePibGlPFxlToERQMr8+Fvv/Ujx3Rkf1HHd0505W3nUNnpMHLsFZNMyKUGL8/VsuCAW2VYZ6Lta/4G2aKHVVKJd0MFjRncQnajklq1QRmU5mI3q4jZNoJingRyQ3/hb2YXKOa2OqA1KLcUp9wIxldswLPKy/AxzQ+/qL8TUpLFlBB6ehemOz4jTDXkp1DsJv7sUxDQEQMQ5f2UNXcKx9jZf1/5ddbQjpnGKRsuKaHFZx+Y1e8OEag52KvlAkybj7LbNo6YwryfjNtBMeelZJqlQcNqvD3rt/DoLdO51m+3OmMk7hAZAn4iYhx4yqpQmeOQZQ+2ZCBs6yasG5LYeNxH5zUNHx8jvfKMH7o3vonQIhDoGr/7T+CF8UNCDsfIpjsTR1c53b2xqLonHDeAUJsy7ir7oK2p6JlXGILg9r3DBpADrzUTzzZ49XaPkpM8JdcDCfdvMEoJQgpw/hj2lig5oA3gtoMTPGBs4CgvQ7TnsqAh6+Mj+/Tp8Y=
vmiaf4rHurXpHk4NO+lajEUPYaPd1bDIaeVfZEKL2gt9DMN9WDq54gOpfqZ7zgltzaYZHEKxInJXKSNtNdL5zfAAqikwpyc=
3wIeHRsJScY8OwyQ2ohgibPC14CN2p4DENvasrVJs5c2Va7+fsnR4uGkV7zvmNMnZdY2JqKI3NBe4QIMy5hrTgLW54JlfCJrA3o3LBogTlxU73y54zUansosMHdcLGd9PCHoBQgJAxjjehiA5mD34lqsihGB08AAPe6T/sqgRw8M76/zp+Y=
jy0LyW7kEdEfJ6ciWQ4B8MkDm2ZLk2oW/q4rCj+FuJ/EQkkVF478n89/h/WqvEstLYD4GyBPT+TBSYJ6Y1aBQczigd4zib9uu2jYEXiGdSHRCQ8Cg0lCaGgdKqc9
CY7QF1tAHQlEdh0ZAPRtOxzaCKY+1/g90bx0KqmKvQEyF07W24WFGhY3pdtlVcgYoYVHVCpLcpuFrIuNQDqhkssJBjbTjuFd1UZRTLoxmqIfCTsdHRKRXUhgYhkopz8=
/3X1va2ioENGmFzLYvohdDXpJ4MP5dkn5rx0KqmKvQEyF07W24WFGhY3pdtlVcgYoYVHVCpLcpuFrIuNQDqhkssJBjbTjuFd1UZRTLoxmqIfCTsdHRKRXUhgYhkopz8=
hlwvSLm4n9wLBO+rxH53l/PGpB74sXgirYq5CT4HUs6/pWEiagdpkyGVDFDtdfssjqvWAxk8BwXEuiUaR5marnfuRaVpNp2E/nFealM5xyV5MnVFVHBuESynOw==
feF9am1a2DsOpAHVFtK6rWlQ+nOiUBFXUVbMIWexH8Gx71zakYqF8Rp3FgYTxc2q7pfNS/3VUIgJZf8kYou6y92MY704Olmioyne5pvOKa1tJvncIrECMvepQ63V0tkNkIBKaRCnBw==
1emWeVcaO++19Wuhs7l3N/CPIV6ptDoKvAqOEe3OGgGBGRxSSsSz3bMrSEgNBJChyxi9zoUBWv5RknpJc4OhgqCGm1taeECETcPIYOZAt0LazMoxgfMA4L1OU97KwAdvjE9vE6cG
LtUhSD7Tdpdypjb9zh4qRV1CptHn0QtegbUwXyd8fgOvGO0eOBkDTwAJn7GShi5NvISudHFNWInwevo4Bd5wg43lgalvRxm5kLkrMA3SwX5PqjRMb9OpsYmuW5HZpaXQZCc/aZ+SwYQLKPJacjOcmOGeGd50ZH0d2rDMPj5ocBE3J5+mE44h3RVGkcx6MVoi3wn7nd0SUd2IYKKZ6Kf/
1dCNoCNVrga7NTorlnDw02QzkgzGpN3m+/+XeEcm1pvJg0goe+3CEeGE+lLAaw7e0KfTTC52AuM7gd5WdHtWqtJu9iqTlAKOlu9haZRmNdw/cDqKQ1l0bRMtpzw=
